<?xml version="1.0" encoding="UTF-8"?>
<!-- Generated by org.testng.reporters.JUnitReportReporter -->
<testsuite hostname="DESKTOP-MKFIPHP" failures="0" tests="1" name="com.flipcart.tests.SearchingItem" time="42.622" errors="0" timestamp="2021-06-21T12:26:17 IST" skipped="0">
  <testcase classname="com.flipcart.tests.SearchingItem" name="searchItem" time="42.622"/>
  <system-out/>
</testsuite> <!-- com.flipcart.tests.SearchingItem -->
