<?xml version="1.0" encoding="UTF-8"?>
<!-- Generated by org.testng.reporters.JUnitReportReporter -->
<testsuite hostname="DESKTOP-MKFIPHP" failures="0" tests="1" name="com.flipcart.tests.AddToCart" time="59.521" errors="0" timestamp="2021-06-21T12:26:17 IST" skipped="0">
  <testcase classname="com.flipcart.tests.AddToCart" name="addToCart" time="59.521"/>
  <system-out/>
</testsuite> <!-- com.flipcart.tests.AddToCart -->
