<?xml version="1.0" encoding="UTF-8"?>
<!-- Generated by org.testng.reporters.JUnitReportReporter -->
<testsuite hostname="DESKTOP-MKFIPHP" failures="0" tests="1" name="tests.SearchingItem" time="39.847" errors="0" timestamp="2021-05-21T10:08:47 IST" skipped="0">
  <testcase classname="tests.SearchingItem" name="searchItem" time="39.847"/>
  <system-out/>
</testsuite> <!-- tests.SearchingItem -->
