<?xml version="1.0" encoding="UTF-8"?>
<!-- Generated by org.testng.reporters.JUnitReportReporter -->
<testsuite hostname="DESKTOP-MKFIPHP" failures="0" tests="1" name="tests.B" time="61.942" errors="0" timestamp="2021-05-12T16:25:53 IST" skipped="0">
  <testcase classname="tests.B" name="searchItem" time="61.942"/>
  <system-out/>
</testsuite> <!-- tests.B -->
