<?xml version="1.0" encoding="UTF-8"?>
<!-- Generated by org.testng.reporters.JUnitReportReporter -->
<testsuite hostname="DESKTOP-MKFIPHP" failures="0" tests="1" name="tests.Login" time="22.277" errors="0" timestamp="2021-05-21T10:08:47 IST" skipped="0">
  <testcase classname="tests.Login" name="loginTest" time="22.277"/>
  <system-out/>
</testsuite> <!-- tests.Login -->
