<?xml version="1.0" encoding="UTF-8"?>
<!-- Generated by org.testng.reporters.JUnitReportReporter -->
<testsuite hostname="DESKTOP-MKFIPHP" failures="0" tests="1" name="com.flipcart.tests.SearchingItem" time="36.715" errors="0" timestamp="2021-06-11T14:01:58 IST" skipped="0">
  <testcase classname="com.flipcart.tests.SearchingItem" name="searchItem" time="36.715"/>
  <system-out/>
</testsuite> <!-- com.flipcart.tests.SearchingItem -->
