<?xml version="1.0" encoding="UTF-8"?>
<!-- Generated by org.testng.reporters.JUnitReportReporter -->
<testsuite hostname="DESKTOP-MKFIPHP" failures="0" tests="1" name="com.flipcart.tests.Logout" time="37.471" errors="0" timestamp="2021-06-11T13:53:27 IST" skipped="0">
  <testcase classname="com.flipcart.tests.Logout" name="logoutTest" time="37.471"/>
  <system-out/>
</testsuite> <!-- com.flipcart.tests.Logout -->
