<?xml version="1.0" encoding="UTF-8"?>
<!-- Generated by org.testng.reporters.JUnitReportReporter -->
<testsuite hostname="DESKTOP-MKFIPHP" failures="0" tests="1" name="com.flipcart.tests.Login" time="22.909" errors="0" timestamp="2021-06-09T17:34:13 IST" skipped="0">
  <testcase classname="com.flipcart.tests.Login" name="loginTest" time="22.909"/>
  <system-out/>
</testsuite> <!-- com.flipcart.tests.Login -->
