<?xml version="1.0" encoding="UTF-8"?>
<testsuite xmlns:xsi="http://www.w3.org/2001/XMLSchema-instance" xsi:noNamespaceSchemaLocation="https://maven.apache.org/surefire/maven-surefire-plugin/xsd/surefire-test-report-3.0.xsd" version="3.0" name="TestSuite" time="278.876" tests="6" errors="0" skipped="0" failures="3">
  <properties>
    <property name="java.specification.version" value="15"/>
    <property name="sun.cpu.isalist" value="amd64"/>
    <property name="sun.jnu.encoding" value="Cp1252"/>
    <property name="java.class.path" value="C:\Users\pradi\eclipse-workspace\FlipcartAppV4\FlipcartApp4\target\test-classes;C:\Users\pradi\eclipse-workspace\FlipcartAppV4\FlipcartApp4\target\classes;C:\Users\pradi\.m2\repository\org\seleniumhq\selenium\selenium-java\3.141.59\selenium-java-3.141.59.jar;C:\Users\pradi\.m2\repository\org\seleniumhq\selenium\selenium-api\3.141.59\selenium-api-3.141.59.jar;C:\Users\pradi\.m2\repository\org\seleniumhq\selenium\selenium-chrome-driver\3.141.59\selenium-chrome-driver-3.141.59.jar;C:\Users\pradi\.m2\repository\org\seleniumhq\selenium\selenium-edge-driver\3.141.59\selenium-edge-driver-3.141.59.jar;C:\Users\pradi\.m2\repository\org\seleniumhq\selenium\selenium-firefox-driver\3.141.59\selenium-firefox-driver-3.141.59.jar;C:\Users\pradi\.m2\repository\org\seleniumhq\selenium\selenium-ie-driver\3.141.59\selenium-ie-driver-3.141.59.jar;C:\Users\pradi\.m2\repository\org\seleniumhq\selenium\selenium-opera-driver\3.141.59\selenium-opera-driver-3.141.59.jar;C:\Users\pradi\.m2\repository\org\seleniumhq\selenium\selenium-remote-driver\3.141.59\selenium-remote-driver-3.141.59.jar;C:\Users\pradi\.m2\repository\org\seleniumhq\selenium\selenium-safari-driver\3.141.59\selenium-safari-driver-3.141.59.jar;C:\Users\pradi\.m2\repository\org\seleniumhq\selenium\selenium-support\3.141.59\selenium-support-3.141.59.jar;C:\Users\pradi\.m2\repository\net\bytebuddy\byte-buddy\1.8.15\byte-buddy-1.8.15.jar;C:\Users\pradi\.m2\repository\org\apache\commons\commons-exec\1.3\commons-exec-1.3.jar;C:\Users\pradi\.m2\repository\com\google\guava\guava\25.0-jre\guava-25.0-jre.jar;C:\Users\pradi\.m2\repository\com\google\code\findbugs\jsr305\1.3.9\jsr305-1.3.9.jar;C:\Users\pradi\.m2\repository\org\checkerframework\checker-compat-qual\2.0.0\checker-compat-qual-2.0.0.jar;C:\Users\pradi\.m2\repository\com\google\errorprone\error_prone_annotations\2.1.3\error_prone_annotations-2.1.3.jar;C:\Users\pradi\.m2\repository\com\google\j2objc\j2objc-annotations\1.1\j2objc-annotations-1.1.jar;C:\Users\pradi\.m2\repository\org\codehaus\mojo\animal-sniffer-annotations\1.14\animal-sniffer-annotations-1.14.jar;C:\Users\pradi\.m2\repository\com\squareup\okhttp3\okhttp\3.11.0\okhttp-3.11.0.jar;C:\Users\pradi\.m2\repository\com\squareup\okio\okio\1.14.0\okio-1.14.0.jar;C:\Users\pradi\.m2\repository\io\appium\java-client\7.5.1\java-client-7.5.1.jar;C:\Users\pradi\.m2\repository\com\google\code\gson\gson\2.8.6\gson-2.8.6.jar;C:\Users\pradi\.m2\repository\org\apache\httpcomponents\httpclient\4.5.13\httpclient-4.5.13.jar;C:\Users\pradi\.m2\repository\org\apache\httpcomponents\httpcore\4.4.13\httpcore-4.4.13.jar;C:\Users\pradi\.m2\repository\commons-codec\commons-codec\1.11\commons-codec-1.11.jar;C:\Users\pradi\.m2\repository\cglib\cglib\3.3.0\cglib-3.3.0.jar;C:\Users\pradi\.m2\repository\org\ow2\asm\asm\7.1\asm-7.1.jar;C:\Users\pradi\.m2\repository\org\springframework\spring-context\5.3.4\spring-context-5.3.4.jar;C:\Users\pradi\.m2\repository\org\springframework\spring-aop\5.3.4\spring-aop-5.3.4.jar;C:\Users\pradi\.m2\repository\org\springframework\spring-beans\5.3.4\spring-beans-5.3.4.jar;C:\Users\pradi\.m2\repository\org\springframework\spring-core\5.3.4\spring-core-5.3.4.jar;C:\Users\pradi\.m2\repository\org\springframework\spring-jcl\5.3.4\spring-jcl-5.3.4.jar;C:\Users\pradi\.m2\repository\org\springframework\spring-expression\5.3.4\spring-expression-5.3.4.jar;C:\Users\pradi\.m2\repository\org\aspectj\aspectjweaver\1.9.6\aspectjweaver-1.9.6.jar;C:\Users\pradi\.m2\repository\org\testng\testng\7.4.0\testng-7.4.0.jar;C:\Users\pradi\.m2\repository\com\beust\jcommander\1.78\jcommander-1.78.jar;C:\Users\pradi\.m2\repository\org\webjars\jquery\3.5.1\jquery-3.5.1.jar;C:\Users\pradi\.m2\repository\org\slf4j\slf4j-simple\1.7.30\slf4j-simple-1.7.30.jar;C:\Users\pradi\.m2\repository\org\slf4j\slf4j-api\1.7.30\slf4j-api-1.7.30.jar;C:\Users\pradi\.m2\repository\commons-io\commons-io\2.8.0\commons-io-2.8.0.jar;C:\Users\pradi\.m2\repository\org\apache\commons\commons-lang3\3.12.0\commons-lang3-3.12.0.jar;C:\Users\pradi\.m2\repository\commons-validator\commons-validator\1.7\commons-validator-1.7.jar;C:\Users\pradi\.m2\repository\commons-beanutils\commons-beanutils\1.9.4\commons-beanutils-1.9.4.jar;C:\Users\pradi\.m2\repository\commons-digester\commons-digester\2.1\commons-digester-2.1.jar;C:\Users\pradi\.m2\repository\commons-logging\commons-logging\1.2\commons-logging-1.2.jar;C:\Users\pradi\.m2\repository\commons-collections\commons-collections\3.2.2\commons-collections-3.2.2.jar;C:\Users\pradi\.m2\repository\com\aventstack\extentreports\4.0.0\extentreports-4.0.0.jar;C:\Users\pradi\.m2\repository\org\freemarker\freemarker\2.3.23\freemarker-2.3.23.jar;C:\Users\pradi\.m2\repository\org\mongodb\mongodb-driver\3.3.0\mongodb-driver-3.3.0.jar;C:\Users\pradi\.m2\repository\org\mongodb\mongodb-driver-core\3.3.0\mongodb-driver-core-3.3.0.jar;C:\Users\pradi\.m2\repository\org\mongodb\bson\3.3.0\bson-3.3.0.jar;C:\Users\pradi\.m2\repository\org\apache\httpcomponents\httpmime\4.5.2\httpmime-4.5.2.jar;C:\Users\pradi\.m2\repository\log4j\log4j\1.2.14\log4j-1.2.14.jar;"/>
    <property name="java.vm.vendor" value="Oracle Corporation"/>
    <property name="sun.arch.data.model" value="64"/>
    <property name="user.variant" value=""/>
    <property name="java.vendor.url" value="https://java.oracle.com/"/>
    <property name="user.timezone" value="Asia/Calcutta"/>
    <property name="os.name" value="Windows 10"/>
    <property name="java.vm.specification.version" value="15"/>
    <property name="sun.java.launcher" value="SUN_STANDARD"/>
    <property name="user.country" value="US"/>
    <property name="sun.boot.library.path" value="C:\Users\pradi\.p2\pool\plugins\org.eclipse.justj.openjdk.hotspot.jre.full.win32.x86_64_15.0.2.v20210201-0955\jre\bin"/>
    <property name="sun.java.command" value="C:\Users\pradi\AppData\Local\Temp\surefire6196815268982021548\surefirebooter13266250509811275177.jar C:\Users\pradi\AppData\Local\Temp\surefire6196815268982021548 2021-06-21T12-21-37_472-jvmRun1 surefire11956449930614765645tmp surefire_03102277331085345873tmp"/>
    <property name="jdk.debug" value="release"/>
    <property name="surefire.test.class.path" value="C:\Users\pradi\eclipse-workspace\FlipcartAppV4\FlipcartApp4\target\test-classes;C:\Users\pradi\eclipse-workspace\FlipcartAppV4\FlipcartApp4\target\classes;C:\Users\pradi\.m2\repository\org\seleniumhq\selenium\selenium-java\3.141.59\selenium-java-3.141.59.jar;C:\Users\pradi\.m2\repository\org\seleniumhq\selenium\selenium-api\3.141.59\selenium-api-3.141.59.jar;C:\Users\pradi\.m2\repository\org\seleniumhq\selenium\selenium-chrome-driver\3.141.59\selenium-chrome-driver-3.141.59.jar;C:\Users\pradi\.m2\repository\org\seleniumhq\selenium\selenium-edge-driver\3.141.59\selenium-edge-driver-3.141.59.jar;C:\Users\pradi\.m2\repository\org\seleniumhq\selenium\selenium-firefox-driver\3.141.59\selenium-firefox-driver-3.141.59.jar;C:\Users\pradi\.m2\repository\org\seleniumhq\selenium\selenium-ie-driver\3.141.59\selenium-ie-driver-3.141.59.jar;C:\Users\pradi\.m2\repository\org\seleniumhq\selenium\selenium-opera-driver\3.141.59\selenium-opera-driver-3.141.59.jar;C:\Users\pradi\.m2\repository\org\seleniumhq\selenium\selenium-remote-driver\3.141.59\selenium-remote-driver-3.141.59.jar;C:\Users\pradi\.m2\repository\org\seleniumhq\selenium\selenium-safari-driver\3.141.59\selenium-safari-driver-3.141.59.jar;C:\Users\pradi\.m2\repository\org\seleniumhq\selenium\selenium-support\3.141.59\selenium-support-3.141.59.jar;C:\Users\pradi\.m2\repository\net\bytebuddy\byte-buddy\1.8.15\byte-buddy-1.8.15.jar;C:\Users\pradi\.m2\repository\org\apache\commons\commons-exec\1.3\commons-exec-1.3.jar;C:\Users\pradi\.m2\repository\com\google\guava\guava\25.0-jre\guava-25.0-jre.jar;C:\Users\pradi\.m2\repository\com\google\code\findbugs\jsr305\1.3.9\jsr305-1.3.9.jar;C:\Users\pradi\.m2\repository\org\checkerframework\checker-compat-qual\2.0.0\checker-compat-qual-2.0.0.jar;C:\Users\pradi\.m2\repository\com\google\errorprone\error_prone_annotations\2.1.3\error_prone_annotations-2.1.3.jar;C:\Users\pradi\.m2\repository\com\google\j2objc\j2objc-annotations\1.1\j2objc-annotations-1.1.jar;C:\Users\pradi\.m2\repository\org\codehaus\mojo\animal-sniffer-annotations\1.14\animal-sniffer-annotations-1.14.jar;C:\Users\pradi\.m2\repository\com\squareup\okhttp3\okhttp\3.11.0\okhttp-3.11.0.jar;C:\Users\pradi\.m2\repository\com\squareup\okio\okio\1.14.0\okio-1.14.0.jar;C:\Users\pradi\.m2\repository\io\appium\java-client\7.5.1\java-client-7.5.1.jar;C:\Users\pradi\.m2\repository\com\google\code\gson\gson\2.8.6\gson-2.8.6.jar;C:\Users\pradi\.m2\repository\org\apache\httpcomponents\httpclient\4.5.13\httpclient-4.5.13.jar;C:\Users\pradi\.m2\repository\org\apache\httpcomponents\httpcore\4.4.13\httpcore-4.4.13.jar;C:\Users\pradi\.m2\repository\commons-codec\commons-codec\1.11\commons-codec-1.11.jar;C:\Users\pradi\.m2\repository\cglib\cglib\3.3.0\cglib-3.3.0.jar;C:\Users\pradi\.m2\repository\org\ow2\asm\asm\7.1\asm-7.1.jar;C:\Users\pradi\.m2\repository\org\springframework\spring-context\5.3.4\spring-context-5.3.4.jar;C:\Users\pradi\.m2\repository\org\springframework\spring-aop\5.3.4\spring-aop-5.3.4.jar;C:\Users\pradi\.m2\repository\org\springframework\spring-beans\5.3.4\spring-beans-5.3.4.jar;C:\Users\pradi\.m2\repository\org\springframework\spring-core\5.3.4\spring-core-5.3.4.jar;C:\Users\pradi\.m2\repository\org\springframework\spring-jcl\5.3.4\spring-jcl-5.3.4.jar;C:\Users\pradi\.m2\repository\org\springframework\spring-expression\5.3.4\spring-expression-5.3.4.jar;C:\Users\pradi\.m2\repository\org\aspectj\aspectjweaver\1.9.6\aspectjweaver-1.9.6.jar;C:\Users\pradi\.m2\repository\org\testng\testng\7.4.0\testng-7.4.0.jar;C:\Users\pradi\.m2\repository\com\beust\jcommander\1.78\jcommander-1.78.jar;C:\Users\pradi\.m2\repository\org\webjars\jquery\3.5.1\jquery-3.5.1.jar;C:\Users\pradi\.m2\repository\org\slf4j\slf4j-simple\1.7.30\slf4j-simple-1.7.30.jar;C:\Users\pradi\.m2\repository\org\slf4j\slf4j-api\1.7.30\slf4j-api-1.7.30.jar;C:\Users\pradi\.m2\repository\commons-io\commons-io\2.8.0\commons-io-2.8.0.jar;C:\Users\pradi\.m2\repository\org\apache\commons\commons-lang3\3.12.0\commons-lang3-3.12.0.jar;C:\Users\pradi\.m2\repository\commons-validator\commons-validator\1.7\commons-validator-1.7.jar;C:\Users\pradi\.m2\repository\commons-beanutils\commons-beanutils\1.9.4\commons-beanutils-1.9.4.jar;C:\Users\pradi\.m2\repository\commons-digester\commons-digester\2.1\commons-digester-2.1.jar;C:\Users\pradi\.m2\repository\commons-logging\commons-logging\1.2\commons-logging-1.2.jar;C:\Users\pradi\.m2\repository\commons-collections\commons-collections\3.2.2\commons-collections-3.2.2.jar;C:\Users\pradi\.m2\repository\com\aventstack\extentreports\4.0.0\extentreports-4.0.0.jar;C:\Users\pradi\.m2\repository\org\freemarker\freemarker\2.3.23\freemarker-2.3.23.jar;C:\Users\pradi\.m2\repository\org\mongodb\mongodb-driver\3.3.0\mongodb-driver-3.3.0.jar;C:\Users\pradi\.m2\repository\org\mongodb\mongodb-driver-core\3.3.0\mongodb-driver-core-3.3.0.jar;C:\Users\pradi\.m2\repository\org\mongodb\bson\3.3.0\bson-3.3.0.jar;C:\Users\pradi\.m2\repository\org\apache\httpcomponents\httpmime\4.5.2\httpmime-4.5.2.jar;C:\Users\pradi\.m2\repository\log4j\log4j\1.2.14\log4j-1.2.14.jar;"/>
    <property name="sun.cpu.endian" value="little"/>
    <property name="user.home" value="C:\Users\pradi"/>
    <property name="user.language" value="en"/>
    <property name="java.specification.vendor" value="Oracle Corporation"/>
    <property name="java.version.date" value="2021-01-19"/>
    <property name="java.home" value="C:\Users\pradi\.p2\pool\plugins\org.eclipse.justj.openjdk.hotspot.jre.full.win32.x86_64_15.0.2.v20210201-0955\jre"/>
    <property name="file.separator" value="\"/>
    <property name="basedir" value="C:\Users\pradi\eclipse-workspace\FlipcartAppV4\FlipcartApp4"/>
    <property name="java.vm.compressedOopsMode" value="32-bit"/>
    <property name="line.separator" value="&#10;"/>
    <property name="java.vm.specification.vendor" value="Oracle Corporation"/>
    <property name="java.specification.name" value="Java Platform API Specification"/>
    <property name="surefire.real.class.path" value="C:\Users\pradi\AppData\Local\Temp\surefire6196815268982021548\surefirebooter13266250509811275177.jar"/>
    <property name="user.script" value=""/>
    <property name="sun.management.compiler" value="HotSpot 64-Bit Tiered Compilers"/>
    <property name="java.runtime.version" value="15.0.2+7-27"/>
    <property name="user.name" value="Pradip Katkar"/>
    <property name="path.separator" value=";"/>
    <property name="os.version" value="10.0"/>
    <property name="java.runtime.name" value="OpenJDK Runtime Environment"/>
    <property name="file.encoding" value="Cp1252"/>
    <property name="java.vm.name" value="OpenJDK 64-Bit Server VM"/>
    <property name="localRepository" value="C:\Users\pradi\.m2\repository"/>
    <property name="java.vendor.url.bug" value="https://bugreport.java.com/bugreport/"/>
    <property name="java.io.tmpdir" value="C:\Users\pradi\AppData\Local\Temp\"/>
    <property name="java.version" value="15.0.2"/>
    <property name="user.dir" value="C:\Users\pradi\eclipse-workspace\FlipcartAppV4\FlipcartApp4"/>
    <property name="os.arch" value="amd64"/>
    <property name="java.vm.specification.name" value="Java Virtual Machine Specification"/>
    <property name="sun.os.patch.level" value=""/>
    <property name="java.library.path" value="C:\Users\pradi\.p2\pool\plugins\org.eclipse.justj.openjdk.hotspot.jre.full.win32.x86_64_15.0.2.v20210201-0955\jre\bin;C:\Windows\Sun\Java\bin;C:\Windows\system32;C:\Windows;C:/Users/pradi/.p2/pool/plugins/org.eclipse.justj.openjdk.hotspot.jre.full.win32.x86_64_15.0.2.v20210201-0955/jre/bin/server;C:/Users/pradi/.p2/pool/plugins/org.eclipse.justj.openjdk.hotspot.jre.full.win32.x86_64_15.0.2.v20210201-0955/jre/bin;C:\Users\pradi\gcc\bin;C:\Users\pradi\gcc\libexec\gcc\i686-pc-mingw32\7.0.1;C:\ProgramData\Oracle\Java\javapath;C:\Program Files (x86)\Common Files\Oracle\Java\javapath;C:\Windows\system32;C:\Windows;C:\Windows\System32\Wbem;C:\Windows\System32\WindowsPowerShell\v1.0\;C:\Program Files (x86)\Brackets\command;C:\Program Files (x86)\Microsoft SQL Server\100\Tools\Binn\;C:\Program Files\Microsoft SQL Server\100\Tools\Binn\;C:\Program Files\Microsoft SQL Server\100\DTS\Binn\;C:\Program Files (x86)\Microsoft SQL Server\100\Tools\Binn\VSShell\Common7\IDE\;C:\Program Files (x86)\Microsoft SQL Server\100\DTS\Binn\;C:\Program Files (x86)\LyX 2.2\Perl\bin;C:\Program Files\Java\jdk1.8.0_181\bin;C:\Users\pradi\Downloads\apache-maven-3.6.3\bin;C:\Program Files\nodejs\;C:\Users\pradi\AppData\Local\Android\Sdk;C:\Users\pradi\AppData\Local\Android\Sdk\platform-tools;C:\Users\pradi\AppData\Local\Android\Sdk\tools\bin;C:\Users\pradi\AppData\Local\Microsoft\WindowsApps;C:\Users\pradi\AppData\Roaming\npm;C:\Windows\system32;;."/>
    <property name="java.vm.info" value="mixed mode"/>
    <property name="java.vendor" value="Oracle Corporation"/>
    <property name="java.vm.version" value="15.0.2+7-27"/>
    <property name="sun.io.unicode.encoding" value="UnicodeLittle"/>
    <property name="java.class.version" value="59.0"/>
  </properties>
  <testcase name="loginTest" classname="com.flipcart.tests.Login" time="21.917">
    <system-out><![CDATA[&amp#27;[35m[Appium]&amp#27;[39m Welcome to Appium v1.20.2
&amp#27;[35m[Appium]&amp#27;[39m Appium REST http interface listener started on 0.0.0.0:4723
&amp#27;[35m[HTTP]&amp#27;[39m &amp#27;[37m-->&amp#27;[39m &amp#27;[37mGET&amp#27;[39m &amp#27;[37m/wd/hub/status&amp#27;[39m
&amp#27;[35m[HTTP]&amp#27;[39m &amp#27;[90m{}&amp#27;[39m
[debug] &amp#27;[35m[GENERIC]&amp#27;[39m Calling AppiumDriver.getStatus() with args: []
[debug] &amp#27;[35m[GENERIC]&amp#27;[39m Responding to client with driver.getStatus() result: {"build":{"version":"1.20.2"}}
&amp#27;[35m[HTTP]&amp#27;[39m &amp#27;[37m<-- GET /wd/hub/status &amp#27;[39m&amp#27;[32m200&amp#27;[39m &amp#27;[90m11 ms - 68&amp#27;[39m
&amp#27;[35m[HTTP]&amp#27;[39m &amp#27;[90m&amp#27;[39m
[debug] &amp#27;[35m[HTTP]&amp#27;[39m Request idempotency key: 6b132255-dd86-439f-b9ed-007074a861e1
&amp#27;[35m[HTTP]&amp#27;[39m &amp#27;[37m-->&amp#27;[39m &amp#27;[37mPOST&amp#27;[39m &amp#27;[37m/wd/hub/session&amp#27;[39m
&amp#27;[35m[HTTP]&amp#27;[39m &amp#27;[90m{"desiredCapabilities":{"app":"C:\\Users\\pradi\\eclipse-workspace\\FlipcartAppV4\\FlipcartApp4\\src\\flipkart.apk","automationName":"uiautomator2","platformName":"Android","udid":"RZ8M40MZXJT","deviceName":"samsung"},"capabilities":{"firstMatch":[{"appium:app":"C:\\Users\\pradi\\eclipse-workspace\\FlipcartAppV4\\FlipcartApp4\\src\\flipkart.apk","appium:automationName":"uiautomator2","appium:deviceName":"samsung","platformName":"android","appium:udid":"RZ8M40MZXJT"}]}}&amp#27;[39m
[debug] &amp#27;[35m[W3C]&amp#27;[39m Calling AppiumDriver.createSession() with args: [{"app":"C:\\Users\\pradi\\eclipse-workspace\\FlipcartAppV4\\FlipcartApp4\\src\\flipkart.apk","automationName":"uiautomator2","platformName":"Android","udid":"RZ8M40MZXJT","deviceName":"samsung"},null,{"firstMatch":[{"appium:app":"C:\\Users\\pradi\\eclipse-workspace\\FlipcartAppV4\\FlipcartApp4\\src\\flipkart.apk","appium:automationName":"uiautomator2","appium:deviceName":"samsung","platformName":"android","appium:udid":"RZ8M40MZXJT"}]}]
[debug] &amp#27;[35m[BaseDriver]&amp#27;[39m Event 'newSessionRequested' logged at 1624258308091 (12:21:48 GMT+0530 (India Standard Time))
&amp#27;[35m[Appium]&amp#27;[39m Appium v1.20.2 creating new AndroidUiautomator2Driver (v1.61.2) session
[debug] &amp#27;[35m[BaseDriver]&amp#27;[39m W3C capabilities and MJSONWP desired capabilities were provided
[debug] &amp#27;[35m[BaseDriver]&amp#27;[39m Creating session with W3C capabilities: {
[debug] &amp#27;[35m[BaseDriver]&amp#27;[39m   "alwaysMatch": {
[debug] &amp#27;[35m[BaseDriver]&amp#27;[39m     "platformName": "android",
[debug] &amp#27;[35m[BaseDriver]&amp#27;[39m     "appium:app": "C:\\Users\\pradi\\eclipse-workspace\\FlipcartAppV4\\FlipcartApp4\\src\\flipkart.apk",
[debug] &amp#27;[35m[BaseDriver]&amp#27;[39m     "appium:automationName": "uiautomator2",
[debug] &amp#27;[35m[BaseDriver]&amp#27;[39m     "appium:deviceName": "samsung",
[debug] &amp#27;[35m[BaseDriver]&amp#27;[39m     "appium:udid": "RZ8M40MZXJT"
[debug] &amp#27;[35m[BaseDriver]&amp#27;[39m   },
[debug] &amp#27;[35m[BaseDriver]&amp#27;[39m   "firstMatch": [
[debug] &amp#27;[35m[BaseDriver]&amp#27;[39m     {}
[debug] &amp#27;[35m[BaseDriver]&amp#27;[39m   ]
[debug] &amp#27;[35m[BaseDriver]&amp#27;[39m }
&amp#27;[35m[BaseDriver]&amp#27;[39m Session created with session id: e6767a0b-d963-4e68-81cc-0a1ddf5722d4
&amp#27;[35m[BaseDriver]&amp#27;[39m Using local app 'C:\Users\pradi\eclipse-workspace\FlipcartAppV4\FlipcartApp4\src\flipkart.apk'
[debug] &amp#27;[35m[UiAutomator2]&amp#27;[39m Checking whether app is actually present
&amp#27;[35m[ADB]&amp#27;[39m Found 4 'build-tools' folders under 'C:\Users\pradi\AppData\Local\Android\Sdk' (newest first):
&amp#27;[35m[ADB]&amp#27;[39m     C:/Users/pradi/AppData/Local/Android/Sdk/build-tools/30.0.2
&amp#27;[35m[ADB]&amp#27;[39m     C:/Users/pradi/AppData/Local/Android/Sdk/build-tools/28.0.1
&amp#27;[35m[ADB]&amp#27;[39m     C:/Users/pradi/AppData/Local/Android/Sdk/build-tools/28.0.0
&amp#27;[35m[ADB]&amp#27;[39m     C:/Users/pradi/AppData/Local/Android/Sdk/build-tools/27.0.3
&amp#27;[35m[ADB]&amp#27;[39m Using 'adb.exe' from 'C:\Users\pradi\AppData\Local\Android\Sdk\platform-tools\adb.exe'
[debug] &amp#27;[35m[ADB]&amp#27;[39m Running 'C:\Users\pradi\AppData\Local\Android\Sdk\platform-tools\adb.exe -P 5037 start-server'
&amp#27;[35m[AndroidDriver]&amp#27;[39m Retrieving device list
[debug] &amp#27;[35m[ADB]&amp#27;[39m Trying to find a connected android device
[debug] &amp#27;[35m[ADB]&amp#27;[39m Getting connected devices
[debug] &amp#27;[35m[ADB]&amp#27;[39m Connected devices: [{"udid":"RZ8M40MZXJT","state":"device"}]
&amp#27;[35m[AndroidDriver]&amp#27;[39m Using device: RZ8M40MZXJT
&amp#27;[35m[ADB]&amp#27;[39m Using 'adb.exe' from 'C:\Users\pradi\AppData\Local\Android\Sdk\platform-tools\adb.exe'
[debug] &amp#27;[35m[ADB]&amp#27;[39m Running 'C:\Users\pradi\AppData\Local\Android\Sdk\platform-tools\adb.exe -P 5037 start-server'
[debug] &amp#27;[35m[ADB]&amp#27;[39m Setting device id to RZ8M40MZXJT
[debug] &amp#27;[35m[ADB]&amp#27;[39m Running 'C:\Users\pradi\AppData\Local\Android\Sdk\platform-tools\adb.exe -P 5037 -s RZ8M40MZXJT shell getprop ro.build.version.sdk'
[debug] &amp#27;[35m[ADB]&amp#27;[39m Current device property 'ro.build.version.sdk': 30
&amp#27;[35m[ADB]&amp#27;[39m Getting device platform version
[debug] &amp#27;[35m[ADB]&amp#27;[39m Running 'C:\Users\pradi\AppData\Local\Android\Sdk\platform-tools\adb.exe -P 5037 -s RZ8M40MZXJT shell getprop ro.build.version.release'
[debug] &amp#27;[35m[ADB]&amp#27;[39m Current device property 'ro.build.version.release': 11
[debug] &amp#27;[35m[ADB]&amp#27;[39m Device API level: 30
&amp#27;[35m[UiAutomator2]&amp#27;[39m Relaxing hidden api policy
[debug] &amp#27;[35m[ADB]&amp#27;[39m Running 'C:\Users\pradi\AppData\Local\Android\Sdk\platform-tools\adb.exe -P 5037 -s RZ8M40MZXJT shell 'settings put global hidden_api_policy_pre_p_apps 1;settings put global hidden_api_policy_p_apps 1;settings put global hidden_api_policy 1''
[debug] &amp#27;[35m[AndroidDriver]&amp#27;[39m Parsing package and activity from app manifest
&amp#27;[35m[ADB]&amp#27;[39m Package name: 'com.flipkart.android'
&amp#27;[35m[ADB]&amp#27;[39m Main activity name: 'com.flipkart.android.SplashActivity'
[debug] &amp#27;[35m[AndroidDriver]&amp#27;[39m Parsed package and activity are: com.flipkart.android/com.flipkart.android.SplashActivity
[debug] &amp#27;[35m[ADB]&amp#27;[39m Running 'C:\Users\pradi\AppData\Local\Android\Sdk\platform-tools\adb.exe -P 5037 -s RZ8M40MZXJT wait-for-device'
[debug] &amp#27;[35m[ADB]&amp#27;[39m Running 'C:\Users\pradi\AppData\Local\Android\Sdk\platform-tools\adb.exe -P 5037 -s RZ8M40MZXJT shell echo ping'
[debug] &amp#27;[35m[AndroidDriver]&amp#27;[39m Pushing settings apk to device...
[debug] &amp#27;[35m[ADB]&amp#27;[39m Getting install status for io.appium.settings
[debug] &amp#27;[35m[ADB]&amp#27;[39m Running 'C:\Users\pradi\AppData\Local\Android\Sdk\platform-tools\adb.exe -P 5037 -s RZ8M40MZXJT shell dumpsys package io.appium.settings'
[debug] &amp#27;[35m[ADB]&amp#27;[39m 'io.appium.settings' is installed
[debug] &amp#27;[35m[ADB]&amp#27;[39m Getting package info for 'io.appium.settings'
[debug] &amp#27;[35m[ADB]&amp#27;[39m Running 'C:\Users\pradi\AppData\Local\Android\Sdk\platform-tools\adb.exe -P 5037 -s RZ8M40MZXJT shell dumpsys package io.appium.settings'
[debug] &amp#27;[35m[ADB]&amp#27;[39m The version name of the installed 'io.appium.settings' is greater or equal to the application version name ('3.2.1' >= '3.2.1')
[debug] &amp#27;[35m[ADB]&amp#27;[39m There is no need to install/upgrade 'C:\Users\pradi\AppData\Roaming\npm\node_modules\appium\node_modules\io.appium.settings\apks\settings_apk-debug.apk'
[debug] &amp#27;[35m[ADB]&amp#27;[39m Getting IDs of all 'io.appium.settings' processes
[debug] &amp#27;[35m[ADB]&amp#27;[39m Running 'C:\Users\pradi\AppData\Local\Android\Sdk\platform-tools\adb.exe -P 5037 -s RZ8M40MZXJT shell 'pgrep --help; echo $?''
[debug] &amp#27;[35m[ADB]&amp#27;[39m Running 'C:\Users\pradi\AppData\Local\Android\Sdk\platform-tools\adb.exe -P 5037 -s RZ8M40MZXJT shell pgrep -f \(\[\[:blank:\]\]\|\^\)io\.appium\.settings\(\[\[:blank:\]\]\|\$\)'
[debug] &amp#27;[35m[AndroidDriver]&amp#27;[39m io.appium.settings is already running. There is no need to reset its permissions.
[debug] &amp#27;[35m[ADB]&amp#27;[39m Running 'C:\Users\pradi\AppData\Local\Android\Sdk\platform-tools\adb.exe -P 5037 -s RZ8M40MZXJT shell appops set io.appium.settings android:mock_location allow'
[debug] &amp#27;[35m[Logcat]&amp#27;[39m Starting logs capture with command: C:\\Users\\pradi\\AppData\\Local\\Android\\Sdk\\platform-tools\\adb.exe -P 5037 -s RZ8M40MZXJT logcat -v threadtime
[debug] &amp#27;[35m[UiAutomator2]&amp#27;[39m Forwarding UiAutomator2 Server port 6790 to local port 8200
[debug] &amp#27;[35m[ADB]&amp#27;[39m Forwarding system: 8200 to device: 6790
[debug] &amp#27;[35m[ADB]&amp#27;[39m Running 'C:\Users\pradi\AppData\Local\Android\Sdk\platform-tools\adb.exe -P 5037 -s RZ8M40MZXJT forward tcp:8200 tcp:6790'
[debug] &amp#27;[35m[ADB]&amp#27;[39m Getting install status for io.appium.uiautomator2.server
[debug] &amp#27;[35m[ADB]&amp#27;[39m Running 'C:\Users\pradi\AppData\Local\Android\Sdk\platform-tools\adb.exe -P 5037 -s RZ8M40MZXJT shell dumpsys package io.appium.uiautomator2.server'
[debug] &amp#27;[35m[ADB]&amp#27;[39m 'io.appium.uiautomator2.server' is installed
[debug] &amp#27;[35m[ADB]&amp#27;[39m Getting package info for 'io.appium.uiautomator2.server'
[debug] &amp#27;[35m[ADB]&amp#27;[39m Running 'C:\Users\pradi\AppData\Local\Android\Sdk\platform-tools\adb.exe -P 5037 -s RZ8M40MZXJT shell dumpsys package io.appium.uiautomator2.server'
[debug] &amp#27;[35m[ADB]&amp#27;[39m The version name of the installed 'io.appium.uiautomator2.server' is greater or equal to the application version name ('4.17.4' >= '4.17.4')
[debug] &amp#27;[35m[UiAutomator2]&amp#27;[39m io.appium.uiautomator2.server installation state: sameVersionInstalled
[debug] &amp#27;[35m[ADB]&amp#27;[39m Checking app cert for C:\Users\pradi\AppData\Roaming\npm\node_modules\appium\node_modules\appium-uiautomator2-server\apks\appium-uiautomator2-server-v4.17.4.apk
&amp#27;[35m[ADB]&amp#27;[39m Using 'apksigner.jar' from 'C:\Users\pradi\AppData\Local\Android\Sdk\build-tools\30.0.2\lib\apksigner.jar'
[debug] &amp#27;[35m[ADB]&amp#27;[39m Starting apksigner: 'C:\\Program Files\\Java\\jdk1.8.0_181\\bin\\java.exe' -Xmx1024M -Xss1m -jar C:\\Users\\pradi\\AppData\\Local\\Android\\Sdk\\build-tools\\30.0.2\\lib\\apksigner.jar verify --print-certs C:\\Users\\pradi\\AppData\\Roaming\\npm\\node_modules\\appium\\node_modules\\appium-uiautomator2-server\\apks\\appium-uiautomator2-server-v4.17.4.apk
[debug] &amp#27;[35m[ADB]&amp#27;[39m apksigner stdout: Signer #1 certificate DN: EMAILADDRESS=android@android.com, CN=Android, OU=Android, O=Android, L=Mountain View, ST=California, C=US
[debug] &amp#27;[35m[ADB]&amp#27;[39m Signer #1 certificate SHA-256 digest: a40da80a59d170caa950cf15c18c454d47a39b26989d8b640ecd745ba71bf5dc
[debug] &amp#27;[35m[ADB]&amp#27;[39m Signer #1 certificate SHA-1 digest: 61ed377e85d386a8dfee6b864bd85b0bfaa5af81
[debug] &amp#27;[35m[ADB]&amp#27;[39m Signer #1 certificate MD5 digest: e89b158e4bcf988ebd09eb83f5378e87
[debug] &amp#27;[35m[ADB]&amp#27;[39m 
[debug] &amp#27;[35m[ADB]&amp#27;[39m sha256 hash did match for 'appium-uiautomator2-server-v4.17.4.apk'
&amp#27;[35m[ADB]&amp#27;[39m 'C:\Users\pradi\AppData\Roaming\npm\node_modules\appium\node_modules\appium-uiautomator2-server\apks\appium-uiautomator2-server-v4.17.4.apk' is signed with the default certificate
[debug] &amp#27;[35m[ADB]&amp#27;[39m Getting install status for io.appium.uiautomator2.server.test
[debug] &amp#27;[35m[ADB]&amp#27;[39m Running 'C:\Users\pradi\AppData\Local\Android\Sdk\platform-tools\adb.exe -P 5037 -s RZ8M40MZXJT shell dumpsys package io.appium.uiautomator2.server.test'
[debug] &amp#27;[35m[ADB]&amp#27;[39m 'io.appium.uiautomator2.server.test' is installed
[debug] &amp#27;[35m[ADB]&amp#27;[39m Checking app cert for C:\Users\pradi\AppData\Roaming\npm\node_modules\appium\node_modules\appium-uiautomator2-server\apks\appium-uiautomator2-server-debug-androidTest.apk
[debug] &amp#27;[35m[ADB]&amp#27;[39m Starting apksigner: 'C:\\Program Files\\Java\\jdk1.8.0_181\\bin\\java.exe' -Xmx1024M -Xss1m -jar C:\\Users\\pradi\\AppData\\Local\\Android\\Sdk\\build-tools\\30.0.2\\lib\\apksigner.jar verify --print-certs C:\\Users\\pradi\\AppData\\Roaming\\npm\\node_modules\\appium\\node_modules\\appium-uiautomator2-server\\apks\\appium-uiautomator2-server-debug-androidTest.apk
[debug] &amp#27;[35m[ADB]&amp#27;[39m apksigner stdout: Signer #1 certificate DN: EMAILADDRESS=android@android.com, CN=Android, OU=Android, O=Android, L=Mountain View, ST=California, C=US
[debug] &amp#27;[35m[ADB]&amp#27;[39m Signer #1 certificate SHA-256 digest: a40da80a59d170caa950cf15c18c454d47a39b26989d8b640ecd745ba71bf5dc
[debug] &amp#27;[35m[ADB]&amp#27;[39m Signer #1 certificate SHA-1 digest: 61ed377e85d386a8dfee6b864bd85b0bfaa5af81
[debug] &amp#27;[35m[ADB]&amp#27;[39m Signer #1 certificate MD5 digest: e89b158e4bcf988ebd09eb83f5378e87
[debug] &amp#27;[35m[ADB]&amp#27;[39m 
[debug] &amp#27;[35m[ADB]&amp#27;[39m sha256 hash did match for 'appium-uiautomator2-server-debug-androidTest.apk'
&amp#27;[35m[ADB]&amp#27;[39m 'C:\Users\pradi\AppData\Roaming\npm\node_modules\appium\node_modules\appium-uiautomator2-server\apks\appium-uiautomator2-server-debug-androidTest.apk' is signed with the default certificate
&amp#27;[35m[UiAutomator2]&amp#27;[39m Server packages are not going to be (re)installed
[debug] &amp#27;[35m[UiAutomator2]&amp#27;[39m Waiting up to 30000ms for services to be available
[debug] &amp#27;[35m[ADB]&amp#27;[39m Running 'C:\Users\pradi\AppData\Local\Android\Sdk\platform-tools\adb.exe -P 5037 -s RZ8M40MZXJT shell pm list instrumentation'
[debug] &amp#27;[35m[UiAutomator2]&amp#27;[39m Instrumentation target 'io.appium.uiautomator2.server.test/androidx.test.runner.AndroidJUnitRunner' is available
&amp#27;[35m[ADB]&amp#27;[39m Adding packages ["io.appium.settings","io.appium.uiautomator2.server","io.appium.uiautomator2.server.test"] to Doze whitelist
[debug] &amp#27;[35m[ADB]&amp#27;[39m Got the following command chunks to execute: [["dumpsys","deviceidle","whitelist","+io.appium.settings",";","dumpsys","deviceidle","whitelist","+io.appium.uiautomator2.server",";","dumpsys","deviceidle","whitelist","+io.appium.uiautomator2.server.test",";"]]
[debug] &amp#27;[35m[ADB]&amp#27;[39m Running 'C:\Users\pradi\AppData\Local\Android\Sdk\platform-tools\adb.exe -P 5037 -s RZ8M40MZXJT shell dumpsys deviceidle whitelist +io.appium.settings ; dumpsys deviceidle whitelist +io.appium.uiautomator2.server ; dumpsys deviceidle whitelist +io.appium.uiautomator2.server.test ;'
[debug] &amp#27;[35m[ADB]&amp#27;[39m Checking app cert for C:\Users\pradi\eclipse-workspace\FlipcartAppV4\FlipcartApp4\src\flipkart.apk
[debug] &amp#27;[35m[ADB]&amp#27;[39m Starting apksigner: 'C:\\Program Files\\Java\\jdk1.8.0_181\\bin\\java.exe' -Xmx1024M -Xss1m -jar C:\\Users\\pradi\\AppData\\Local\\Android\\Sdk\\build-tools\\30.0.2\\lib\\apksigner.jar verify --print-certs C:\\Users\\pradi\\eclipse-workspace\\FlipcartAppV4\\FlipcartApp4\\src\\flipkart.apk
[debug] &amp#27;[35m[ADB]&amp#27;[39m apksigner stdout: Signer #1 certificate DN: EMAILADDRESS=android@android.com, CN=Android, OU=Android, O=Android, L=Mountain View, ST=California, C=US
[debug] &amp#27;[35m[ADB]&amp#27;[39m Signer #1 certificate SHA-256 digest: a40da80a59d170caa950cf15c18c454d47a39b26989d8b640ecd745ba71bf5dc
[debug] &amp#27;[35m[ADB]&amp#27;[39m Signer #1 certificate SHA-1 digest: 61ed377e85d386a8dfee6b864bd85b0bfaa5af81
[debug] &amp#27;[35m[ADB]&amp#27;[39m Signer #1 certificate MD5 digest: e89b158e4bcf988ebd09eb83f5378e87
[debug] &amp#27;[35m[ADB]&amp#27;[39m 
[debug] &amp#27;[35m[ADB]&amp#27;[39m sha256 hash did match for 'flipkart.apk'
&amp#27;[35m[ADB]&amp#27;[39m 'C:\Users\pradi\eclipse-workspace\FlipcartAppV4\FlipcartApp4\src\flipkart.apk' is signed with the default certificate
[debug] &amp#27;[35m[ADB]&amp#27;[39m Getting install status for com.flipkart.android
[debug] &amp#27;[35m[ADB]&amp#27;[39m Running 'C:\Users\pradi\AppData\Local\Android\Sdk\platform-tools\adb.exe -P 5037 -s RZ8M40MZXJT shell dumpsys package com.flipkart.android'
[debug] &amp#27;[35m[ADB]&amp#27;[39m 'com.flipkart.android' is installed
[debug] &amp#27;[35m[ADB]&amp#27;[39m Getting package info for 'com.flipkart.android'
[debug] &amp#27;[35m[ADB]&amp#27;[39m Running 'C:\Users\pradi\AppData\Local\Android\Sdk\platform-tools\adb.exe -P 5037 -s RZ8M40MZXJT shell dumpsys package com.flipkart.android'
[debug] &amp#27;[35m[ADB]&amp#27;[39m The version name of the installed 'com.flipkart.android' is greater or equal to the application version name ('7.12.0' >= '7.12.0')
[debug] &amp#27;[35m[ADB]&amp#27;[39m There is no need to install/upgrade 'C:\Users\pradi\eclipse-workspace\FlipcartAppV4\FlipcartApp4\src\flipkart.apk'
&amp#27;[35m[AndroidDriver]&amp#27;[39m Performing fast reset on 'com.flipkart.android'
[debug] &amp#27;[35m[ADB]&amp#27;[39m Getting install status for com.flipkart.android
[debug] &amp#27;[35m[ADB]&amp#27;[39m Running 'C:\Users\pradi\AppData\Local\Android\Sdk\platform-tools\adb.exe -P 5037 -s RZ8M40MZXJT shell dumpsys package com.flipkart.android'
[debug] &amp#27;[35m[ADB]&amp#27;[39m 'com.flipkart.android' is installed
[debug] &amp#27;[35m[ADB]&amp#27;[39m Running 'C:\Users\pradi\AppData\Local\Android\Sdk\platform-tools\adb.exe -P 5037 -s RZ8M40MZXJT shell am force-stop com.flipkart.android'
[debug] &amp#27;[35m[ADB]&amp#27;[39m Running 'C:\Users\pradi\AppData\Local\Android\Sdk\platform-tools\adb.exe -P 5037 -s RZ8M40MZXJT shell pm clear com.flipkart.android'
[debug] &amp#27;[35m[AndroidDriver]&amp#27;[39m Performed fast reset on the installed 'com.flipkart.android' application (stop and clear)
[debug] &amp#27;[35m[UiAutomator2]&amp#27;[39m Performing shallow cleanup of automation leftovers
[debug] &amp#27;[35m[UiAutomator2]&amp#27;[39m No obsolete sessions have been detected (socket hang up)
[debug] &amp#27;[35m[ADB]&amp#27;[39m Running 'C:\Users\pradi\AppData\Local\Android\Sdk\platform-tools\adb.exe -P 5037 -s RZ8M40MZXJT shell am force-stop io.appium.uiautomator2.server.test'
&amp#27;[35m[UiAutomator2]&amp#27;[39m Starting UIAutomator2 server 4.17.4
&amp#27;[35m[UiAutomator2]&amp#27;[39m Using UIAutomator2 server from 'C:\Users\pradi\AppData\Roaming\npm\node_modules\appium\node_modules\appium-uiautomator2-server\apks\appium-uiautomator2-server-v4.17.4.apk' and test from 'C:\Users\pradi\AppData\Roaming\npm\node_modules\appium\node_modules\appium-uiautomator2-server\apks\appium-uiautomator2-server-debug-androidTest.apk'
&amp#27;[35m[UiAutomator2]&amp#27;[39m Waiting up to 30000ms for UiAutomator2 to be online...
[debug] &amp#27;[35m[ADB]&amp#27;[39m Creating ADB subprocess with args: ["-P",5037,"-s","RZ8M40MZXJT","shell","am","instrument","-w","io.appium.uiautomator2.server.test/androidx.test.runner.AndroidJUnitRunner"]
[debug] &amp#27;[35m[WD Proxy]&amp#27;[39m Matched '/status' to command name 'getStatus'
[debug] &amp#27;[35m[WD Proxy]&amp#27;[39m Proxying [GET /status] to [GET http://127.0.0.1:8200/wd/hub/status] with no body
&amp#27;[35m[WD Proxy]&amp#27;[39m socket hang up
[debug] &amp#27;[35m[WD Proxy]&amp#27;[39m Matched '/status' to command name 'getStatus'
[debug] &amp#27;[35m[WD Proxy]&amp#27;[39m Proxying [GET /status] to [GET http://127.0.0.1:8200/wd/hub/status] with no body
&amp#27;[35m[WD Proxy]&amp#27;[39m socket hang up
[debug] &amp#27;[35m[WD Proxy]&amp#27;[39m Matched '/status' to command name 'getStatus'
[debug] &amp#27;[35m[WD Proxy]&amp#27;[39m Proxying [GET /status] to [GET http://127.0.0.1:8200/wd/hub/status] with no body
&amp#27;[35m[WD Proxy]&amp#27;[39m socket hang up
[debug] &amp#27;[35m[Instrumentation]&amp#27;[39m io.appium.uiautomator2.server.test.AppiumUiAutomator2Server:
[debug] &amp#27;[35m[WD Proxy]&amp#27;[39m Matched '/status' to command name 'getStatus'
[debug] &amp#27;[35m[WD Proxy]&amp#27;[39m Proxying [GET /status] to [GET http://127.0.0.1:8200/wd/hub/status] with no body
&amp#27;[35m[WD Proxy]&amp#27;[39m socket hang up
[debug] &amp#27;[35m[WD Proxy]&amp#27;[39m Matched '/status' to command name 'getStatus'
[debug] &amp#27;[35m[WD Proxy]&amp#27;[39m Proxying [GET /status] to [GET http://127.0.0.1:8200/wd/hub/status] with no body
&amp#27;[35m[WD Proxy]&amp#27;[39m socket hang up
[debug] &amp#27;[35m[WD Proxy]&amp#27;[39m Matched '/status' to command name 'getStatus'
[debug] &amp#27;[35m[WD Proxy]&amp#27;[39m Proxying [GET /status] to [GET http://127.0.0.1:8200/wd/hub/status] with no body
[debug] &amp#27;[35m[WD Proxy]&amp#27;[39m Got response with status 200: {"sessionId":"None","value":{"message":"UiAutomator2 Server is ready to accept commands","ready":true}}
[debug] &amp#27;[35m[UiAutomator2]&amp#27;[39m The initialization of the instrumentation process took 5294ms
[debug] &amp#27;[35m[WD Proxy]&amp#27;[39m Matched '/session' to command name 'createSession'
[debug] &amp#27;[35m[WD Proxy]&amp#27;[39m Proxying [POST /session] to [POST http://127.0.0.1:8200/wd/hub/session] with body: {"capabilities":{"firstMatch":[{"platform":"LINUX","webStorageEnabled":false,"takesScreenshot":true,"javascriptEnabled":true,"databaseEnabled":false,"networkConnectionEnabled":true,"locationContextEnabled":false,"warnings":{},"desired":{"platformName":"android","app":"C:\\Users\\pradi\\eclipse-workspace\\FlipcartAppV4\\FlipcartApp4\\src\\flipkart.apk","automationName":"uiautomator2","deviceName":"samsung","udid":"RZ8M40MZXJT"},"platformName":"android","app":"C:\\Users\\pradi\\eclipse-workspace\\FlipcartAppV4\\FlipcartApp4\\src\\flipkart.apk","automationName":"uiautomator2","deviceName":"RZ8M40MZXJT","udid":"RZ8M40MZXJT","deviceUDID":"RZ8M40MZXJT","appPackage":"com.flipkart.android"}],"alwaysMatch":{}}}
[debug] &amp#27;[35m[WD Proxy]&amp#27;[39m Got response with status 200: {"sessionId":"8406dc1c-99a8-4556-8e1e-10c478a9b734","value":{"capabilities":{"firstMatch":[{"platform":"LINUX","webStorageEnabled":false,"takesScreenshot":true,"javascriptEnabled":true,"databaseEnabled":false,"networkConnectionEnabled":true,"locationContextEnabled":false,"warnings":{},"desired":{"platformName":"android","app":"C:\\Users\\pradi\\eclipse-workspace\\FlipcartAppV4\\FlipcartApp4\\src\\flipkart.apk","automationName":"uiautomator2","deviceName":"samsung","udid":"RZ8M40MZXJT"},"platformName":"android","app":"C:\\Users\\pradi\\eclipse-workspace\\FlipcartAppV4\\FlipcartApp4\\src\\flipkart.apk","automationName":"uiautomator2","deviceName":"RZ8M40MZXJT","udid":"RZ8M40MZXJT","deviceUDID":"RZ8M40MZXJT","appPackage":"com.flipkart.android"}],"alwaysMatch":{}},"sessionId":"8406dc1c-99a8-4556-8e1e-10c478a9b734"}}
&amp#27;[35m[WD Proxy]&amp#27;[39m Determined the downstream protocol as 'W3C'
[debug] &amp#27;[35m[WD Proxy]&amp#27;[39m Proxying [GET /appium/device/info] to [GET http://127.0.0.1:8200/wd/hub/session/8406dc1c-99a8-4556-8e1e-10c478a9b734/appium/device/info] with no body
[debug] &amp#27;[35m[WD Proxy]&amp#27;[39m Got response with status 200: {"sessionId":"8406dc1c-99a8-4556-8e1e-10c478a9b734","value":{"androidId":"8dd01396a27d4c60","apiVersion":"30","bluetooth":{"state":"OFF"},"brand":"samsung","carrierName":"JIO 4G","displayDensity":420,"locale":"en_GB","manufacturer":"samsung","model":"SM-A305F","networks":[{"capabilities":{"SSID":null,"linkDownBandwidthKbps":30000,"linkUpstreamBandwidthKbps":15000,"networkCapabilities":"NET_CAPABILITY_IMS,NET_CAPABILITY_NOT_METERED,NET_CAPABILITY_TRUSTED,NET_CAPABILITY_NOT_VPN,NET_CAPABILITY_VALIDATED,NET_CAPABILITY_NOT_ROAMING,NET_CAPABILITY_FOREGROUND,NET_CAPABILITY_NOT_CONGESTED,NET_CAPABILITY_NOT_SUSPENDED","signalStrength":-2147483648,"transportTypes":"TRANSPORT_CELLULAR"},"detailedState":"CONNECTED","extraInfo":"IMS","isAvailable":true,"isConnected":true,"isFailover":false,"isRoaming":false,"state":"CONNECTED","subtype":13,"subtypeName":"LTE","type":0,"typeName":"MOBILE"},{"capabilities":{"SSID":null,"linkDownBandwidthKbps":30000,"linkUpstreamBandwidthKbps":15000,"networkCapabilities":"NET_CAPABILITY_...
[debug] &amp#27;[35m[ADB]&amp#27;[39m Running 'C:\Users\pradi\AppData\Local\Android\Sdk\platform-tools\adb.exe -P 5037 -s RZ8M40MZXJT shell dumpsys window'
&amp#27;[35m[AndroidDriver]&amp#27;[39m Screen already unlocked, doing nothing
&amp#27;[35m[UiAutomator2]&amp#27;[39m Starting 'com.flipkart.android/com.flipkart.android.SplashActivity and waiting for 'com.flipkart.android/com.flipkart.android.SplashActivity'
[debug] &amp#27;[35m[ADB]&amp#27;[39m Running 'C:\Users\pradi\AppData\Local\Android\Sdk\platform-tools\adb.exe -P 5037 -s RZ8M40MZXJT shell am start -W -n com.flipkart.android/com.flipkart.android.SplashActivity -S -a android.intent.action.MAIN -c android.intent.category.LAUNCHER -f 0x10200000'
[debug] &amp#27;[35m[ADB]&amp#27;[39m Waiting up to 20000ms for activity matching pkg: 'com.flipkart.android' and activity: 'com.flipkart.android.SplashActivity' to be focused
[debug] &amp#27;[35m[ADB]&amp#27;[39m Possible activities, to be checked: 'com.flipkart.android.SplashActivity', 'com.flipkart.android.com.flipkart.android.SplashActivity'
[debug] &amp#27;[35m[ADB]&amp#27;[39m Getting focused package and activity
[debug] &amp#27;[35m[ADB]&amp#27;[39m Running 'C:\Users\pradi\AppData\Local\Android\Sdk\platform-tools\adb.exe -P 5037 -s RZ8M40MZXJT shell dumpsys window displays'
[debug] &amp#27;[35m[ADB]&amp#27;[39m Found package: 'com.flipkart.android' and fully qualified activity name : 'com.flipkart.android.SplashActivity'
[debug] &amp#27;[35m[WD Proxy]&amp#27;[39m Proxying [GET /appium/device/pixel_ratio] to [GET http://127.0.0.1:8200/wd/hub/session/8406dc1c-99a8-4556-8e1e-10c478a9b734/appium/device/pixel_ratio] with no body
[debug] &amp#27;[35m[WD Proxy]&amp#27;[39m Got response with status 200: {"sessionId":"8406dc1c-99a8-4556-8e1e-10c478a9b734","value":2.625}
[debug] &amp#27;[35m[WD Proxy]&amp#27;[39m Matched '/appium/device/system_bars' to command name 'getSystemBars'
[debug] &amp#27;[35m[WD Proxy]&amp#27;[39m Proxying [GET /appium/device/system_bars] to [GET http://127.0.0.1:8200/wd/hub/session/8406dc1c-99a8-4556-8e1e-10c478a9b734/appium/device/system_bars] with no body
[debug] &amp#27;[35m[WD Proxy]&amp#27;[39m Got response with status 200: {"sessionId":"8406dc1c-99a8-4556-8e1e-10c478a9b734","value":{"statusBar":83}}
[debug] &amp#27;[35m[WD Proxy]&amp#27;[39m Matched '/window/current/size' to command name 'getWindowSize'
[debug] &amp#27;[35m[WD Proxy]&amp#27;[39m Proxying [GET /window/current/size] to [GET http://127.0.0.1:8200/wd/hub/session/8406dc1c-99a8-4556-8e1e-10c478a9b734/window/current/size] with no body
[debug] &amp#27;[35m[WD Proxy]&amp#27;[39m Got response with status 200: {"sessionId":"8406dc1c-99a8-4556-8e1e-10c478a9b734","value":{"height":2131,"width":1080}}
&amp#27;[35m[Appium]&amp#27;[39m New AndroidUiautomator2Driver session created successfully, session e6767a0b-d963-4e68-81cc-0a1ddf5722d4 added to master session list
[debug] &amp#27;[35m[BaseDriver]&amp#27;[39m Event 'newSessionStarted' logged at 1624258326205 (12:22:06 GMT+0530 (India Standard Time))
[debug] &amp#27;[35m[W3C (e6767a0b)]&amp#27;[39m Cached the protocol value 'W3C' for the new session e6767a0b-d963-4e68-81cc-0a1ddf5722d4
[debug] &amp#27;[35m[W3C (e6767a0b)]&amp#27;[39m Responding to client with driver.createSession() result: {"capabilities":{"platform":"LINUX","webStorageEnabled":false,"takesScreenshot":true,"javascriptEnabled":true,"databaseEnabled":false,"networkConnectionEnabled":true,"locationContextEnabled":false,"warnings":{},"desired":{"platformName":"android","app":"C:\\Users\\pradi\\eclipse-workspace\\FlipcartAppV4\\FlipcartApp4\\src\\flipkart.apk","automationName":"uiautomator2","deviceName":"samsung","udid":"RZ8M40MZXJT"},"platformName":"android","app":"C:\\Users\\pradi\\eclipse-workspace\\FlipcartAppV4\\FlipcartApp4\\src\\flipkart.apk","automationName":"uiautomator2","deviceName":"RZ8M40MZXJT","udid":"RZ8M40MZXJT","deviceUDID":"RZ8M40MZXJT","appPackage":"com.flipkart.android","deviceApiLevel":30,"platformVersion":"11","deviceScreenSize":"1080x2340","deviceScreenDensity":420,"deviceModel":"SM-A305F","deviceManufacturer":"samsung","pixelRatio":2.625,"statBarHeight":83,"viewportRect":{"left":0,"top":83,"width":1080,"height":2048}}}
&amp#27;[35m[HTTP]&amp#27;[39m &amp#27;[37m<-- POST /wd/hub/session &amp#27;[39m&amp#27;[32m200&amp#27;[39m &amp#27;[90m18119 ms - 994&amp#27;[39m
&amp#27;[35m[HTTP]&amp#27;[39m &amp#27;[90m&amp#27;[39m
INFO  eFlipcart - Application Opened.
English
&amp#27;[35m[HTTP]&amp#27;[39m &amp#27;[37m-->&amp#27;[39m &amp#27;[37mPOST&amp#27;[39m &amp#27;[37m/wd/hub/session/e6767a0b-d963-4e68-81cc-0a1ddf5722d4/timeouts&amp#27;[39m
&amp#27;[35m[HTTP]&amp#27;[39m &amp#27;[90m{"implicit":10000}&amp#27;[39m
[debug] &amp#27;[35m[W3C (e6767a0b)]&amp#27;[39m Calling AppiumDriver.timeouts() with args: [null,null,null,null,10000,"e6767a0b-d963-4e68-81cc-0a1ddf5722d4"]
[debug] &amp#27;[35m[BaseDriver]&amp#27;[39m W3C timeout argument: {"implicit":10000}}
[debug] &amp#27;[35m[BaseDriver]&amp#27;[39m Set implicit wait to 10000ms
[debug] &amp#27;[35m[W3C (e6767a0b)]&amp#27;[39m Responding to client with driver.timeouts() result: null
&amp#27;[35m[HTTP]&amp#27;[39m &amp#27;[37m<-- POST /wd/hub/session/e6767a0b-d963-4e68-81cc-0a1ddf5722d4/timeouts &amp#27;[39m&amp#27;[32m200&amp#27;[39m &amp#27;[90m6 ms - 14&amp#27;[39m
&amp#27;[35m[HTTP]&amp#27;[39m &amp#27;[90m&amp#27;[39m
&amp#27;[35m[HTTP]&amp#27;[39m &amp#27;[37m-->&amp#27;[39m &amp#27;[37mPOST&amp#27;[39m &amp#27;[37m/wd/hub/session/e6767a0b-d963-4e68-81cc-0a1ddf5722d4/element&amp#27;[39m
&amp#27;[35m[HTTP]&amp#27;[39m &amp#27;[90m{"using":"-android uiautomator","value":"new UiScrollable(new UiSelector()).scrollIntoView(text(\"English\"));"}&amp#27;[39m
[debug] &amp#27;[35m[W3C (e6767a0b)]&amp#27;[39m Calling AppiumDriver.findElement() with args: ["-android uiautomator","new UiScrollable(new UiSelector()).scrollIntoView(text(\"English\"));","e6767a0b-d963-4e68-81cc-0a1ddf5722d4"]
[debug] &amp#27;[35m[BaseDriver]&amp#27;[39m Valid locator strategies for this request: xpath, id, class name, accessibility id, css selector, -android uiautomator
[debug] &amp#27;[35m[BaseDriver]&amp#27;[39m Waiting up to 10000 ms for condition
[debug] &amp#27;[35m[WD Proxy]&amp#27;[39m Matched '/element' to command name 'findElement'
[debug] &amp#27;[35m[WD Proxy]&amp#27;[39m Proxying [POST /element] to [POST http://127.0.0.1:8200/wd/hub/session/8406dc1c-99a8-4556-8e1e-10c478a9b734/element] with body: {"strategy":"-android uiautomator","selector":"new UiScrollable(new UiSelector()).scrollIntoView(text(\"English\"));","context":"","multiple":false}
[debug] &amp#27;[35m[WD Proxy]&amp#27;[39m Got response with status 200: {"sessionId":"8406dc1c-99a8-4556-8e1e-10c478a9b734","value":{"ELEMENT":"37dd9078-552b-4066-82e3-6f2473802af7","element-6066-11e4-a52e-4f735466cecf":"37dd9078-552b-4066-82e3-6f2473802af7"}}
[debug] &amp#27;[35m[W3C (e6767a0b)]&amp#27;[39m Responding to client with driver.findElement() result: {"element-6066-11e4-a52e-4f735466cecf":"37dd9078-552b-4066-82e3-6f2473802af7","ELEMENT":"37dd9078-552b-4066-82e3-6f2473802af7"}
&amp#27;[35m[HTTP]&amp#27;[39m &amp#27;[37m<-- POST /wd/hub/session/e6767a0b-d963-4e68-81cc-0a1ddf5722d4/element &amp#27;[39m&amp#27;[32m200&amp#27;[39m &amp#27;[90m4223 ms - 137&amp#27;[39m
&amp#27;[35m[HTTP]&amp#27;[39m &amp#27;[90m&amp#27;[39m
&amp#27;[35m[HTTP]&amp#27;[39m &amp#27;[37m-->&amp#27;[39m &amp#27;[37mPOST&amp#27;[39m &amp#27;[37m/wd/hub/session/e6767a0b-d963-4e68-81cc-0a1ddf5722d4/element&amp#27;[39m
&amp#27;[35m[HTTP]&amp#27;[39m &amp#27;[90m{"using":"xpath","value":"//*[@text='English']"}&amp#27;[39m
[debug] &amp#27;[35m[W3C (e6767a0b)]&amp#27;[39m Calling AppiumDriver.findElement() with args: ["xpath","//*[@text='English']","e6767a0b-d963-4e68-81cc-0a1ddf5722d4"]
[debug] &amp#27;[35m[BaseDriver]&amp#27;[39m Valid locator strategies for this request: xpath, id, class name, accessibility id, css selector, -android uiautomator
[debug] &amp#27;[35m[BaseDriver]&amp#27;[39m Waiting up to 10000 ms for condition
[debug] &amp#27;[35m[WD Proxy]&amp#27;[39m Matched '/element' to command name 'findElement'
[debug] &amp#27;[35m[WD Proxy]&amp#27;[39m Proxying [POST /element] to [POST http://127.0.0.1:8200/wd/hub/session/8406dc1c-99a8-4556-8e1e-10c478a9b734/element] with body: {"strategy":"xpath","selector":"//*[@text='English']","context":"","multiple":false}
[debug] &amp#27;[35m[WD Proxy]&amp#27;[39m Got response with status 200: {"sessionId":"8406dc1c-99a8-4556-8e1e-10c478a9b734","value":{"ELEMENT":"d3b55ad6-2a51-4666-b0ab-d03798405991","element-6066-11e4-a52e-4f735466cecf":"d3b55ad6-2a51-4666-b0ab-d03798405991"}}
[debug] &amp#27;[35m[W3C (e6767a0b)]&amp#27;[39m Responding to client with driver.findElement() result: {"element-6066-11e4-a52e-4f735466cecf":"d3b55ad6-2a51-4666-b0ab-d03798405991","ELEMENT":"d3b55ad6-2a51-4666-b0ab-d03798405991"}
&amp#27;[35m[HTTP]&amp#27;[39m &amp#27;[37m<-- POST /wd/hub/session/e6767a0b-d963-4e68-81cc-0a1ddf5722d4/element &amp#27;[39m&amp#27;[32m200&amp#27;[39m &amp#27;[90m319 ms - 137&amp#27;[39m
&amp#27;[35m[HTTP]&amp#27;[39m &amp#27;[90m&amp#27;[39m
&amp#27;[35m[HTTP]&amp#27;[39m &amp#27;[37m-->&amp#27;[39m &amp#27;[37mPOST&amp#27;[39m &amp#27;[37m/wd/hub/session/e6767a0b-d963-4e68-81cc-0a1ddf5722d4/element/d3b55ad6-2a51-4666-b0ab-d03798405991/click&amp#27;[39m
&amp#27;[35m[HTTP]&amp#27;[39m &amp#27;[90m{"id":"d3b55ad6-2a51-4666-b0ab-d03798405991"}&amp#27;[39m
[debug] &amp#27;[35m[W3C (e6767a0b)]&amp#27;[39m Calling AppiumDriver.click() with args: ["d3b55ad6-2a51-4666-b0ab-d03798405991","e6767a0b-d963-4e68-81cc-0a1ddf5722d4"]
[debug] &amp#27;[35m[WD Proxy]&amp#27;[39m Matched '/element/d3b55ad6-2a51-4666-b0ab-d03798405991/click' to command name 'click'
[debug] &amp#27;[35m[WD Proxy]&amp#27;[39m Proxying [POST /element/d3b55ad6-2a51-4666-b0ab-d03798405991/click] to [POST http://127.0.0.1:8200/wd/hub/session/8406dc1c-99a8-4556-8e1e-10c478a9b734/element/d3b55ad6-2a51-4666-b0ab-d03798405991/click] with body: {"element":"d3b55ad6-2a51-4666-b0ab-d03798405991"}
[debug] &amp#27;[35m[WD Proxy]&amp#27;[39m Got response with status 200: {"sessionId":"8406dc1c-99a8-4556-8e1e-10c478a9b734","value":null}
[debug] &amp#27;[35m[W3C (e6767a0b)]&amp#27;[39m Responding to client with driver.click() result: null
&amp#27;[35m[HTTP]&amp#27;[39m &amp#27;[37m<-- POST /wd/hub/session/e6767a0b-d963-4e68-81cc-0a1ddf5722d4/element/d3b55ad6-2a51-4666-b0ab-d03798405991/click &amp#27;[39m&amp#27;[32m200&amp#27;[39m &amp#27;[90m81 ms - 14&amp#27;[39m
&amp#27;[35m[HTTP]&amp#27;[39m &amp#27;[90m&amp#27;[39m
&amp#27;[35m[HTTP]&amp#27;[39m &amp#27;[37m-->&amp#27;[39m &amp#27;[37mPOST&amp#27;[39m &amp#27;[37m/wd/hub/session/e6767a0b-d963-4e68-81cc-0a1ddf5722d4/element&amp#27;[39m
&amp#27;[35m[HTTP]&amp#27;[39m &amp#27;[90m{"using":"id","value":"com.flipkart.android:id/select_btn"}&amp#27;[39m
[debug] &amp#27;[35m[W3C (e6767a0b)]&amp#27;[39m Calling AppiumDriver.findElement() with args: ["id","com.flipkart.android:id/select_btn","e6767a0b-d963-4e68-81cc-0a1ddf5722d4"]
[debug] &amp#27;[35m[BaseDriver]&amp#27;[39m Valid locator strategies for this request: xpath, id, class name, accessibility id, css selector, -android uiautomator
[debug] &amp#27;[35m[BaseDriver]&amp#27;[39m Waiting up to 10000 ms for condition
[debug] &amp#27;[35m[WD Proxy]&amp#27;[39m Matched '/element' to command name 'findElement'
[debug] &amp#27;[35m[WD Proxy]&amp#27;[39m Proxying [POST /element] to [POST http://127.0.0.1:8200/wd/hub/session/8406dc1c-99a8-4556-8e1e-10c478a9b734/element] with body: {"strategy":"id","selector":"com.flipkart.android:id/select_btn","context":"","multiple":false}
[debug] &amp#27;[35m[WD Proxy]&amp#27;[39m Got response with status 200: {"sessionId":"8406dc1c-99a8-4556-8e1e-10c478a9b734","value":{"ELEMENT":"17eba28e-fc79-463b-aa5f-fb080eae031b","element-6066-11e4-a52e-4f735466cecf":"17eba28e-fc79-463b-aa5f-fb080eae031b"}}
[debug] &amp#27;[35m[W3C (e6767a0b)]&amp#27;[39m Responding to client with driver.findElement() result: {"element-6066-11e4-a52e-4f735466cecf":"17eba28e-fc79-463b-aa5f-fb080eae031b","ELEMENT":"17eba28e-fc79-463b-aa5f-fb080eae031b"}
&amp#27;[35m[HTTP]&amp#27;[39m &amp#27;[37m<-- POST /wd/hub/session/e6767a0b-d963-4e68-81cc-0a1ddf5722d4/element &amp#27;[39m&amp#27;[32m200&amp#27;[39m &amp#27;[90m924 ms - 137&amp#27;[39m
&amp#27;[35m[HTTP]&amp#27;[39m &amp#27;[90m&amp#27;[39m
&amp#27;[35m[HTTP]&amp#27;[39m &amp#27;[37m-->&amp#27;[39m &amp#27;[37mPOST&amp#27;[39m &amp#27;[37m/wd/hub/session/e6767a0b-d963-4e68-81cc-0a1ddf5722d4/element/17eba28e-fc79-463b-aa5f-fb080eae031b/click&amp#27;[39m
&amp#27;[35m[HTTP]&amp#27;[39m &amp#27;[90m{"id":"17eba28e-fc79-463b-aa5f-fb080eae031b"}&amp#27;[39m
[debug] &amp#27;[35m[W3C (e6767a0b)]&amp#27;[39m Calling AppiumDriver.click() with args: ["17eba28e-fc79-463b-aa5f-fb080eae031b","e6767a0b-d963-4e68-81cc-0a1ddf5722d4"]
[debug] &amp#27;[35m[WD Proxy]&amp#27;[39m Matched '/element/17eba28e-fc79-463b-aa5f-fb080eae031b/click' to command name 'click'
[debug] &amp#27;[35m[WD Proxy]&amp#27;[39m Proxying [POST /element/17eba28e-fc79-463b-aa5f-fb080eae031b/click] to [POST http://127.0.0.1:8200/wd/hub/session/8406dc1c-99a8-4556-8e1e-10c478a9b734/element/17eba28e-fc79-463b-aa5f-fb080eae031b/click] with body: {"element":"17eba28e-fc79-463b-aa5f-fb080eae031b"}
[debug] &amp#27;[35m[WD Proxy]&amp#27;[39m Got response with status 200: {"sessionId":"8406dc1c-99a8-4556-8e1e-10c478a9b734","value":null}
[debug] &amp#27;[35m[W3C (e6767a0b)]&amp#27;[39m Responding to client with driver.click() result: null
&amp#27;[35m[HTTP]&amp#27;[39m &amp#27;[37m<-- POST /wd/hub/session/e6767a0b-d963-4e68-81cc-0a1ddf5722d4/element/17eba28e-fc79-463b-aa5f-fb080eae031b/click &amp#27;[39m&amp#27;[32m200&amp#27;[39m &amp#27;[90m586 ms - 14&amp#27;[39m
&amp#27;[35m[HTTP]&amp#27;[39m &amp#27;[90m&amp#27;[39m
&amp#27;[35m[HTTP]&amp#27;[39m &amp#27;[37m-->&amp#27;[39m &amp#27;[37mPOST&amp#27;[39m &amp#27;[37m/wd/hub/session/e6767a0b-d963-4e68-81cc-0a1ddf5722d4/timeouts&amp#27;[39m
&amp#27;[35m[HTTP]&amp#27;[39m &amp#27;[90m{"implicit":40000}&amp#27;[39m
[debug] &amp#27;[35m[W3C (e6767a0b)]&amp#27;[39m Calling AppiumDriver.timeouts() with args: [null,null,null,null,40000,"e6767a0b-d963-4e68-81cc-0a1ddf5722d4"]
[debug] &amp#27;[35m[BaseDriver]&amp#27;[39m W3C timeout argument: {"implicit":40000}}
[debug] &amp#27;[35m[BaseDriver]&amp#27;[39m Set implicit wait to 40000ms
[debug] &amp#27;[35m[W3C (e6767a0b)]&amp#27;[39m Responding to client with driver.timeouts() result: null
&amp#27;[35m[HTTP]&amp#27;[39m &amp#27;[37m<-- POST /wd/hub/session/e6767a0b-d963-4e68-81cc-0a1ddf5722d4/timeouts &amp#27;[39m&amp#27;[32m200&amp#27;[39m &amp#27;[90m5 ms - 14&amp#27;[39m
&amp#27;[35m[HTTP]&amp#27;[39m &amp#27;[90m&amp#27;[39m
&amp#27;[35m[HTTP]&amp#27;[39m &amp#27;[37m-->&amp#27;[39m &amp#27;[37mPOST&amp#27;[39m &amp#27;[37m/wd/hub/session/e6767a0b-d963-4e68-81cc-0a1ddf5722d4/element&amp#27;[39m
&amp#27;[35m[HTTP]&amp#27;[39m &amp#27;[90m{"using":"id","value":"com.google.android.gms:id/cancel"}&amp#27;[39m
[debug] &amp#27;[35m[W3C (e6767a0b)]&amp#27;[39m Calling AppiumDriver.findElement() with args: ["id","com.google.android.gms:id/cancel","e6767a0b-d963-4e68-81cc-0a1ddf5722d4"]
[debug] &amp#27;[35m[BaseDriver]&amp#27;[39m Valid locator strategies for this request: xpath, id, class name, accessibility id, css selector, -android uiautomator
[debug] &amp#27;[35m[BaseDriver]&amp#27;[39m Waiting up to 40000 ms for condition
[debug] &amp#27;[35m[WD Proxy]&amp#27;[39m Matched '/element' to command name 'findElement'
[debug] &amp#27;[35m[WD Proxy]&amp#27;[39m Proxying [POST /element] to [POST http://127.0.0.1:8200/wd/hub/session/8406dc1c-99a8-4556-8e1e-10c478a9b734/element] with body: {"strategy":"id","selector":"com.google.android.gms:id/cancel","context":"","multiple":false}
&amp#27;[35m[WD Proxy]&amp#27;[39m Got response with status 404: {"sessionId":"8406dc1c-99a8-4556-8e1e-10c478a9b734","value":{"error":"no such element","message":"An element could not be located on the page using the given search parameters","stacktrace":"io.appium.uiautomator2.common.exceptions.ElementNotFoundException: An element could not be located on the page using the given search parameters\n\tat io.appium.uiautomator2.handler.FindElement.safeHandle(FindElement.java:70)\n\tat io.appium.uiautomator2.handler.request.SafeRequestHandler.handle(SafeRequestHandler.java:41)\n\tat io.appium.uiautomator2.server.AppiumServlet.handleRequest(AppiumServlet.java:261)\n\tat io.appium.uiautomator2.server.AppiumServlet.handleHttpRequest(AppiumServlet.java:255)\n\tat io.appium.uiautomator2.http.ServerHandler.channelRead(ServerHandler.java:68)\n\tat io.netty.channel.AbstractChannelHandlerContext.invokeChannelRead(AbstractChannelHandlerContext.java:366)\n\tat io.netty.channel.AbstractChannelHandlerContext.invokeChannelRead(AbstractChannelHandlerContext.java:352)\n\tat io.netty.chann...
[debug] &amp#27;[35m[W3C]&amp#27;[39m Matched W3C error code 'no such element' to NoSuchElementError
[debug] &amp#27;[35m[BaseDriver]&amp#27;[39m Waited for 153 ms so far
[debug] &amp#27;[35m[WD Proxy]&amp#27;[39m Matched '/element' to command name 'findElement'
[debug] &amp#27;[35m[WD Proxy]&amp#27;[39m Proxying [POST /element] to [POST http://127.0.0.1:8200/wd/hub/session/8406dc1c-99a8-4556-8e1e-10c478a9b734/element] with body: {"strategy":"id","selector":"com.google.android.gms:id/cancel","context":"","multiple":false}
&amp#27;[35m[WD Proxy]&amp#27;[39m Got response with status 404: {"sessionId":"8406dc1c-99a8-4556-8e1e-10c478a9b734","value":{"error":"no such element","message":"An element could not be located on the page using the given search parameters","stacktrace":"io.appium.uiautomator2.common.exceptions.ElementNotFoundException: An element could not be located on the page using the given search parameters\n\tat io.appium.uiautomator2.handler.FindElement.safeHandle(FindElement.java:70)\n\tat io.appium.uiautomator2.handler.request.SafeRequestHandler.handle(SafeRequestHandler.java:41)\n\tat io.appium.uiautomator2.server.AppiumServlet.handleRequest(AppiumServlet.java:261)\n\tat io.appium.uiautomator2.server.AppiumServlet.handleHttpRequest(AppiumServlet.java:255)\n\tat io.appium.uiautomator2.http.ServerHandler.channelRead(ServerHandler.java:68)\n\tat io.netty.channel.AbstractChannelHandlerContext.invokeChannelRead(AbstractChannelHandlerContext.java:366)\n\tat io.netty.channel.AbstractChannelHandlerContext.invokeChannelRead(AbstractChannelHandlerContext.java:352)\n\tat io.netty.chann...
[debug] &amp#27;[35m[W3C]&amp#27;[39m Matched W3C error code 'no such element' to NoSuchElementError
[debug] &amp#27;[35m[BaseDriver]&amp#27;[39m Waited for 803 ms so far
[debug] &amp#27;[35m[WD Proxy]&amp#27;[39m Matched '/element' to command name 'findElement'
[debug] &amp#27;[35m[WD Proxy]&amp#27;[39m Proxying [POST /element] to [POST http://127.0.0.1:8200/wd/hub/session/8406dc1c-99a8-4556-8e1e-10c478a9b734/element] with body: {"strategy":"id","selector":"com.google.android.gms:id/cancel","context":"","multiple":false}
&amp#27;[35m[WD Proxy]&amp#27;[39m Got response with status 404: {"sessionId":"8406dc1c-99a8-4556-8e1e-10c478a9b734","value":{"error":"no such element","message":"An element could not be located on the page using the given search parameters","stacktrace":"io.appium.uiautomator2.common.exceptions.ElementNotFoundException: An element could not be located on the page using the given search parameters\n\tat io.appium.uiautomator2.handler.FindElement.safeHandle(FindElement.java:70)\n\tat io.appium.uiautomator2.handler.request.SafeRequestHandler.handle(SafeRequestHandler.java:41)\n\tat io.appium.uiautomator2.server.AppiumServlet.handleRequest(AppiumServlet.java:261)\n\tat io.appium.uiautomator2.server.AppiumServlet.handleHttpRequest(AppiumServlet.java:255)\n\tat io.appium.uiautomator2.http.ServerHandler.channelRead(ServerHandler.java:68)\n\tat io.netty.channel.AbstractChannelHandlerContext.invokeChannelRead(AbstractChannelHandlerContext.java:366)\n\tat io.netty.channel.AbstractChannelHandlerContext.invokeChannelRead(AbstractChannelHandlerContext.java:352)\n\tat io.netty.chann...
[debug] &amp#27;[35m[W3C]&amp#27;[39m Matched W3C error code 'no such element' to NoSuchElementError
[debug] &amp#27;[35m[BaseDriver]&amp#27;[39m Waited for 1983 ms so far
[debug] &amp#27;[35m[WD Proxy]&amp#27;[39m Matched '/element' to command name 'findElement'
[debug] &amp#27;[35m[WD Proxy]&amp#27;[39m Proxying [POST /element] to [POST http://127.0.0.1:8200/wd/hub/session/8406dc1c-99a8-4556-8e1e-10c478a9b734/element] with body: {"strategy":"id","selector":"com.google.android.gms:id/cancel","context":"","multiple":false}
&amp#27;[35m[WD Proxy]&amp#27;[39m Got response with status 404: {"sessionId":"8406dc1c-99a8-4556-8e1e-10c478a9b734","value":{"error":"no such element","message":"An element could not be located on the page using the given search parameters","stacktrace":"io.appium.uiautomator2.common.exceptions.ElementNotFoundException: An element could not be located on the page using the given search parameters\n\tat io.appium.uiautomator2.handler.FindElement.safeHandle(FindElement.java:70)\n\tat io.appium.uiautomator2.handler.request.SafeRequestHandler.handle(SafeRequestHandler.java:41)\n\tat io.appium.uiautomator2.server.AppiumServlet.handleRequest(AppiumServlet.java:261)\n\tat io.appium.uiautomator2.server.AppiumServlet.handleHttpRequest(AppiumServlet.java:255)\n\tat io.appium.uiautomator2.http.ServerHandler.channelRead(ServerHandler.java:68)\n\tat io.netty.channel.AbstractChannelHandlerContext.invokeChannelRead(AbstractChannelHandlerContext.java:366)\n\tat io.netty.channel.AbstractChannelHandlerContext.invokeChannelRead(AbstractChannelHandlerContext.java:352)\n\tat io.netty.chann...
[debug] &amp#27;[35m[W3C]&amp#27;[39m Matched W3C error code 'no such element' to NoSuchElementError
[debug] &amp#27;[35m[BaseDriver]&amp#27;[39m Waited for 2536 ms so far
[debug] &amp#27;[35m[WD Proxy]&amp#27;[39m Matched '/element' to command name 'findElement'
[debug] &amp#27;[35m[WD Proxy]&amp#27;[39m Proxying [POST /element] to [POST http://127.0.0.1:8200/wd/hub/session/8406dc1c-99a8-4556-8e1e-10c478a9b734/element] with body: {"strategy":"id","selector":"com.google.android.gms:id/cancel","context":"","multiple":false}
&amp#27;[35m[WD Proxy]&amp#27;[39m Got response with status 404: {"sessionId":"8406dc1c-99a8-4556-8e1e-10c478a9b734","value":{"error":"no such element","message":"An element could not be located on the page using the given search parameters","stacktrace":"io.appium.uiautomator2.common.exceptions.ElementNotFoundException: An element could not be located on the page using the given search parameters\n\tat io.appium.uiautomator2.handler.FindElement.safeHandle(FindElement.java:70)\n\tat io.appium.uiautomator2.handler.request.SafeRequestHandler.handle(SafeRequestHandler.java:41)\n\tat io.appium.uiautomator2.server.AppiumServlet.handleRequest(AppiumServlet.java:261)\n\tat io.appium.uiautomator2.server.AppiumServlet.handleHttpRequest(AppiumServlet.java:255)\n\tat io.appium.uiautomator2.http.ServerHandler.channelRead(ServerHandler.java:68)\n\tat io.netty.channel.AbstractChannelHandlerContext.invokeChannelRead(AbstractChannelHandlerContext.java:366)\n\tat io.netty.channel.AbstractChannelHandlerContext.invokeChannelRead(AbstractChannelHandlerContext.java:352)\n\tat io.netty.chann...
[debug] &amp#27;[35m[W3C]&amp#27;[39m Matched W3C error code 'no such element' to NoSuchElementError
[debug] &amp#27;[35m[BaseDriver]&amp#27;[39m Waited for 3115 ms so far
[debug] &amp#27;[35m[WD Proxy]&amp#27;[39m Matched '/element' to command name 'findElement'
[debug] &amp#27;[35m[WD Proxy]&amp#27;[39m Proxying [POST /element] to [POST http://127.0.0.1:8200/wd/hub/session/8406dc1c-99a8-4556-8e1e-10c478a9b734/element] with body: {"strategy":"id","selector":"com.google.android.gms:id/cancel","context":"","multiple":false}
&amp#27;[35m[WD Proxy]&amp#27;[39m Got response with status 404: {"sessionId":"8406dc1c-99a8-4556-8e1e-10c478a9b734","value":{"error":"no such element","message":"An element could not be located on the page using the given search parameters","stacktrace":"io.appium.uiautomator2.common.exceptions.ElementNotFoundException: An element could not be located on the page using the given search parameters\n\tat io.appium.uiautomator2.handler.FindElement.safeHandle(FindElement.java:70)\n\tat io.appium.uiautomator2.handler.request.SafeRequestHandler.handle(SafeRequestHandler.java:41)\n\tat io.appium.uiautomator2.server.AppiumServlet.handleRequest(AppiumServlet.java:261)\n\tat io.appium.uiautomator2.server.AppiumServlet.handleHttpRequest(AppiumServlet.java:255)\n\tat io.appium.uiautomator2.http.ServerHandler.channelRead(ServerHandler.java:68)\n\tat io.netty.channel.AbstractChannelHandlerContext.invokeChannelRead(AbstractChannelHandlerContext.java:366)\n\tat io.netty.channel.AbstractChannelHandlerContext.invokeChannelRead(AbstractChannelHandlerContext.java:352)\n\tat io.netty.chann...
[debug] &amp#27;[35m[W3C]&amp#27;[39m Matched W3C error code 'no such element' to NoSuchElementError
[debug] &amp#27;[35m[BaseDriver]&amp#27;[39m Waited for 3676 ms so far
[debug] &amp#27;[35m[WD Proxy]&amp#27;[39m Matched '/element' to command name 'findElement'
[debug] &amp#27;[35m[WD Proxy]&amp#27;[39m Proxying [POST /element] to [POST http://127.0.0.1:8200/wd/hub/session/8406dc1c-99a8-4556-8e1e-10c478a9b734/element] with body: {"strategy":"id","selector":"com.google.android.gms:id/cancel","context":"","multiple":false}
&amp#27;[35m[WD Proxy]&amp#27;[39m Got response with status 404: {"sessionId":"8406dc1c-99a8-4556-8e1e-10c478a9b734","value":{"error":"no such element","message":"An element could not be located on the page using the given search parameters","stacktrace":"io.appium.uiautomator2.common.exceptions.ElementNotFoundException: An element could not be located on the page using the given search parameters\n\tat io.appium.uiautomator2.handler.FindElement.safeHandle(FindElement.java:70)\n\tat io.appium.uiautomator2.handler.request.SafeRequestHandler.handle(SafeRequestHandler.java:41)\n\tat io.appium.uiautomator2.server.AppiumServlet.handleRequest(AppiumServlet.java:261)\n\tat io.appium.uiautomator2.server.AppiumServlet.handleHttpRequest(AppiumServlet.java:255)\n\tat io.appium.uiautomator2.http.ServerHandler.channelRead(ServerHandler.java:68)\n\tat io.netty.channel.AbstractChannelHandlerContext.invokeChannelRead(AbstractChannelHandlerContext.java:366)\n\tat io.netty.channel.AbstractChannelHandlerContext.invokeChannelRead(AbstractChannelHandlerContext.java:352)\n\tat io.netty.chann...
[debug] &amp#27;[35m[W3C]&amp#27;[39m Matched W3C error code 'no such element' to NoSuchElementError
[debug] &amp#27;[35m[BaseDriver]&amp#27;[39m Waited for 4235 ms so far
[debug] &amp#27;[35m[WD Proxy]&amp#27;[39m Matched '/element' to command name 'findElement'
[debug] &amp#27;[35m[WD Proxy]&amp#27;[39m Proxying [POST /element] to [POST http://127.0.0.1:8200/wd/hub/session/8406dc1c-99a8-4556-8e1e-10c478a9b734/element] with body: {"strategy":"id","selector":"com.google.android.gms:id/cancel","context":"","multiple":false}
&amp#27;[35m[WD Proxy]&amp#27;[39m Got response with status 404: {"sessionId":"8406dc1c-99a8-4556-8e1e-10c478a9b734","value":{"error":"no such element","message":"An element could not be located on the page using the given search parameters","stacktrace":"io.appium.uiautomator2.common.exceptions.ElementNotFoundException: An element could not be located on the page using the given search parameters\n\tat io.appium.uiautomator2.handler.FindElement.safeHandle(FindElement.java:70)\n\tat io.appium.uiautomator2.handler.request.SafeRequestHandler.handle(SafeRequestHandler.java:41)\n\tat io.appium.uiautomator2.server.AppiumServlet.handleRequest(AppiumServlet.java:261)\n\tat io.appium.uiautomator2.server.AppiumServlet.handleHttpRequest(AppiumServlet.java:255)\n\tat io.appium.uiautomator2.http.ServerHandler.channelRead(ServerHandler.java:68)\n\tat io.netty.channel.AbstractChannelHandlerContext.invokeChannelRead(AbstractChannelHandlerContext.java:366)\n\tat io.netty.channel.AbstractChannelHandlerContext.invokeChannelRead(AbstractChannelHandlerContext.java:352)\n\tat io.netty.chann...
[debug] &amp#27;[35m[W3C]&amp#27;[39m Matched W3C error code 'no such element' to NoSuchElementError
[debug] &amp#27;[35m[BaseDriver]&amp#27;[39m Waited for 4793 ms so far
[debug] &amp#27;[35m[WD Proxy]&amp#27;[39m Matched '/element' to command name 'findElement'
[debug] &amp#27;[35m[WD Proxy]&amp#27;[39m Proxying [POST /element] to [POST http://127.0.0.1:8200/wd/hub/session/8406dc1c-99a8-4556-8e1e-10c478a9b734/element] with body: {"strategy":"id","selector":"com.google.android.gms:id/cancel","context":"","multiple":false}
&amp#27;[35m[WD Proxy]&amp#27;[39m Got response with status 404: {"sessionId":"8406dc1c-99a8-4556-8e1e-10c478a9b734","value":{"error":"no such element","message":"An element could not be located on the page using the given search parameters","stacktrace":"io.appium.uiautomator2.common.exceptions.ElementNotFoundException: An element could not be located on the page using the given search parameters\n\tat io.appium.uiautomator2.handler.FindElement.safeHandle(FindElement.java:70)\n\tat io.appium.uiautomator2.handler.request.SafeRequestHandler.handle(SafeRequestHandler.java:41)\n\tat io.appium.uiautomator2.server.AppiumServlet.handleRequest(AppiumServlet.java:261)\n\tat io.appium.uiautomator2.server.AppiumServlet.handleHttpRequest(AppiumServlet.java:255)\n\tat io.appium.uiautomator2.http.ServerHandler.channelRead(ServerHandler.java:68)\n\tat io.netty.channel.AbstractChannelHandlerContext.invokeChannelRead(AbstractChannelHandlerContext.java:366)\n\tat io.netty.channel.AbstractChannelHandlerContext.invokeChannelRead(AbstractChannelHandlerContext.java:352)\n\tat io.netty.chann...
[debug] &amp#27;[35m[W3C]&amp#27;[39m Matched W3C error code 'no such element' to NoSuchElementError
[debug] &amp#27;[35m[BaseDriver]&amp#27;[39m Waited for 5344 ms so far
[debug] &amp#27;[35m[WD Proxy]&amp#27;[39m Matched '/element' to command name 'findElement'
[debug] &amp#27;[35m[WD Proxy]&amp#27;[39m Proxying [POST /element] to [POST http://127.0.0.1:8200/wd/hub/session/8406dc1c-99a8-4556-8e1e-10c478a9b734/element] with body: {"strategy":"id","selector":"com.google.android.gms:id/cancel","context":"","multiple":false}
&amp#27;[35m[WD Proxy]&amp#27;[39m Got response with status 404: {"sessionId":"8406dc1c-99a8-4556-8e1e-10c478a9b734","value":{"error":"no such element","message":"An element could not be located on the page using the given search parameters","stacktrace":"io.appium.uiautomator2.common.exceptions.ElementNotFoundException: An element could not be located on the page using the given search parameters\n\tat io.appium.uiautomator2.handler.FindElement.safeHandle(FindElement.java:70)\n\tat io.appium.uiautomator2.handler.request.SafeRequestHandler.handle(SafeRequestHandler.java:41)\n\tat io.appium.uiautomator2.server.AppiumServlet.handleRequest(AppiumServlet.java:261)\n\tat io.appium.uiautomator2.server.AppiumServlet.handleHttpRequest(AppiumServlet.java:255)\n\tat io.appium.uiautomator2.http.ServerHandler.channelRead(ServerHandler.java:68)\n\tat io.netty.channel.AbstractChannelHandlerContext.invokeChannelRead(AbstractChannelHandlerContext.java:366)\n\tat io.netty.channel.AbstractChannelHandlerContext.invokeChannelRead(AbstractChannelHandlerContext.java:352)\n\tat io.netty.chann...
[debug] &amp#27;[35m[W3C]&amp#27;[39m Matched W3C error code 'no such element' to NoSuchElementError
[debug] &amp#27;[35m[BaseDriver]&amp#27;[39m Waited for 6311 ms so far
[debug] &amp#27;[35m[WD Proxy]&amp#27;[39m Matched '/element' to command name 'findElement'
[debug] &amp#27;[35m[WD Proxy]&amp#27;[39m Proxying [POST /element] to [POST http://127.0.0.1:8200/wd/hub/session/8406dc1c-99a8-4556-8e1e-10c478a9b734/element] with body: {"strategy":"id","selector":"com.google.android.gms:id/cancel","context":"","multiple":false}
&amp#27;[35m[WD Proxy]&amp#27;[39m Got response with status 404: {"sessionId":"8406dc1c-99a8-4556-8e1e-10c478a9b734","value":{"error":"no such element","message":"An element could not be located on the page using the given search parameters","stacktrace":"io.appium.uiautomator2.common.exceptions.ElementNotFoundException: An element could not be located on the page using the given search parameters\n\tat io.appium.uiautomator2.handler.FindElement.safeHandle(FindElement.java:70)\n\tat io.appium.uiautomator2.handler.request.SafeRequestHandler.handle(SafeRequestHandler.java:41)\n\tat io.appium.uiautomator2.server.AppiumServlet.handleRequest(AppiumServlet.java:261)\n\tat io.appium.uiautomator2.server.AppiumServlet.handleHttpRequest(AppiumServlet.java:255)\n\tat io.appium.uiautomator2.http.ServerHandler.channelRead(ServerHandler.java:68)\n\tat io.netty.channel.AbstractChannelHandlerContext.invokeChannelRead(AbstractChannelHandlerContext.java:366)\n\tat io.netty.channel.AbstractChannelHandlerContext.invokeChannelRead(AbstractChannelHandlerContext.java:352)\n\tat io.netty.chann...
[debug] &amp#27;[35m[W3C]&amp#27;[39m Matched W3C error code 'no such element' to NoSuchElementError
[debug] &amp#27;[35m[BaseDriver]&amp#27;[39m Waited for 6847 ms so far
[debug] &amp#27;[35m[WD Proxy]&amp#27;[39m Matched '/element' to command name 'findElement'
[debug] &amp#27;[35m[WD Proxy]&amp#27;[39m Proxying [POST /element] to [POST http://127.0.0.1:8200/wd/hub/session/8406dc1c-99a8-4556-8e1e-10c478a9b734/element] with body: {"strategy":"id","selector":"com.google.android.gms:id/cancel","context":"","multiple":false}
[debug] &amp#27;[35m[WD Proxy]&amp#27;[39m Got response with status 200: {"sessionId":"8406dc1c-99a8-4556-8e1e-10c478a9b734","value":{"ELEMENT":"48bd3413-5c3a-492a-9e65-d20e90780e61","element-6066-11e4-a52e-4f735466cecf":"48bd3413-5c3a-492a-9e65-d20e90780e61"}}
[debug] &amp#27;[35m[W3C (e6767a0b)]&amp#27;[39m Responding to client with driver.findElement() result: {"element-6066-11e4-a52e-4f735466cecf":"48bd3413-5c3a-492a-9e65-d20e90780e61","ELEMENT":"48bd3413-5c3a-492a-9e65-d20e90780e61"}
&amp#27;[35m[HTTP]&amp#27;[39m &amp#27;[37m<-- POST /wd/hub/session/e6767a0b-d963-4e68-81cc-0a1ddf5722d4/element &amp#27;[39m&amp#27;[32m200&amp#27;[39m &amp#27;[90m7859 ms - 137&amp#27;[39m
&amp#27;[35m[HTTP]&amp#27;[39m &amp#27;[90m&amp#27;[39m
&amp#27;[35m[HTTP]&amp#27;[39m &amp#27;[37m-->&amp#27;[39m &amp#27;[37mPOST&amp#27;[39m &amp#27;[37m/wd/hub/session/e6767a0b-d963-4e68-81cc-0a1ddf5722d4/element/48bd3413-5c3a-492a-9e65-d20e90780e61/click&amp#27;[39m
&amp#27;[35m[HTTP]&amp#27;[39m &amp#27;[90m{"id":"48bd3413-5c3a-492a-9e65-d20e90780e61"}&amp#27;[39m
[debug] &amp#27;[35m[W3C (e6767a0b)]&amp#27;[39m Calling AppiumDriver.click() with args: ["48bd3413-5c3a-492a-9e65-d20e90780e61","e6767a0b-d963-4e68-81cc-0a1ddf5722d4"]
[debug] &amp#27;[35m[WD Proxy]&amp#27;[39m Matched '/element/48bd3413-5c3a-492a-9e65-d20e90780e61/click' to command name 'click'
[debug] &amp#27;[35m[WD Proxy]&amp#27;[39m Proxying [POST /element/48bd3413-5c3a-492a-9e65-d20e90780e61/click] to [POST http://127.0.0.1:8200/wd/hub/session/8406dc1c-99a8-4556-8e1e-10c478a9b734/element/48bd3413-5c3a-492a-9e65-d20e90780e61/click] with body: {"element":"48bd3413-5c3a-492a-9e65-d20e90780e61"}
[debug] &amp#27;[35m[WD Proxy]&amp#27;[39m Got response with status 200: {"sessionId":"8406dc1c-99a8-4556-8e1e-10c478a9b734","value":null}
[debug] &amp#27;[35m[W3C (e6767a0b)]&amp#27;[39m Responding to client with driver.click() result: null
&amp#27;[35m[HTTP]&amp#27;[39m &amp#27;[37m<-- POST /wd/hub/session/e6767a0b-d963-4e68-81cc-0a1ddf5722d4/element/48bd3413-5c3a-492a-9e65-d20e90780e61/click &amp#27;[39m&amp#27;[32m200&amp#27;[39m &amp#27;[90m65 ms - 14&amp#27;[39m
&amp#27;[35m[HTTP]&amp#27;[39m &amp#27;[90m&amp#27;[39m
&amp#27;[35m[HTTP]&amp#27;[39m &amp#27;[37m-->&amp#27;[39m &amp#27;[37mPOST&amp#27;[39m &amp#27;[37m/wd/hub/session/e6767a0b-d963-4e68-81cc-0a1ddf5722d4/element&amp#27;[39m
&amp#27;[35m[HTTP]&amp#27;[39m &amp#27;[90m{"using":"id","value":"com.flipkart.android:id/tv_right_cta"}&amp#27;[39m
[debug] &amp#27;[35m[W3C (e6767a0b)]&amp#27;[39m Calling AppiumDriver.findElement() with args: ["id","com.flipkart.android:id/tv_right_cta","e6767a0b-d963-4e68-81cc-0a1ddf5722d4"]
[debug] &amp#27;[35m[BaseDriver]&amp#27;[39m Valid locator strategies for this request: xpath, id, class name, accessibility id, css selector, -android uiautomator
[debug] &amp#27;[35m[BaseDriver]&amp#27;[39m Waiting up to 40000 ms for condition
[debug] &amp#27;[35m[WD Proxy]&amp#27;[39m Matched '/element' to command name 'findElement'
[debug] &amp#27;[35m[WD Proxy]&amp#27;[39m Proxying [POST /element] to [POST http://127.0.0.1:8200/wd/hub/session/8406dc1c-99a8-4556-8e1e-10c478a9b734/element] with body: {"strategy":"id","selector":"com.flipkart.android:id/tv_right_cta","context":"","multiple":false}
[debug] &amp#27;[35m[WD Proxy]&amp#27;[39m Got response with status 200: {"sessionId":"8406dc1c-99a8-4556-8e1e-10c478a9b734","value":{"ELEMENT":"ad9369cb-5727-49c0-adaf-53210d5dc5ac","element-6066-11e4-a52e-4f735466cecf":"ad9369cb-5727-49c0-adaf-53210d5dc5ac"}}
[debug] &amp#27;[35m[W3C (e6767a0b)]&amp#27;[39m Responding to client with driver.findElement() result: {"element-6066-11e4-a52e-4f735466cecf":"ad9369cb-5727-49c0-adaf-53210d5dc5ac","ELEMENT":"ad9369cb-5727-49c0-adaf-53210d5dc5ac"}
&amp#27;[35m[HTTP]&amp#27;[39m &amp#27;[37m<-- POST /wd/hub/session/e6767a0b-d963-4e68-81cc-0a1ddf5722d4/element &amp#27;[39m&amp#27;[32m200&amp#27;[39m &amp#27;[90m203 ms - 137&amp#27;[39m
&amp#27;[35m[HTTP]&amp#27;[39m &amp#27;[90m&amp#27;[39m
&amp#27;[35m[HTTP]&amp#27;[39m &amp#27;[37m-->&amp#27;[39m &amp#27;[37mPOST&amp#27;[39m &amp#27;[37m/wd/hub/session/e6767a0b-d963-4e68-81cc-0a1ddf5722d4/element/ad9369cb-5727-49c0-adaf-53210d5dc5ac/click&amp#27;[39m
&amp#27;[35m[HTTP]&amp#27;[39m &amp#27;[90m{"id":"ad9369cb-5727-49c0-adaf-53210d5dc5ac"}&amp#27;[39m
[debug] &amp#27;[35m[W3C (e6767a0b)]&amp#27;[39m Calling AppiumDriver.click() with args: ["ad9369cb-5727-49c0-adaf-53210d5dc5ac","e6767a0b-d963-4e68-81cc-0a1ddf5722d4"]
[debug] &amp#27;[35m[WD Proxy]&amp#27;[39m Matched '/element/ad9369cb-5727-49c0-adaf-53210d5dc5ac/click' to command name 'click'
[debug] &amp#27;[35m[WD Proxy]&amp#27;[39m Proxying [POST /element/ad9369cb-5727-49c0-adaf-53210d5dc5ac/click] to [POST http://127.0.0.1:8200/wd/hub/session/8406dc1c-99a8-4556-8e1e-10c478a9b734/element/ad9369cb-5727-49c0-adaf-53210d5dc5ac/click] with body: {"element":"ad9369cb-5727-49c0-adaf-53210d5dc5ac"}
[debug] &amp#27;[35m[WD Proxy]&amp#27;[39m Got response with status 200: {"sessionId":"8406dc1c-99a8-4556-8e1e-10c478a9b734","value":null}
[debug] &amp#27;[35m[W3C (e6767a0b)]&amp#27;[39m Responding to client with driver.click() result: null
&amp#27;[35m[HTTP]&amp#27;[39m &amp#27;[37m<-- POST /wd/hub/session/e6767a0b-d963-4e68-81cc-0a1ddf5722d4/element/ad9369cb-5727-49c0-adaf-53210d5dc5ac/click &amp#27;[39m&amp#27;[32m200&amp#27;[39m &amp#27;[90m2410 ms - 14&amp#27;[39m
&amp#27;[35m[HTTP]&amp#27;[39m &amp#27;[90m&amp#27;[39m
&amp#27;[35m[HTTP]&amp#27;[39m &amp#27;[37m-->&amp#27;[39m &amp#27;[37mPOST&amp#27;[39m &amp#27;[37m/wd/hub/session/e6767a0b-d963-4e68-81cc-0a1ddf5722d4/element&amp#27;[39m
&amp#27;[35m[HTTP]&amp#27;[39m &amp#27;[90m{"using":"id","value":"com.flipkart.android:id/phone_input"}&amp#27;[39m
[debug] &amp#27;[35m[W3C (e6767a0b)]&amp#27;[39m Calling AppiumDriver.findElement() with args: ["id","com.flipkart.android:id/phone_input","e6767a0b-d963-4e68-81cc-0a1ddf5722d4"]
[debug] &amp#27;[35m[BaseDriver]&amp#27;[39m Valid locator strategies for this request: xpath, id, class name, accessibility id, css selector, -android uiautomator
[debug] &amp#27;[35m[BaseDriver]&amp#27;[39m Waiting up to 40000 ms for condition
[debug] &amp#27;[35m[WD Proxy]&amp#27;[39m Matched '/element' to command name 'findElement'
[debug] &amp#27;[35m[WD Proxy]&amp#27;[39m Proxying [POST /element] to [POST http://127.0.0.1:8200/wd/hub/session/8406dc1c-99a8-4556-8e1e-10c478a9b734/element] with body: {"strategy":"id","selector":"com.flipkart.android:id/phone_input","context":"","multiple":false}
[debug] &amp#27;[35m[WD Proxy]&amp#27;[39m Got response with status 200: {"sessionId":"8406dc1c-99a8-4556-8e1e-10c478a9b734","value":{"ELEMENT":"7aa296d3-ff69-4e67-84e9-9c833d50f4c3","element-6066-11e4-a52e-4f735466cecf":"7aa296d3-ff69-4e67-84e9-9c833d50f4c3"}}
[debug] &amp#27;[35m[W3C (e6767a0b)]&amp#27;[39m Responding to client with driver.findElement() result: {"element-6066-11e4-a52e-4f735466cecf":"7aa296d3-ff69-4e67-84e9-9c833d50f4c3","ELEMENT":"7aa296d3-ff69-4e67-84e9-9c833d50f4c3"}
&amp#27;[35m[HTTP]&amp#27;[39m &amp#27;[37m<-- POST /wd/hub/session/e6767a0b-d963-4e68-81cc-0a1ddf5722d4/element &amp#27;[39m&amp#27;[32m200&amp#27;[39m &amp#27;[90m44 ms - 137&amp#27;[39m
&amp#27;[35m[HTTP]&amp#27;[39m &amp#27;[90m&amp#27;[39m
&amp#27;[35m[HTTP]&amp#27;[39m &amp#27;[37m-->&amp#27;[39m &amp#27;[37mPOST&amp#27;[39m &amp#27;[37m/wd/hub/session/e6767a0b-d963-4e68-81cc-0a1ddf5722d4/element/7aa296d3-ff69-4e67-84e9-9c833d50f4c3/value&amp#27;[39m
&amp#27;[35m[HTTP]&amp#27;[39m &amp#27;[90m{"id":"7aa296d3-ff69-4e67-84e9-9c833d50f4c3","text":"pradipkatkar9041@gmail.com","value":["p","r","a","d","i","p","k","a","t","k","a","r","9","0","4","1","@","g","m","a","i","l",".","c","o","m"]}&amp#27;[39m
[debug] &amp#27;[35m[W3C (e6767a0b)]&amp#27;[39m Calling AppiumDriver.setValue() with args: [["p","r","a","d","i","p","k","a","t","k","a","r","9","0","4","1","@","g","m","a","i","l",".","c","o","m"],"7aa296d3-ff69-4e67-84e9-9c833d50f4c3","e6767a0b-d963-4e68-81cc-0a1ddf5722d4"]
[debug] &amp#27;[35m[WD Proxy]&amp#27;[39m Matched '/element/7aa296d3-ff69-4e67-84e9-9c833d50f4c3/value' to command name 'setValue'
[debug] &amp#27;[35m[Protocol Converter]&amp#27;[39m Added 'value' property ["p","r","a","d","i","p","k","a","t","k","a","r","9","0","4","1","@","g","m","a","i","l",".","c","o","m"] to 'setValue' request body
[debug] &amp#27;[35m[WD Proxy]&amp#27;[39m Proxying [POST /element/7aa296d3-ff69-4e67-84e9-9c833d50f4c3/value] to [POST http://127.0.0.1:8200/wd/hub/session/8406dc1c-99a8-4556-8e1e-10c478a9b734/element/7aa296d3-ff69-4e67-84e9-9c833d50f4c3/value] with body: {"elementId":"7aa296d3-ff69-4e67-84e9-9c833d50f4c3","text":"pradipkatkar9041@gmail.com","replace":false,"value":["p","r","a","d","i","p","k","a","t","k","a","r","9","0","4","1","@","g","m","a","i","l",".","c","o","m"]}
[debug] &amp#27;[35m[WD Proxy]&amp#27;[39m Got response with status 200: {"sessionId":"8406dc1c-99a8-4556-8e1e-10c478a9b734","value":null}
[debug] &amp#27;[35m[W3C (e6767a0b)]&amp#27;[39m Responding to client with driver.setValue() result: null
&amp#27;[35m[HTTP]&amp#27;[39m &amp#27;[37m<-- POST /wd/hub/session/e6767a0b-d963-4e68-81cc-0a1ddf5722d4/element/7aa296d3-ff69-4e67-84e9-9c833d50f4c3/value &amp#27;[39m&amp#27;[32m200&amp#27;[39m &amp#27;[90m73 ms - 14&amp#27;[39m
&amp#27;[35m[HTTP]&amp#27;[39m &amp#27;[90m&amp#27;[39m
INFO  eFlipcart - Username entered.
&amp#27;[35m[HTTP]&amp#27;[39m &amp#27;[37m-->&amp#27;[39m &amp#27;[37mPOST&amp#27;[39m &amp#27;[37m/wd/hub/session/e6767a0b-d963-4e68-81cc-0a1ddf5722d4/element&amp#27;[39m
&amp#27;[35m[HTTP]&amp#27;[39m &amp#27;[90m{"using":"id","value":"com.flipkart.android:id/button"}&amp#27;[39m
[debug] &amp#27;[35m[W3C (e6767a0b)]&amp#27;[39m Calling AppiumDriver.findElement() with args: ["id","com.flipkart.android:id/button","e6767a0b-d963-4e68-81cc-0a1ddf5722d4"]
[debug] &amp#27;[35m[BaseDriver]&amp#27;[39m Valid locator strategies for this request: xpath, id, class name, accessibility id, css selector, -android uiautomator
[debug] &amp#27;[35m[BaseDriver]&amp#27;[39m Waiting up to 40000 ms for condition
[debug] &amp#27;[35m[WD Proxy]&amp#27;[39m Matched '/element' to command name 'findElement'
[debug] &amp#27;[35m[WD Proxy]&amp#27;[39m Proxying [POST /element] to [POST http://127.0.0.1:8200/wd/hub/session/8406dc1c-99a8-4556-8e1e-10c478a9b734/element] with body: {"strategy":"id","selector":"com.flipkart.android:id/button","context":"","multiple":false}
[debug] &amp#27;[35m[WD Proxy]&amp#27;[39m Got response with status 200: {"sessionId":"8406dc1c-99a8-4556-8e1e-10c478a9b734","value":{"ELEMENT":"e9a00930-3c6b-4beb-93f6-2f06f9e36bea","element-6066-11e4-a52e-4f735466cecf":"e9a00930-3c6b-4beb-93f6-2f06f9e36bea"}}
[debug] &amp#27;[35m[W3C (e6767a0b)]&amp#27;[39m Responding to client with driver.findElement() result: {"element-6066-11e4-a52e-4f735466cecf":"e9a00930-3c6b-4beb-93f6-2f06f9e36bea","ELEMENT":"e9a00930-3c6b-4beb-93f6-2f06f9e36bea"}
&amp#27;[35m[HTTP]&amp#27;[39m &amp#27;[37m<-- POST /wd/hub/session/e6767a0b-d963-4e68-81cc-0a1ddf5722d4/element &amp#27;[39m&amp#27;[32m200&amp#27;[39m &amp#27;[90m870 ms - 137&amp#27;[39m
&amp#27;[35m[HTTP]&amp#27;[39m &amp#27;[90m&amp#27;[39m
&amp#27;[35m[HTTP]&amp#27;[39m &amp#27;[37m-->&amp#27;[39m &amp#27;[37mPOST&amp#27;[39m &amp#27;[37m/wd/hub/session/e6767a0b-d963-4e68-81cc-0a1ddf5722d4/element/e9a00930-3c6b-4beb-93f6-2f06f9e36bea/click&amp#27;[39m
&amp#27;[35m[HTTP]&amp#27;[39m &amp#27;[90m{"id":"e9a00930-3c6b-4beb-93f6-2f06f9e36bea"}&amp#27;[39m
[debug] &amp#27;[35m[W3C (e6767a0b)]&amp#27;[39m Calling AppiumDriver.click() with args: ["e9a00930-3c6b-4beb-93f6-2f06f9e36bea","e6767a0b-d963-4e68-81cc-0a1ddf5722d4"]
[debug] &amp#27;[35m[WD Proxy]&amp#27;[39m Matched '/element/e9a00930-3c6b-4beb-93f6-2f06f9e36bea/click' to command name 'click'
[debug] &amp#27;[35m[WD Proxy]&amp#27;[39m Proxying [POST /element/e9a00930-3c6b-4beb-93f6-2f06f9e36bea/click] to [POST http://127.0.0.1:8200/wd/hub/session/8406dc1c-99a8-4556-8e1e-10c478a9b734/element/e9a00930-3c6b-4beb-93f6-2f06f9e36bea/click] with body: {"element":"e9a00930-3c6b-4beb-93f6-2f06f9e36bea"}
[debug] &amp#27;[35m[WD Proxy]&amp#27;[39m Got response with status 200: {"sessionId":"8406dc1c-99a8-4556-8e1e-10c478a9b734","value":null}
[debug] &amp#27;[35m[W3C (e6767a0b)]&amp#27;[39m Responding to client with driver.click() result: null
&amp#27;[35m[HTTP]&amp#27;[39m &amp#27;[37m<-- POST /wd/hub/session/e6767a0b-d963-4e68-81cc-0a1ddf5722d4/element/e9a00930-3c6b-4beb-93f6-2f06f9e36bea/click &amp#27;[39m&amp#27;[32m200&amp#27;[39m &amp#27;[90m858 ms - 14&amp#27;[39m
&amp#27;[35m[HTTP]&amp#27;[39m &amp#27;[90m&amp#27;[39m
&amp#27;[35m[HTTP]&amp#27;[39m &amp#27;[37m-->&amp#27;[39m &amp#27;[37mPOST&amp#27;[39m &amp#27;[37m/wd/hub/session/e6767a0b-d963-4e68-81cc-0a1ddf5722d4/timeouts&amp#27;[39m
&amp#27;[35m[HTTP]&amp#27;[39m &amp#27;[90m{"implicit":50000}&amp#27;[39m
[debug] &amp#27;[35m[W3C (e6767a0b)]&amp#27;[39m Calling AppiumDriver.timeouts() with args: [null,null,null,null,50000,"e6767a0b-d963-4e68-81cc-0a1ddf5722d4"]
[debug] &amp#27;[35m[BaseDriver]&amp#27;[39m W3C timeout argument: {"implicit":50000}}
[debug] &amp#27;[35m[BaseDriver]&amp#27;[39m Set implicit wait to 50000ms
[debug] &amp#27;[35m[W3C (e6767a0b)]&amp#27;[39m Responding to client with driver.timeouts() result: null
&amp#27;[35m[HTTP]&amp#27;[39m &amp#27;[37m<-- POST /wd/hub/session/e6767a0b-d963-4e68-81cc-0a1ddf5722d4/timeouts &amp#27;[39m&amp#27;[32m200&amp#27;[39m &amp#27;[90m5 ms - 14&amp#27;[39m
&amp#27;[35m[HTTP]&amp#27;[39m &amp#27;[90m&amp#27;[39m
INFO  eFlipcart - Cliked on Button.
&amp#27;[35m[HTTP]&amp#27;[39m &amp#27;[37m-->&amp#27;[39m &amp#27;[37mPOST&amp#27;[39m &amp#27;[37m/wd/hub/session/e6767a0b-d963-4e68-81cc-0a1ddf5722d4/element&amp#27;[39m
&amp#27;[35m[HTTP]&amp#27;[39m &amp#27;[90m{"using":"xpath","value":"//*[@text='Password']"}&amp#27;[39m
[debug] &amp#27;[35m[W3C (e6767a0b)]&amp#27;[39m Calling AppiumDriver.findElement() with args: ["xpath","//*[@text='Password']","e6767a0b-d963-4e68-81cc-0a1ddf5722d4"]
[debug] &amp#27;[35m[BaseDriver]&amp#27;[39m Valid locator strategies for this request: xpath, id, class name, accessibility id, css selector, -android uiautomator
[debug] &amp#27;[35m[BaseDriver]&amp#27;[39m Waiting up to 50000 ms for condition
[debug] &amp#27;[35m[WD Proxy]&amp#27;[39m Matched '/element' to command name 'findElement'
[debug] &amp#27;[35m[WD Proxy]&amp#27;[39m Proxying [POST /element] to [POST http://127.0.0.1:8200/wd/hub/session/8406dc1c-99a8-4556-8e1e-10c478a9b734/element] with body: {"strategy":"xpath","selector":"//*[@text='Password']","context":"","multiple":false}
&amp#27;[35m[WD Proxy]&amp#27;[39m Got response with status 404: {"sessionId":"8406dc1c-99a8-4556-8e1e-10c478a9b734","value":{"error":"no such element","message":"An element could not be located on the page using the given search parameters","stacktrace":"io.appium.uiautomator2.common.exceptions.ElementNotFoundException: An element could not be located on the page using the given search parameters\n\tat io.appium.uiautomator2.handler.FindElement.findElement(FindElement.java:91)\n\tat io.appium.uiautomator2.handler.FindElement.safeHandle(FindElement.java:68)\n\tat io.appium.uiautomator2.handler.request.SafeRequestHandler.handle(SafeRequestHandler.java:41)\n\tat io.appium.uiautomator2.server.AppiumServlet.handleRequest(AppiumServlet.java:261)\n\tat io.appium.uiautomator2.server.AppiumServlet.handleHttpRequest(AppiumServlet.java:255)\n\tat io.appium.uiautomator2.http.ServerHandler.channelRead(ServerHandler.java:68)\n\tat io.netty.channel.AbstractChannelHandlerContext.invokeChannelRead(AbstractChannelHandlerContext.java:366)\n\tat io.netty.channel.AbstractChannelHandlerCont...
[debug] &amp#27;[35m[W3C]&amp#27;[39m Matched W3C error code 'no such element' to NoSuchElementError
[debug] &amp#27;[35m[BaseDriver]&amp#27;[39m Waited for 77 ms so far
[debug] &amp#27;[35m[WD Proxy]&amp#27;[39m Matched '/element' to command name 'findElement'
[debug] &amp#27;[35m[WD Proxy]&amp#27;[39m Proxying [POST /element] to [POST http://127.0.0.1:8200/wd/hub/session/8406dc1c-99a8-4556-8e1e-10c478a9b734/element] with body: {"strategy":"xpath","selector":"//*[@text='Password']","context":"","multiple":false}
[debug] &amp#27;[35m[WD Proxy]&amp#27;[39m Got response with status 200: {"sessionId":"8406dc1c-99a8-4556-8e1e-10c478a9b734","value":{"ELEMENT":"993f58f3-f1b1-4607-aa59-02e80e28498a","element-6066-11e4-a52e-4f735466cecf":"993f58f3-f1b1-4607-aa59-02e80e28498a"}}
[debug] &amp#27;[35m[W3C (e6767a0b)]&amp#27;[39m Responding to client with driver.findElement() result: {"element-6066-11e4-a52e-4f735466cecf":"993f58f3-f1b1-4607-aa59-02e80e28498a","ELEMENT":"993f58f3-f1b1-4607-aa59-02e80e28498a"}
&amp#27;[35m[HTTP]&amp#27;[39m &amp#27;[37m<-- POST /wd/hub/session/e6767a0b-d963-4e68-81cc-0a1ddf5722d4/element &amp#27;[39m&amp#27;[32m200&amp#27;[39m &amp#27;[90m1857 ms - 137&amp#27;[39m
&amp#27;[35m[HTTP]&amp#27;[39m &amp#27;[90m&amp#27;[39m
&amp#27;[35m[HTTP]&amp#27;[39m &amp#27;[37m-->&amp#27;[39m &amp#27;[37mPOST&amp#27;[39m &amp#27;[37m/wd/hub/session/e6767a0b-d963-4e68-81cc-0a1ddf5722d4/element/993f58f3-f1b1-4607-aa59-02e80e28498a/value&amp#27;[39m
&amp#27;[35m[HTTP]&amp#27;[39m &amp#27;[90m{"id":"993f58f3-f1b1-4607-aa59-02e80e28498a","text":"9766751413","value":["9","7","6","6","7","5","1","4","1","3"]}&amp#27;[39m
[debug] &amp#27;[35m[W3C (e6767a0b)]&amp#27;[39m Calling AppiumDriver.setValue() with args: [["9","7","6","6","7","5","1","4","1","3"],"993f58f3-f1b1-4607-aa59-02e80e28498a","e6767a0b-d963-4e68-81cc-0a1ddf5722d4"]
[debug] &amp#27;[35m[WD Proxy]&amp#27;[39m Matched '/element/993f58f3-f1b1-4607-aa59-02e80e28498a/value' to command name 'setValue'
[debug] &amp#27;[35m[Protocol Converter]&amp#27;[39m Added 'value' property ["9","7","6","6","7","5","1","4","1","3"] to 'setValue' request body
[debug] &amp#27;[35m[WD Proxy]&amp#27;[39m Proxying [POST /element/993f58f3-f1b1-4607-aa59-02e80e28498a/value] to [POST http://127.0.0.1:8200/wd/hub/session/8406dc1c-99a8-4556-8e1e-10c478a9b734/element/993f58f3-f1b1-4607-aa59-02e80e28498a/value] with body: {"elementId":"993f58f3-f1b1-4607-aa59-02e80e28498a","text":"9766751413","replace":false,"value":["9","7","6","6","7","5","1","4","1","3"]}
[debug] &amp#27;[35m[WD Proxy]&amp#27;[39m Got response with status 200: {"sessionId":"8406dc1c-99a8-4556-8e1e-10c478a9b734","value":null}
[debug] &amp#27;[35m[W3C (e6767a0b)]&amp#27;[39m Responding to client with driver.setValue() result: null
&amp#27;[35m[HTTP]&amp#27;[39m &amp#27;[37m<-- POST /wd/hub/session/e6767a0b-d963-4e68-81cc-0a1ddf5722d4/element/993f58f3-f1b1-4607-aa59-02e80e28498a/value &amp#27;[39m&amp#27;[32m200&amp#27;[39m &amp#27;[90m627 ms - 14&amp#27;[39m
&amp#27;[35m[HTTP]&amp#27;[39m &amp#27;[90m&amp#27;[39m
&amp#27;[35m[HTTP]&amp#27;[39m &amp#27;[37m-->&amp#27;[39m &amp#27;[37mPOST&amp#27;[39m &amp#27;[37m/wd/hub/session/e6767a0b-d963-4e68-81cc-0a1ddf5722d4/timeouts&amp#27;[39m
&amp#27;[35m[HTTP]&amp#27;[39m &amp#27;[90m{"implicit":20000}&amp#27;[39m
[debug] &amp#27;[35m[W3C (e6767a0b)]&amp#27;[39m Calling AppiumDriver.timeouts() with args: [null,null,null,null,20000,"e6767a0b-d963-4e68-81cc-0a1ddf5722d4"]
[debug] &amp#27;[35m[BaseDriver]&amp#27;[39m W3C timeout argument: {"implicit":20000}}
[debug] &amp#27;[35m[BaseDriver]&amp#27;[39m Set implicit wait to 20000ms
[debug] &amp#27;[35m[W3C (e6767a0b)]&amp#27;[39m Responding to client with driver.timeouts() result: null
&amp#27;[35m[HTTP]&amp#27;[39m &amp#27;[37m<-- POST /wd/hub/session/e6767a0b-d963-4e68-81cc-0a1ddf5722d4/timeouts &amp#27;[39m&amp#27;[32m200&amp#27;[39m &amp#27;[90m5 ms - 14&amp#27;[39m
&amp#27;[35m[HTTP]&amp#27;[39m &amp#27;[90m&amp#27;[39m
INFO  eFlipcart - Password entered.
&amp#27;[35m[HTTP]&amp#27;[39m &amp#27;[37m-->&amp#27;[39m &amp#27;[37mPOST&amp#27;[39m &amp#27;[37m/wd/hub/session/e6767a0b-d963-4e68-81cc-0a1ddf5722d4/element&amp#27;[39m
&amp#27;[35m[HTTP]&amp#27;[39m &amp#27;[90m{"using":"id","value":"com.flipkart.android:id/button"}&amp#27;[39m
[debug] &amp#27;[35m[W3C (e6767a0b)]&amp#27;[39m Calling AppiumDriver.findElement() with args: ["id","com.flipkart.android:id/button","e6767a0b-d963-4e68-81cc-0a1ddf5722d4"]
[debug] &amp#27;[35m[BaseDriver]&amp#27;[39m Valid locator strategies for this request: xpath, id, class name, accessibility id, css selector, -android uiautomator
[debug] &amp#27;[35m[BaseDriver]&amp#27;[39m Waiting up to 20000 ms for condition
[debug] &amp#27;[35m[WD Proxy]&amp#27;[39m Matched '/element' to command name 'findElement'
[debug] &amp#27;[35m[WD Proxy]&amp#27;[39m Proxying [POST /element] to [POST http://127.0.0.1:8200/wd/hub/session/8406dc1c-99a8-4556-8e1e-10c478a9b734/element] with body: {"strategy":"id","selector":"com.flipkart.android:id/button","context":"","multiple":false}
[debug] &amp#27;[35m[WD Proxy]&amp#27;[39m Got response with status 200: {"sessionId":"8406dc1c-99a8-4556-8e1e-10c478a9b734","value":{"ELEMENT":"be8168c6-9df3-443b-8277-caadd13fc896","element-6066-11e4-a52e-4f735466cecf":"be8168c6-9df3-443b-8277-caadd13fc896"}}
[debug] &amp#27;[35m[W3C (e6767a0b)]&amp#27;[39m Responding to client with driver.findElement() result: {"element-6066-11e4-a52e-4f735466cecf":"be8168c6-9df3-443b-8277-caadd13fc896","ELEMENT":"be8168c6-9df3-443b-8277-caadd13fc896"}
&amp#27;[35m[HTTP]&amp#27;[39m &amp#27;[37m<-- POST /wd/hub/session/e6767a0b-d963-4e68-81cc-0a1ddf5722d4/element &amp#27;[39m&amp#27;[32m200&amp#27;[39m &amp#27;[90m500 ms - 137&amp#27;[39m
&amp#27;[35m[HTTP]&amp#27;[39m &amp#27;[90m&amp#27;[39m
&amp#27;[35m[HTTP]&amp#27;[39m &amp#27;[37m-->&amp#27;[39m &amp#27;[37mPOST&amp#27;[39m &amp#27;[37m/wd/hub/session/e6767a0b-d963-4e68-81cc-0a1ddf5722d4/element/be8168c6-9df3-443b-8277-caadd13fc896/click&amp#27;[39m
&amp#27;[35m[HTTP]&amp#27;[39m &amp#27;[90m{"id":"be8168c6-9df3-443b-8277-caadd13fc896"}&amp#27;[39m
[debug] &amp#27;[35m[W3C (e6767a0b)]&amp#27;[39m Calling AppiumDriver.click() with args: ["be8168c6-9df3-443b-8277-caadd13fc896","e6767a0b-d963-4e68-81cc-0a1ddf5722d4"]
[debug] &amp#27;[35m[WD Proxy]&amp#27;[39m Matched '/element/be8168c6-9df3-443b-8277-caadd13fc896/click' to command name 'click'
[debug] &amp#27;[35m[WD Proxy]&amp#27;[39m Proxying [POST /element/be8168c6-9df3-443b-8277-caadd13fc896/click] to [POST http://127.0.0.1:8200/wd/hub/session/8406dc1c-99a8-4556-8e1e-10c478a9b734/element/be8168c6-9df3-443b-8277-caadd13fc896/click] with body: {"element":"be8168c6-9df3-443b-8277-caadd13fc896"}
[debug] &amp#27;[35m[WD Proxy]&amp#27;[39m Got response with status 200: {"sessionId":"8406dc1c-99a8-4556-8e1e-10c478a9b734","value":null}
[debug] &amp#27;[35m[W3C (e6767a0b)]&amp#27;[39m Responding to client with driver.click() result: null
&amp#27;[35m[HTTP]&amp#27;[39m &amp#27;[37m<-- POST /wd/hub/session/e6767a0b-d963-4e68-81cc-0a1ddf5722d4/element/be8168c6-9df3-443b-8277-caadd13fc896/click &amp#27;[39m&amp#27;[32m200&amp#27;[39m &amp#27;[90m65 ms - 14&amp#27;[39m
&amp#27;[35m[HTTP]&amp#27;[39m &amp#27;[90m&amp#27;[39m
&amp#27;[35m[HTTP]&amp#27;[39m &amp#27;[37m-->&amp#27;[39m &amp#27;[37mPOST&amp#27;[39m &amp#27;[37m/wd/hub/session/e6767a0b-d963-4e68-81cc-0a1ddf5722d4/timeouts&amp#27;[39m
&amp#27;[35m[HTTP]&amp#27;[39m &amp#27;[90m{"implicit":50000}&amp#27;[39m
[debug] &amp#27;[35m[W3C (e6767a0b)]&amp#27;[39m Calling AppiumDriver.timeouts() with args: [null,null,null,null,50000,"e6767a0b-d963-4e68-81cc-0a1ddf5722d4"]
[debug] &amp#27;[35m[BaseDriver]&amp#27;[39m W3C timeout argument: {"implicit":50000}}
[debug] &amp#27;[35m[BaseDriver]&amp#27;[39m Set implicit wait to 50000ms
[debug] &amp#27;[35m[W3C (e6767a0b)]&amp#27;[39m Responding to client with driver.timeouts() result: null
&amp#27;[35m[HTTP]&amp#27;[39m &amp#27;[37m<-- POST /wd/hub/session/e6767a0b-d963-4e68-81cc-0a1ddf5722d4/timeouts &amp#27;[39m&amp#27;[32m200&amp#27;[39m &amp#27;[90m6 ms - 14&amp#27;[39m
&amp#27;[35m[HTTP]&amp#27;[39m &amp#27;[90m&amp#27;[39m
INFO  eFlipcart - Cliked on Button.
&amp#27;[35m[HTTP]&amp#27;[39m &amp#27;[37m-->&amp#27;[39m &amp#27;[37mPOST&amp#27;[39m &amp#27;[37m/wd/hub/session/e6767a0b-d963-4e68-81cc-0a1ddf5722d4/timeouts&amp#27;[39m
&amp#27;[35m[HTTP]&amp#27;[39m &amp#27;[90m{"implicit":60000}&amp#27;[39m
[debug] &amp#27;[35m[W3C (e6767a0b)]&amp#27;[39m Calling AppiumDriver.timeouts() with args: [null,null,null,null,60000,"e6767a0b-d963-4e68-81cc-0a1ddf5722d4"]
[debug] &amp#27;[35m[BaseDriver]&amp#27;[39m W3C timeout argument: {"implicit":60000}}
[debug] &amp#27;[35m[BaseDriver]&amp#27;[39m Set implicit wait to 60000ms
[debug] &amp#27;[35m[W3C (e6767a0b)]&amp#27;[39m Responding to client with driver.timeouts() result: null
&amp#27;[35m[HTTP]&amp#27;[39m &amp#27;[37m<-- POST /wd/hub/session/e6767a0b-d963-4e68-81cc-0a1ddf5722d4/timeouts &amp#27;[39m&amp#27;[32m200&amp#27;[39m &amp#27;[90m3 ms - 14&amp#27;[39m
&amp#27;[35m[HTTP]&amp#27;[39m &amp#27;[90m&amp#27;[39m
]]></system-out>
    <system-err><![CDATA[Jun 21, 2021 12:22:06 PM io.appium.java_client.remote.AppiumCommandExecutor$1 lambda$0
INFO: Detected dialect: W3C
]]></system-err>
  </testcase>
  <testcase name="close" classname="com.flipcart.tests.Login" time="21.921">
    <failure message="&#10;Can inject only one of &lt;ITestContext, XmlTest&gt; into a @AfterClass annotated close.&#10;For more information on native dependency injection please refer to https://testng.org/doc/documentation-main.html#native-dependency-injection" type="org.testng.TestNGException"><![CDATA[org.testng.TestNGException: 

Can inject only one of <ITestContext, XmlTest> into a @AfterClass annotated close.
For more information on native dependency injection please refer to https://testng.org/doc/documentation-main.html#native-dependency-injection
]]></failure>
  </testcase>
  <testcase name="searchItem" classname="com.flipcart.tests.SearchingItem" time="42.623">
    <system-out><![CDATA[[debug] &amp#27;[35m[HTTP]&amp#27;[39m Request idempotency key: 99505cfa-1b55-4ebe-9593-f35c830bb359
&amp#27;[35m[HTTP]&amp#27;[39m &amp#27;[37m-->&amp#27;[39m &amp#27;[37mPOST&amp#27;[39m &amp#27;[37m/wd/hub/session&amp#27;[39m
&amp#27;[35m[HTTP]&amp#27;[39m &amp#27;[90m{"desiredCapabilities":{"app":"C:\\Users\\pradi\\eclipse-workspace\\FlipcartAppV4\\FlipcartApp4\\src\\flipkart.apk","automationName":"uiautomator2","platformName":"Android","udid":"RZ8M40MZXJT","deviceName":"samsung"},"capabilities":{"firstMatch":[{"appium:app":"C:\\Users\\pradi\\eclipse-workspace\\FlipcartAppV4\\FlipcartApp4\\src\\flipkart.apk","appium:automationName":"uiautomator2","appium:deviceName":"samsung","platformName":"android","appium:udid":"RZ8M40MZXJT"}]}}&amp#27;[39m
[debug] &amp#27;[35m[W3C]&amp#27;[39m Calling AppiumDriver.createSession() with args: [{"app":"C:\\Users\\pradi\\eclipse-workspace\\FlipcartAppV4\\FlipcartApp4\\src\\flipkart.apk","automationName":"uiautomator2","platformName":"Android","udid":"RZ8M40MZXJT","deviceName":"samsung"},null,{"firstMatch":[{"appium:app":"C:\\Users\\pradi\\eclipse-workspace\\FlipcartAppV4\\FlipcartApp4\\src\\flipkart.apk","appium:automationName":"uiautomator2","appium:deviceName":"samsung","platformName":"android","appium:udid":"RZ8M40MZXJT"}]}]
[debug] &amp#27;[35m[BaseDriver]&amp#27;[39m Event 'newSessionRequested' logged at 1624258348462 (12:22:28 GMT+0530 (India Standard Time))
&amp#27;[35m[Appium]&amp#27;[39m Appium v1.20.2 creating new AndroidUiautomator2Driver (v1.61.2) session
[debug] &amp#27;[35m[BaseDriver]&amp#27;[39m W3C capabilities and MJSONWP desired capabilities were provided
[debug] &amp#27;[35m[BaseDriver]&amp#27;[39m Creating session with W3C capabilities: {
[debug] &amp#27;[35m[BaseDriver]&amp#27;[39m   "alwaysMatch": {
[debug] &amp#27;[35m[BaseDriver]&amp#27;[39m     "platformName": "android",
[debug] &amp#27;[35m[BaseDriver]&amp#27;[39m     "appium:app": "C:\\Users\\pradi\\eclipse-workspace\\FlipcartAppV4\\FlipcartApp4\\src\\flipkart.apk",
[debug] &amp#27;[35m[BaseDriver]&amp#27;[39m     "appium:automationName": "uiautomator2",
[debug] &amp#27;[35m[BaseDriver]&amp#27;[39m     "appium:deviceName": "samsung",
[debug] &amp#27;[35m[BaseDriver]&amp#27;[39m     "appium:udid": "RZ8M40MZXJT"
[debug] &amp#27;[35m[BaseDriver]&amp#27;[39m   },
[debug] &amp#27;[35m[BaseDriver]&amp#27;[39m   "firstMatch": [
[debug] &amp#27;[35m[BaseDriver]&amp#27;[39m     {}
[debug] &amp#27;[35m[BaseDriver]&amp#27;[39m   ]
[debug] &amp#27;[35m[BaseDriver]&amp#27;[39m }
&amp#27;[35m[BaseDriver]&amp#27;[39m Session created with session id: 7dd01e91-f214-4a6b-b94c-a232b2befd08
&amp#27;[35m[BaseDriver]&amp#27;[39m Using local app 'C:\Users\pradi\eclipse-workspace\FlipcartAppV4\FlipcartApp4\src\flipkart.apk'
[debug] &amp#27;[35m[UiAutomator2]&amp#27;[39m Checking whether app is actually present
&amp#27;[35m[ADB]&amp#27;[39m Using 'adb.exe' from 'C:\Users\pradi\AppData\Local\Android\Sdk\platform-tools\adb.exe'
[debug] &amp#27;[35m[ADB]&amp#27;[39m Running 'C:\Users\pradi\AppData\Local\Android\Sdk\platform-tools\adb.exe -P 5037 start-server'
&amp#27;[35m[AndroidDriver]&amp#27;[39m Retrieving device list
[debug] &amp#27;[35m[ADB]&amp#27;[39m Trying to find a connected android device
[debug] &amp#27;[35m[ADB]&amp#27;[39m Getting connected devices
[debug] &amp#27;[35m[ADB]&amp#27;[39m Connected devices: [{"udid":"RZ8M40MZXJT","state":"device"}]
&amp#27;[35m[AndroidDriver]&amp#27;[39m Using device: RZ8M40MZXJT
&amp#27;[35m[ADB]&amp#27;[39m Using 'adb.exe' from 'C:\Users\pradi\AppData\Local\Android\Sdk\platform-tools\adb.exe'
[debug] &amp#27;[35m[ADB]&amp#27;[39m Running 'C:\Users\pradi\AppData\Local\Android\Sdk\platform-tools\adb.exe -P 5037 start-server'
[debug] &amp#27;[35m[ADB]&amp#27;[39m Setting device id to RZ8M40MZXJT
[debug] &amp#27;[35m[ADB]&amp#27;[39m Running 'C:\Users\pradi\AppData\Local\Android\Sdk\platform-tools\adb.exe -P 5037 -s RZ8M40MZXJT shell getprop ro.build.version.sdk'
[debug] &amp#27;[35m[ADB]&amp#27;[39m Current device property 'ro.build.version.sdk': 30
&amp#27;[35m[ADB]&amp#27;[39m Getting device platform version
[debug] &amp#27;[35m[ADB]&amp#27;[39m Running 'C:\Users\pradi\AppData\Local\Android\Sdk\platform-tools\adb.exe -P 5037 -s RZ8M40MZXJT shell getprop ro.build.version.release'
[debug] &amp#27;[35m[ADB]&amp#27;[39m Current device property 'ro.build.version.release': 11
[debug] &amp#27;[35m[ADB]&amp#27;[39m Device API level: 30
&amp#27;[35m[UiAutomator2]&amp#27;[39m Relaxing hidden api policy
[debug] &amp#27;[35m[ADB]&amp#27;[39m Running 'C:\Users\pradi\AppData\Local\Android\Sdk\platform-tools\adb.exe -P 5037 -s RZ8M40MZXJT shell 'settings put global hidden_api_policy_pre_p_apps 1;settings put global hidden_api_policy_p_apps 1;settings put global hidden_api_policy 1''
[debug] &amp#27;[35m[AndroidDriver]&amp#27;[39m Parsing package and activity from app manifest
&amp#27;[35m[ADB]&amp#27;[39m Package name: 'com.flipkart.android'
&amp#27;[35m[ADB]&amp#27;[39m Main activity name: 'com.flipkart.android.SplashActivity'
[debug] &amp#27;[35m[AndroidDriver]&amp#27;[39m Parsed package and activity are: com.flipkart.android/com.flipkart.android.SplashActivity
[debug] &amp#27;[35m[ADB]&amp#27;[39m Running 'C:\Users\pradi\AppData\Local\Android\Sdk\platform-tools\adb.exe -P 5037 -s RZ8M40MZXJT wait-for-device'
[debug] &amp#27;[35m[ADB]&amp#27;[39m Running 'C:\Users\pradi\AppData\Local\Android\Sdk\platform-tools\adb.exe -P 5037 -s RZ8M40MZXJT shell echo ping'
[debug] &amp#27;[35m[AndroidDriver]&amp#27;[39m Pushing settings apk to device...
[debug] &amp#27;[35m[ADB]&amp#27;[39m Getting install status for io.appium.settings
[debug] &amp#27;[35m[ADB]&amp#27;[39m Running 'C:\Users\pradi\AppData\Local\Android\Sdk\platform-tools\adb.exe -P 5037 -s RZ8M40MZXJT shell dumpsys package io.appium.settings'
[debug] &amp#27;[35m[ADB]&amp#27;[39m 'io.appium.settings' is installed
[debug] &amp#27;[35m[ADB]&amp#27;[39m Getting package info for 'io.appium.settings'
[debug] &amp#27;[35m[ADB]&amp#27;[39m Running 'C:\Users\pradi\AppData\Local\Android\Sdk\platform-tools\adb.exe -P 5037 -s RZ8M40MZXJT shell dumpsys package io.appium.settings'
[debug] &amp#27;[35m[ADB]&amp#27;[39m The version name of the installed 'io.appium.settings' is greater or equal to the application version name ('3.2.1' >= '3.2.1')
[debug] &amp#27;[35m[ADB]&amp#27;[39m There is no need to install/upgrade 'C:\Users\pradi\AppData\Roaming\npm\node_modules\appium\node_modules\io.appium.settings\apks\settings_apk-debug.apk'
[debug] &amp#27;[35m[ADB]&amp#27;[39m Getting IDs of all 'io.appium.settings' processes
[debug] &amp#27;[35m[ADB]&amp#27;[39m Running 'C:\Users\pradi\AppData\Local\Android\Sdk\platform-tools\adb.exe -P 5037 -s RZ8M40MZXJT shell 'pgrep --help; echo $?''
[debug] &amp#27;[35m[ADB]&amp#27;[39m Running 'C:\Users\pradi\AppData\Local\Android\Sdk\platform-tools\adb.exe -P 5037 -s RZ8M40MZXJT shell pgrep -f \(\[\[:blank:\]\]\|\^\)io\.appium\.settings\(\[\[:blank:\]\]\|\$\)'
[debug] &amp#27;[35m[AndroidDriver]&amp#27;[39m io.appium.settings is already running. There is no need to reset its permissions.
[debug] &amp#27;[35m[ADB]&amp#27;[39m Running 'C:\Users\pradi\AppData\Local\Android\Sdk\platform-tools\adb.exe -P 5037 -s RZ8M40MZXJT shell appops set io.appium.settings android:mock_location allow'
[debug] &amp#27;[35m[Logcat]&amp#27;[39m Starting logs capture with command: C:\\Users\\pradi\\AppData\\Local\\Android\\Sdk\\platform-tools\\adb.exe -P 5037 -s RZ8M40MZXJT logcat -v threadtime
[debug] &amp#27;[35m[UiAutomator2]&amp#27;[39m Forwarding UiAutomator2 Server port 6790 to local port 8201
[debug] &amp#27;[35m[ADB]&amp#27;[39m Forwarding system: 8201 to device: 6790
[debug] &amp#27;[35m[ADB]&amp#27;[39m Running 'C:\Users\pradi\AppData\Local\Android\Sdk\platform-tools\adb.exe -P 5037 -s RZ8M40MZXJT forward tcp:8201 tcp:6790'
[debug] &amp#27;[35m[ADB]&amp#27;[39m Getting install status for io.appium.uiautomator2.server
[debug] &amp#27;[35m[ADB]&amp#27;[39m Running 'C:\Users\pradi\AppData\Local\Android\Sdk\platform-tools\adb.exe -P 5037 -s RZ8M40MZXJT shell dumpsys package io.appium.uiautomator2.server'
[debug] &amp#27;[35m[ADB]&amp#27;[39m 'io.appium.uiautomator2.server' is installed
[debug] &amp#27;[35m[ADB]&amp#27;[39m Getting package info for 'io.appium.uiautomator2.server'
[debug] &amp#27;[35m[ADB]&amp#27;[39m Running 'C:\Users\pradi\AppData\Local\Android\Sdk\platform-tools\adb.exe -P 5037 -s RZ8M40MZXJT shell dumpsys package io.appium.uiautomator2.server'
[debug] &amp#27;[35m[ADB]&amp#27;[39m The version name of the installed 'io.appium.uiautomator2.server' is greater or equal to the application version name ('4.17.4' >= '4.17.4')
[debug] &amp#27;[35m[UiAutomator2]&amp#27;[39m io.appium.uiautomator2.server installation state: sameVersionInstalled
[debug] &amp#27;[35m[ADB]&amp#27;[39m Checking app cert for C:\Users\pradi\AppData\Roaming\npm\node_modules\appium\node_modules\appium-uiautomator2-server\apks\appium-uiautomator2-server-v4.17.4.apk
&amp#27;[35m[ADB]&amp#27;[39m Using 'apksigner.jar' from 'C:\Users\pradi\AppData\Local\Android\Sdk\build-tools\30.0.2\lib\apksigner.jar'
[debug] &amp#27;[35m[ADB]&amp#27;[39m Starting apksigner: 'C:\\Program Files\\Java\\jdk1.8.0_181\\bin\\java.exe' -Xmx1024M -Xss1m -jar C:\\Users\\pradi\\AppData\\Local\\Android\\Sdk\\build-tools\\30.0.2\\lib\\apksigner.jar verify --print-certs C:\\Users\\pradi\\AppData\\Roaming\\npm\\node_modules\\appium\\node_modules\\appium-uiautomator2-server\\apks\\appium-uiautomator2-server-v4.17.4.apk
[debug] &amp#27;[35m[ADB]&amp#27;[39m apksigner stdout: Signer #1 certificate DN: EMAILADDRESS=android@android.com, CN=Android, OU=Android, O=Android, L=Mountain View, ST=California, C=US
[debug] &amp#27;[35m[ADB]&amp#27;[39m Signer #1 certificate SHA-256 digest: a40da80a59d170caa950cf15c18c454d47a39b26989d8b640ecd745ba71bf5dc
[debug] &amp#27;[35m[ADB]&amp#27;[39m Signer #1 certificate SHA-1 digest: 61ed377e85d386a8dfee6b864bd85b0bfaa5af81
[debug] &amp#27;[35m[ADB]&amp#27;[39m Signer #1 certificate MD5 digest: e89b158e4bcf988ebd09eb83f5378e87
[debug] &amp#27;[35m[ADB]&amp#27;[39m 
[debug] &amp#27;[35m[ADB]&amp#27;[39m sha256 hash did match for 'appium-uiautomator2-server-v4.17.4.apk'
&amp#27;[35m[ADB]&amp#27;[39m 'C:\Users\pradi\AppData\Roaming\npm\node_modules\appium\node_modules\appium-uiautomator2-server\apks\appium-uiautomator2-server-v4.17.4.apk' is signed with the default certificate
[debug] &amp#27;[35m[ADB]&amp#27;[39m Getting install status for io.appium.uiautomator2.server.test
[debug] &amp#27;[35m[ADB]&amp#27;[39m Running 'C:\Users\pradi\AppData\Local\Android\Sdk\platform-tools\adb.exe -P 5037 -s RZ8M40MZXJT shell dumpsys package io.appium.uiautomator2.server.test'
[debug] &amp#27;[35m[ADB]&amp#27;[39m 'io.appium.uiautomator2.server.test' is installed
[debug] &amp#27;[35m[ADB]&amp#27;[39m Checking app cert for C:\Users\pradi\AppData\Roaming\npm\node_modules\appium\node_modules\appium-uiautomator2-server\apks\appium-uiautomator2-server-debug-androidTest.apk
[debug] &amp#27;[35m[ADB]&amp#27;[39m Starting apksigner: 'C:\\Program Files\\Java\\jdk1.8.0_181\\bin\\java.exe' -Xmx1024M -Xss1m -jar C:\\Users\\pradi\\AppData\\Local\\Android\\Sdk\\build-tools\\30.0.2\\lib\\apksigner.jar verify --print-certs C:\\Users\\pradi\\AppData\\Roaming\\npm\\node_modules\\appium\\node_modules\\appium-uiautomator2-server\\apks\\appium-uiautomator2-server-debug-androidTest.apk
[debug] &amp#27;[35m[ADB]&amp#27;[39m apksigner stdout: Signer #1 certificate DN: EMAILADDRESS=android@android.com, CN=Android, OU=Android, O=Android, L=Mountain View, ST=California, C=US
[debug] &amp#27;[35m[ADB]&amp#27;[39m Signer #1 certificate SHA-256 digest: a40da80a59d170caa950cf15c18c454d47a39b26989d8b640ecd745ba71bf5dc
[debug] &amp#27;[35m[ADB]&amp#27;[39m Signer #1 certificate SHA-1 digest: 61ed377e85d386a8dfee6b864bd85b0bfaa5af81
[debug] &amp#27;[35m[ADB]&amp#27;[39m Signer #1 certificate MD5 digest: e89b158e4bcf988ebd09eb83f5378e87
[debug] &amp#27;[35m[ADB]&amp#27;[39m 
[debug] &amp#27;[35m[ADB]&amp#27;[39m sha256 hash did match for 'appium-uiautomator2-server-debug-androidTest.apk'
&amp#27;[35m[ADB]&amp#27;[39m 'C:\Users\pradi\AppData\Roaming\npm\node_modules\appium\node_modules\appium-uiautomator2-server\apks\appium-uiautomator2-server-debug-androidTest.apk' is signed with the default certificate
&amp#27;[35m[UiAutomator2]&amp#27;[39m Server packages are not going to be (re)installed
[debug] &amp#27;[35m[UiAutomator2]&amp#27;[39m Waiting up to 30000ms for services to be available
[debug] &amp#27;[35m[ADB]&amp#27;[39m Running 'C:\Users\pradi\AppData\Local\Android\Sdk\platform-tools\adb.exe -P 5037 -s RZ8M40MZXJT shell pm list instrumentation'
[debug] &amp#27;[35m[UiAutomator2]&amp#27;[39m Instrumentation target 'io.appium.uiautomator2.server.test/androidx.test.runner.AndroidJUnitRunner' is available
&amp#27;[35m[ADB]&amp#27;[39m Adding packages ["io.appium.settings","io.appium.uiautomator2.server","io.appium.uiautomator2.server.test"] to Doze whitelist
[debug] &amp#27;[35m[ADB]&amp#27;[39m Got the following command chunks to execute: [["dumpsys","deviceidle","whitelist","+io.appium.settings",";","dumpsys","deviceidle","whitelist","+io.appium.uiautomator2.server",";","dumpsys","deviceidle","whitelist","+io.appium.uiautomator2.server.test",";"]]
[debug] &amp#27;[35m[ADB]&amp#27;[39m Running 'C:\Users\pradi\AppData\Local\Android\Sdk\platform-tools\adb.exe -P 5037 -s RZ8M40MZXJT shell dumpsys deviceidle whitelist +io.appium.settings ; dumpsys deviceidle whitelist +io.appium.uiautomator2.server ; dumpsys deviceidle whitelist +io.appium.uiautomator2.server.test ;'
[debug] &amp#27;[35m[ADB]&amp#27;[39m Checking app cert for C:\Users\pradi\eclipse-workspace\FlipcartAppV4\FlipcartApp4\src\flipkart.apk
[debug] &amp#27;[35m[ADB]&amp#27;[39m Starting apksigner: 'C:\\Program Files\\Java\\jdk1.8.0_181\\bin\\java.exe' -Xmx1024M -Xss1m -jar C:\\Users\\pradi\\AppData\\Local\\Android\\Sdk\\build-tools\\30.0.2\\lib\\apksigner.jar verify --print-certs C:\\Users\\pradi\\eclipse-workspace\\FlipcartAppV4\\FlipcartApp4\\src\\flipkart.apk
[debug] &amp#27;[35m[ADB]&amp#27;[39m apksigner stdout: Signer #1 certificate DN: EMAILADDRESS=android@android.com, CN=Android, OU=Android, O=Android, L=Mountain View, ST=California, C=US
[debug] &amp#27;[35m[ADB]&amp#27;[39m Signer #1 certificate SHA-256 digest: a40da80a59d170caa950cf15c18c454d47a39b26989d8b640ecd745ba71bf5dc
[debug] &amp#27;[35m[ADB]&amp#27;[39m Signer #1 certificate SHA-1 digest: 61ed377e85d386a8dfee6b864bd85b0bfaa5af81
[debug] &amp#27;[35m[ADB]&amp#27;[39m Signer #1 certificate MD5 digest: e89b158e4bcf988ebd09eb83f5378e87
[debug] &amp#27;[35m[ADB]&amp#27;[39m 
[debug] &amp#27;[35m[ADB]&amp#27;[39m sha256 hash did match for 'flipkart.apk'
&amp#27;[35m[ADB]&amp#27;[39m 'C:\Users\pradi\eclipse-workspace\FlipcartAppV4\FlipcartApp4\src\flipkart.apk' is signed with the default certificate
[debug] &amp#27;[35m[ADB]&amp#27;[39m Getting install status for com.flipkart.android
[debug] &amp#27;[35m[ADB]&amp#27;[39m Running 'C:\Users\pradi\AppData\Local\Android\Sdk\platform-tools\adb.exe -P 5037 -s RZ8M40MZXJT shell dumpsys package com.flipkart.android'
[debug] &amp#27;[35m[ADB]&amp#27;[39m 'com.flipkart.android' is installed
[debug] &amp#27;[35m[ADB]&amp#27;[39m Getting package info for 'com.flipkart.android'
[debug] &amp#27;[35m[ADB]&amp#27;[39m Running 'C:\Users\pradi\AppData\Local\Android\Sdk\platform-tools\adb.exe -P 5037 -s RZ8M40MZXJT shell dumpsys package com.flipkart.android'
[debug] &amp#27;[35m[ADB]&amp#27;[39m The version name of the installed 'com.flipkart.android' is greater or equal to the application version name ('7.12.0' >= '7.12.0')
[debug] &amp#27;[35m[ADB]&amp#27;[39m There is no need to install/upgrade 'C:\Users\pradi\eclipse-workspace\FlipcartAppV4\FlipcartApp4\src\flipkart.apk'
&amp#27;[35m[AndroidDriver]&amp#27;[39m Performing fast reset on 'com.flipkart.android'
[debug] &amp#27;[35m[ADB]&amp#27;[39m Getting install status for com.flipkart.android
[debug] &amp#27;[35m[ADB]&amp#27;[39m Running 'C:\Users\pradi\AppData\Local\Android\Sdk\platform-tools\adb.exe -P 5037 -s RZ8M40MZXJT shell dumpsys package com.flipkart.android'
[debug] &amp#27;[35m[ADB]&amp#27;[39m 'com.flipkart.android' is installed
[debug] &amp#27;[35m[ADB]&amp#27;[39m Running 'C:\Users\pradi\AppData\Local\Android\Sdk\platform-tools\adb.exe -P 5037 -s RZ8M40MZXJT shell am force-stop com.flipkart.android'
[debug] &amp#27;[35m[ADB]&amp#27;[39m Running 'C:\Users\pradi\AppData\Local\Android\Sdk\platform-tools\adb.exe -P 5037 -s RZ8M40MZXJT shell pm clear com.flipkart.android'
[debug] &amp#27;[35m[AndroidDriver]&amp#27;[39m Performed fast reset on the installed 'com.flipkart.android' application (stop and clear)
[debug] &amp#27;[35m[UiAutomator2]&amp#27;[39m Performing shallow cleanup of automation leftovers
[debug] &amp#27;[35m[UiAutomator2]&amp#27;[39m The following obsolete sessions are still running: [null]
[debug] &amp#27;[35m[UiAutomator2]&amp#27;[39m Cleaning up the obsolete sessions
[debug] &amp#27;[35m[Instrumentation]&amp#27;[39m .
[debug] &amp#27;[35m[ADB]&amp#27;[39m Running 'C:\Users\pradi\AppData\Local\Android\Sdk\platform-tools\adb.exe -P 5037 -s RZ8M40MZXJT shell am force-stop io.appium.uiautomator2.server.test'
&amp#27;[35m[UiAutomator2]&amp#27;[39m Starting UIAutomator2 server 4.17.4
&amp#27;[35m[UiAutomator2]&amp#27;[39m Using UIAutomator2 server from 'C:\Users\pradi\AppData\Roaming\npm\node_modules\appium\node_modules\appium-uiautomator2-server\apks\appium-uiautomator2-server-v4.17.4.apk' and test from 'C:\Users\pradi\AppData\Roaming\npm\node_modules\appium\node_modules\appium-uiautomator2-server\apks\appium-uiautomator2-server-debug-androidTest.apk'
&amp#27;[35m[UiAutomator2]&amp#27;[39m Waiting up to 30000ms for UiAutomator2 to be online...
[debug] &amp#27;[35m[ADB]&amp#27;[39m Creating ADB subprocess with args: ["-P",5037,"-s","RZ8M40MZXJT","shell","am","instrument","-w","io.appium.uiautomator2.server.test/androidx.test.runner.AndroidJUnitRunner"]
[debug] &amp#27;[35m[WD Proxy]&amp#27;[39m Matched '/status' to command name 'getStatus'
[debug] &amp#27;[35m[WD Proxy]&amp#27;[39m Proxying [GET /status] to [GET http://127.0.0.1:8201/wd/hub/status] with no body
&amp#27;[35m[WD Proxy]&amp#27;[39m socket hang up
[debug] &amp#27;[35m[Instrumentation]&amp#27;[39m Time: 35.263
[debug] &amp#27;[35m[Instrumentation]&amp#27;[39m 
[debug] &amp#27;[35m[Instrumentation]&amp#27;[39m OK (1 test)
[debug] &amp#27;[35m[Instrumentation]&amp#27;[39m The process has exited with code 0
[debug] &amp#27;[35m[WD Proxy]&amp#27;[39m Matched '/status' to command name 'getStatus'
[debug] &amp#27;[35m[WD Proxy]&amp#27;[39m Proxying [GET /status] to [GET http://127.0.0.1:8201/wd/hub/status] with no body
&amp#27;[35m[WD Proxy]&amp#27;[39m socket hang up
[debug] &amp#27;[35m[WD Proxy]&amp#27;[39m Matched '/status' to command name 'getStatus'
[debug] &amp#27;[35m[WD Proxy]&amp#27;[39m Proxying [GET /status] to [GET http://127.0.0.1:8201/wd/hub/status] with no body
&amp#27;[35m[WD Proxy]&amp#27;[39m socket hang up
[debug] &amp#27;[35m[Instrumentation]&amp#27;[39m io.appium.uiautomator2.server.test.AppiumUiAutomator2Server:
[debug] &amp#27;[35m[WD Proxy]&amp#27;[39m Matched '/status' to command name 'getStatus'
[debug] &amp#27;[35m[WD Proxy]&amp#27;[39m Proxying [GET /status] to [GET http://127.0.0.1:8201/wd/hub/status] with no body
&amp#27;[35m[WD Proxy]&amp#27;[39m socket hang up
[debug] &amp#27;[35m[WD Proxy]&amp#27;[39m Matched '/status' to command name 'getStatus'
[debug] &amp#27;[35m[WD Proxy]&amp#27;[39m Proxying [GET /status] to [GET http://127.0.0.1:8201/wd/hub/status] with no body
[debug] &amp#27;[35m[WD Proxy]&amp#27;[39m Got response with status 200: {"sessionId":"None","value":{"message":"UiAutomator2 Server is ready to accept commands","ready":true}}
[debug] &amp#27;[35m[UiAutomator2]&amp#27;[39m The initialization of the instrumentation process took 4256ms
[debug] &amp#27;[35m[WD Proxy]&amp#27;[39m Matched '/session' to command name 'createSession'
[debug] &amp#27;[35m[WD Proxy]&amp#27;[39m Proxying [POST /session] to [POST http://127.0.0.1:8201/wd/hub/session] with body: {"capabilities":{"firstMatch":[{"platform":"LINUX","webStorageEnabled":false,"takesScreenshot":true,"javascriptEnabled":true,"databaseEnabled":false,"networkConnectionEnabled":true,"locationContextEnabled":false,"warnings":{},"desired":{"platformName":"android","app":"C:\\Users\\pradi\\eclipse-workspace\\FlipcartAppV4\\FlipcartApp4\\src\\flipkart.apk","automationName":"uiautomator2","deviceName":"samsung","udid":"RZ8M40MZXJT"},"platformName":"android","app":"C:\\Users\\pradi\\eclipse-workspace\\FlipcartAppV4\\FlipcartApp4\\src\\flipkart.apk","automationName":"uiautomator2","deviceName":"RZ8M40MZXJT","udid":"RZ8M40MZXJT","deviceUDID":"RZ8M40MZXJT","appPackage":"com.flipkart.android"}],"alwaysMatch":{}}}
[debug] &amp#27;[35m[WD Proxy]&amp#27;[39m Got response with status 200: {"sessionId":"b987776d-9704-461a-a1d3-e69fb61acdf7","value":{"capabilities":{"firstMatch":[{"platform":"LINUX","webStorageEnabled":false,"takesScreenshot":true,"javascriptEnabled":true,"databaseEnabled":false,"networkConnectionEnabled":true,"locationContextEnabled":false,"warnings":{},"desired":{"platformName":"android","app":"C:\\Users\\pradi\\eclipse-workspace\\FlipcartAppV4\\FlipcartApp4\\src\\flipkart.apk","automationName":"uiautomator2","deviceName":"samsung","udid":"RZ8M40MZXJT"},"platformName":"android","app":"C:\\Users\\pradi\\eclipse-workspace\\FlipcartAppV4\\FlipcartApp4\\src\\flipkart.apk","automationName":"uiautomator2","deviceName":"RZ8M40MZXJT","udid":"RZ8M40MZXJT","deviceUDID":"RZ8M40MZXJT","appPackage":"com.flipkart.android"}],"alwaysMatch":{}},"sessionId":"b987776d-9704-461a-a1d3-e69fb61acdf7"}}
&amp#27;[35m[WD Proxy]&amp#27;[39m Determined the downstream protocol as 'W3C'
[debug] &amp#27;[35m[WD Proxy]&amp#27;[39m Proxying [GET /appium/device/info] to [GET http://127.0.0.1:8201/wd/hub/session/b987776d-9704-461a-a1d3-e69fb61acdf7/appium/device/info] with no body
[debug] &amp#27;[35m[WD Proxy]&amp#27;[39m Got response with status 200: {"sessionId":"b987776d-9704-461a-a1d3-e69fb61acdf7","value":{"androidId":"8dd01396a27d4c60","apiVersion":"30","bluetooth":{"state":"OFF"},"brand":"samsung","carrierName":"JIO 4G","displayDensity":420,"locale":"en_GB","manufacturer":"samsung","model":"SM-A305F","networks":[{"capabilities":{"SSID":null,"linkDownBandwidthKbps":30000,"linkUpstreamBandwidthKbps":15000,"networkCapabilities":"NET_CAPABILITY_IMS,NET_CAPABILITY_NOT_METERED,NET_CAPABILITY_TRUSTED,NET_CAPABILITY_NOT_VPN,NET_CAPABILITY_VALIDATED,NET_CAPABILITY_NOT_ROAMING,NET_CAPABILITY_FOREGROUND,NET_CAPABILITY_NOT_CONGESTED,NET_CAPABILITY_NOT_SUSPENDED","signalStrength":-2147483648,"transportTypes":"TRANSPORT_CELLULAR"},"detailedState":"CONNECTED","extraInfo":"IMS","isAvailable":true,"isConnected":true,"isFailover":false,"isRoaming":false,"state":"CONNECTED","subtype":13,"subtypeName":"LTE","type":0,"typeName":"MOBILE"},{"capabilities":{"SSID":null,"linkDownBandwidthKbps":30000,"linkUpstreamBandwidthKbps":15000,"networkCapabilities":"NET_CAPABILITY_...
[debug] &amp#27;[35m[ADB]&amp#27;[39m Running 'C:\Users\pradi\AppData\Local\Android\Sdk\platform-tools\adb.exe -P 5037 -s RZ8M40MZXJT shell dumpsys window'
&amp#27;[35m[AndroidDriver]&amp#27;[39m Screen already unlocked, doing nothing
&amp#27;[35m[UiAutomator2]&amp#27;[39m Starting 'com.flipkart.android/com.flipkart.android.SplashActivity and waiting for 'com.flipkart.android/com.flipkart.android.SplashActivity'
[debug] &amp#27;[35m[ADB]&amp#27;[39m Running 'C:\Users\pradi\AppData\Local\Android\Sdk\platform-tools\adb.exe -P 5037 -s RZ8M40MZXJT shell am start -W -n com.flipkart.android/com.flipkart.android.SplashActivity -S -a android.intent.action.MAIN -c android.intent.category.LAUNCHER -f 0x10200000'
[debug] &amp#27;[35m[ADB]&amp#27;[39m Waiting up to 20000ms for activity matching pkg: 'com.flipkart.android' and activity: 'com.flipkart.android.SplashActivity' to be focused
[debug] &amp#27;[35m[ADB]&amp#27;[39m Possible activities, to be checked: 'com.flipkart.android.SplashActivity', 'com.flipkart.android.com.flipkart.android.SplashActivity'
[debug] &amp#27;[35m[ADB]&amp#27;[39m Getting focused package and activity
[debug] &amp#27;[35m[ADB]&amp#27;[39m Running 'C:\Users\pradi\AppData\Local\Android\Sdk\platform-tools\adb.exe -P 5037 -s RZ8M40MZXJT shell dumpsys window displays'
[debug] &amp#27;[35m[ADB]&amp#27;[39m Found package: 'com.flipkart.android' and fully qualified activity name : 'com.flipkart.android.SplashActivity'
[debug] &amp#27;[35m[WD Proxy]&amp#27;[39m Proxying [GET /appium/device/pixel_ratio] to [GET http://127.0.0.1:8201/wd/hub/session/b987776d-9704-461a-a1d3-e69fb61acdf7/appium/device/pixel_ratio] with no body
[debug] &amp#27;[35m[WD Proxy]&amp#27;[39m Got response with status 200: {"sessionId":"b987776d-9704-461a-a1d3-e69fb61acdf7","value":2.625}
[debug] &amp#27;[35m[WD Proxy]&amp#27;[39m Matched '/appium/device/system_bars' to command name 'getSystemBars'
[debug] &amp#27;[35m[WD Proxy]&amp#27;[39m Proxying [GET /appium/device/system_bars] to [GET http://127.0.0.1:8201/wd/hub/session/b987776d-9704-461a-a1d3-e69fb61acdf7/appium/device/system_bars] with no body
[debug] &amp#27;[35m[WD Proxy]&amp#27;[39m Got response with status 200: {"sessionId":"b987776d-9704-461a-a1d3-e69fb61acdf7","value":{"statusBar":83}}
[debug] &amp#27;[35m[WD Proxy]&amp#27;[39m Matched '/window/current/size' to command name 'getWindowSize'
[debug] &amp#27;[35m[WD Proxy]&amp#27;[39m Proxying [GET /window/current/size] to [GET http://127.0.0.1:8201/wd/hub/session/b987776d-9704-461a-a1d3-e69fb61acdf7/window/current/size] with no body
[debug] &amp#27;[35m[WD Proxy]&amp#27;[39m Got response with status 200: {"sessionId":"b987776d-9704-461a-a1d3-e69fb61acdf7","value":{"height":2131,"width":1080}}
&amp#27;[35m[Appium]&amp#27;[39m New AndroidUiautomator2Driver session created successfully, session 7dd01e91-f214-4a6b-b94c-a232b2befd08 added to master session list
[debug] &amp#27;[35m[BaseDriver]&amp#27;[39m Event 'newSessionStarted' logged at 1624258362466 (12:22:42 GMT+0530 (India Standard Time))
[debug] &amp#27;[35m[W3C (7dd01e91)]&amp#27;[39m Cached the protocol value 'W3C' for the new session 7dd01e91-f214-4a6b-b94c-a232b2befd08
[debug] &amp#27;[35m[W3C (7dd01e91)]&amp#27;[39m Responding to client with driver.createSession() result: {"capabilities":{"platform":"LINUX","webStorageEnabled":false,"takesScreenshot":true,"javascriptEnabled":true,"databaseEnabled":false,"networkConnectionEnabled":true,"locationContextEnabled":false,"warnings":{},"desired":{"platformName":"android","app":"C:\\Users\\pradi\\eclipse-workspace\\FlipcartAppV4\\FlipcartApp4\\src\\flipkart.apk","automationName":"uiautomator2","deviceName":"samsung","udid":"RZ8M40MZXJT"},"platformName":"android","app":"C:\\Users\\pradi\\eclipse-workspace\\FlipcartAppV4\\FlipcartApp4\\src\\flipkart.apk","automationName":"uiautomator2","deviceName":"RZ8M40MZXJT","udid":"RZ8M40MZXJT","deviceUDID":"RZ8M40MZXJT","appPackage":"com.flipkart.android","deviceApiLevel":30,"platformVersion":"11","deviceScreenSize":"1080x2340","deviceScreenDensity":420,"deviceModel":"SM-A305F","deviceManufacturer":"samsung","pixelRatio":2.625,"statBarHeight":83,"viewportRect":{"left":0,"top":83,"width":1080,"height":2048}}}
&amp#27;[35m[HTTP]&amp#27;[39m &amp#27;[37m<-- POST /wd/hub/session &amp#27;[39m&amp#27;[32m200&amp#27;[39m &amp#27;[90m14010 ms - 994&amp#27;[39m
&amp#27;[35m[HTTP]&amp#27;[39m &amp#27;[90m&amp#27;[39m
&amp#27;[35m[HTTP]&amp#27;[39m &amp#27;[37m-->&amp#27;[39m &amp#27;[37mPOST&amp#27;[39m &amp#27;[37m/wd/hub/session/7dd01e91-f214-4a6b-b94c-a232b2befd08/timeouts&amp#27;[39m
&amp#27;[35m[HTTP]&amp#27;[39m &amp#27;[90m{"implicit":10000}&amp#27;[39m
[debug] &amp#27;[35m[W3C (7dd01e91)]&amp#27;[39m Calling AppiumDriver.timeouts() with args: [null,null,null,null,10000,"7dd01e91-f214-4a6b-b94c-a232b2befd08"]
[debug] &amp#27;[35m[BaseDriver]&amp#27;[39m W3C timeout argument: {"implicit":10000}}
[debug] &amp#27;[35m[BaseDriver]&amp#27;[39m Set implicit wait to 10000ms
[debug] &amp#27;[35m[W3C (7dd01e91)]&amp#27;[39m Responding to client with driver.timeouts() result: null
&amp#27;[35m[HTTP]&amp#27;[39m &amp#27;[37m<-- POST /wd/hub/session/7dd01e91-f214-4a6b-b94c-a232b2befd08/timeouts &amp#27;[39m&amp#27;[32m200&amp#27;[39m &amp#27;[90m5 ms - 14&amp#27;[39m
&amp#27;[35m[HTTP]&amp#27;[39m &amp#27;[90m&amp#27;[39m
&amp#27;[35m[HTTP]&amp#27;[39m &amp#27;[37m-->&amp#27;[39m &amp#27;[37mPOST&amp#27;[39m &amp#27;[37m/wd/hub/session/7dd01e91-f214-4a6b-b94c-a232b2befd08/element&amp#27;[39m
&amp#27;[35m[HTTP]&amp#27;[39m &amp#27;[90m{"using":"-android uiautomator","value":"new UiScrollable(new UiSelector()).scrollIntoView(text(\"English\"))"}&amp#27;[39m
[debug] &amp#27;[35m[W3C (7dd01e91)]&amp#27;[39m Calling AppiumDriver.findElement() with args: ["-android uiautomator","new UiScrollable(new UiSelector()).scrollIntoView(text(\"English\"))","7dd01e91-f214-4a6b-b94c-a232b2befd08"]
[debug] &amp#27;[35m[BaseDriver]&amp#27;[39m Valid locator strategies for this request: xpath, id, class name, accessibility id, css selector, -android uiautomator
[debug] &amp#27;[35m[BaseDriver]&amp#27;[39m Waiting up to 10000 ms for condition
[debug] &amp#27;[35m[WD Proxy]&amp#27;[39m Matched '/element' to command name 'findElement'
[debug] &amp#27;[35m[WD Proxy]&amp#27;[39m Proxying [POST /element] to [POST http://127.0.0.1:8201/wd/hub/session/b987776d-9704-461a-a1d3-e69fb61acdf7/element] with body: {"strategy":"-android uiautomator","selector":"new UiScrollable(new UiSelector()).scrollIntoView(text(\"English\"))","context":"","multiple":false}
[debug] &amp#27;[35m[WD Proxy]&amp#27;[39m Got response with status 200: {"sessionId":"b987776d-9704-461a-a1d3-e69fb61acdf7","value":{"ELEMENT":"7f6ac009-34ec-46b0-97ce-2a2bdb4b6218","element-6066-11e4-a52e-4f735466cecf":"7f6ac009-34ec-46b0-97ce-2a2bdb4b6218"}}
[debug] &amp#27;[35m[W3C (7dd01e91)]&amp#27;[39m Responding to client with driver.findElement() result: {"element-6066-11e4-a52e-4f735466cecf":"7f6ac009-34ec-46b0-97ce-2a2bdb4b6218","ELEMENT":"7f6ac009-34ec-46b0-97ce-2a2bdb4b6218"}
&amp#27;[35m[HTTP]&amp#27;[39m &amp#27;[37m<-- POST /wd/hub/session/7dd01e91-f214-4a6b-b94c-a232b2befd08/element &amp#27;[39m&amp#27;[32m200&amp#27;[39m &amp#27;[90m3905 ms - 137&amp#27;[39m
&amp#27;[35m[HTTP]&amp#27;[39m &amp#27;[90m&amp#27;[39m
&amp#27;[35m[HTTP]&amp#27;[39m &amp#27;[37m-->&amp#27;[39m &amp#27;[37mPOST&amp#27;[39m &amp#27;[37m/wd/hub/session/7dd01e91-f214-4a6b-b94c-a232b2befd08/element&amp#27;[39m
&amp#27;[35m[HTTP]&amp#27;[39m &amp#27;[90m{"using":"xpath","value":"//*[@text='English']"}&amp#27;[39m
[debug] &amp#27;[35m[W3C (7dd01e91)]&amp#27;[39m Calling AppiumDriver.findElement() with args: ["xpath","//*[@text='English']","7dd01e91-f214-4a6b-b94c-a232b2befd08"]
[debug] &amp#27;[35m[BaseDriver]&amp#27;[39m Valid locator strategies for this request: xpath, id, class name, accessibility id, css selector, -android uiautomator
[debug] &amp#27;[35m[BaseDriver]&amp#27;[39m Waiting up to 10000 ms for condition
[debug] &amp#27;[35m[WD Proxy]&amp#27;[39m Matched '/element' to command name 'findElement'
[debug] &amp#27;[35m[WD Proxy]&amp#27;[39m Proxying [POST /element] to [POST http://127.0.0.1:8201/wd/hub/session/b987776d-9704-461a-a1d3-e69fb61acdf7/element] with body: {"strategy":"xpath","selector":"//*[@text='English']","context":"","multiple":false}
[debug] &amp#27;[35m[WD Proxy]&amp#27;[39m Got response with status 200: {"sessionId":"b987776d-9704-461a-a1d3-e69fb61acdf7","value":{"ELEMENT":"200e9bab-af1f-41bc-89bd-4fffa62944f2","element-6066-11e4-a52e-4f735466cecf":"200e9bab-af1f-41bc-89bd-4fffa62944f2"}}
[debug] &amp#27;[35m[W3C (7dd01e91)]&amp#27;[39m Responding to client with driver.findElement() result: {"element-6066-11e4-a52e-4f735466cecf":"200e9bab-af1f-41bc-89bd-4fffa62944f2","ELEMENT":"200e9bab-af1f-41bc-89bd-4fffa62944f2"}
&amp#27;[35m[HTTP]&amp#27;[39m &amp#27;[37m<-- POST /wd/hub/session/7dd01e91-f214-4a6b-b94c-a232b2befd08/element &amp#27;[39m&amp#27;[32m200&amp#27;[39m &amp#27;[90m568 ms - 137&amp#27;[39m
&amp#27;[35m[HTTP]&amp#27;[39m &amp#27;[90m&amp#27;[39m
&amp#27;[35m[HTTP]&amp#27;[39m &amp#27;[37m-->&amp#27;[39m &amp#27;[37mPOST&amp#27;[39m &amp#27;[37m/wd/hub/session/7dd01e91-f214-4a6b-b94c-a232b2befd08/element/200e9bab-af1f-41bc-89bd-4fffa62944f2/click&amp#27;[39m
&amp#27;[35m[HTTP]&amp#27;[39m &amp#27;[90m{"id":"200e9bab-af1f-41bc-89bd-4fffa62944f2"}&amp#27;[39m
[debug] &amp#27;[35m[W3C (7dd01e91)]&amp#27;[39m Calling AppiumDriver.click() with args: ["200e9bab-af1f-41bc-89bd-4fffa62944f2","7dd01e91-f214-4a6b-b94c-a232b2befd08"]
[debug] &amp#27;[35m[WD Proxy]&amp#27;[39m Matched '/element/200e9bab-af1f-41bc-89bd-4fffa62944f2/click' to command name 'click'
[debug] &amp#27;[35m[WD Proxy]&amp#27;[39m Proxying [POST /element/200e9bab-af1f-41bc-89bd-4fffa62944f2/click] to [POST http://127.0.0.1:8201/wd/hub/session/b987776d-9704-461a-a1d3-e69fb61acdf7/element/200e9bab-af1f-41bc-89bd-4fffa62944f2/click] with body: {"element":"200e9bab-af1f-41bc-89bd-4fffa62944f2"}
[debug] &amp#27;[35m[WD Proxy]&amp#27;[39m Got response with status 200: {"sessionId":"b987776d-9704-461a-a1d3-e69fb61acdf7","value":null}
[debug] &amp#27;[35m[W3C (7dd01e91)]&amp#27;[39m Responding to client with driver.click() result: null
&amp#27;[35m[HTTP]&amp#27;[39m &amp#27;[37m<-- POST /wd/hub/session/7dd01e91-f214-4a6b-b94c-a232b2befd08/element/200e9bab-af1f-41bc-89bd-4fffa62944f2/click &amp#27;[39m&amp#27;[32m200&amp#27;[39m &amp#27;[90m1476 ms - 14&amp#27;[39m
&amp#27;[35m[HTTP]&amp#27;[39m &amp#27;[90m&amp#27;[39m
&amp#27;[35m[HTTP]&amp#27;[39m &amp#27;[37m-->&amp#27;[39m &amp#27;[37mPOST&amp#27;[39m &amp#27;[37m/wd/hub/session/7dd01e91-f214-4a6b-b94c-a232b2befd08/element&amp#27;[39m
&amp#27;[35m[HTTP]&amp#27;[39m &amp#27;[90m{"using":"id","value":"com.flipkart.android:id/select_btn"}&amp#27;[39m
[debug] &amp#27;[35m[W3C (7dd01e91)]&amp#27;[39m Calling AppiumDriver.findElement() with args: ["id","com.flipkart.android:id/select_btn","7dd01e91-f214-4a6b-b94c-a232b2befd08"]
[debug] &amp#27;[35m[BaseDriver]&amp#27;[39m Valid locator strategies for this request: xpath, id, class name, accessibility id, css selector, -android uiautomator
[debug] &amp#27;[35m[BaseDriver]&amp#27;[39m Waiting up to 10000 ms for condition
[debug] &amp#27;[35m[WD Proxy]&amp#27;[39m Matched '/element' to command name 'findElement'
[debug] &amp#27;[35m[WD Proxy]&amp#27;[39m Proxying [POST /element] to [POST http://127.0.0.1:8201/wd/hub/session/b987776d-9704-461a-a1d3-e69fb61acdf7/element] with body: {"strategy":"id","selector":"com.flipkart.android:id/select_btn","context":"","multiple":false}
[debug] &amp#27;[35m[WD Proxy]&amp#27;[39m Got response with status 200: {"sessionId":"b987776d-9704-461a-a1d3-e69fb61acdf7","value":{"ELEMENT":"0ebd5c75-34dc-48c8-b1fd-cc792ee3988a","element-6066-11e4-a52e-4f735466cecf":"0ebd5c75-34dc-48c8-b1fd-cc792ee3988a"}}
[debug] &amp#27;[35m[W3C (7dd01e91)]&amp#27;[39m Responding to client with driver.findElement() result: {"element-6066-11e4-a52e-4f735466cecf":"0ebd5c75-34dc-48c8-b1fd-cc792ee3988a","ELEMENT":"0ebd5c75-34dc-48c8-b1fd-cc792ee3988a"}
&amp#27;[35m[HTTP]&amp#27;[39m &amp#27;[37m<-- POST /wd/hub/session/7dd01e91-f214-4a6b-b94c-a232b2befd08/element &amp#27;[39m&amp#27;[32m200&amp#27;[39m &amp#27;[90m125 ms - 137&amp#27;[39m
&amp#27;[35m[HTTP]&amp#27;[39m &amp#27;[90m&amp#27;[39m
&amp#27;[35m[HTTP]&amp#27;[39m &amp#27;[37m-->&amp#27;[39m &amp#27;[37mPOST&amp#27;[39m &amp#27;[37m/wd/hub/session/7dd01e91-f214-4a6b-b94c-a232b2befd08/element/0ebd5c75-34dc-48c8-b1fd-cc792ee3988a/click&amp#27;[39m
&amp#27;[35m[HTTP]&amp#27;[39m &amp#27;[90m{"id":"0ebd5c75-34dc-48c8-b1fd-cc792ee3988a"}&amp#27;[39m
[debug] &amp#27;[35m[W3C (7dd01e91)]&amp#27;[39m Calling AppiumDriver.click() with args: ["0ebd5c75-34dc-48c8-b1fd-cc792ee3988a","7dd01e91-f214-4a6b-b94c-a232b2befd08"]
[debug] &amp#27;[35m[WD Proxy]&amp#27;[39m Matched '/element/0ebd5c75-34dc-48c8-b1fd-cc792ee3988a/click' to command name 'click'
[debug] &amp#27;[35m[WD Proxy]&amp#27;[39m Proxying [POST /element/0ebd5c75-34dc-48c8-b1fd-cc792ee3988a/click] to [POST http://127.0.0.1:8201/wd/hub/session/b987776d-9704-461a-a1d3-e69fb61acdf7/element/0ebd5c75-34dc-48c8-b1fd-cc792ee3988a/click] with body: {"element":"0ebd5c75-34dc-48c8-b1fd-cc792ee3988a"}
[debug] &amp#27;[35m[WD Proxy]&amp#27;[39m Got response with status 200: {"sessionId":"b987776d-9704-461a-a1d3-e69fb61acdf7","value":null}
[debug] &amp#27;[35m[W3C (7dd01e91)]&amp#27;[39m Responding to client with driver.click() result: null
&amp#27;[35m[HTTP]&amp#27;[39m &amp#27;[37m<-- POST /wd/hub/session/7dd01e91-f214-4a6b-b94c-a232b2befd08/element/0ebd5c75-34dc-48c8-b1fd-cc792ee3988a/click &amp#27;[39m&amp#27;[32m200&amp#27;[39m &amp#27;[90m559 ms - 14&amp#27;[39m
&amp#27;[35m[HTTP]&amp#27;[39m &amp#27;[90m&amp#27;[39m
&amp#27;[35m[HTTP]&amp#27;[39m &amp#27;[37m-->&amp#27;[39m &amp#27;[37mPOST&amp#27;[39m &amp#27;[37m/wd/hub/session/7dd01e91-f214-4a6b-b94c-a232b2befd08/timeouts&amp#27;[39m
&amp#27;[35m[HTTP]&amp#27;[39m &amp#27;[90m{"implicit":40000}&amp#27;[39m
[debug] &amp#27;[35m[W3C (7dd01e91)]&amp#27;[39m Calling AppiumDriver.timeouts() with args: [null,null,null,null,40000,"7dd01e91-f214-4a6b-b94c-a232b2befd08"]
[debug] &amp#27;[35m[BaseDriver]&amp#27;[39m W3C timeout argument: {"implicit":40000}}
[debug] &amp#27;[35m[BaseDriver]&amp#27;[39m Set implicit wait to 40000ms
[debug] &amp#27;[35m[W3C (7dd01e91)]&amp#27;[39m Responding to client with driver.timeouts() result: null
&amp#27;[35m[HTTP]&amp#27;[39m &amp#27;[37m<-- POST /wd/hub/session/7dd01e91-f214-4a6b-b94c-a232b2befd08/timeouts &amp#27;[39m&amp#27;[32m200&amp#27;[39m &amp#27;[90m3 ms - 14&amp#27;[39m
&amp#27;[35m[HTTP]&amp#27;[39m &amp#27;[90m&amp#27;[39m
&amp#27;[35m[HTTP]&amp#27;[39m &amp#27;[37m-->&amp#27;[39m &amp#27;[37mPOST&amp#27;[39m &amp#27;[37m/wd/hub/session/7dd01e91-f214-4a6b-b94c-a232b2befd08/element&amp#27;[39m
&amp#27;[35m[HTTP]&amp#27;[39m &amp#27;[90m{"using":"id","value":"com.google.android.gms:id/cancel"}&amp#27;[39m
[debug] &amp#27;[35m[W3C (7dd01e91)]&amp#27;[39m Calling AppiumDriver.findElement() with args: ["id","com.google.android.gms:id/cancel","7dd01e91-f214-4a6b-b94c-a232b2befd08"]
[debug] &amp#27;[35m[BaseDriver]&amp#27;[39m Valid locator strategies for this request: xpath, id, class name, accessibility id, css selector, -android uiautomator
[debug] &amp#27;[35m[BaseDriver]&amp#27;[39m Waiting up to 40000 ms for condition
[debug] &amp#27;[35m[WD Proxy]&amp#27;[39m Matched '/element' to command name 'findElement'
[debug] &amp#27;[35m[WD Proxy]&amp#27;[39m Proxying [POST /element] to [POST http://127.0.0.1:8201/wd/hub/session/b987776d-9704-461a-a1d3-e69fb61acdf7/element] with body: {"strategy":"id","selector":"com.google.android.gms:id/cancel","context":"","multiple":false}
&amp#27;[35m[WD Proxy]&amp#27;[39m Got response with status 404: {"sessionId":"b987776d-9704-461a-a1d3-e69fb61acdf7","value":{"error":"no such element","message":"An element could not be located on the page using the given search parameters","stacktrace":"io.appium.uiautomator2.common.exceptions.ElementNotFoundException: An element could not be located on the page using the given search parameters\n\tat io.appium.uiautomator2.handler.FindElement.safeHandle(FindElement.java:70)\n\tat io.appium.uiautomator2.handler.request.SafeRequestHandler.handle(SafeRequestHandler.java:41)\n\tat io.appium.uiautomator2.server.AppiumServlet.handleRequest(AppiumServlet.java:261)\n\tat io.appium.uiautomator2.server.AppiumServlet.handleHttpRequest(AppiumServlet.java:255)\n\tat io.appium.uiautomator2.http.ServerHandler.channelRead(ServerHandler.java:68)\n\tat io.netty.channel.AbstractChannelHandlerContext.invokeChannelRead(AbstractChannelHandlerContext.java:366)\n\tat io.netty.channel.AbstractChannelHandlerContext.invokeChannelRead(AbstractChannelHandlerContext.java:352)\n\tat io.netty.chann...
[debug] &amp#27;[35m[W3C]&amp#27;[39m Matched W3C error code 'no such element' to NoSuchElementError
[debug] &amp#27;[35m[BaseDriver]&amp#27;[39m Waited for 114 ms so far
[debug] &amp#27;[35m[WD Proxy]&amp#27;[39m Matched '/element' to command name 'findElement'
[debug] &amp#27;[35m[WD Proxy]&amp#27;[39m Proxying [POST /element] to [POST http://127.0.0.1:8201/wd/hub/session/b987776d-9704-461a-a1d3-e69fb61acdf7/element] with body: {"strategy":"id","selector":"com.google.android.gms:id/cancel","context":"","multiple":false}
&amp#27;[35m[WD Proxy]&amp#27;[39m Got response with status 404: {"sessionId":"b987776d-9704-461a-a1d3-e69fb61acdf7","value":{"error":"no such element","message":"An element could not be located on the page using the given search parameters","stacktrace":"io.appium.uiautomator2.common.exceptions.ElementNotFoundException: An element could not be located on the page using the given search parameters\n\tat io.appium.uiautomator2.handler.FindElement.safeHandle(FindElement.java:70)\n\tat io.appium.uiautomator2.handler.request.SafeRequestHandler.handle(SafeRequestHandler.java:41)\n\tat io.appium.uiautomator2.server.AppiumServlet.handleRequest(AppiumServlet.java:261)\n\tat io.appium.uiautomator2.server.AppiumServlet.handleHttpRequest(AppiumServlet.java:255)\n\tat io.appium.uiautomator2.http.ServerHandler.channelRead(ServerHandler.java:68)\n\tat io.netty.channel.AbstractChannelHandlerContext.invokeChannelRead(AbstractChannelHandlerContext.java:366)\n\tat io.netty.channel.AbstractChannelHandlerContext.invokeChannelRead(AbstractChannelHandlerContext.java:352)\n\tat io.netty.chann...
[debug] &amp#27;[35m[W3C]&amp#27;[39m Matched W3C error code 'no such element' to NoSuchElementError
[debug] &amp#27;[35m[BaseDriver]&amp#27;[39m Waited for 728 ms so far
[debug] &amp#27;[35m[WD Proxy]&amp#27;[39m Matched '/element' to command name 'findElement'
[debug] &amp#27;[35m[WD Proxy]&amp#27;[39m Proxying [POST /element] to [POST http://127.0.0.1:8201/wd/hub/session/b987776d-9704-461a-a1d3-e69fb61acdf7/element] with body: {"strategy":"id","selector":"com.google.android.gms:id/cancel","context":"","multiple":false}
&amp#27;[35m[WD Proxy]&amp#27;[39m Got response with status 404: {"sessionId":"b987776d-9704-461a-a1d3-e69fb61acdf7","value":{"error":"no such element","message":"An element could not be located on the page using the given search parameters","stacktrace":"io.appium.uiautomator2.common.exceptions.ElementNotFoundException: An element could not be located on the page using the given search parameters\n\tat io.appium.uiautomator2.handler.FindElement.safeHandle(FindElement.java:70)\n\tat io.appium.uiautomator2.handler.request.SafeRequestHandler.handle(SafeRequestHandler.java:41)\n\tat io.appium.uiautomator2.server.AppiumServlet.handleRequest(AppiumServlet.java:261)\n\tat io.appium.uiautomator2.server.AppiumServlet.handleHttpRequest(AppiumServlet.java:255)\n\tat io.appium.uiautomator2.http.ServerHandler.channelRead(ServerHandler.java:68)\n\tat io.netty.channel.AbstractChannelHandlerContext.invokeChannelRead(AbstractChannelHandlerContext.java:366)\n\tat io.netty.channel.AbstractChannelHandlerContext.invokeChannelRead(AbstractChannelHandlerContext.java:352)\n\tat io.netty.chann...
[debug] &amp#27;[35m[W3C]&amp#27;[39m Matched W3C error code 'no such element' to NoSuchElementError
[debug] &amp#27;[35m[BaseDriver]&amp#27;[39m Waited for 1341 ms so far
[debug] &amp#27;[35m[WD Proxy]&amp#27;[39m Matched '/element' to command name 'findElement'
[debug] &amp#27;[35m[WD Proxy]&amp#27;[39m Proxying [POST /element] to [POST http://127.0.0.1:8201/wd/hub/session/b987776d-9704-461a-a1d3-e69fb61acdf7/element] with body: {"strategy":"id","selector":"com.google.android.gms:id/cancel","context":"","multiple":false}
&amp#27;[35m[WD Proxy]&amp#27;[39m Got response with status 404: {"sessionId":"b987776d-9704-461a-a1d3-e69fb61acdf7","value":{"error":"no such element","message":"An element could not be located on the page using the given search parameters","stacktrace":"io.appium.uiautomator2.common.exceptions.ElementNotFoundException: An element could not be located on the page using the given search parameters\n\tat io.appium.uiautomator2.handler.FindElement.safeHandle(FindElement.java:70)\n\tat io.appium.uiautomator2.handler.request.SafeRequestHandler.handle(SafeRequestHandler.java:41)\n\tat io.appium.uiautomator2.server.AppiumServlet.handleRequest(AppiumServlet.java:261)\n\tat io.appium.uiautomator2.server.AppiumServlet.handleHttpRequest(AppiumServlet.java:255)\n\tat io.appium.uiautomator2.http.ServerHandler.channelRead(ServerHandler.java:68)\n\tat io.netty.channel.AbstractChannelHandlerContext.invokeChannelRead(AbstractChannelHandlerContext.java:366)\n\tat io.netty.channel.AbstractChannelHandlerContext.invokeChannelRead(AbstractChannelHandlerContext.java:352)\n\tat io.netty.chann...
[debug] &amp#27;[35m[W3C]&amp#27;[39m Matched W3C error code 'no such element' to NoSuchElementError
[debug] &amp#27;[35m[BaseDriver]&amp#27;[39m Waited for 2338 ms so far
[debug] &amp#27;[35m[WD Proxy]&amp#27;[39m Matched '/element' to command name 'findElement'
[debug] &amp#27;[35m[WD Proxy]&amp#27;[39m Proxying [POST /element] to [POST http://127.0.0.1:8201/wd/hub/session/b987776d-9704-461a-a1d3-e69fb61acdf7/element] with body: {"strategy":"id","selector":"com.google.android.gms:id/cancel","context":"","multiple":false}
&amp#27;[35m[WD Proxy]&amp#27;[39m Got response with status 404: {"sessionId":"b987776d-9704-461a-a1d3-e69fb61acdf7","value":{"error":"no such element","message":"An element could not be located on the page using the given search parameters","stacktrace":"io.appium.uiautomator2.common.exceptions.ElementNotFoundException: An element could not be located on the page using the given search parameters\n\tat io.appium.uiautomator2.handler.FindElement.safeHandle(FindElement.java:70)\n\tat io.appium.uiautomator2.handler.request.SafeRequestHandler.handle(SafeRequestHandler.java:41)\n\tat io.appium.uiautomator2.server.AppiumServlet.handleRequest(AppiumServlet.java:261)\n\tat io.appium.uiautomator2.server.AppiumServlet.handleHttpRequest(AppiumServlet.java:255)\n\tat io.appium.uiautomator2.http.ServerHandler.channelRead(ServerHandler.java:68)\n\tat io.netty.channel.AbstractChannelHandlerContext.invokeChannelRead(AbstractChannelHandlerContext.java:366)\n\tat io.netty.channel.AbstractChannelHandlerContext.invokeChannelRead(AbstractChannelHandlerContext.java:352)\n\tat io.netty.chann...
[debug] &amp#27;[35m[W3C]&amp#27;[39m Matched W3C error code 'no such element' to NoSuchElementError
[debug] &amp#27;[35m[BaseDriver]&amp#27;[39m Waited for 2885 ms so far
[debug] &amp#27;[35m[WD Proxy]&amp#27;[39m Matched '/element' to command name 'findElement'
[debug] &amp#27;[35m[WD Proxy]&amp#27;[39m Proxying [POST /element] to [POST http://127.0.0.1:8201/wd/hub/session/b987776d-9704-461a-a1d3-e69fb61acdf7/element] with body: {"strategy":"id","selector":"com.google.android.gms:id/cancel","context":"","multiple":false}
&amp#27;[35m[WD Proxy]&amp#27;[39m Got response with status 404: {"sessionId":"b987776d-9704-461a-a1d3-e69fb61acdf7","value":{"error":"no such element","message":"An element could not be located on the page using the given search parameters","stacktrace":"io.appium.uiautomator2.common.exceptions.ElementNotFoundException: An element could not be located on the page using the given search parameters\n\tat io.appium.uiautomator2.handler.FindElement.safeHandle(FindElement.java:70)\n\tat io.appium.uiautomator2.handler.request.SafeRequestHandler.handle(SafeRequestHandler.java:41)\n\tat io.appium.uiautomator2.server.AppiumServlet.handleRequest(AppiumServlet.java:261)\n\tat io.appium.uiautomator2.server.AppiumServlet.handleHttpRequest(AppiumServlet.java:255)\n\tat io.appium.uiautomator2.http.ServerHandler.channelRead(ServerHandler.java:68)\n\tat io.netty.channel.AbstractChannelHandlerContext.invokeChannelRead(AbstractChannelHandlerContext.java:366)\n\tat io.netty.channel.AbstractChannelHandlerContext.invokeChannelRead(AbstractChannelHandlerContext.java:352)\n\tat io.netty.chann...
[debug] &amp#27;[35m[W3C]&amp#27;[39m Matched W3C error code 'no such element' to NoSuchElementError
[debug] &amp#27;[35m[BaseDriver]&amp#27;[39m Waited for 3439 ms so far
[debug] &amp#27;[35m[WD Proxy]&amp#27;[39m Matched '/element' to command name 'findElement'
[debug] &amp#27;[35m[WD Proxy]&amp#27;[39m Proxying [POST /element] to [POST http://127.0.0.1:8201/wd/hub/session/b987776d-9704-461a-a1d3-e69fb61acdf7/element] with body: {"strategy":"id","selector":"com.google.android.gms:id/cancel","context":"","multiple":false}
&amp#27;[35m[WD Proxy]&amp#27;[39m Got response with status 404: {"sessionId":"b987776d-9704-461a-a1d3-e69fb61acdf7","value":{"error":"no such element","message":"An element could not be located on the page using the given search parameters","stacktrace":"io.appium.uiautomator2.common.exceptions.ElementNotFoundException: An element could not be located on the page using the given search parameters\n\tat io.appium.uiautomator2.handler.FindElement.safeHandle(FindElement.java:70)\n\tat io.appium.uiautomator2.handler.request.SafeRequestHandler.handle(SafeRequestHandler.java:41)\n\tat io.appium.uiautomator2.server.AppiumServlet.handleRequest(AppiumServlet.java:261)\n\tat io.appium.uiautomator2.server.AppiumServlet.handleHttpRequest(AppiumServlet.java:255)\n\tat io.appium.uiautomator2.http.ServerHandler.channelRead(ServerHandler.java:68)\n\tat io.netty.channel.AbstractChannelHandlerContext.invokeChannelRead(AbstractChannelHandlerContext.java:366)\n\tat io.netty.channel.AbstractChannelHandlerContext.invokeChannelRead(AbstractChannelHandlerContext.java:352)\n\tat io.netty.chann...
[debug] &amp#27;[35m[W3C]&amp#27;[39m Matched W3C error code 'no such element' to NoSuchElementError
[debug] &amp#27;[35m[BaseDriver]&amp#27;[39m Waited for 3987 ms so far
[debug] &amp#27;[35m[WD Proxy]&amp#27;[39m Matched '/element' to command name 'findElement'
[debug] &amp#27;[35m[WD Proxy]&amp#27;[39m Proxying [POST /element] to [POST http://127.0.0.1:8201/wd/hub/session/b987776d-9704-461a-a1d3-e69fb61acdf7/element] with body: {"strategy":"id","selector":"com.google.android.gms:id/cancel","context":"","multiple":false}
&amp#27;[35m[WD Proxy]&amp#27;[39m Got response with status 404: {"sessionId":"b987776d-9704-461a-a1d3-e69fb61acdf7","value":{"error":"no such element","message":"An element could not be located on the page using the given search parameters","stacktrace":"io.appium.uiautomator2.common.exceptions.ElementNotFoundException: An element could not be located on the page using the given search parameters\n\tat io.appium.uiautomator2.handler.FindElement.safeHandle(FindElement.java:70)\n\tat io.appium.uiautomator2.handler.request.SafeRequestHandler.handle(SafeRequestHandler.java:41)\n\tat io.appium.uiautomator2.server.AppiumServlet.handleRequest(AppiumServlet.java:261)\n\tat io.appium.uiautomator2.server.AppiumServlet.handleHttpRequest(AppiumServlet.java:255)\n\tat io.appium.uiautomator2.http.ServerHandler.channelRead(ServerHandler.java:68)\n\tat io.netty.channel.AbstractChannelHandlerContext.invokeChannelRead(AbstractChannelHandlerContext.java:366)\n\tat io.netty.channel.AbstractChannelHandlerContext.invokeChannelRead(AbstractChannelHandlerContext.java:352)\n\tat io.netty.chann...
[debug] &amp#27;[35m[W3C]&amp#27;[39m Matched W3C error code 'no such element' to NoSuchElementError
[debug] &amp#27;[35m[BaseDriver]&amp#27;[39m Waited for 4546 ms so far
[debug] &amp#27;[35m[WD Proxy]&amp#27;[39m Matched '/element' to command name 'findElement'
[debug] &amp#27;[35m[WD Proxy]&amp#27;[39m Proxying [POST /element] to [POST http://127.0.0.1:8201/wd/hub/session/b987776d-9704-461a-a1d3-e69fb61acdf7/element] with body: {"strategy":"id","selector":"com.google.android.gms:id/cancel","context":"","multiple":false}
&amp#27;[35m[WD Proxy]&amp#27;[39m Got response with status 404: {"sessionId":"b987776d-9704-461a-a1d3-e69fb61acdf7","value":{"error":"no such element","message":"An element could not be located on the page using the given search parameters","stacktrace":"io.appium.uiautomator2.common.exceptions.ElementNotFoundException: An element could not be located on the page using the given search parameters\n\tat io.appium.uiautomator2.handler.FindElement.safeHandle(FindElement.java:70)\n\tat io.appium.uiautomator2.handler.request.SafeRequestHandler.handle(SafeRequestHandler.java:41)\n\tat io.appium.uiautomator2.server.AppiumServlet.handleRequest(AppiumServlet.java:261)\n\tat io.appium.uiautomator2.server.AppiumServlet.handleHttpRequest(AppiumServlet.java:255)\n\tat io.appium.uiautomator2.http.ServerHandler.channelRead(ServerHandler.java:68)\n\tat io.netty.channel.AbstractChannelHandlerContext.invokeChannelRead(AbstractChannelHandlerContext.java:366)\n\tat io.netty.channel.AbstractChannelHandlerContext.invokeChannelRead(AbstractChannelHandlerContext.java:352)\n\tat io.netty.chann...
[debug] &amp#27;[35m[W3C]&amp#27;[39m Matched W3C error code 'no such element' to NoSuchElementError
[debug] &amp#27;[35m[BaseDriver]&amp#27;[39m Waited for 5118 ms so far
[debug] &amp#27;[35m[WD Proxy]&amp#27;[39m Matched '/element' to command name 'findElement'
[debug] &amp#27;[35m[WD Proxy]&amp#27;[39m Proxying [POST /element] to [POST http://127.0.0.1:8201/wd/hub/session/b987776d-9704-461a-a1d3-e69fb61acdf7/element] with body: {"strategy":"id","selector":"com.google.android.gms:id/cancel","context":"","multiple":false}
&amp#27;[35m[WD Proxy]&amp#27;[39m Got response with status 404: {"sessionId":"b987776d-9704-461a-a1d3-e69fb61acdf7","value":{"error":"no such element","message":"An element could not be located on the page using the given search parameters","stacktrace":"io.appium.uiautomator2.common.exceptions.ElementNotFoundException: An element could not be located on the page using the given search parameters\n\tat io.appium.uiautomator2.handler.FindElement.safeHandle(FindElement.java:70)\n\tat io.appium.uiautomator2.handler.request.SafeRequestHandler.handle(SafeRequestHandler.java:41)\n\tat io.appium.uiautomator2.server.AppiumServlet.handleRequest(AppiumServlet.java:261)\n\tat io.appium.uiautomator2.server.AppiumServlet.handleHttpRequest(AppiumServlet.java:255)\n\tat io.appium.uiautomator2.http.ServerHandler.channelRead(ServerHandler.java:68)\n\tat io.netty.channel.AbstractChannelHandlerContext.invokeChannelRead(AbstractChannelHandlerContext.java:366)\n\tat io.netty.channel.AbstractChannelHandlerContext.invokeChannelRead(AbstractChannelHandlerContext.java:352)\n\tat io.netty.chann...
[debug] &amp#27;[35m[W3C]&amp#27;[39m Matched W3C error code 'no such element' to NoSuchElementError
[debug] &amp#27;[35m[BaseDriver]&amp#27;[39m Waited for 5692 ms so far
[debug] &amp#27;[35m[WD Proxy]&amp#27;[39m Matched '/element' to command name 'findElement'
[debug] &amp#27;[35m[WD Proxy]&amp#27;[39m Proxying [POST /element] to [POST http://127.0.0.1:8201/wd/hub/session/b987776d-9704-461a-a1d3-e69fb61acdf7/element] with body: {"strategy":"id","selector":"com.google.android.gms:id/cancel","context":"","multiple":false}
&amp#27;[35m[WD Proxy]&amp#27;[39m Got response with status 404: {"sessionId":"b987776d-9704-461a-a1d3-e69fb61acdf7","value":{"error":"no such element","message":"An element could not be located on the page using the given search parameters","stacktrace":"io.appium.uiautomator2.common.exceptions.ElementNotFoundException: An element could not be located on the page using the given search parameters\n\tat io.appium.uiautomator2.handler.FindElement.safeHandle(FindElement.java:70)\n\tat io.appium.uiautomator2.handler.request.SafeRequestHandler.handle(SafeRequestHandler.java:41)\n\tat io.appium.uiautomator2.server.AppiumServlet.handleRequest(AppiumServlet.java:261)\n\tat io.appium.uiautomator2.server.AppiumServlet.handleHttpRequest(AppiumServlet.java:255)\n\tat io.appium.uiautomator2.http.ServerHandler.channelRead(ServerHandler.java:68)\n\tat io.netty.channel.AbstractChannelHandlerContext.invokeChannelRead(AbstractChannelHandlerContext.java:366)\n\tat io.netty.channel.AbstractChannelHandlerContext.invokeChannelRead(AbstractChannelHandlerContext.java:352)\n\tat io.netty.chann...
[debug] &amp#27;[35m[W3C]&amp#27;[39m Matched W3C error code 'no such element' to NoSuchElementError
[debug] &amp#27;[35m[BaseDriver]&amp#27;[39m Waited for 6267 ms so far
[debug] &amp#27;[35m[WD Proxy]&amp#27;[39m Matched '/element' to command name 'findElement'
[debug] &amp#27;[35m[WD Proxy]&amp#27;[39m Proxying [POST /element] to [POST http://127.0.0.1:8201/wd/hub/session/b987776d-9704-461a-a1d3-e69fb61acdf7/element] with body: {"strategy":"id","selector":"com.google.android.gms:id/cancel","context":"","multiple":false}
&amp#27;[35m[WD Proxy]&amp#27;[39m Got response with status 404: {"sessionId":"b987776d-9704-461a-a1d3-e69fb61acdf7","value":{"error":"no such element","message":"An element could not be located on the page using the given search parameters","stacktrace":"io.appium.uiautomator2.common.exceptions.ElementNotFoundException: An element could not be located on the page using the given search parameters\n\tat io.appium.uiautomator2.handler.FindElement.safeHandle(FindElement.java:70)\n\tat io.appium.uiautomator2.handler.request.SafeRequestHandler.handle(SafeRequestHandler.java:41)\n\tat io.appium.uiautomator2.server.AppiumServlet.handleRequest(AppiumServlet.java:261)\n\tat io.appium.uiautomator2.server.AppiumServlet.handleHttpRequest(AppiumServlet.java:255)\n\tat io.appium.uiautomator2.http.ServerHandler.channelRead(ServerHandler.java:68)\n\tat io.netty.channel.AbstractChannelHandlerContext.invokeChannelRead(AbstractChannelHandlerContext.java:366)\n\tat io.netty.channel.AbstractChannelHandlerContext.invokeChannelRead(AbstractChannelHandlerContext.java:352)\n\tat io.netty.chann...
[debug] &amp#27;[35m[W3C]&amp#27;[39m Matched W3C error code 'no such element' to NoSuchElementError
[debug] &amp#27;[35m[BaseDriver]&amp#27;[39m Waited for 6815 ms so far
[debug] &amp#27;[35m[WD Proxy]&amp#27;[39m Matched '/element' to command name 'findElement'
[debug] &amp#27;[35m[WD Proxy]&amp#27;[39m Proxying [POST /element] to [POST http://127.0.0.1:8201/wd/hub/session/b987776d-9704-461a-a1d3-e69fb61acdf7/element] with body: {"strategy":"id","selector":"com.google.android.gms:id/cancel","context":"","multiple":false}
&amp#27;[35m[WD Proxy]&amp#27;[39m Got response with status 404: {"sessionId":"b987776d-9704-461a-a1d3-e69fb61acdf7","value":{"error":"no such element","message":"An element could not be located on the page using the given search parameters","stacktrace":"io.appium.uiautomator2.common.exceptions.ElementNotFoundException: An element could not be located on the page using the given search parameters\n\tat io.appium.uiautomator2.handler.FindElement.safeHandle(FindElement.java:70)\n\tat io.appium.uiautomator2.handler.request.SafeRequestHandler.handle(SafeRequestHandler.java:41)\n\tat io.appium.uiautomator2.server.AppiumServlet.handleRequest(AppiumServlet.java:261)\n\tat io.appium.uiautomator2.server.AppiumServlet.handleHttpRequest(AppiumServlet.java:255)\n\tat io.appium.uiautomator2.http.ServerHandler.channelRead(ServerHandler.java:68)\n\tat io.netty.channel.AbstractChannelHandlerContext.invokeChannelRead(AbstractChannelHandlerContext.java:366)\n\tat io.netty.channel.AbstractChannelHandlerContext.invokeChannelRead(AbstractChannelHandlerContext.java:352)\n\tat io.netty.chann...
[debug] &amp#27;[35m[W3C]&amp#27;[39m Matched W3C error code 'no such element' to NoSuchElementError
[debug] &amp#27;[35m[BaseDriver]&amp#27;[39m Waited for 7381 ms so far
[debug] &amp#27;[35m[WD Proxy]&amp#27;[39m Matched '/element' to command name 'findElement'
[debug] &amp#27;[35m[WD Proxy]&amp#27;[39m Proxying [POST /element] to [POST http://127.0.0.1:8201/wd/hub/session/b987776d-9704-461a-a1d3-e69fb61acdf7/element] with body: {"strategy":"id","selector":"com.google.android.gms:id/cancel","context":"","multiple":false}
&amp#27;[35m[WD Proxy]&amp#27;[39m Got response with status 404: {"sessionId":"b987776d-9704-461a-a1d3-e69fb61acdf7","value":{"error":"no such element","message":"An element could not be located on the page using the given search parameters","stacktrace":"io.appium.uiautomator2.common.exceptions.ElementNotFoundException: An element could not be located on the page using the given search parameters\n\tat io.appium.uiautomator2.handler.FindElement.safeHandle(FindElement.java:70)\n\tat io.appium.uiautomator2.handler.request.SafeRequestHandler.handle(SafeRequestHandler.java:41)\n\tat io.appium.uiautomator2.server.AppiumServlet.handleRequest(AppiumServlet.java:261)\n\tat io.appium.uiautomator2.server.AppiumServlet.handleHttpRequest(AppiumServlet.java:255)\n\tat io.appium.uiautomator2.http.ServerHandler.channelRead(ServerHandler.java:68)\n\tat io.netty.channel.AbstractChannelHandlerContext.invokeChannelRead(AbstractChannelHandlerContext.java:366)\n\tat io.netty.channel.AbstractChannelHandlerContext.invokeChannelRead(AbstractChannelHandlerContext.java:352)\n\tat io.netty.chann...
[debug] &amp#27;[35m[W3C]&amp#27;[39m Matched W3C error code 'no such element' to NoSuchElementError
[debug] &amp#27;[35m[BaseDriver]&amp#27;[39m Waited for 7935 ms so far
[debug] &amp#27;[35m[WD Proxy]&amp#27;[39m Matched '/element' to command name 'findElement'
[debug] &amp#27;[35m[WD Proxy]&amp#27;[39m Proxying [POST /element] to [POST http://127.0.0.1:8201/wd/hub/session/b987776d-9704-461a-a1d3-e69fb61acdf7/element] with body: {"strategy":"id","selector":"com.google.android.gms:id/cancel","context":"","multiple":false}
[debug] &amp#27;[35m[WD Proxy]&amp#27;[39m Got response with status 200: {"sessionId":"b987776d-9704-461a-a1d3-e69fb61acdf7","value":{"ELEMENT":"97cff083-2870-4462-b8d3-53828753c5d0","element-6066-11e4-a52e-4f735466cecf":"97cff083-2870-4462-b8d3-53828753c5d0"}}
[debug] &amp#27;[35m[W3C (7dd01e91)]&amp#27;[39m Responding to client with driver.findElement() result: {"element-6066-11e4-a52e-4f735466cecf":"97cff083-2870-4462-b8d3-53828753c5d0","ELEMENT":"97cff083-2870-4462-b8d3-53828753c5d0"}
&amp#27;[35m[HTTP]&amp#27;[39m &amp#27;[37m<-- POST /wd/hub/session/7dd01e91-f214-4a6b-b94c-a232b2befd08/element &amp#27;[39m&amp#27;[32m200&amp#27;[39m &amp#27;[90m9574 ms - 137&amp#27;[39m
&amp#27;[35m[HTTP]&amp#27;[39m &amp#27;[90m&amp#27;[39m
&amp#27;[35m[HTTP]&amp#27;[39m &amp#27;[37m-->&amp#27;[39m &amp#27;[37mPOST&amp#27;[39m &amp#27;[37m/wd/hub/session/7dd01e91-f214-4a6b-b94c-a232b2befd08/element/97cff083-2870-4462-b8d3-53828753c5d0/click&amp#27;[39m
&amp#27;[35m[HTTP]&amp#27;[39m &amp#27;[90m{"id":"97cff083-2870-4462-b8d3-53828753c5d0"}&amp#27;[39m
[debug] &amp#27;[35m[W3C (7dd01e91)]&amp#27;[39m Calling AppiumDriver.click() with args: ["97cff083-2870-4462-b8d3-53828753c5d0","7dd01e91-f214-4a6b-b94c-a232b2befd08"]
[debug] &amp#27;[35m[WD Proxy]&amp#27;[39m Matched '/element/97cff083-2870-4462-b8d3-53828753c5d0/click' to command name 'click'
[debug] &amp#27;[35m[WD Proxy]&amp#27;[39m Proxying [POST /element/97cff083-2870-4462-b8d3-53828753c5d0/click] to [POST http://127.0.0.1:8201/wd/hub/session/b987776d-9704-461a-a1d3-e69fb61acdf7/element/97cff083-2870-4462-b8d3-53828753c5d0/click] with body: {"element":"97cff083-2870-4462-b8d3-53828753c5d0"}
[debug] &amp#27;[35m[WD Proxy]&amp#27;[39m Got response with status 200: {"sessionId":"b987776d-9704-461a-a1d3-e69fb61acdf7","value":null}
[debug] &amp#27;[35m[W3C (7dd01e91)]&amp#27;[39m Responding to client with driver.click() result: null
&amp#27;[35m[HTTP]&amp#27;[39m &amp#27;[37m<-- POST /wd/hub/session/7dd01e91-f214-4a6b-b94c-a232b2befd08/element/97cff083-2870-4462-b8d3-53828753c5d0/click &amp#27;[39m&amp#27;[32m200&amp#27;[39m &amp#27;[90m71 ms - 14&amp#27;[39m
&amp#27;[35m[HTTP]&amp#27;[39m &amp#27;[90m&amp#27;[39m
&amp#27;[35m[HTTP]&amp#27;[39m &amp#27;[37m-->&amp#27;[39m &amp#27;[37mPOST&amp#27;[39m &amp#27;[37m/wd/hub/session/7dd01e91-f214-4a6b-b94c-a232b2befd08/element&amp#27;[39m
&amp#27;[35m[HTTP]&amp#27;[39m &amp#27;[90m{"using":"id","value":"com.flipkart.android:id/tv_right_cta"}&amp#27;[39m
[debug] &amp#27;[35m[W3C (7dd01e91)]&amp#27;[39m Calling AppiumDriver.findElement() with args: ["id","com.flipkart.android:id/tv_right_cta","7dd01e91-f214-4a6b-b94c-a232b2befd08"]
[debug] &amp#27;[35m[BaseDriver]&amp#27;[39m Valid locator strategies for this request: xpath, id, class name, accessibility id, css selector, -android uiautomator
[debug] &amp#27;[35m[BaseDriver]&amp#27;[39m Waiting up to 40000 ms for condition
[debug] &amp#27;[35m[WD Proxy]&amp#27;[39m Matched '/element' to command name 'findElement'
[debug] &amp#27;[35m[WD Proxy]&amp#27;[39m Proxying [POST /element] to [POST http://127.0.0.1:8201/wd/hub/session/b987776d-9704-461a-a1d3-e69fb61acdf7/element] with body: {"strategy":"id","selector":"com.flipkart.android:id/tv_right_cta","context":"","multiple":false}
[debug] &amp#27;[35m[WD Proxy]&amp#27;[39m Got response with status 200: {"sessionId":"b987776d-9704-461a-a1d3-e69fb61acdf7","value":{"ELEMENT":"74ed50ad-ddb5-488a-ac98-e0925321bdcf","element-6066-11e4-a52e-4f735466cecf":"74ed50ad-ddb5-488a-ac98-e0925321bdcf"}}
[debug] &amp#27;[35m[W3C (7dd01e91)]&amp#27;[39m Responding to client with driver.findElement() result: {"element-6066-11e4-a52e-4f735466cecf":"74ed50ad-ddb5-488a-ac98-e0925321bdcf","ELEMENT":"74ed50ad-ddb5-488a-ac98-e0925321bdcf"}
&amp#27;[35m[HTTP]&amp#27;[39m &amp#27;[37m<-- POST /wd/hub/session/7dd01e91-f214-4a6b-b94c-a232b2befd08/element &amp#27;[39m&amp#27;[32m200&amp#27;[39m &amp#27;[90m323 ms - 137&amp#27;[39m
&amp#27;[35m[HTTP]&amp#27;[39m &amp#27;[90m&amp#27;[39m
&amp#27;[35m[HTTP]&amp#27;[39m &amp#27;[37m-->&amp#27;[39m &amp#27;[37mPOST&amp#27;[39m &amp#27;[37m/wd/hub/session/7dd01e91-f214-4a6b-b94c-a232b2befd08/element/74ed50ad-ddb5-488a-ac98-e0925321bdcf/click&amp#27;[39m
&amp#27;[35m[HTTP]&amp#27;[39m &amp#27;[90m{"id":"74ed50ad-ddb5-488a-ac98-e0925321bdcf"}&amp#27;[39m
[debug] &amp#27;[35m[W3C (7dd01e91)]&amp#27;[39m Calling AppiumDriver.click() with args: ["74ed50ad-ddb5-488a-ac98-e0925321bdcf","7dd01e91-f214-4a6b-b94c-a232b2befd08"]
[debug] &amp#27;[35m[WD Proxy]&amp#27;[39m Matched '/element/74ed50ad-ddb5-488a-ac98-e0925321bdcf/click' to command name 'click'
[debug] &amp#27;[35m[WD Proxy]&amp#27;[39m Proxying [POST /element/74ed50ad-ddb5-488a-ac98-e0925321bdcf/click] to [POST http://127.0.0.1:8201/wd/hub/session/b987776d-9704-461a-a1d3-e69fb61acdf7/element/74ed50ad-ddb5-488a-ac98-e0925321bdcf/click] with body: {"element":"74ed50ad-ddb5-488a-ac98-e0925321bdcf"}
[debug] &amp#27;[35m[WD Proxy]&amp#27;[39m Got response with status 200: {"sessionId":"b987776d-9704-461a-a1d3-e69fb61acdf7","value":null}
[debug] &amp#27;[35m[W3C (7dd01e91)]&amp#27;[39m Responding to client with driver.click() result: null
&amp#27;[35m[HTTP]&amp#27;[39m &amp#27;[37m<-- POST /wd/hub/session/7dd01e91-f214-4a6b-b94c-a232b2befd08/element/74ed50ad-ddb5-488a-ac98-e0925321bdcf/click &amp#27;[39m&amp#27;[32m200&amp#27;[39m &amp#27;[90m1645 ms - 14&amp#27;[39m
&amp#27;[35m[HTTP]&amp#27;[39m &amp#27;[90m&amp#27;[39m
&amp#27;[35m[HTTP]&amp#27;[39m &amp#27;[37m-->&amp#27;[39m &amp#27;[37mPOST&amp#27;[39m &amp#27;[37m/wd/hub/session/7dd01e91-f214-4a6b-b94c-a232b2befd08/element&amp#27;[39m
&amp#27;[35m[HTTP]&amp#27;[39m &amp#27;[90m{"using":"id","value":"com.flipkart.android:id/phone_input"}&amp#27;[39m
[debug] &amp#27;[35m[W3C (7dd01e91)]&amp#27;[39m Calling AppiumDriver.findElement() with args: ["id","com.flipkart.android:id/phone_input","7dd01e91-f214-4a6b-b94c-a232b2befd08"]
[debug] &amp#27;[35m[BaseDriver]&amp#27;[39m Valid locator strategies for this request: xpath, id, class name, accessibility id, css selector, -android uiautomator
[debug] &amp#27;[35m[BaseDriver]&amp#27;[39m Waiting up to 40000 ms for condition
[debug] &amp#27;[35m[WD Proxy]&amp#27;[39m Matched '/element' to command name 'findElement'
[debug] &amp#27;[35m[WD Proxy]&amp#27;[39m Proxying [POST /element] to [POST http://127.0.0.1:8201/wd/hub/session/b987776d-9704-461a-a1d3-e69fb61acdf7/element] with body: {"strategy":"id","selector":"com.flipkart.android:id/phone_input","context":"","multiple":false}
[debug] &amp#27;[35m[WD Proxy]&amp#27;[39m Got response with status 200: {"sessionId":"b987776d-9704-461a-a1d3-e69fb61acdf7","value":{"ELEMENT":"f26069a3-d9d3-43e7-80b4-0f043b272c39","element-6066-11e4-a52e-4f735466cecf":"f26069a3-d9d3-43e7-80b4-0f043b272c39"}}
[debug] &amp#27;[35m[W3C (7dd01e91)]&amp#27;[39m Responding to client with driver.findElement() result: {"element-6066-11e4-a52e-4f735466cecf":"f26069a3-d9d3-43e7-80b4-0f043b272c39","ELEMENT":"f26069a3-d9d3-43e7-80b4-0f043b272c39"}
&amp#27;[35m[HTTP]&amp#27;[39m &amp#27;[37m<-- POST /wd/hub/session/7dd01e91-f214-4a6b-b94c-a232b2befd08/element &amp#27;[39m&amp#27;[32m200&amp#27;[39m &amp#27;[90m24 ms - 137&amp#27;[39m
&amp#27;[35m[HTTP]&amp#27;[39m &amp#27;[90m&amp#27;[39m
&amp#27;[35m[HTTP]&amp#27;[39m &amp#27;[37m-->&amp#27;[39m &amp#27;[37mPOST&amp#27;[39m &amp#27;[37m/wd/hub/session/7dd01e91-f214-4a6b-b94c-a232b2befd08/element/f26069a3-d9d3-43e7-80b4-0f043b272c39/value&amp#27;[39m
&amp#27;[35m[HTTP]&amp#27;[39m &amp#27;[90m{"id":"f26069a3-d9d3-43e7-80b4-0f043b272c39","text":"pradipkatkar9041@gmail.com","value":["p","r","a","d","i","p","k","a","t","k","a","r","9","0","4","1","@","g","m","a","i","l",".","c","o","m"]}&amp#27;[39m
[debug] &amp#27;[35m[W3C (7dd01e91)]&amp#27;[39m Calling AppiumDriver.setValue() with args: [["p","r","a","d","i","p","k","a","t","k","a","r","9","0","4","1","@","g","m","a","i","l",".","c","o","m"],"f26069a3-d9d3-43e7-80b4-0f043b272c39","7dd01e91-f214-4a6b-b94c-a232b2befd08"]
[debug] &amp#27;[35m[WD Proxy]&amp#27;[39m Matched '/element/f26069a3-d9d3-43e7-80b4-0f043b272c39/value' to command name 'setValue'
[debug] &amp#27;[35m[Protocol Converter]&amp#27;[39m Added 'value' property ["p","r","a","d","i","p","k","a","t","k","a","r","9","0","4","1","@","g","m","a","i","l",".","c","o","m"] to 'setValue' request body
[debug] &amp#27;[35m[WD Proxy]&amp#27;[39m Proxying [POST /element/f26069a3-d9d3-43e7-80b4-0f043b272c39/value] to [POST http://127.0.0.1:8201/wd/hub/session/b987776d-9704-461a-a1d3-e69fb61acdf7/element/f26069a3-d9d3-43e7-80b4-0f043b272c39/value] with body: {"elementId":"f26069a3-d9d3-43e7-80b4-0f043b272c39","text":"pradipkatkar9041@gmail.com","replace":false,"value":["p","r","a","d","i","p","k","a","t","k","a","r","9","0","4","1","@","g","m","a","i","l",".","c","o","m"]}
[debug] &amp#27;[35m[WD Proxy]&amp#27;[39m Got response with status 200: {"sessionId":"b987776d-9704-461a-a1d3-e69fb61acdf7","value":null}
[debug] &amp#27;[35m[W3C (7dd01e91)]&amp#27;[39m Responding to client with driver.setValue() result: null
&amp#27;[35m[HTTP]&amp#27;[39m &amp#27;[37m<-- POST /wd/hub/session/7dd01e91-f214-4a6b-b94c-a232b2befd08/element/f26069a3-d9d3-43e7-80b4-0f043b272c39/value &amp#27;[39m&amp#27;[32m200&amp#27;[39m &amp#27;[90m64 ms - 14&amp#27;[39m
&amp#27;[35m[HTTP]&amp#27;[39m &amp#27;[90m&amp#27;[39m
&amp#27;[35m[HTTP]&amp#27;[39m &amp#27;[37m-->&amp#27;[39m &amp#27;[37mPOST&amp#27;[39m &amp#27;[37m/wd/hub/session/7dd01e91-f214-4a6b-b94c-a232b2befd08/element&amp#27;[39m
&amp#27;[35m[HTTP]&amp#27;[39m &amp#27;[90m{"using":"id","value":"com.flipkart.android:id/button"}&amp#27;[39m
[debug] &amp#27;[35m[W3C (7dd01e91)]&amp#27;[39m Calling AppiumDriver.findElement() with args: ["id","com.flipkart.android:id/button","7dd01e91-f214-4a6b-b94c-a232b2befd08"]
[debug] &amp#27;[35m[BaseDriver]&amp#27;[39m Valid locator strategies for this request: xpath, id, class name, accessibility id, css selector, -android uiautomator
[debug] &amp#27;[35m[BaseDriver]&amp#27;[39m Waiting up to 40000 ms for condition
[debug] &amp#27;[35m[WD Proxy]&amp#27;[39m Matched '/element' to command name 'findElement'
[debug] &amp#27;[35m[WD Proxy]&amp#27;[39m Proxying [POST /element] to [POST http://127.0.0.1:8201/wd/hub/session/b987776d-9704-461a-a1d3-e69fb61acdf7/element] with body: {"strategy":"id","selector":"com.flipkart.android:id/button","context":"","multiple":false}
[debug] &amp#27;[35m[WD Proxy]&amp#27;[39m Got response with status 200: {"sessionId":"b987776d-9704-461a-a1d3-e69fb61acdf7","value":{"ELEMENT":"bb69ed5f-2553-47fa-bfc5-3c8a1dc87537","element-6066-11e4-a52e-4f735466cecf":"bb69ed5f-2553-47fa-bfc5-3c8a1dc87537"}}
[debug] &amp#27;[35m[W3C (7dd01e91)]&amp#27;[39m Responding to client with driver.findElement() result: {"element-6066-11e4-a52e-4f735466cecf":"bb69ed5f-2553-47fa-bfc5-3c8a1dc87537","ELEMENT":"bb69ed5f-2553-47fa-bfc5-3c8a1dc87537"}
&amp#27;[35m[HTTP]&amp#27;[39m &amp#27;[37m<-- POST /wd/hub/session/7dd01e91-f214-4a6b-b94c-a232b2befd08/element &amp#27;[39m&amp#27;[32m200&amp#27;[39m &amp#27;[90m875 ms - 137&amp#27;[39m
&amp#27;[35m[HTTP]&amp#27;[39m &amp#27;[90m&amp#27;[39m
&amp#27;[35m[HTTP]&amp#27;[39m &amp#27;[37m-->&amp#27;[39m &amp#27;[37mPOST&amp#27;[39m &amp#27;[37m/wd/hub/session/7dd01e91-f214-4a6b-b94c-a232b2befd08/element/bb69ed5f-2553-47fa-bfc5-3c8a1dc87537/click&amp#27;[39m
&amp#27;[35m[HTTP]&amp#27;[39m &amp#27;[90m{"id":"bb69ed5f-2553-47fa-bfc5-3c8a1dc87537"}&amp#27;[39m
[debug] &amp#27;[35m[W3C (7dd01e91)]&amp#27;[39m Calling AppiumDriver.click() with args: ["bb69ed5f-2553-47fa-bfc5-3c8a1dc87537","7dd01e91-f214-4a6b-b94c-a232b2befd08"]
[debug] &amp#27;[35m[WD Proxy]&amp#27;[39m Matched '/element/bb69ed5f-2553-47fa-bfc5-3c8a1dc87537/click' to command name 'click'
[debug] &amp#27;[35m[WD Proxy]&amp#27;[39m Proxying [POST /element/bb69ed5f-2553-47fa-bfc5-3c8a1dc87537/click] to [POST http://127.0.0.1:8201/wd/hub/session/b987776d-9704-461a-a1d3-e69fb61acdf7/element/bb69ed5f-2553-47fa-bfc5-3c8a1dc87537/click] with body: {"element":"bb69ed5f-2553-47fa-bfc5-3c8a1dc87537"}
[debug] &amp#27;[35m[WD Proxy]&amp#27;[39m Got response with status 200: {"sessionId":"b987776d-9704-461a-a1d3-e69fb61acdf7","value":null}
[debug] &amp#27;[35m[W3C (7dd01e91)]&amp#27;[39m Responding to client with driver.click() result: null
&amp#27;[35m[HTTP]&amp#27;[39m &amp#27;[37m<-- POST /wd/hub/session/7dd01e91-f214-4a6b-b94c-a232b2befd08/element/bb69ed5f-2553-47fa-bfc5-3c8a1dc87537/click &amp#27;[39m&amp#27;[32m200&amp#27;[39m &amp#27;[90m1596 ms - 14&amp#27;[39m
&amp#27;[35m[HTTP]&amp#27;[39m &amp#27;[90m&amp#27;[39m
&amp#27;[35m[HTTP]&amp#27;[39m &amp#27;[37m-->&amp#27;[39m &amp#27;[37mPOST&amp#27;[39m &amp#27;[37m/wd/hub/session/7dd01e91-f214-4a6b-b94c-a232b2befd08/timeouts&amp#27;[39m
&amp#27;[35m[HTTP]&amp#27;[39m &amp#27;[90m{"implicit":50000}&amp#27;[39m
[debug] &amp#27;[35m[W3C (7dd01e91)]&amp#27;[39m Calling AppiumDriver.timeouts() with args: [null,null,null,null,50000,"7dd01e91-f214-4a6b-b94c-a232b2befd08"]
[debug] &amp#27;[35m[BaseDriver]&amp#27;[39m W3C timeout argument: {"implicit":50000}}
[debug] &amp#27;[35m[BaseDriver]&amp#27;[39m Set implicit wait to 50000ms
[debug] &amp#27;[35m[W3C (7dd01e91)]&amp#27;[39m Responding to client with driver.timeouts() result: null
&amp#27;[35m[HTTP]&amp#27;[39m &amp#27;[37m<-- POST /wd/hub/session/7dd01e91-f214-4a6b-b94c-a232b2befd08/timeouts &amp#27;[39m&amp#27;[32m200&amp#27;[39m &amp#27;[90m2 ms - 14&amp#27;[39m
&amp#27;[35m[HTTP]&amp#27;[39m &amp#27;[90m&amp#27;[39m
&amp#27;[35m[HTTP]&amp#27;[39m &amp#27;[37m-->&amp#27;[39m &amp#27;[37mPOST&amp#27;[39m &amp#27;[37m/wd/hub/session/7dd01e91-f214-4a6b-b94c-a232b2befd08/element&amp#27;[39m
&amp#27;[35m[HTTP]&amp#27;[39m &amp#27;[90m{"using":"xpath","value":"//*[@text='Password']"}&amp#27;[39m
[debug] &amp#27;[35m[W3C (7dd01e91)]&amp#27;[39m Calling AppiumDriver.findElement() with args: ["xpath","//*[@text='Password']","7dd01e91-f214-4a6b-b94c-a232b2befd08"]
[debug] &amp#27;[35m[BaseDriver]&amp#27;[39m Valid locator strategies for this request: xpath, id, class name, accessibility id, css selector, -android uiautomator
[debug] &amp#27;[35m[BaseDriver]&amp#27;[39m Waiting up to 50000 ms for condition
[debug] &amp#27;[35m[WD Proxy]&amp#27;[39m Matched '/element' to command name 'findElement'
[debug] &amp#27;[35m[WD Proxy]&amp#27;[39m Proxying [POST /element] to [POST http://127.0.0.1:8201/wd/hub/session/b987776d-9704-461a-a1d3-e69fb61acdf7/element] with body: {"strategy":"xpath","selector":"//*[@text='Password']","context":"","multiple":false}
[debug] &amp#27;[35m[WD Proxy]&amp#27;[39m Got response with status 200: {"sessionId":"b987776d-9704-461a-a1d3-e69fb61acdf7","value":{"ELEMENT":"3254918d-5ba4-448a-9ecd-b385b03f0997","element-6066-11e4-a52e-4f735466cecf":"3254918d-5ba4-448a-9ecd-b385b03f0997"}}
[debug] &amp#27;[35m[W3C (7dd01e91)]&amp#27;[39m Responding to client with driver.findElement() result: {"element-6066-11e4-a52e-4f735466cecf":"3254918d-5ba4-448a-9ecd-b385b03f0997","ELEMENT":"3254918d-5ba4-448a-9ecd-b385b03f0997"}
&amp#27;[35m[HTTP]&amp#27;[39m &amp#27;[37m<-- POST /wd/hub/session/7dd01e91-f214-4a6b-b94c-a232b2befd08/element &amp#27;[39m&amp#27;[32m200&amp#27;[39m &amp#27;[90m129 ms - 137&amp#27;[39m
&amp#27;[35m[HTTP]&amp#27;[39m &amp#27;[90m&amp#27;[39m
&amp#27;[35m[HTTP]&amp#27;[39m &amp#27;[37m-->&amp#27;[39m &amp#27;[37mPOST&amp#27;[39m &amp#27;[37m/wd/hub/session/7dd01e91-f214-4a6b-b94c-a232b2befd08/element/3254918d-5ba4-448a-9ecd-b385b03f0997/value&amp#27;[39m
&amp#27;[35m[HTTP]&amp#27;[39m &amp#27;[90m{"id":"3254918d-5ba4-448a-9ecd-b385b03f0997","text":"9766751413","value":["9","7","6","6","7","5","1","4","1","3"]}&amp#27;[39m
[debug] &amp#27;[35m[W3C (7dd01e91)]&amp#27;[39m Calling AppiumDriver.setValue() with args: [["9","7","6","6","7","5","1","4","1","3"],"3254918d-5ba4-448a-9ecd-b385b03f0997","7dd01e91-f214-4a6b-b94c-a232b2befd08"]
[debug] &amp#27;[35m[WD Proxy]&amp#27;[39m Matched '/element/3254918d-5ba4-448a-9ecd-b385b03f0997/value' to command name 'setValue'
[debug] &amp#27;[35m[Protocol Converter]&amp#27;[39m Added 'value' property ["9","7","6","6","7","5","1","4","1","3"] to 'setValue' request body
[debug] &amp#27;[35m[WD Proxy]&amp#27;[39m Proxying [POST /element/3254918d-5ba4-448a-9ecd-b385b03f0997/value] to [POST http://127.0.0.1:8201/wd/hub/session/b987776d-9704-461a-a1d3-e69fb61acdf7/element/3254918d-5ba4-448a-9ecd-b385b03f0997/value] with body: {"elementId":"3254918d-5ba4-448a-9ecd-b385b03f0997","text":"9766751413","replace":false,"value":["9","7","6","6","7","5","1","4","1","3"]}
[debug] &amp#27;[35m[WD Proxy]&amp#27;[39m Got response with status 200: {"sessionId":"b987776d-9704-461a-a1d3-e69fb61acdf7","value":null}
[debug] &amp#27;[35m[W3C (7dd01e91)]&amp#27;[39m Responding to client with driver.setValue() result: null
&amp#27;[35m[HTTP]&amp#27;[39m &amp#27;[37m<-- POST /wd/hub/session/7dd01e91-f214-4a6b-b94c-a232b2befd08/element/3254918d-5ba4-448a-9ecd-b385b03f0997/value &amp#27;[39m&amp#27;[32m200&amp#27;[39m &amp#27;[90m594 ms - 14&amp#27;[39m
&amp#27;[35m[HTTP]&amp#27;[39m &amp#27;[90m&amp#27;[39m
&amp#27;[35m[HTTP]&amp#27;[39m &amp#27;[37m-->&amp#27;[39m &amp#27;[37mPOST&amp#27;[39m &amp#27;[37m/wd/hub/session/7dd01e91-f214-4a6b-b94c-a232b2befd08/timeouts&amp#27;[39m
&amp#27;[35m[HTTP]&amp#27;[39m &amp#27;[90m{"implicit":20000}&amp#27;[39m
[debug] &amp#27;[35m[W3C (7dd01e91)]&amp#27;[39m Calling AppiumDriver.timeouts() with args: [null,null,null,null,20000,"7dd01e91-f214-4a6b-b94c-a232b2befd08"]
[debug] &amp#27;[35m[BaseDriver]&amp#27;[39m W3C timeout argument: {"implicit":20000}}
[debug] &amp#27;[35m[BaseDriver]&amp#27;[39m Set implicit wait to 20000ms
[debug] &amp#27;[35m[W3C (7dd01e91)]&amp#27;[39m Responding to client with driver.timeouts() result: null
&amp#27;[35m[HTTP]&amp#27;[39m &amp#27;[37m<-- POST /wd/hub/session/7dd01e91-f214-4a6b-b94c-a232b2befd08/timeouts &amp#27;[39m&amp#27;[32m200&amp#27;[39m &amp#27;[90m2 ms - 14&amp#27;[39m
&amp#27;[35m[HTTP]&amp#27;[39m &amp#27;[90m&amp#27;[39m
&amp#27;[35m[HTTP]&amp#27;[39m &amp#27;[37m-->&amp#27;[39m &amp#27;[37mPOST&amp#27;[39m &amp#27;[37m/wd/hub/session/7dd01e91-f214-4a6b-b94c-a232b2befd08/element&amp#27;[39m
&amp#27;[35m[HTTP]&amp#27;[39m &amp#27;[90m{"using":"id","value":"com.flipkart.android:id/button"}&amp#27;[39m
[debug] &amp#27;[35m[W3C (7dd01e91)]&amp#27;[39m Calling AppiumDriver.findElement() with args: ["id","com.flipkart.android:id/button","7dd01e91-f214-4a6b-b94c-a232b2befd08"]
[debug] &amp#27;[35m[BaseDriver]&amp#27;[39m Valid locator strategies for this request: xpath, id, class name, accessibility id, css selector, -android uiautomator
[debug] &amp#27;[35m[BaseDriver]&amp#27;[39m Waiting up to 20000 ms for condition
[debug] &amp#27;[35m[WD Proxy]&amp#27;[39m Matched '/element' to command name 'findElement'
[debug] &amp#27;[35m[WD Proxy]&amp#27;[39m Proxying [POST /element] to [POST http://127.0.0.1:8201/wd/hub/session/b987776d-9704-461a-a1d3-e69fb61acdf7/element] with body: {"strategy":"id","selector":"com.flipkart.android:id/button","context":"","multiple":false}
[debug] &amp#27;[35m[WD Proxy]&amp#27;[39m Got response with status 200: {"sessionId":"b987776d-9704-461a-a1d3-e69fb61acdf7","value":{"ELEMENT":"6d6a16ce-6692-405f-b78d-2bdd5318c799","element-6066-11e4-a52e-4f735466cecf":"6d6a16ce-6692-405f-b78d-2bdd5318c799"}}
[debug] &amp#27;[35m[W3C (7dd01e91)]&amp#27;[39m Responding to client with driver.findElement() result: {"element-6066-11e4-a52e-4f735466cecf":"6d6a16ce-6692-405f-b78d-2bdd5318c799","ELEMENT":"6d6a16ce-6692-405f-b78d-2bdd5318c799"}
&amp#27;[35m[HTTP]&amp#27;[39m &amp#27;[37m<-- POST /wd/hub/session/7dd01e91-f214-4a6b-b94c-a232b2befd08/element &amp#27;[39m&amp#27;[32m200&amp#27;[39m &amp#27;[90m549 ms - 137&amp#27;[39m
&amp#27;[35m[HTTP]&amp#27;[39m &amp#27;[90m&amp#27;[39m
&amp#27;[35m[HTTP]&amp#27;[39m &amp#27;[37m-->&amp#27;[39m &amp#27;[37mPOST&amp#27;[39m &amp#27;[37m/wd/hub/session/7dd01e91-f214-4a6b-b94c-a232b2befd08/element/6d6a16ce-6692-405f-b78d-2bdd5318c799/click&amp#27;[39m
&amp#27;[35m[HTTP]&amp#27;[39m &amp#27;[90m{"id":"6d6a16ce-6692-405f-b78d-2bdd5318c799"}&amp#27;[39m
[debug] &amp#27;[35m[W3C (7dd01e91)]&amp#27;[39m Calling AppiumDriver.click() with args: ["6d6a16ce-6692-405f-b78d-2bdd5318c799","7dd01e91-f214-4a6b-b94c-a232b2befd08"]
[debug] &amp#27;[35m[WD Proxy]&amp#27;[39m Matched '/element/6d6a16ce-6692-405f-b78d-2bdd5318c799/click' to command name 'click'
[debug] &amp#27;[35m[WD Proxy]&amp#27;[39m Proxying [POST /element/6d6a16ce-6692-405f-b78d-2bdd5318c799/click] to [POST http://127.0.0.1:8201/wd/hub/session/b987776d-9704-461a-a1d3-e69fb61acdf7/element/6d6a16ce-6692-405f-b78d-2bdd5318c799/click] with body: {"element":"6d6a16ce-6692-405f-b78d-2bdd5318c799"}
[debug] &amp#27;[35m[WD Proxy]&amp#27;[39m Got response with status 200: {"sessionId":"b987776d-9704-461a-a1d3-e69fb61acdf7","value":null}
[debug] &amp#27;[35m[W3C (7dd01e91)]&amp#27;[39m Responding to client with driver.click() result: null
&amp#27;[35m[HTTP]&amp#27;[39m &amp#27;[37m<-- POST /wd/hub/session/7dd01e91-f214-4a6b-b94c-a232b2befd08/element/6d6a16ce-6692-405f-b78d-2bdd5318c799/click &amp#27;[39m&amp#27;[32m200&amp#27;[39m &amp#27;[90m4091 ms - 14&amp#27;[39m
&amp#27;[35m[HTTP]&amp#27;[39m &amp#27;[90m&amp#27;[39m
&amp#27;[35m[HTTP]&amp#27;[39m &amp#27;[37m-->&amp#27;[39m &amp#27;[37mPOST&amp#27;[39m &amp#27;[37m/wd/hub/session/7dd01e91-f214-4a6b-b94c-a232b2befd08/timeouts&amp#27;[39m
&amp#27;[35m[HTTP]&amp#27;[39m &amp#27;[90m{"implicit":50000}&amp#27;[39m
[debug] &amp#27;[35m[W3C (7dd01e91)]&amp#27;[39m Calling AppiumDriver.timeouts() with args: [null,null,null,null,50000,"7dd01e91-f214-4a6b-b94c-a232b2befd08"]
[debug] &amp#27;[35m[BaseDriver]&amp#27;[39m W3C timeout argument: {"implicit":50000}}
[debug] &amp#27;[35m[BaseDriver]&amp#27;[39m Set implicit wait to 50000ms
[debug] &amp#27;[35m[W3C (7dd01e91)]&amp#27;[39m Responding to client with driver.timeouts() result: null
&amp#27;[35m[HTTP]&amp#27;[39m &amp#27;[37m<-- POST /wd/hub/session/7dd01e91-f214-4a6b-b94c-a232b2befd08/timeouts &amp#27;[39m&amp#27;[32m200&amp#27;[39m &amp#27;[90m2 ms - 14&amp#27;[39m
&amp#27;[35m[HTTP]&amp#27;[39m &amp#27;[90m&amp#27;[39m
&amp#27;[35m[HTTP]&amp#27;[39m &amp#27;[37m-->&amp#27;[39m &amp#27;[37mPOST&amp#27;[39m &amp#27;[37m/wd/hub/session/7dd01e91-f214-4a6b-b94c-a232b2befd08/element&amp#27;[39m
&amp#27;[35m[HTTP]&amp#27;[39m &amp#27;[90m{"using":"id","value":"com.flipkart.android:id/search_widget_textbox"}&amp#27;[39m
[debug] &amp#27;[35m[W3C (7dd01e91)]&amp#27;[39m Calling AppiumDriver.findElement() with args: ["id","com.flipkart.android:id/search_widget_textbox","7dd01e91-f214-4a6b-b94c-a232b2befd08"]
[debug] &amp#27;[35m[BaseDriver]&amp#27;[39m Valid locator strategies for this request: xpath, id, class name, accessibility id, css selector, -android uiautomator
[debug] &amp#27;[35m[BaseDriver]&amp#27;[39m Waiting up to 50000 ms for condition
[debug] &amp#27;[35m[WD Proxy]&amp#27;[39m Matched '/element' to command name 'findElement'
[debug] &amp#27;[35m[WD Proxy]&amp#27;[39m Proxying [POST /element] to [POST http://127.0.0.1:8201/wd/hub/session/b987776d-9704-461a-a1d3-e69fb61acdf7/element] with body: {"strategy":"id","selector":"com.flipkart.android:id/search_widget_textbox","context":"","multiple":false}
[debug] &amp#27;[35m[WD Proxy]&amp#27;[39m Got response with status 200: {"sessionId":"b987776d-9704-461a-a1d3-e69fb61acdf7","value":{"ELEMENT":"1b27d5e0-6556-47b2-8459-24bb44018ee3","element-6066-11e4-a52e-4f735466cecf":"1b27d5e0-6556-47b2-8459-24bb44018ee3"}}
[debug] &amp#27;[35m[W3C (7dd01e91)]&amp#27;[39m Responding to client with driver.findElement() result: {"element-6066-11e4-a52e-4f735466cecf":"1b27d5e0-6556-47b2-8459-24bb44018ee3","ELEMENT":"1b27d5e0-6556-47b2-8459-24bb44018ee3"}
&amp#27;[35m[HTTP]&amp#27;[39m &amp#27;[37m<-- POST /wd/hub/session/7dd01e91-f214-4a6b-b94c-a232b2befd08/element &amp#27;[39m&amp#27;[32m200&amp#27;[39m &amp#27;[90m108 ms - 137&amp#27;[39m
&amp#27;[35m[HTTP]&amp#27;[39m &amp#27;[90m&amp#27;[39m
&amp#27;[35m[HTTP]&amp#27;[39m &amp#27;[37m-->&amp#27;[39m &amp#27;[37mPOST&amp#27;[39m &amp#27;[37m/wd/hub/session/7dd01e91-f214-4a6b-b94c-a232b2befd08/element/1b27d5e0-6556-47b2-8459-24bb44018ee3/click&amp#27;[39m
&amp#27;[35m[HTTP]&amp#27;[39m &amp#27;[90m{"id":"1b27d5e0-6556-47b2-8459-24bb44018ee3"}&amp#27;[39m
[debug] &amp#27;[35m[W3C (7dd01e91)]&amp#27;[39m Calling AppiumDriver.click() with args: ["1b27d5e0-6556-47b2-8459-24bb44018ee3","7dd01e91-f214-4a6b-b94c-a232b2befd08"]
[debug] &amp#27;[35m[WD Proxy]&amp#27;[39m Matched '/element/1b27d5e0-6556-47b2-8459-24bb44018ee3/click' to command name 'click'
[debug] &amp#27;[35m[WD Proxy]&amp#27;[39m Proxying [POST /element/1b27d5e0-6556-47b2-8459-24bb44018ee3/click] to [POST http://127.0.0.1:8201/wd/hub/session/b987776d-9704-461a-a1d3-e69fb61acdf7/element/1b27d5e0-6556-47b2-8459-24bb44018ee3/click] with body: {"element":"1b27d5e0-6556-47b2-8459-24bb44018ee3"}
[debug] &amp#27;[35m[WD Proxy]&amp#27;[39m Got response with status 200: {"sessionId":"b987776d-9704-461a-a1d3-e69fb61acdf7","value":null}
[debug] &amp#27;[35m[W3C (7dd01e91)]&amp#27;[39m Responding to client with driver.click() result: null
&amp#27;[35m[HTTP]&amp#27;[39m &amp#27;[37m<-- POST /wd/hub/session/7dd01e91-f214-4a6b-b94c-a232b2befd08/element/1b27d5e0-6556-47b2-8459-24bb44018ee3/click &amp#27;[39m&amp#27;[32m200&amp#27;[39m &amp#27;[90m74 ms - 14&amp#27;[39m
&amp#27;[35m[HTTP]&amp#27;[39m &amp#27;[90m&amp#27;[39m
&amp#27;[35m[HTTP]&amp#27;[39m &amp#27;[37m-->&amp#27;[39m &amp#27;[37mPOST&amp#27;[39m &amp#27;[37m/wd/hub/session/7dd01e91-f214-4a6b-b94c-a232b2befd08/element&amp#27;[39m
&amp#27;[35m[HTTP]&amp#27;[39m &amp#27;[90m{"using":"id","value":"com.flipkart.android:id/search_autoCompleteTextView"}&amp#27;[39m
[debug] &amp#27;[35m[W3C (7dd01e91)]&amp#27;[39m Calling AppiumDriver.findElement() with args: ["id","com.flipkart.android:id/search_autoCompleteTextView","7dd01e91-f214-4a6b-b94c-a232b2befd08"]
[debug] &amp#27;[35m[BaseDriver]&amp#27;[39m Valid locator strategies for this request: xpath, id, class name, accessibility id, css selector, -android uiautomator
[debug] &amp#27;[35m[BaseDriver]&amp#27;[39m Waiting up to 50000 ms for condition
[debug] &amp#27;[35m[WD Proxy]&amp#27;[39m Matched '/element' to command name 'findElement'
[debug] &amp#27;[35m[WD Proxy]&amp#27;[39m Proxying [POST /element] to [POST http://127.0.0.1:8201/wd/hub/session/b987776d-9704-461a-a1d3-e69fb61acdf7/element] with body: {"strategy":"id","selector":"com.flipkart.android:id/search_autoCompleteTextView","context":"","multiple":false}
[debug] &amp#27;[35m[WD Proxy]&amp#27;[39m Got response with status 200: {"sessionId":"b987776d-9704-461a-a1d3-e69fb61acdf7","value":{"ELEMENT":"2684aa36-1f2b-4b8c-b9fb-3e275327f87f","element-6066-11e4-a52e-4f735466cecf":"2684aa36-1f2b-4b8c-b9fb-3e275327f87f"}}
[debug] &amp#27;[35m[W3C (7dd01e91)]&amp#27;[39m Responding to client with driver.findElement() result: {"element-6066-11e4-a52e-4f735466cecf":"2684aa36-1f2b-4b8c-b9fb-3e275327f87f","ELEMENT":"2684aa36-1f2b-4b8c-b9fb-3e275327f87f"}
&amp#27;[35m[HTTP]&amp#27;[39m &amp#27;[37m<-- POST /wd/hub/session/7dd01e91-f214-4a6b-b94c-a232b2befd08/element &amp#27;[39m&amp#27;[32m200&amp#27;[39m &amp#27;[90m1472 ms - 137&amp#27;[39m
&amp#27;[35m[HTTP]&amp#27;[39m &amp#27;[90m&amp#27;[39m
&amp#27;[35m[HTTP]&amp#27;[39m &amp#27;[37m-->&amp#27;[39m &amp#27;[37mPOST&amp#27;[39m &amp#27;[37m/wd/hub/session/7dd01e91-f214-4a6b-b94c-a232b2befd08/element/2684aa36-1f2b-4b8c-b9fb-3e275327f87f/value&amp#27;[39m
&amp#27;[35m[HTTP]&amp#27;[39m &amp#27;[90m{"id":"2684aa36-1f2b-4b8c-b9fb-3e275327f87f","text":"Refrigerators","value":["R","e","f","r","i","g","e","r","a","t","o","r","s"]}&amp#27;[39m
[debug] &amp#27;[35m[W3C (7dd01e91)]&amp#27;[39m Calling AppiumDriver.setValue() with args: [["R","e","f","r","i","g","e","r","a","t","o","r","s"],"2684aa36-1f2b-4b8c-b9fb-3e275327f87f","7dd01e91-f214-4a6b-b94c-a232b2befd08"]
[debug] &amp#27;[35m[WD Proxy]&amp#27;[39m Matched '/element/2684aa36-1f2b-4b8c-b9fb-3e275327f87f/value' to command name 'setValue'
[debug] &amp#27;[35m[Protocol Converter]&amp#27;[39m Added 'value' property ["R","e","f","r","i","g","e","r","a","t","o","r","s"] to 'setValue' request body
[debug] &amp#27;[35m[WD Proxy]&amp#27;[39m Proxying [POST /element/2684aa36-1f2b-4b8c-b9fb-3e275327f87f/value] to [POST http://127.0.0.1:8201/wd/hub/session/b987776d-9704-461a-a1d3-e69fb61acdf7/element/2684aa36-1f2b-4b8c-b9fb-3e275327f87f/value] with body: {"elementId":"2684aa36-1f2b-4b8c-b9fb-3e275327f87f","text":"Refrigerators","replace":false,"value":["R","e","f","r","i","g","e","r","a","t","o","r","s"]}
[debug] &amp#27;[35m[WD Proxy]&amp#27;[39m Got response with status 200: {"sessionId":"b987776d-9704-461a-a1d3-e69fb61acdf7","value":null}
[debug] &amp#27;[35m[W3C (7dd01e91)]&amp#27;[39m Responding to client with driver.setValue() result: null
&amp#27;[35m[HTTP]&amp#27;[39m &amp#27;[37m<-- POST /wd/hub/session/7dd01e91-f214-4a6b-b94c-a232b2befd08/element/2684aa36-1f2b-4b8c-b9fb-3e275327f87f/value &amp#27;[39m&amp#27;[32m200&amp#27;[39m &amp#27;[90m1108 ms - 14&amp#27;[39m
&amp#27;[35m[HTTP]&amp#27;[39m &amp#27;[90m&amp#27;[39m
&amp#27;[35m[HTTP]&amp#27;[39m &amp#27;[37m-->&amp#27;[39m &amp#27;[37mPOST&amp#27;[39m &amp#27;[37m/wd/hub/session/7dd01e91-f214-4a6b-b94c-a232b2befd08/element&amp#27;[39m
&amp#27;[35m[HTTP]&amp#27;[39m &amp#27;[90m{"using":"xpath","value":"//*[@text='refrigerator']"}&amp#27;[39m
[debug] &amp#27;[35m[W3C (7dd01e91)]&amp#27;[39m Calling AppiumDriver.findElement() with args: ["xpath","//*[@text='refrigerator']","7dd01e91-f214-4a6b-b94c-a232b2befd08"]
[debug] &amp#27;[35m[BaseDriver]&amp#27;[39m Valid locator strategies for this request: xpath, id, class name, accessibility id, css selector, -android uiautomator
[debug] &amp#27;[35m[BaseDriver]&amp#27;[39m Waiting up to 50000 ms for condition
[debug] &amp#27;[35m[WD Proxy]&amp#27;[39m Matched '/element' to command name 'findElement'
[debug] &amp#27;[35m[WD Proxy]&amp#27;[39m Proxying [POST /element] to [POST http://127.0.0.1:8201/wd/hub/session/b987776d-9704-461a-a1d3-e69fb61acdf7/element] with body: {"strategy":"xpath","selector":"//*[@text='refrigerator']","context":"","multiple":false}
[debug] &amp#27;[35m[WD Proxy]&amp#27;[39m Got response with status 200: {"sessionId":"b987776d-9704-461a-a1d3-e69fb61acdf7","value":{"ELEMENT":"ea7e3eb4-500e-41eb-b83f-2de8fce072ca","element-6066-11e4-a52e-4f735466cecf":"ea7e3eb4-500e-41eb-b83f-2de8fce072ca"}}
[debug] &amp#27;[35m[W3C (7dd01e91)]&amp#27;[39m Responding to client with driver.findElement() result: {"element-6066-11e4-a52e-4f735466cecf":"ea7e3eb4-500e-41eb-b83f-2de8fce072ca","ELEMENT":"ea7e3eb4-500e-41eb-b83f-2de8fce072ca"}
&amp#27;[35m[HTTP]&amp#27;[39m &amp#27;[37m<-- POST /wd/hub/session/7dd01e91-f214-4a6b-b94c-a232b2befd08/element &amp#27;[39m&amp#27;[32m200&amp#27;[39m &amp#27;[90m1336 ms - 137&amp#27;[39m
&amp#27;[35m[HTTP]&amp#27;[39m &amp#27;[90m&amp#27;[39m
&amp#27;[35m[HTTP]&amp#27;[39m &amp#27;[37m-->&amp#27;[39m &amp#27;[37mPOST&amp#27;[39m &amp#27;[37m/wd/hub/session/7dd01e91-f214-4a6b-b94c-a232b2befd08/element/ea7e3eb4-500e-41eb-b83f-2de8fce072ca/click&amp#27;[39m
&amp#27;[35m[HTTP]&amp#27;[39m &amp#27;[90m{"id":"ea7e3eb4-500e-41eb-b83f-2de8fce072ca"}&amp#27;[39m
[debug] &amp#27;[35m[W3C (7dd01e91)]&amp#27;[39m Calling AppiumDriver.click() with args: ["ea7e3eb4-500e-41eb-b83f-2de8fce072ca","7dd01e91-f214-4a6b-b94c-a232b2befd08"]
[debug] &amp#27;[35m[WD Proxy]&amp#27;[39m Matched '/element/ea7e3eb4-500e-41eb-b83f-2de8fce072ca/click' to command name 'click'
[debug] &amp#27;[35m[WD Proxy]&amp#27;[39m Proxying [POST /element/ea7e3eb4-500e-41eb-b83f-2de8fce072ca/click] to [POST http://127.0.0.1:8201/wd/hub/session/b987776d-9704-461a-a1d3-e69fb61acdf7/element/ea7e3eb4-500e-41eb-b83f-2de8fce072ca/click] with body: {"element":"ea7e3eb4-500e-41eb-b83f-2de8fce072ca"}
[debug] &amp#27;[35m[WD Proxy]&amp#27;[39m Got response with status 200: {"sessionId":"b987776d-9704-461a-a1d3-e69fb61acdf7","value":null}
[debug] &amp#27;[35m[W3C (7dd01e91)]&amp#27;[39m Responding to client with driver.click() result: null
&amp#27;[35m[HTTP]&amp#27;[39m &amp#27;[37m<-- POST /wd/hub/session/7dd01e91-f214-4a6b-b94c-a232b2befd08/element/ea7e3eb4-500e-41eb-b83f-2de8fce072ca/click &amp#27;[39m&amp#27;[32m200&amp#27;[39m &amp#27;[90m78 ms - 14&amp#27;[39m
&amp#27;[35m[HTTP]&amp#27;[39m &amp#27;[90m&amp#27;[39m
&amp#27;[35m[HTTP]&amp#27;[39m &amp#27;[37m-->&amp#27;[39m &amp#27;[37mPOST&amp#27;[39m &amp#27;[37m/wd/hub/session/7dd01e91-f214-4a6b-b94c-a232b2befd08/element&amp#27;[39m
&amp#27;[35m[HTTP]&amp#27;[39m &amp#27;[90m{"using":"id","value":"com.flipkart.android:id/allow_button"}&amp#27;[39m
[debug] &amp#27;[35m[W3C (7dd01e91)]&amp#27;[39m Calling AppiumDriver.findElement() with args: ["id","com.flipkart.android:id/allow_button","7dd01e91-f214-4a6b-b94c-a232b2befd08"]
[debug] &amp#27;[35m[BaseDriver]&amp#27;[39m Valid locator strategies for this request: xpath, id, class name, accessibility id, css selector, -android uiautomator
[debug] &amp#27;[35m[BaseDriver]&amp#27;[39m Waiting up to 50000 ms for condition
[debug] &amp#27;[35m[WD Proxy]&amp#27;[39m Matched '/element' to command name 'findElement'
[debug] &amp#27;[35m[WD Proxy]&amp#27;[39m Proxying [POST /element] to [POST http://127.0.0.1:8201/wd/hub/session/b987776d-9704-461a-a1d3-e69fb61acdf7/element] with body: {"strategy":"id","selector":"com.flipkart.android:id/allow_button","context":"","multiple":false}
&amp#27;[35m[WD Proxy]&amp#27;[39m Got response with status 404: {"sessionId":"b987776d-9704-461a-a1d3-e69fb61acdf7","value":{"error":"no such element","message":"An element could not be located on the page using the given search parameters","stacktrace":"io.appium.uiautomator2.common.exceptions.ElementNotFoundException: An element could not be located on the page using the given search parameters\n\tat io.appium.uiautomator2.handler.FindElement.safeHandle(FindElement.java:70)\n\tat io.appium.uiautomator2.handler.request.SafeRequestHandler.handle(SafeRequestHandler.java:41)\n\tat io.appium.uiautomator2.server.AppiumServlet.handleRequest(AppiumServlet.java:261)\n\tat io.appium.uiautomator2.server.AppiumServlet.handleHttpRequest(AppiumServlet.java:255)\n\tat io.appium.uiautomator2.http.ServerHandler.channelRead(ServerHandler.java:68)\n\tat io.netty.channel.AbstractChannelHandlerContext.invokeChannelRead(AbstractChannelHandlerContext.java:366)\n\tat io.netty.channel.AbstractChannelHandlerContext.invokeChannelRead(AbstractChannelHandlerContext.java:352)\n\tat io.netty.chann...
[debug] &amp#27;[35m[W3C]&amp#27;[39m Matched W3C error code 'no such element' to NoSuchElementError
[debug] &amp#27;[35m[BaseDriver]&amp#27;[39m Waited for 602 ms so far
[debug] &amp#27;[35m[WD Proxy]&amp#27;[39m Matched '/element' to command name 'findElement'
[debug] &amp#27;[35m[WD Proxy]&amp#27;[39m Proxying [POST /element] to [POST http://127.0.0.1:8201/wd/hub/session/b987776d-9704-461a-a1d3-e69fb61acdf7/element] with body: {"strategy":"id","selector":"com.flipkart.android:id/allow_button","context":"","multiple":false}
[debug] &amp#27;[35m[WD Proxy]&amp#27;[39m Got response with status 200: {"sessionId":"b987776d-9704-461a-a1d3-e69fb61acdf7","value":{"ELEMENT":"31353774-4dde-4ccb-84f2-35baecdc3b62","element-6066-11e4-a52e-4f735466cecf":"31353774-4dde-4ccb-84f2-35baecdc3b62"}}
[debug] &amp#27;[35m[W3C (7dd01e91)]&amp#27;[39m Responding to client with driver.findElement() result: {"element-6066-11e4-a52e-4f735466cecf":"31353774-4dde-4ccb-84f2-35baecdc3b62","ELEMENT":"31353774-4dde-4ccb-84f2-35baecdc3b62"}
&amp#27;[35m[HTTP]&amp#27;[39m &amp#27;[37m<-- POST /wd/hub/session/7dd01e91-f214-4a6b-b94c-a232b2befd08/element &amp#27;[39m&amp#27;[32m200&amp#27;[39m &amp#27;[90m2579 ms - 137&amp#27;[39m
&amp#27;[35m[HTTP]&amp#27;[39m &amp#27;[90m&amp#27;[39m
&amp#27;[35m[HTTP]&amp#27;[39m &amp#27;[37m-->&amp#27;[39m &amp#27;[37mPOST&amp#27;[39m &amp#27;[37m/wd/hub/session/7dd01e91-f214-4a6b-b94c-a232b2befd08/element/31353774-4dde-4ccb-84f2-35baecdc3b62/click&amp#27;[39m
&amp#27;[35m[HTTP]&amp#27;[39m &amp#27;[90m{"id":"31353774-4dde-4ccb-84f2-35baecdc3b62"}&amp#27;[39m
[debug] &amp#27;[35m[W3C (7dd01e91)]&amp#27;[39m Calling AppiumDriver.click() with args: ["31353774-4dde-4ccb-84f2-35baecdc3b62","7dd01e91-f214-4a6b-b94c-a232b2befd08"]
[debug] &amp#27;[35m[WD Proxy]&amp#27;[39m Matched '/element/31353774-4dde-4ccb-84f2-35baecdc3b62/click' to command name 'click'
[debug] &amp#27;[35m[WD Proxy]&amp#27;[39m Proxying [POST /element/31353774-4dde-4ccb-84f2-35baecdc3b62/click] to [POST http://127.0.0.1:8201/wd/hub/session/b987776d-9704-461a-a1d3-e69fb61acdf7/element/31353774-4dde-4ccb-84f2-35baecdc3b62/click] with body: {"element":"31353774-4dde-4ccb-84f2-35baecdc3b62"}
[debug] &amp#27;[35m[WD Proxy]&amp#27;[39m Got response with status 200: {"sessionId":"b987776d-9704-461a-a1d3-e69fb61acdf7","value":null}
[debug] &amp#27;[35m[W3C (7dd01e91)]&amp#27;[39m Responding to client with driver.click() result: null
&amp#27;[35m[HTTP]&amp#27;[39m &amp#27;[37m<-- POST /wd/hub/session/7dd01e91-f214-4a6b-b94c-a232b2befd08/element/31353774-4dde-4ccb-84f2-35baecdc3b62/click &amp#27;[39m&amp#27;[32m200&amp#27;[39m &amp#27;[90m135 ms - 14&amp#27;[39m
&amp#27;[35m[HTTP]&amp#27;[39m &amp#27;[90m&amp#27;[39m
&amp#27;[35m[HTTP]&amp#27;[39m &amp#27;[37m-->&amp#27;[39m &amp#27;[37mPOST&amp#27;[39m &amp#27;[37m/wd/hub/session/7dd01e91-f214-4a6b-b94c-a232b2befd08/element&amp#27;[39m
&amp#27;[35m[HTTP]&amp#27;[39m &amp#27;[90m{"using":"id","value":"com.android.permissioncontroller:id/permission_allow_foreground_only_button"}&amp#27;[39m
[debug] &amp#27;[35m[W3C (7dd01e91)]&amp#27;[39m Calling AppiumDriver.findElement() with args: ["id","com.android.permissioncontroller:id/permission_allow_foreground_only_button","7dd01e91-f214-4a6b-b94c-a232b2befd08"]
[debug] &amp#27;[35m[BaseDriver]&amp#27;[39m Valid locator strategies for this request: xpath, id, class name, accessibility id, css selector, -android uiautomator
[debug] &amp#27;[35m[BaseDriver]&amp#27;[39m Waiting up to 50000 ms for condition
[debug] &amp#27;[35m[WD Proxy]&amp#27;[39m Matched '/element' to command name 'findElement'
[debug] &amp#27;[35m[WD Proxy]&amp#27;[39m Proxying [POST /element] to [POST http://127.0.0.1:8201/wd/hub/session/b987776d-9704-461a-a1d3-e69fb61acdf7/element] with body: {"strategy":"id","selector":"com.android.permissioncontroller:id/permission_allow_foreground_only_button","context":"","multiple":false}
&amp#27;[35m[WD Proxy]&amp#27;[39m Got response with status 404: {"sessionId":"b987776d-9704-461a-a1d3-e69fb61acdf7","value":{"error":"no such element","message":"An element could not be located on the page using the given search parameters","stacktrace":"io.appium.uiautomator2.common.exceptions.ElementNotFoundException: An element could not be located on the page using the given search parameters\n\tat io.appium.uiautomator2.handler.FindElement.safeHandle(FindElement.java:70)\n\tat io.appium.uiautomator2.handler.request.SafeRequestHandler.handle(SafeRequestHandler.java:41)\n\tat io.appium.uiautomator2.server.AppiumServlet.handleRequest(AppiumServlet.java:261)\n\tat io.appium.uiautomator2.server.AppiumServlet.handleHttpRequest(AppiumServlet.java:255)\n\tat io.appium.uiautomator2.http.ServerHandler.channelRead(ServerHandler.java:68)\n\tat io.netty.channel.AbstractChannelHandlerContext.invokeChannelRead(AbstractChannelHandlerContext.java:366)\n\tat io.netty.channel.AbstractChannelHandlerContext.invokeChannelRead(AbstractChannelHandlerContext.java:352)\n\tat io.netty.chann...
[debug] &amp#27;[35m[W3C]&amp#27;[39m Matched W3C error code 'no such element' to NoSuchElementError
[debug] &amp#27;[35m[BaseDriver]&amp#27;[39m Waited for 475 ms so far
[debug] &amp#27;[35m[WD Proxy]&amp#27;[39m Matched '/element' to command name 'findElement'
[debug] &amp#27;[35m[WD Proxy]&amp#27;[39m Proxying [POST /element] to [POST http://127.0.0.1:8201/wd/hub/session/b987776d-9704-461a-a1d3-e69fb61acdf7/element] with body: {"strategy":"id","selector":"com.android.permissioncontroller:id/permission_allow_foreground_only_button","context":"","multiple":false}
[debug] &amp#27;[35m[WD Proxy]&amp#27;[39m Got response with status 200: {"sessionId":"b987776d-9704-461a-a1d3-e69fb61acdf7","value":{"ELEMENT":"f9678c09-3dbc-4064-a9d2-65484271f2e6","element-6066-11e4-a52e-4f735466cecf":"f9678c09-3dbc-4064-a9d2-65484271f2e6"}}
[debug] &amp#27;[35m[W3C (7dd01e91)]&amp#27;[39m Responding to client with driver.findElement() result: {"element-6066-11e4-a52e-4f735466cecf":"f9678c09-3dbc-4064-a9d2-65484271f2e6","ELEMENT":"f9678c09-3dbc-4064-a9d2-65484271f2e6"}
&amp#27;[35m[HTTP]&amp#27;[39m &amp#27;[37m<-- POST /wd/hub/session/7dd01e91-f214-4a6b-b94c-a232b2befd08/element &amp#27;[39m&amp#27;[32m200&amp#27;[39m &amp#27;[90m1202 ms - 137&amp#27;[39m
&amp#27;[35m[HTTP]&amp#27;[39m &amp#27;[90m&amp#27;[39m
&amp#27;[35m[HTTP]&amp#27;[39m &amp#27;[37m-->&amp#27;[39m &amp#27;[37mPOST&amp#27;[39m &amp#27;[37m/wd/hub/session/7dd01e91-f214-4a6b-b94c-a232b2befd08/element/f9678c09-3dbc-4064-a9d2-65484271f2e6/click&amp#27;[39m
&amp#27;[35m[HTTP]&amp#27;[39m &amp#27;[90m{"id":"f9678c09-3dbc-4064-a9d2-65484271f2e6"}&amp#27;[39m
[debug] &amp#27;[35m[W3C (7dd01e91)]&amp#27;[39m Calling AppiumDriver.click() with args: ["f9678c09-3dbc-4064-a9d2-65484271f2e6","7dd01e91-f214-4a6b-b94c-a232b2befd08"]
[debug] &amp#27;[35m[WD Proxy]&amp#27;[39m Matched '/element/f9678c09-3dbc-4064-a9d2-65484271f2e6/click' to command name 'click'
[debug] &amp#27;[35m[WD Proxy]&amp#27;[39m Proxying [POST /element/f9678c09-3dbc-4064-a9d2-65484271f2e6/click] to [POST http://127.0.0.1:8201/wd/hub/session/b987776d-9704-461a-a1d3-e69fb61acdf7/element/f9678c09-3dbc-4064-a9d2-65484271f2e6/click] with body: {"element":"f9678c09-3dbc-4064-a9d2-65484271f2e6"}
[debug] &amp#27;[35m[WD Proxy]&amp#27;[39m Got response with status 200: {"sessionId":"b987776d-9704-461a-a1d3-e69fb61acdf7","value":null}
[debug] &amp#27;[35m[W3C (7dd01e91)]&amp#27;[39m Responding to client with driver.click() result: null
&amp#27;[35m[HTTP]&amp#27;[39m &amp#27;[37m<-- POST /wd/hub/session/7dd01e91-f214-4a6b-b94c-a232b2befd08/element/f9678c09-3dbc-4064-a9d2-65484271f2e6/click &amp#27;[39m&amp#27;[32m200&amp#27;[39m &amp#27;[90m57 ms - 14&amp#27;[39m
&amp#27;[35m[HTTP]&amp#27;[39m &amp#27;[90m&amp#27;[39m
&amp#27;[35m[HTTP]&amp#27;[39m &amp#27;[37m-->&amp#27;[39m &amp#27;[37mPOST&amp#27;[39m &amp#27;[37m/wd/hub/session/7dd01e91-f214-4a6b-b94c-a232b2befd08/element&amp#27;[39m
&amp#27;[35m[HTTP]&amp#27;[39m &amp#27;[90m{"using":"-android uiautomator","value":"new UiScrollable(new UiSelector()).scrollIntoView(text(\"SAMSUNG 192 L Direct Cool Single Door 2 Star Refrigerator\"))"}&amp#27;[39m
[debug] &amp#27;[35m[W3C (7dd01e91)]&amp#27;[39m Calling AppiumDriver.findElement() with args: ["-android uiautomator","new UiScrollable(new UiSelector()).scrollIntoView(text(\"SAMSUNG 192 L Direct Cool Single Door 2 Star Refrigerator\"))","7dd01e91-f214-4a6b-b94c-a232b2befd08"]
[debug] &amp#27;[35m[BaseDriver]&amp#27;[39m Valid locator strategies for this request: xpath, id, class name, accessibility id, css selector, -android uiautomator
[debug] &amp#27;[35m[BaseDriver]&amp#27;[39m Waiting up to 50000 ms for condition
[debug] &amp#27;[35m[WD Proxy]&amp#27;[39m Matched '/element' to command name 'findElement'
[debug] &amp#27;[35m[WD Proxy]&amp#27;[39m Proxying [POST /element] to [POST http://127.0.0.1:8201/wd/hub/session/b987776d-9704-461a-a1d3-e69fb61acdf7/element] with body: {"strategy":"-android uiautomator","selector":"new UiScrollable(new UiSelector()).scrollIntoView(text(\"SAMSUNG 192 L Direct Cool Single Door 2 Star Refrigerator\"))","context":"","multiple":false}
[debug] &amp#27;[35m[WD Proxy]&amp#27;[39m Got response with status 200: {"sessionId":"b987776d-9704-461a-a1d3-e69fb61acdf7","value":{"ELEMENT":"8ab47f73-d9f3-46c4-8c37-6f3f01c9a097","element-6066-11e4-a52e-4f735466cecf":"8ab47f73-d9f3-46c4-8c37-6f3f01c9a097"}}
[debug] &amp#27;[35m[W3C (7dd01e91)]&amp#27;[39m Responding to client with driver.findElement() result: {"element-6066-11e4-a52e-4f735466cecf":"8ab47f73-d9f3-46c4-8c37-6f3f01c9a097","ELEMENT":"8ab47f73-d9f3-46c4-8c37-6f3f01c9a097"}
&amp#27;[35m[HTTP]&amp#27;[39m &amp#27;[37m<-- POST /wd/hub/session/7dd01e91-f214-4a6b-b94c-a232b2befd08/element &amp#27;[39m&amp#27;[32m200&amp#27;[39m &amp#27;[90m7746 ms - 137&amp#27;[39m
&amp#27;[35m[HTTP]&amp#27;[39m &amp#27;[90m&amp#27;[39m
&amp#27;[35m[HTTP]&amp#27;[39m &amp#27;[37m-->&amp#27;[39m &amp#27;[37mPOST&amp#27;[39m &amp#27;[37m/wd/hub/session/7dd01e91-f214-4a6b-b94c-a232b2befd08/element&amp#27;[39m
&amp#27;[35m[HTTP]&amp#27;[39m &amp#27;[90m{"using":"xpath","value":"//*[@text='SAMSUNG 192 L Direct Cool Single Door 2 Star Refrigerator']"}&amp#27;[39m
[debug] &amp#27;[35m[W3C (7dd01e91)]&amp#27;[39m Calling AppiumDriver.findElement() with args: ["xpath","//*[@text='SAMSUNG 192 L Direct Cool Single Door 2 Star Refrigerator']","7dd01e91-f214-4a6b-b94c-a232b2befd08"]
[debug] &amp#27;[35m[BaseDriver]&amp#27;[39m Valid locator strategies for this request: xpath, id, class name, accessibility id, css selector, -android uiautomator
[debug] &amp#27;[35m[BaseDriver]&amp#27;[39m Waiting up to 50000 ms for condition
[debug] &amp#27;[35m[WD Proxy]&amp#27;[39m Matched '/element' to command name 'findElement'
[debug] &amp#27;[35m[WD Proxy]&amp#27;[39m Proxying [POST /element] to [POST http://127.0.0.1:8201/wd/hub/session/b987776d-9704-461a-a1d3-e69fb61acdf7/element] with body: {"strategy":"xpath","selector":"//*[@text='SAMSUNG 192 L Direct Cool Single Door 2 Star Refrigerator']","context":"","multiple":false}
[debug] &amp#27;[35m[WD Proxy]&amp#27;[39m Got response with status 200: {"sessionId":"b987776d-9704-461a-a1d3-e69fb61acdf7","value":{"ELEMENT":"de3a6280-3473-49e0-8dd4-8e2a1141255e","element-6066-11e4-a52e-4f735466cecf":"de3a6280-3473-49e0-8dd4-8e2a1141255e"}}
[debug] &amp#27;[35m[W3C (7dd01e91)]&amp#27;[39m Responding to client with driver.findElement() result: {"element-6066-11e4-a52e-4f735466cecf":"de3a6280-3473-49e0-8dd4-8e2a1141255e","ELEMENT":"de3a6280-3473-49e0-8dd4-8e2a1141255e"}
&amp#27;[35m[HTTP]&amp#27;[39m &amp#27;[37m<-- POST /wd/hub/session/7dd01e91-f214-4a6b-b94c-a232b2befd08/element &amp#27;[39m&amp#27;[32m200&amp#27;[39m &amp#27;[90m330 ms - 137&amp#27;[39m
&amp#27;[35m[HTTP]&amp#27;[39m &amp#27;[90m&amp#27;[39m
&amp#27;[35m[HTTP]&amp#27;[39m &amp#27;[37m-->&amp#27;[39m &amp#27;[37mPOST&amp#27;[39m &amp#27;[37m/wd/hub/session/7dd01e91-f214-4a6b-b94c-a232b2befd08/element/de3a6280-3473-49e0-8dd4-8e2a1141255e/click&amp#27;[39m
&amp#27;[35m[HTTP]&amp#27;[39m &amp#27;[90m{"id":"de3a6280-3473-49e0-8dd4-8e2a1141255e"}&amp#27;[39m
[debug] &amp#27;[35m[W3C (7dd01e91)]&amp#27;[39m Calling AppiumDriver.click() with args: ["de3a6280-3473-49e0-8dd4-8e2a1141255e","7dd01e91-f214-4a6b-b94c-a232b2befd08"]
[debug] &amp#27;[35m[WD Proxy]&amp#27;[39m Matched '/element/de3a6280-3473-49e0-8dd4-8e2a1141255e/click' to command name 'click'
[debug] &amp#27;[35m[WD Proxy]&amp#27;[39m Proxying [POST /element/de3a6280-3473-49e0-8dd4-8e2a1141255e/click] to [POST http://127.0.0.1:8201/wd/hub/session/b987776d-9704-461a-a1d3-e69fb61acdf7/element/de3a6280-3473-49e0-8dd4-8e2a1141255e/click] with body: {"element":"de3a6280-3473-49e0-8dd4-8e2a1141255e"}
[debug] &amp#27;[35m[WD Proxy]&amp#27;[39m Got response with status 200: {"sessionId":"b987776d-9704-461a-a1d3-e69fb61acdf7","value":null}
[debug] &amp#27;[35m[W3C (7dd01e91)]&amp#27;[39m Responding to client with driver.click() result: null
&amp#27;[35m[HTTP]&amp#27;[39m &amp#27;[37m<-- POST /wd/hub/session/7dd01e91-f214-4a6b-b94c-a232b2befd08/element/de3a6280-3473-49e0-8dd4-8e2a1141255e/click &amp#27;[39m&amp#27;[32m200&amp#27;[39m &amp#27;[90m43 ms - 14&amp#27;[39m
&amp#27;[35m[HTTP]&amp#27;[39m &amp#27;[90m&amp#27;[39m
&amp#27;[35m[HTTP]&amp#27;[39m &amp#27;[37m-->&amp#27;[39m &amp#27;[37mPOST&amp#27;[39m &amp#27;[37m/wd/hub/session/7dd01e91-f214-4a6b-b94c-a232b2befd08/timeouts&amp#27;[39m
&amp#27;[35m[HTTP]&amp#27;[39m &amp#27;[90m{"implicit":40000}&amp#27;[39m
[debug] &amp#27;[35m[W3C (7dd01e91)]&amp#27;[39m Calling AppiumDriver.timeouts() with args: [null,null,null,null,40000,"7dd01e91-f214-4a6b-b94c-a232b2befd08"]
[debug] &amp#27;[35m[BaseDriver]&amp#27;[39m W3C timeout argument: {"implicit":40000}}
[debug] &amp#27;[35m[BaseDriver]&amp#27;[39m Set implicit wait to 40000ms
[debug] &amp#27;[35m[W3C (7dd01e91)]&amp#27;[39m Responding to client with driver.timeouts() result: null
&amp#27;[35m[HTTP]&amp#27;[39m &amp#27;[37m<-- POST /wd/hub/session/7dd01e91-f214-4a6b-b94c-a232b2befd08/timeouts &amp#27;[39m&amp#27;[32m200&amp#27;[39m &amp#27;[90m2 ms - 14&amp#27;[39m
&amp#27;[35m[HTTP]&amp#27;[39m &amp#27;[90m&amp#27;[39m
]]></system-out>
    <system-err><![CDATA[Jun 21, 2021 12:22:42 PM io.appium.java_client.remote.AppiumCommandExecutor$1 lambda$0
INFO: Detected dialect: W3C
]]></system-err>
  </testcase>
  <testcase name="addToCart" classname="com.flipcart.tests.AddToCart" time="59.52">
    <system-out><![CDATA[&amp#27;[35m[HTTP]&amp#27;[39m &amp#27;[37m-->&amp#27;[39m &amp#27;[37mDELETE&amp#27;[39m &amp#27;[37m/wd/hub/session/7dd01e91-f214-4a6b-b94c-a232b2befd08&amp#27;[39m
&amp#27;[35m[HTTP]&amp#27;[39m &amp#27;[90m{}&amp#27;[39m
[debug] &amp#27;[35m[W3C (7dd01e91)]&amp#27;[39m Calling AppiumDriver.deleteSession() with args: ["7dd01e91-f214-4a6b-b94c-a232b2befd08"]
[debug] &amp#27;[35m[BaseDriver]&amp#27;[39m Event 'quitSessionRequested' logged at 1624258405125 (12:23:25 GMT+0530 (India Standard Time))
&amp#27;[35m[Appium]&amp#27;[39m Removing session 7dd01e91-f214-4a6b-b94c-a232b2befd08 from our master session list
[debug] &amp#27;[35m[UiAutomator2]&amp#27;[39m Deleting UiAutomator2 session
[debug] &amp#27;[35m[UiAutomator2]&amp#27;[39m Deleting UiAutomator2 server session
[debug] &amp#27;[35m[WD Proxy]&amp#27;[39m Matched '/' to command name 'deleteSession'
[debug] &amp#27;[35m[WD Proxy]&amp#27;[39m Proxying [DELETE /] to [DELETE http://127.0.0.1:8201/wd/hub/session/b987776d-9704-461a-a1d3-e69fb61acdf7] with no body
[debug] &amp#27;[35m[WD Proxy]&amp#27;[39m Got response with status 200: {"sessionId":"b987776d-9704-461a-a1d3-e69fb61acdf7","value":null}
[debug] &amp#27;[35m[ADB]&amp#27;[39m Running 'C:\Users\pradi\AppData\Local\Android\Sdk\platform-tools\adb.exe -P 5037 -s RZ8M40MZXJT shell am force-stop com.flipkart.android'
[debug] &amp#27;[35m[Logcat]&amp#27;[39m Stopping logcat capture
[debug] &amp#27;[35m[ADB]&amp#27;[39m Removing forwarded port socket connection: 8201 
[debug] &amp#27;[35m[ADB]&amp#27;[39m Running 'C:\Users\pradi\AppData\Local\Android\Sdk\platform-tools\adb.exe -P 5037 -s RZ8M40MZXJT forward --remove tcp:8201'
&amp#27;[35m[UiAutomator2]&amp#27;[39m Restoring hidden api policy to the device default configuration
[debug] &amp#27;[35m[ADB]&amp#27;[39m Running 'C:\Users\pradi\AppData\Local\Android\Sdk\platform-tools\adb.exe -P 5037 -s RZ8M40MZXJT shell 'settings delete global hidden_api_policy_pre_p_apps;settings delete global hidden_api_policy_p_apps;settings delete global hidden_api_policy''
[debug] &amp#27;[35m[BaseDriver]&amp#27;[39m Event 'quitSessionFinished' logged at 1624258405655 (12:23:25 GMT+0530 (India Standard Time))
[debug] &amp#27;[35m[W3C (7dd01e91)]&amp#27;[39m Received response: null
[debug] &amp#27;[35m[W3C (7dd01e91)]&amp#27;[39m But deleting session, so not returning
[debug] &amp#27;[35m[W3C (7dd01e91)]&amp#27;[39m Responding to client with driver.deleteSession() result: null
&amp#27;[35m[HTTP]&amp#27;[39m &amp#27;[37m<-- DELETE /wd/hub/session/7dd01e91-f214-4a6b-b94c-a232b2befd08 &amp#27;[39m&amp#27;[32m200&amp#27;[39m &amp#27;[90m532 ms - 14&amp#27;[39m
&amp#27;[35m[HTTP]&amp#27;[39m &amp#27;[90m&amp#27;[39m
&amp#27;[35m[Appium]&amp#27;[39m Welcome to Appium v1.20.2
&amp#27;[35m[Appium]&amp#27;[39m Appium REST http interface listener started on 0.0.0.0:4723
&amp#27;[35m[HTTP]&amp#27;[39m &amp#27;[37m-->&amp#27;[39m &amp#27;[37mGET&amp#27;[39m &amp#27;[37m/wd/hub/status&amp#27;[39m
&amp#27;[35m[HTTP]&amp#27;[39m &amp#27;[90m{}&amp#27;[39m
[debug] &amp#27;[35m[GENERIC]&amp#27;[39m Calling AppiumDriver.getStatus() with args: []
[debug] &amp#27;[35m[GENERIC]&amp#27;[39m Responding to client with driver.getStatus() result: {"build":{"version":"1.20.2"}}
&amp#27;[35m[HTTP]&amp#27;[39m &amp#27;[37m<-- GET /wd/hub/status &amp#27;[39m&amp#27;[32m200&amp#27;[39m &amp#27;[90m8 ms - 68&amp#27;[39m
&amp#27;[35m[HTTP]&amp#27;[39m &amp#27;[90m&amp#27;[39m
[debug] &amp#27;[35m[HTTP]&amp#27;[39m Request idempotency key: 5af7e986-34d8-4cb6-87fd-637a77d498ca
&amp#27;[35m[HTTP]&amp#27;[39m &amp#27;[37m-->&amp#27;[39m &amp#27;[37mPOST&amp#27;[39m &amp#27;[37m/wd/hub/session&amp#27;[39m
&amp#27;[35m[HTTP]&amp#27;[39m &amp#27;[90m{"desiredCapabilities":{"app":"C:\\Users\\pradi\\eclipse-workspace\\FlipcartAppV4\\FlipcartApp4\\src\\flipkart.apk","automationName":"uiautomator2","platformName":"Android","udid":"RZ8M40MZXJT","deviceName":"samsung"},"capabilities":{"firstMatch":[{"appium:app":"C:\\Users\\pradi\\eclipse-workspace\\FlipcartAppV4\\FlipcartApp4\\src\\flipkart.apk","appium:automationName":"uiautomator2","appium:deviceName":"samsung","platformName":"android","appium:udid":"RZ8M40MZXJT"}]}}&amp#27;[39m
[debug] &amp#27;[35m[W3C]&amp#27;[39m Calling AppiumDriver.createSession() with args: [{"app":"C:\\Users\\pradi\\eclipse-workspace\\FlipcartAppV4\\FlipcartApp4\\src\\flipkart.apk","automationName":"uiautomator2","platformName":"Android","udid":"RZ8M40MZXJT","deviceName":"samsung"},null,{"firstMatch":[{"appium:app":"C:\\Users\\pradi\\eclipse-workspace\\FlipcartAppV4\\FlipcartApp4\\src\\flipkart.apk","appium:automationName":"uiautomator2","appium:deviceName":"samsung","platformName":"android","appium:udid":"RZ8M40MZXJT"}]}]
[debug] &amp#27;[35m[BaseDriver]&amp#27;[39m Event 'newSessionRequested' logged at 1624258408206 (12:23:28 GMT+0530 (India Standard Time))
&amp#27;[35m[Appium]&amp#27;[39m Appium v1.20.2 creating new AndroidUiautomator2Driver (v1.61.2) session
[debug] &amp#27;[35m[BaseDriver]&amp#27;[39m W3C capabilities and MJSONWP desired capabilities were provided
[debug] &amp#27;[35m[BaseDriver]&amp#27;[39m Creating session with W3C capabilities: {
[debug] &amp#27;[35m[BaseDriver]&amp#27;[39m   "alwaysMatch": {
[debug] &amp#27;[35m[BaseDriver]&amp#27;[39m     "platformName": "android",
[debug] &amp#27;[35m[BaseDriver]&amp#27;[39m     "appium:app": "C:\\Users\\pradi\\eclipse-workspace\\FlipcartAppV4\\FlipcartApp4\\src\\flipkart.apk",
[debug] &amp#27;[35m[BaseDriver]&amp#27;[39m     "appium:automationName": "uiautomator2",
[debug] &amp#27;[35m[BaseDriver]&amp#27;[39m     "appium:deviceName": "samsung",
[debug] &amp#27;[35m[BaseDriver]&amp#27;[39m     "appium:udid": "RZ8M40MZXJT"
[debug] &amp#27;[35m[BaseDriver]&amp#27;[39m   },
[debug] &amp#27;[35m[BaseDriver]&amp#27;[39m   "firstMatch": [
[debug] &amp#27;[35m[BaseDriver]&amp#27;[39m     {}
[debug] &amp#27;[35m[BaseDriver]&amp#27;[39m   ]
[debug] &amp#27;[35m[BaseDriver]&amp#27;[39m }
&amp#27;[35m[BaseDriver]&amp#27;[39m Session created with session id: e420f46d-3e7e-4202-b14f-536a119db8d8
&amp#27;[35m[BaseDriver]&amp#27;[39m Using local app 'C:\Users\pradi\eclipse-workspace\FlipcartAppV4\FlipcartApp4\src\flipkart.apk'
[debug] &amp#27;[35m[UiAutomator2]&amp#27;[39m Checking whether app is actually present
&amp#27;[35m[ADB]&amp#27;[39m Found 4 'build-tools' folders under 'C:\Users\pradi\AppData\Local\Android\Sdk' (newest first):
&amp#27;[35m[ADB]&amp#27;[39m     C:/Users/pradi/AppData/Local/Android/Sdk/build-tools/30.0.2
&amp#27;[35m[ADB]&amp#27;[39m     C:/Users/pradi/AppData/Local/Android/Sdk/build-tools/28.0.1
&amp#27;[35m[ADB]&amp#27;[39m     C:/Users/pradi/AppData/Local/Android/Sdk/build-tools/28.0.0
&amp#27;[35m[ADB]&amp#27;[39m     C:/Users/pradi/AppData/Local/Android/Sdk/build-tools/27.0.3
&amp#27;[35m[ADB]&amp#27;[39m Using 'adb.exe' from 'C:\Users\pradi\AppData\Local\Android\Sdk\platform-tools\adb.exe'
[debug] &amp#27;[35m[ADB]&amp#27;[39m Running 'C:\Users\pradi\AppData\Local\Android\Sdk\platform-tools\adb.exe -P 5037 start-server'
&amp#27;[35m[AndroidDriver]&amp#27;[39m Retrieving device list
[debug] &amp#27;[35m[ADB]&amp#27;[39m Trying to find a connected android device
[debug] &amp#27;[35m[ADB]&amp#27;[39m Getting connected devices
[debug] &amp#27;[35m[ADB]&amp#27;[39m Connected devices: [{"udid":"RZ8M40MZXJT","state":"device"}]
&amp#27;[35m[AndroidDriver]&amp#27;[39m Using device: RZ8M40MZXJT
&amp#27;[35m[ADB]&amp#27;[39m Using 'adb.exe' from 'C:\Users\pradi\AppData\Local\Android\Sdk\platform-tools\adb.exe'
[debug] &amp#27;[35m[ADB]&amp#27;[39m Running 'C:\Users\pradi\AppData\Local\Android\Sdk\platform-tools\adb.exe -P 5037 start-server'
[debug] &amp#27;[35m[ADB]&amp#27;[39m Setting device id to RZ8M40MZXJT
[debug] &amp#27;[35m[ADB]&amp#27;[39m Running 'C:\Users\pradi\AppData\Local\Android\Sdk\platform-tools\adb.exe -P 5037 -s RZ8M40MZXJT shell getprop ro.build.version.sdk'
[debug] &amp#27;[35m[ADB]&amp#27;[39m Current device property 'ro.build.version.sdk': 30
&amp#27;[35m[ADB]&amp#27;[39m Getting device platform version
[debug] &amp#27;[35m[ADB]&amp#27;[39m Running 'C:\Users\pradi\AppData\Local\Android\Sdk\platform-tools\adb.exe -P 5037 -s RZ8M40MZXJT shell getprop ro.build.version.release'
[debug] &amp#27;[35m[ADB]&amp#27;[39m Current device property 'ro.build.version.release': 11
[debug] &amp#27;[35m[ADB]&amp#27;[39m Device API level: 30
&amp#27;[35m[UiAutomator2]&amp#27;[39m Relaxing hidden api policy
[debug] &amp#27;[35m[ADB]&amp#27;[39m Running 'C:\Users\pradi\AppData\Local\Android\Sdk\platform-tools\adb.exe -P 5037 -s RZ8M40MZXJT shell 'settings put global hidden_api_policy_pre_p_apps 1;settings put global hidden_api_policy_p_apps 1;settings put global hidden_api_policy 1''
[debug] &amp#27;[35m[AndroidDriver]&amp#27;[39m Parsing package and activity from app manifest
&amp#27;[35m[ADB]&amp#27;[39m Package name: 'com.flipkart.android'
&amp#27;[35m[ADB]&amp#27;[39m Main activity name: 'com.flipkart.android.SplashActivity'
[debug] &amp#27;[35m[AndroidDriver]&amp#27;[39m Parsed package and activity are: com.flipkart.android/com.flipkart.android.SplashActivity
[debug] &amp#27;[35m[ADB]&amp#27;[39m Running 'C:\Users\pradi\AppData\Local\Android\Sdk\platform-tools\adb.exe -P 5037 -s RZ8M40MZXJT wait-for-device'
[debug] &amp#27;[35m[ADB]&amp#27;[39m Running 'C:\Users\pradi\AppData\Local\Android\Sdk\platform-tools\adb.exe -P 5037 -s RZ8M40MZXJT shell echo ping'
[debug] &amp#27;[35m[AndroidDriver]&amp#27;[39m Pushing settings apk to device...
[debug] &amp#27;[35m[ADB]&amp#27;[39m Getting install status for io.appium.settings
[debug] &amp#27;[35m[ADB]&amp#27;[39m Running 'C:\Users\pradi\AppData\Local\Android\Sdk\platform-tools\adb.exe -P 5037 -s RZ8M40MZXJT shell dumpsys package io.appium.settings'
[debug] &amp#27;[35m[ADB]&amp#27;[39m 'io.appium.settings' is installed
[debug] &amp#27;[35m[ADB]&amp#27;[39m Getting package info for 'io.appium.settings'
[debug] &amp#27;[35m[ADB]&amp#27;[39m Running 'C:\Users\pradi\AppData\Local\Android\Sdk\platform-tools\adb.exe -P 5037 -s RZ8M40MZXJT shell dumpsys package io.appium.settings'
[debug] &amp#27;[35m[ADB]&amp#27;[39m The version name of the installed 'io.appium.settings' is greater or equal to the application version name ('3.2.1' >= '3.2.1')
[debug] &amp#27;[35m[ADB]&amp#27;[39m There is no need to install/upgrade 'C:\Users\pradi\AppData\Roaming\npm\node_modules\appium\node_modules\io.appium.settings\apks\settings_apk-debug.apk'
[debug] &amp#27;[35m[ADB]&amp#27;[39m Getting IDs of all 'io.appium.settings' processes
[debug] &amp#27;[35m[ADB]&amp#27;[39m Running 'C:\Users\pradi\AppData\Local\Android\Sdk\platform-tools\adb.exe -P 5037 -s RZ8M40MZXJT shell 'pgrep --help; echo $?''
[debug] &amp#27;[35m[ADB]&amp#27;[39m Running 'C:\Users\pradi\AppData\Local\Android\Sdk\platform-tools\adb.exe -P 5037 -s RZ8M40MZXJT shell pgrep -f \(\[\[:blank:\]\]\|\^\)io\.appium\.settings\(\[\[:blank:\]\]\|\$\)'
[debug] &amp#27;[35m[AndroidDriver]&amp#27;[39m io.appium.settings is already running. There is no need to reset its permissions.
[debug] &amp#27;[35m[ADB]&amp#27;[39m Running 'C:\Users\pradi\AppData\Local\Android\Sdk\platform-tools\adb.exe -P 5037 -s RZ8M40MZXJT shell appops set io.appium.settings android:mock_location allow'
[debug] &amp#27;[35m[Logcat]&amp#27;[39m Starting logs capture with command: C:\\Users\\pradi\\AppData\\Local\\Android\\Sdk\\platform-tools\\adb.exe -P 5037 -s RZ8M40MZXJT logcat -v threadtime
[debug] &amp#27;[35m[UiAutomator2]&amp#27;[39m Forwarding UiAutomator2 Server port 6790 to local port 8201
[debug] &amp#27;[35m[ADB]&amp#27;[39m Forwarding system: 8201 to device: 6790
[debug] &amp#27;[35m[ADB]&amp#27;[39m Running 'C:\Users\pradi\AppData\Local\Android\Sdk\platform-tools\adb.exe -P 5037 -s RZ8M40MZXJT forward tcp:8201 tcp:6790'
[debug] &amp#27;[35m[ADB]&amp#27;[39m Getting install status for io.appium.uiautomator2.server
[debug] &amp#27;[35m[ADB]&amp#27;[39m Running 'C:\Users\pradi\AppData\Local\Android\Sdk\platform-tools\adb.exe -P 5037 -s RZ8M40MZXJT shell dumpsys package io.appium.uiautomator2.server'
[debug] &amp#27;[35m[ADB]&amp#27;[39m 'io.appium.uiautomator2.server' is installed
[debug] &amp#27;[35m[ADB]&amp#27;[39m Getting package info for 'io.appium.uiautomator2.server'
[debug] &amp#27;[35m[ADB]&amp#27;[39m Running 'C:\Users\pradi\AppData\Local\Android\Sdk\platform-tools\adb.exe -P 5037 -s RZ8M40MZXJT shell dumpsys package io.appium.uiautomator2.server'
[debug] &amp#27;[35m[ADB]&amp#27;[39m The version name of the installed 'io.appium.uiautomator2.server' is greater or equal to the application version name ('4.17.4' >= '4.17.4')
[debug] &amp#27;[35m[UiAutomator2]&amp#27;[39m io.appium.uiautomator2.server installation state: sameVersionInstalled
[debug] &amp#27;[35m[ADB]&amp#27;[39m Checking app cert for C:\Users\pradi\AppData\Roaming\npm\node_modules\appium\node_modules\appium-uiautomator2-server\apks\appium-uiautomator2-server-v4.17.4.apk
&amp#27;[35m[ADB]&amp#27;[39m Using 'apksigner.jar' from 'C:\Users\pradi\AppData\Local\Android\Sdk\build-tools\30.0.2\lib\apksigner.jar'
[debug] &amp#27;[35m[ADB]&amp#27;[39m Starting apksigner: 'C:\\Program Files\\Java\\jdk1.8.0_181\\bin\\java.exe' -Xmx1024M -Xss1m -jar C:\\Users\\pradi\\AppData\\Local\\Android\\Sdk\\build-tools\\30.0.2\\lib\\apksigner.jar verify --print-certs C:\\Users\\pradi\\AppData\\Roaming\\npm\\node_modules\\appium\\node_modules\\appium-uiautomator2-server\\apks\\appium-uiautomator2-server-v4.17.4.apk
[debug] &amp#27;[35m[ADB]&amp#27;[39m apksigner stdout: Signer #1 certificate DN: EMAILADDRESS=android@android.com, CN=Android, OU=Android, O=Android, L=Mountain View, ST=California, C=US
[debug] &amp#27;[35m[ADB]&amp#27;[39m Signer #1 certificate SHA-256 digest: a40da80a59d170caa950cf15c18c454d47a39b26989d8b640ecd745ba71bf5dc
[debug] &amp#27;[35m[ADB]&amp#27;[39m Signer #1 certificate SHA-1 digest: 61ed377e85d386a8dfee6b864bd85b0bfaa5af81
[debug] &amp#27;[35m[ADB]&amp#27;[39m Signer #1 certificate MD5 digest: e89b158e4bcf988ebd09eb83f5378e87
[debug] &amp#27;[35m[ADB]&amp#27;[39m 
[debug] &amp#27;[35m[ADB]&amp#27;[39m sha256 hash did match for 'appium-uiautomator2-server-v4.17.4.apk'
&amp#27;[35m[ADB]&amp#27;[39m 'C:\Users\pradi\AppData\Roaming\npm\node_modules\appium\node_modules\appium-uiautomator2-server\apks\appium-uiautomator2-server-v4.17.4.apk' is signed with the default certificate
[debug] &amp#27;[35m[ADB]&amp#27;[39m Getting install status for io.appium.uiautomator2.server.test
[debug] &amp#27;[35m[ADB]&amp#27;[39m Running 'C:\Users\pradi\AppData\Local\Android\Sdk\platform-tools\adb.exe -P 5037 -s RZ8M40MZXJT shell dumpsys package io.appium.uiautomator2.server.test'
[debug] &amp#27;[35m[ADB]&amp#27;[39m 'io.appium.uiautomator2.server.test' is installed
[debug] &amp#27;[35m[ADB]&amp#27;[39m Checking app cert for C:\Users\pradi\AppData\Roaming\npm\node_modules\appium\node_modules\appium-uiautomator2-server\apks\appium-uiautomator2-server-debug-androidTest.apk
[debug] &amp#27;[35m[ADB]&amp#27;[39m Starting apksigner: 'C:\\Program Files\\Java\\jdk1.8.0_181\\bin\\java.exe' -Xmx1024M -Xss1m -jar C:\\Users\\pradi\\AppData\\Local\\Android\\Sdk\\build-tools\\30.0.2\\lib\\apksigner.jar verify --print-certs C:\\Users\\pradi\\AppData\\Roaming\\npm\\node_modules\\appium\\node_modules\\appium-uiautomator2-server\\apks\\appium-uiautomator2-server-debug-androidTest.apk
[debug] &amp#27;[35m[ADB]&amp#27;[39m apksigner stdout: Signer #1 certificate DN: EMAILADDRESS=android@android.com, CN=Android, OU=Android, O=Android, L=Mountain View, ST=California, C=US
[debug] &amp#27;[35m[ADB]&amp#27;[39m Signer #1 certificate SHA-256 digest: a40da80a59d170caa950cf15c18c454d47a39b26989d8b640ecd745ba71bf5dc
[debug] &amp#27;[35m[ADB]&amp#27;[39m Signer #1 certificate SHA-1 digest: 61ed377e85d386a8dfee6b864bd85b0bfaa5af81
[debug] &amp#27;[35m[ADB]&amp#27;[39m Signer #1 certificate MD5 digest: e89b158e4bcf988ebd09eb83f5378e87
[debug] &amp#27;[35m[ADB]&amp#27;[39m 
[debug] &amp#27;[35m[ADB]&amp#27;[39m sha256 hash did match for 'appium-uiautomator2-server-debug-androidTest.apk'
&amp#27;[35m[ADB]&amp#27;[39m 'C:\Users\pradi\AppData\Roaming\npm\node_modules\appium\node_modules\appium-uiautomator2-server\apks\appium-uiautomator2-server-debug-androidTest.apk' is signed with the default certificate
&amp#27;[35m[UiAutomator2]&amp#27;[39m Server packages are not going to be (re)installed
[debug] &amp#27;[35m[UiAutomator2]&amp#27;[39m Waiting up to 30000ms for services to be available
[debug] &amp#27;[35m[ADB]&amp#27;[39m Running 'C:\Users\pradi\AppData\Local\Android\Sdk\platform-tools\adb.exe -P 5037 -s RZ8M40MZXJT shell pm list instrumentation'
[debug] &amp#27;[35m[UiAutomator2]&amp#27;[39m Instrumentation target 'io.appium.uiautomator2.server.test/androidx.test.runner.AndroidJUnitRunner' is available
&amp#27;[35m[ADB]&amp#27;[39m Adding packages ["io.appium.settings","io.appium.uiautomator2.server","io.appium.uiautomator2.server.test"] to Doze whitelist
[debug] &amp#27;[35m[ADB]&amp#27;[39m Got the following command chunks to execute: [["dumpsys","deviceidle","whitelist","+io.appium.settings",";","dumpsys","deviceidle","whitelist","+io.appium.uiautomator2.server",";","dumpsys","deviceidle","whitelist","+io.appium.uiautomator2.server.test",";"]]
[debug] &amp#27;[35m[ADB]&amp#27;[39m Running 'C:\Users\pradi\AppData\Local\Android\Sdk\platform-tools\adb.exe -P 5037 -s RZ8M40MZXJT shell dumpsys deviceidle whitelist +io.appium.settings ; dumpsys deviceidle whitelist +io.appium.uiautomator2.server ; dumpsys deviceidle whitelist +io.appium.uiautomator2.server.test ;'
[debug] &amp#27;[35m[ADB]&amp#27;[39m Checking app cert for C:\Users\pradi\eclipse-workspace\FlipcartAppV4\FlipcartApp4\src\flipkart.apk
[debug] &amp#27;[35m[ADB]&amp#27;[39m Starting apksigner: 'C:\\Program Files\\Java\\jdk1.8.0_181\\bin\\java.exe' -Xmx1024M -Xss1m -jar C:\\Users\\pradi\\AppData\\Local\\Android\\Sdk\\build-tools\\30.0.2\\lib\\apksigner.jar verify --print-certs C:\\Users\\pradi\\eclipse-workspace\\FlipcartAppV4\\FlipcartApp4\\src\\flipkart.apk
[debug] &amp#27;[35m[ADB]&amp#27;[39m apksigner stdout: Signer #1 certificate DN: EMAILADDRESS=android@android.com, CN=Android, OU=Android, O=Android, L=Mountain View, ST=California, C=US
[debug] &amp#27;[35m[ADB]&amp#27;[39m Signer #1 certificate SHA-256 digest: a40da80a59d170caa950cf15c18c454d47a39b26989d8b640ecd745ba71bf5dc
[debug] &amp#27;[35m[ADB]&amp#27;[39m Signer #1 certificate SHA-1 digest: 61ed377e85d386a8dfee6b864bd85b0bfaa5af81
[debug] &amp#27;[35m[ADB]&amp#27;[39m Signer #1 certificate MD5 digest: e89b158e4bcf988ebd09eb83f5378e87
[debug] &amp#27;[35m[ADB]&amp#27;[39m 
[debug] &amp#27;[35m[ADB]&amp#27;[39m sha256 hash did match for 'flipkart.apk'
&amp#27;[35m[ADB]&amp#27;[39m 'C:\Users\pradi\eclipse-workspace\FlipcartAppV4\FlipcartApp4\src\flipkart.apk' is signed with the default certificate
[debug] &amp#27;[35m[ADB]&amp#27;[39m Getting install status for com.flipkart.android
[debug] &amp#27;[35m[ADB]&amp#27;[39m Running 'C:\Users\pradi\AppData\Local\Android\Sdk\platform-tools\adb.exe -P 5037 -s RZ8M40MZXJT shell dumpsys package com.flipkart.android'
[debug] &amp#27;[35m[ADB]&amp#27;[39m 'com.flipkart.android' is installed
[debug] &amp#27;[35m[ADB]&amp#27;[39m Getting package info for 'com.flipkart.android'
[debug] &amp#27;[35m[ADB]&amp#27;[39m Running 'C:\Users\pradi\AppData\Local\Android\Sdk\platform-tools\adb.exe -P 5037 -s RZ8M40MZXJT shell dumpsys package com.flipkart.android'
[debug] &amp#27;[35m[ADB]&amp#27;[39m The version name of the installed 'com.flipkart.android' is greater or equal to the application version name ('7.12.0' >= '7.12.0')
[debug] &amp#27;[35m[ADB]&amp#27;[39m There is no need to install/upgrade 'C:\Users\pradi\eclipse-workspace\FlipcartAppV4\FlipcartApp4\src\flipkart.apk'
&amp#27;[35m[AndroidDriver]&amp#27;[39m Performing fast reset on 'com.flipkart.android'
[debug] &amp#27;[35m[ADB]&amp#27;[39m Getting install status for com.flipkart.android
[debug] &amp#27;[35m[ADB]&amp#27;[39m Running 'C:\Users\pradi\AppData\Local\Android\Sdk\platform-tools\adb.exe -P 5037 -s RZ8M40MZXJT shell dumpsys package com.flipkart.android'
[debug] &amp#27;[35m[ADB]&amp#27;[39m 'com.flipkart.android' is installed
[debug] &amp#27;[35m[ADB]&amp#27;[39m Running 'C:\Users\pradi\AppData\Local\Android\Sdk\platform-tools\adb.exe -P 5037 -s RZ8M40MZXJT shell am force-stop com.flipkart.android'
[debug] &amp#27;[35m[ADB]&amp#27;[39m Running 'C:\Users\pradi\AppData\Local\Android\Sdk\platform-tools\adb.exe -P 5037 -s RZ8M40MZXJT shell pm clear com.flipkart.android'
[debug] &amp#27;[35m[AndroidDriver]&amp#27;[39m Performed fast reset on the installed 'com.flipkart.android' application (stop and clear)
[debug] &amp#27;[35m[UiAutomator2]&amp#27;[39m Performing shallow cleanup of automation leftovers
[debug] &amp#27;[35m[UiAutomator2]&amp#27;[39m No obsolete sessions have been detected (socket hang up)
[debug] &amp#27;[35m[ADB]&amp#27;[39m Running 'C:\Users\pradi\AppData\Local\Android\Sdk\platform-tools\adb.exe -P 5037 -s RZ8M40MZXJT shell am force-stop io.appium.uiautomator2.server.test'
&amp#27;[35m[UiAutomator2]&amp#27;[39m Starting UIAutomator2 server 4.17.4
&amp#27;[35m[UiAutomator2]&amp#27;[39m Using UIAutomator2 server from 'C:\Users\pradi\AppData\Roaming\npm\node_modules\appium\node_modules\appium-uiautomator2-server\apks\appium-uiautomator2-server-v4.17.4.apk' and test from 'C:\Users\pradi\AppData\Roaming\npm\node_modules\appium\node_modules\appium-uiautomator2-server\apks\appium-uiautomator2-server-debug-androidTest.apk'
&amp#27;[35m[UiAutomator2]&amp#27;[39m Waiting up to 30000ms for UiAutomator2 to be online...
[debug] &amp#27;[35m[ADB]&amp#27;[39m Creating ADB subprocess with args: ["-P",5037,"-s","RZ8M40MZXJT","shell","am","instrument","-w","io.appium.uiautomator2.server.test/androidx.test.runner.AndroidJUnitRunner"]
[debug] &amp#27;[35m[WD Proxy]&amp#27;[39m Matched '/status' to command name 'getStatus'
[debug] &amp#27;[35m[WD Proxy]&amp#27;[39m Proxying [GET /status] to [GET http://127.0.0.1:8201/wd/hub/status] with no body
&amp#27;[35m[WD Proxy]&amp#27;[39m socket hang up
[debug] &amp#27;[35m[WD Proxy]&amp#27;[39m Matched '/status' to command name 'getStatus'
[debug] &amp#27;[35m[WD Proxy]&amp#27;[39m Proxying [GET /status] to [GET http://127.0.0.1:8201/wd/hub/status] with no body
&amp#27;[35m[WD Proxy]&amp#27;[39m socket hang up
[debug] &amp#27;[35m[Instrumentation]&amp#27;[39m io.appium.uiautomator2.server.test.AppiumUiAutomator2Server:
[debug] &amp#27;[35m[WD Proxy]&amp#27;[39m Matched '/status' to command name 'getStatus'
[debug] &amp#27;[35m[WD Proxy]&amp#27;[39m Proxying [GET /status] to [GET http://127.0.0.1:8201/wd/hub/status] with no body
&amp#27;[35m[WD Proxy]&amp#27;[39m socket hang up
[debug] &amp#27;[35m[WD Proxy]&amp#27;[39m Matched '/status' to command name 'getStatus'
[debug] &amp#27;[35m[WD Proxy]&amp#27;[39m Proxying [GET /status] to [GET http://127.0.0.1:8201/wd/hub/status] with no body
[debug] &amp#27;[35m[WD Proxy]&amp#27;[39m Got response with status 200: {"sessionId":"None","value":{"message":"UiAutomator2 Server is ready to accept commands","ready":true}}
[debug] &amp#27;[35m[UiAutomator2]&amp#27;[39m The initialization of the instrumentation process took 3227ms
[debug] &amp#27;[35m[WD Proxy]&amp#27;[39m Matched '/session' to command name 'createSession'
[debug] &amp#27;[35m[WD Proxy]&amp#27;[39m Proxying [POST /session] to [POST http://127.0.0.1:8201/wd/hub/session] with body: {"capabilities":{"firstMatch":[{"platform":"LINUX","webStorageEnabled":false,"takesScreenshot":true,"javascriptEnabled":true,"databaseEnabled":false,"networkConnectionEnabled":true,"locationContextEnabled":false,"warnings":{},"desired":{"platformName":"android","app":"C:\\Users\\pradi\\eclipse-workspace\\FlipcartAppV4\\FlipcartApp4\\src\\flipkart.apk","automationName":"uiautomator2","deviceName":"samsung","udid":"RZ8M40MZXJT"},"platformName":"android","app":"C:\\Users\\pradi\\eclipse-workspace\\FlipcartAppV4\\FlipcartApp4\\src\\flipkart.apk","automationName":"uiautomator2","deviceName":"RZ8M40MZXJT","udid":"RZ8M40MZXJT","deviceUDID":"RZ8M40MZXJT","appPackage":"com.flipkart.android"}],"alwaysMatch":{}}}
[debug] &amp#27;[35m[WD Proxy]&amp#27;[39m Got response with status 200: {"sessionId":"7ceeefd9-9799-4502-b99b-ec40c8b50922","value":{"capabilities":{"firstMatch":[{"platform":"LINUX","webStorageEnabled":false,"takesScreenshot":true,"javascriptEnabled":true,"databaseEnabled":false,"networkConnectionEnabled":true,"locationContextEnabled":false,"warnings":{},"desired":{"platformName":"android","app":"C:\\Users\\pradi\\eclipse-workspace\\FlipcartAppV4\\FlipcartApp4\\src\\flipkart.apk","automationName":"uiautomator2","deviceName":"samsung","udid":"RZ8M40MZXJT"},"platformName":"android","app":"C:\\Users\\pradi\\eclipse-workspace\\FlipcartAppV4\\FlipcartApp4\\src\\flipkart.apk","automationName":"uiautomator2","deviceName":"RZ8M40MZXJT","udid":"RZ8M40MZXJT","deviceUDID":"RZ8M40MZXJT","appPackage":"com.flipkart.android"}],"alwaysMatch":{}},"sessionId":"7ceeefd9-9799-4502-b99b-ec40c8b50922"}}
&amp#27;[35m[WD Proxy]&amp#27;[39m Determined the downstream protocol as 'W3C'
[debug] &amp#27;[35m[WD Proxy]&amp#27;[39m Proxying [GET /appium/device/info] to [GET http://127.0.0.1:8201/wd/hub/session/7ceeefd9-9799-4502-b99b-ec40c8b50922/appium/device/info] with no body
[debug] &amp#27;[35m[WD Proxy]&amp#27;[39m Got response with status 200: {"sessionId":"7ceeefd9-9799-4502-b99b-ec40c8b50922","value":{"androidId":"8dd01396a27d4c60","apiVersion":"30","bluetooth":{"state":"OFF"},"brand":"samsung","carrierName":"JIO 4G","displayDensity":420,"locale":"en_GB","manufacturer":"samsung","model":"SM-A305F","networks":[{"capabilities":{"SSID":null,"linkDownBandwidthKbps":30000,"linkUpstreamBandwidthKbps":15000,"networkCapabilities":"NET_CAPABILITY_IMS,NET_CAPABILITY_NOT_METERED,NET_CAPABILITY_TRUSTED,NET_CAPABILITY_NOT_VPN,NET_CAPABILITY_VALIDATED,NET_CAPABILITY_NOT_ROAMING,NET_CAPABILITY_FOREGROUND,NET_CAPABILITY_NOT_CONGESTED,NET_CAPABILITY_NOT_SUSPENDED","signalStrength":-2147483648,"transportTypes":"TRANSPORT_CELLULAR"},"detailedState":"CONNECTED","extraInfo":"IMS","isAvailable":true,"isConnected":true,"isFailover":false,"isRoaming":false,"state":"CONNECTED","subtype":13,"subtypeName":"LTE","type":0,"typeName":"MOBILE"},{"capabilities":{"SSID":null,"linkDownBandwidthKbps":30000,"linkUpstreamBandwidthKbps":15000,"networkCapabilities":"NET_CAPABILITY_...
[debug] &amp#27;[35m[ADB]&amp#27;[39m Running 'C:\Users\pradi\AppData\Local\Android\Sdk\platform-tools\adb.exe -P 5037 -s RZ8M40MZXJT shell dumpsys window'
&amp#27;[35m[AndroidDriver]&amp#27;[39m Screen already unlocked, doing nothing
&amp#27;[35m[UiAutomator2]&amp#27;[39m Starting 'com.flipkart.android/com.flipkart.android.SplashActivity and waiting for 'com.flipkart.android/com.flipkart.android.SplashActivity'
[debug] &amp#27;[35m[ADB]&amp#27;[39m Running 'C:\Users\pradi\AppData\Local\Android\Sdk\platform-tools\adb.exe -P 5037 -s RZ8M40MZXJT shell am start -W -n com.flipkart.android/com.flipkart.android.SplashActivity -S -a android.intent.action.MAIN -c android.intent.category.LAUNCHER -f 0x10200000'
[debug] &amp#27;[35m[ADB]&amp#27;[39m Waiting up to 20000ms for activity matching pkg: 'com.flipkart.android' and activity: 'com.flipkart.android.SplashActivity' to be focused
[debug] &amp#27;[35m[ADB]&amp#27;[39m Possible activities, to be checked: 'com.flipkart.android.SplashActivity', 'com.flipkart.android.com.flipkart.android.SplashActivity'
[debug] &amp#27;[35m[ADB]&amp#27;[39m Getting focused package and activity
[debug] &amp#27;[35m[ADB]&amp#27;[39m Running 'C:\Users\pradi\AppData\Local\Android\Sdk\platform-tools\adb.exe -P 5037 -s RZ8M40MZXJT shell dumpsys window displays'
[debug] &amp#27;[35m[ADB]&amp#27;[39m Found package: 'com.flipkart.android' and fully qualified activity name : 'com.flipkart.android.SplashActivity'
[debug] &amp#27;[35m[WD Proxy]&amp#27;[39m Proxying [GET /appium/device/pixel_ratio] to [GET http://127.0.0.1:8201/wd/hub/session/7ceeefd9-9799-4502-b99b-ec40c8b50922/appium/device/pixel_ratio] with no body
[debug] &amp#27;[35m[WD Proxy]&amp#27;[39m Got response with status 200: {"sessionId":"7ceeefd9-9799-4502-b99b-ec40c8b50922","value":2.625}
[debug] &amp#27;[35m[WD Proxy]&amp#27;[39m Matched '/appium/device/system_bars' to command name 'getSystemBars'
[debug] &amp#27;[35m[WD Proxy]&amp#27;[39m Proxying [GET /appium/device/system_bars] to [GET http://127.0.0.1:8201/wd/hub/session/7ceeefd9-9799-4502-b99b-ec40c8b50922/appium/device/system_bars] with no body
[debug] &amp#27;[35m[WD Proxy]&amp#27;[39m Got response with status 200: {"sessionId":"7ceeefd9-9799-4502-b99b-ec40c8b50922","value":{"statusBar":83}}
[debug] &amp#27;[35m[WD Proxy]&amp#27;[39m Matched '/window/current/size' to command name 'getWindowSize'
[debug] &amp#27;[35m[WD Proxy]&amp#27;[39m Proxying [GET /window/current/size] to [GET http://127.0.0.1:8201/wd/hub/session/7ceeefd9-9799-4502-b99b-ec40c8b50922/window/current/size] with no body
[debug] &amp#27;[35m[WD Proxy]&amp#27;[39m Got response with status 200: {"sessionId":"7ceeefd9-9799-4502-b99b-ec40c8b50922","value":{"height":2131,"width":1080}}
&amp#27;[35m[Appium]&amp#27;[39m New AndroidUiautomator2Driver session created successfully, session e420f46d-3e7e-4202-b14f-536a119db8d8 added to master session list
[debug] &amp#27;[35m[BaseDriver]&amp#27;[39m Event 'newSessionStarted' logged at 1624258420493 (12:23:40 GMT+0530 (India Standard Time))
[debug] &amp#27;[35m[W3C (e420f46d)]&amp#27;[39m Cached the protocol value 'W3C' for the new session e420f46d-3e7e-4202-b14f-536a119db8d8
[debug] &amp#27;[35m[W3C (e420f46d)]&amp#27;[39m Responding to client with driver.createSession() result: {"capabilities":{"platform":"LINUX","webStorageEnabled":false,"takesScreenshot":true,"javascriptEnabled":true,"databaseEnabled":false,"networkConnectionEnabled":true,"locationContextEnabled":false,"warnings":{},"desired":{"platformName":"android","app":"C:\\Users\\pradi\\eclipse-workspace\\FlipcartAppV4\\FlipcartApp4\\src\\flipkart.apk","automationName":"uiautomator2","deviceName":"samsung","udid":"RZ8M40MZXJT"},"platformName":"android","app":"C:\\Users\\pradi\\eclipse-workspace\\FlipcartAppV4\\FlipcartApp4\\src\\flipkart.apk","automationName":"uiautomator2","deviceName":"RZ8M40MZXJT","udid":"RZ8M40MZXJT","deviceUDID":"RZ8M40MZXJT","appPackage":"com.flipkart.android","deviceApiLevel":30,"platformVersion":"11","deviceScreenSize":"1080x2340","deviceScreenDensity":420,"deviceModel":"SM-A305F","deviceManufacturer":"samsung","pixelRatio":2.625,"statBarHeight":83,"viewportRect":{"left":0,"top":83,"width":1080,"height":2048}}}
&amp#27;[35m[HTTP]&amp#27;[39m &amp#27;[37m<-- POST /wd/hub/session &amp#27;[39m&amp#27;[32m200&amp#27;[39m &amp#27;[90m12295 ms - 994&amp#27;[39m
&amp#27;[35m[HTTP]&amp#27;[39m &amp#27;[90m&amp#27;[39m
&amp#27;[35m[HTTP]&amp#27;[39m &amp#27;[37m-->&amp#27;[39m &amp#27;[37mPOST&amp#27;[39m &amp#27;[37m/wd/hub/session/e420f46d-3e7e-4202-b14f-536a119db8d8/timeouts&amp#27;[39m
&amp#27;[35m[HTTP]&amp#27;[39m &amp#27;[90m{"implicit":10000}&amp#27;[39m
[debug] &amp#27;[35m[W3C (e420f46d)]&amp#27;[39m Calling AppiumDriver.timeouts() with args: [null,null,null,null,10000,"e420f46d-3e7e-4202-b14f-536a119db8d8"]
[debug] &amp#27;[35m[BaseDriver]&amp#27;[39m W3C timeout argument: {"implicit":10000}}
[debug] &amp#27;[35m[BaseDriver]&amp#27;[39m Set implicit wait to 10000ms
[debug] &amp#27;[35m[W3C (e420f46d)]&amp#27;[39m Responding to client with driver.timeouts() result: null
&amp#27;[35m[HTTP]&amp#27;[39m &amp#27;[37m<-- POST /wd/hub/session/e420f46d-3e7e-4202-b14f-536a119db8d8/timeouts &amp#27;[39m&amp#27;[32m200&amp#27;[39m &amp#27;[90m8 ms - 14&amp#27;[39m
&amp#27;[35m[HTTP]&amp#27;[39m &amp#27;[90m&amp#27;[39m
&amp#27;[35m[HTTP]&amp#27;[39m &amp#27;[37m-->&amp#27;[39m &amp#27;[37mPOST&amp#27;[39m &amp#27;[37m/wd/hub/session/e420f46d-3e7e-4202-b14f-536a119db8d8/timeouts&amp#27;[39m
&amp#27;[35m[HTTP]&amp#27;[39m &amp#27;[90m{"implicit":10000}&amp#27;[39m
[debug] &amp#27;[35m[W3C (e420f46d)]&amp#27;[39m Calling AppiumDriver.timeouts() with args: [null,null,null,null,10000,"e420f46d-3e7e-4202-b14f-536a119db8d8"]
[debug] &amp#27;[35m[BaseDriver]&amp#27;[39m W3C timeout argument: {"implicit":10000}}
[debug] &amp#27;[35m[BaseDriver]&amp#27;[39m Set implicit wait to 10000ms
[debug] &amp#27;[35m[W3C (e420f46d)]&amp#27;[39m Responding to client with driver.timeouts() result: null
&amp#27;[35m[HTTP]&amp#27;[39m &amp#27;[37m<-- POST /wd/hub/session/e420f46d-3e7e-4202-b14f-536a119db8d8/timeouts &amp#27;[39m&amp#27;[32m200&amp#27;[39m &amp#27;[90m3 ms - 14&amp#27;[39m
&amp#27;[35m[HTTP]&amp#27;[39m &amp#27;[90m&amp#27;[39m
&amp#27;[35m[HTTP]&amp#27;[39m &amp#27;[37m-->&amp#27;[39m &amp#27;[37mPOST&amp#27;[39m &amp#27;[37m/wd/hub/session/e420f46d-3e7e-4202-b14f-536a119db8d8/element&amp#27;[39m
&amp#27;[35m[HTTP]&amp#27;[39m &amp#27;[90m{"using":"-android uiautomator","value":"new UiScrollable(new UiSelector()).scrollIntoView(text(\"English\"))"}&amp#27;[39m
[debug] &amp#27;[35m[W3C (e420f46d)]&amp#27;[39m Calling AppiumDriver.findElement() with args: ["-android uiautomator","new UiScrollable(new UiSelector()).scrollIntoView(text(\"English\"))","e420f46d-3e7e-4202-b14f-536a119db8d8"]
[debug] &amp#27;[35m[BaseDriver]&amp#27;[39m Valid locator strategies for this request: xpath, id, class name, accessibility id, css selector, -android uiautomator
[debug] &amp#27;[35m[BaseDriver]&amp#27;[39m Waiting up to 10000 ms for condition
[debug] &amp#27;[35m[WD Proxy]&amp#27;[39m Matched '/element' to command name 'findElement'
[debug] &amp#27;[35m[WD Proxy]&amp#27;[39m Proxying [POST /element] to [POST http://127.0.0.1:8201/wd/hub/session/7ceeefd9-9799-4502-b99b-ec40c8b50922/element] with body: {"strategy":"-android uiautomator","selector":"new UiScrollable(new UiSelector()).scrollIntoView(text(\"English\"))","context":"","multiple":false}
&amp#27;[35m[WD Proxy]&amp#27;[39m Got response with status 404: {"sessionId":"7ceeefd9-9799-4502-b99b-ec40c8b50922","value":{"error":"no such element","message":"An element could not be located on the page using the given search parameters","stacktrace":"io.appium.uiautomator2.common.exceptions.ElementNotFoundException: An element could not be located on the page using the given search parameters\n\tat io.appium.uiautomator2.handler.FindElement.safeHandle(FindElement.java:70)\n\tat io.appium.uiautomator2.handler.request.SafeRequestHandler.handle(SafeRequestHandler.java:41)\n\tat io.appium.uiautomator2.server.AppiumServlet.handleRequest(AppiumServlet.java:261)\n\tat io.appium.uiautomator2.server.AppiumServlet.handleHttpRequest(AppiumServlet.java:255)\n\tat io.appium.uiautomator2.http.ServerHandler.channelRead(ServerHandler.java:68)\n\tat io.netty.channel.AbstractChannelHandlerContext.invokeChannelRead(AbstractChannelHandlerContext.java:366)\n\tat io.netty.channel.AbstractChannelHandlerContext.invokeChannelRead(AbstractChannelHandlerContext.java:352)\n\tat io.netty.chann...
[debug] &amp#27;[35m[W3C]&amp#27;[39m Matched W3C error code 'no such element' to NoSuchElementError
[debug] &amp#27;[35m[BaseDriver]&amp#27;[39m Waited for 3055 ms so far
[debug] &amp#27;[35m[WD Proxy]&amp#27;[39m Matched '/element' to command name 'findElement'
[debug] &amp#27;[35m[WD Proxy]&amp#27;[39m Proxying [POST /element] to [POST http://127.0.0.1:8201/wd/hub/session/7ceeefd9-9799-4502-b99b-ec40c8b50922/element] with body: {"strategy":"-android uiautomator","selector":"new UiScrollable(new UiSelector()).scrollIntoView(text(\"English\"))","context":"","multiple":false}
[debug] &amp#27;[35m[WD Proxy]&amp#27;[39m Got response with status 200: {"sessionId":"7ceeefd9-9799-4502-b99b-ec40c8b50922","value":{"ELEMENT":"2371956d-d15a-4b73-8009-f2d5764bed3d","element-6066-11e4-a52e-4f735466cecf":"2371956d-d15a-4b73-8009-f2d5764bed3d"}}
[debug] &amp#27;[35m[W3C (e420f46d)]&amp#27;[39m Responding to client with driver.findElement() result: {"element-6066-11e4-a52e-4f735466cecf":"2371956d-d15a-4b73-8009-f2d5764bed3d","ELEMENT":"2371956d-d15a-4b73-8009-f2d5764bed3d"}
&amp#27;[35m[HTTP]&amp#27;[39m &amp#27;[37m<-- POST /wd/hub/session/e420f46d-3e7e-4202-b14f-536a119db8d8/element &amp#27;[39m&amp#27;[32m200&amp#27;[39m &amp#27;[90m5540 ms - 137&amp#27;[39m
&amp#27;[35m[HTTP]&amp#27;[39m &amp#27;[90m&amp#27;[39m
&amp#27;[35m[HTTP]&amp#27;[39m &amp#27;[37m-->&amp#27;[39m &amp#27;[37mPOST&amp#27;[39m &amp#27;[37m/wd/hub/session/e420f46d-3e7e-4202-b14f-536a119db8d8/element&amp#27;[39m
&amp#27;[35m[HTTP]&amp#27;[39m &amp#27;[90m{"using":"xpath","value":"//*[@text='English']"}&amp#27;[39m
[debug] &amp#27;[35m[W3C (e420f46d)]&amp#27;[39m Calling AppiumDriver.findElement() with args: ["xpath","//*[@text='English']","e420f46d-3e7e-4202-b14f-536a119db8d8"]
[debug] &amp#27;[35m[BaseDriver]&amp#27;[39m Valid locator strategies for this request: xpath, id, class name, accessibility id, css selector, -android uiautomator
[debug] &amp#27;[35m[BaseDriver]&amp#27;[39m Waiting up to 10000 ms for condition
[debug] &amp#27;[35m[WD Proxy]&amp#27;[39m Matched '/element' to command name 'findElement'
[debug] &amp#27;[35m[WD Proxy]&amp#27;[39m Proxying [POST /element] to [POST http://127.0.0.1:8201/wd/hub/session/7ceeefd9-9799-4502-b99b-ec40c8b50922/element] with body: {"strategy":"xpath","selector":"//*[@text='English']","context":"","multiple":false}
[debug] &amp#27;[35m[WD Proxy]&amp#27;[39m Got response with status 200: {"sessionId":"7ceeefd9-9799-4502-b99b-ec40c8b50922","value":{"ELEMENT":"3de1b242-040c-4cba-a061-3fca34b3a575","element-6066-11e4-a52e-4f735466cecf":"3de1b242-040c-4cba-a061-3fca34b3a575"}}
[debug] &amp#27;[35m[W3C (e420f46d)]&amp#27;[39m Responding to client with driver.findElement() result: {"element-6066-11e4-a52e-4f735466cecf":"3de1b242-040c-4cba-a061-3fca34b3a575","ELEMENT":"3de1b242-040c-4cba-a061-3fca34b3a575"}
&amp#27;[35m[HTTP]&amp#27;[39m &amp#27;[37m<-- POST /wd/hub/session/e420f46d-3e7e-4202-b14f-536a119db8d8/element &amp#27;[39m&amp#27;[32m200&amp#27;[39m &amp#27;[90m295 ms - 137&amp#27;[39m
&amp#27;[35m[HTTP]&amp#27;[39m &amp#27;[90m&amp#27;[39m
&amp#27;[35m[HTTP]&amp#27;[39m &amp#27;[37m-->&amp#27;[39m &amp#27;[37mPOST&amp#27;[39m &amp#27;[37m/wd/hub/session/e420f46d-3e7e-4202-b14f-536a119db8d8/element/3de1b242-040c-4cba-a061-3fca34b3a575/click&amp#27;[39m
&amp#27;[35m[HTTP]&amp#27;[39m &amp#27;[90m{"id":"3de1b242-040c-4cba-a061-3fca34b3a575"}&amp#27;[39m
[debug] &amp#27;[35m[W3C (e420f46d)]&amp#27;[39m Calling AppiumDriver.click() with args: ["3de1b242-040c-4cba-a061-3fca34b3a575","e420f46d-3e7e-4202-b14f-536a119db8d8"]
[debug] &amp#27;[35m[WD Proxy]&amp#27;[39m Matched '/element/3de1b242-040c-4cba-a061-3fca34b3a575/click' to command name 'click'
[debug] &amp#27;[35m[WD Proxy]&amp#27;[39m Proxying [POST /element/3de1b242-040c-4cba-a061-3fca34b3a575/click] to [POST http://127.0.0.1:8201/wd/hub/session/7ceeefd9-9799-4502-b99b-ec40c8b50922/element/3de1b242-040c-4cba-a061-3fca34b3a575/click] with body: {"element":"3de1b242-040c-4cba-a061-3fca34b3a575"}
[debug] &amp#27;[35m[WD Proxy]&amp#27;[39m Got response with status 200: {"sessionId":"7ceeefd9-9799-4502-b99b-ec40c8b50922","value":null}
[debug] &amp#27;[35m[W3C (e420f46d)]&amp#27;[39m Responding to client with driver.click() result: null
&amp#27;[35m[HTTP]&amp#27;[39m &amp#27;[37m<-- POST /wd/hub/session/e420f46d-3e7e-4202-b14f-536a119db8d8/element/3de1b242-040c-4cba-a061-3fca34b3a575/click &amp#27;[39m&amp#27;[32m200&amp#27;[39m &amp#27;[90m59 ms - 14&amp#27;[39m
&amp#27;[35m[HTTP]&amp#27;[39m &amp#27;[90m&amp#27;[39m
&amp#27;[35m[HTTP]&amp#27;[39m &amp#27;[37m-->&amp#27;[39m &amp#27;[37mPOST&amp#27;[39m &amp#27;[37m/wd/hub/session/e420f46d-3e7e-4202-b14f-536a119db8d8/element&amp#27;[39m
&amp#27;[35m[HTTP]&amp#27;[39m &amp#27;[90m{"using":"id","value":"com.flipkart.android:id/select_btn"}&amp#27;[39m
[debug] &amp#27;[35m[W3C (e420f46d)]&amp#27;[39m Calling AppiumDriver.findElement() with args: ["id","com.flipkart.android:id/select_btn","e420f46d-3e7e-4202-b14f-536a119db8d8"]
[debug] &amp#27;[35m[BaseDriver]&amp#27;[39m Valid locator strategies for this request: xpath, id, class name, accessibility id, css selector, -android uiautomator
[debug] &amp#27;[35m[BaseDriver]&amp#27;[39m Waiting up to 10000 ms for condition
[debug] &amp#27;[35m[WD Proxy]&amp#27;[39m Matched '/element' to command name 'findElement'
[debug] &amp#27;[35m[WD Proxy]&amp#27;[39m Proxying [POST /element] to [POST http://127.0.0.1:8201/wd/hub/session/7ceeefd9-9799-4502-b99b-ec40c8b50922/element] with body: {"strategy":"id","selector":"com.flipkart.android:id/select_btn","context":"","multiple":false}
[debug] &amp#27;[35m[WD Proxy]&amp#27;[39m Got response with status 200: {"sessionId":"7ceeefd9-9799-4502-b99b-ec40c8b50922","value":{"ELEMENT":"a8807cea-2f79-4c9a-bd7d-a7b67d0d9fe8","element-6066-11e4-a52e-4f735466cecf":"a8807cea-2f79-4c9a-bd7d-a7b67d0d9fe8"}}
[debug] &amp#27;[35m[W3C (e420f46d)]&amp#27;[39m Responding to client with driver.findElement() result: {"element-6066-11e4-a52e-4f735466cecf":"a8807cea-2f79-4c9a-bd7d-a7b67d0d9fe8","ELEMENT":"a8807cea-2f79-4c9a-bd7d-a7b67d0d9fe8"}
&amp#27;[35m[HTTP]&amp#27;[39m &amp#27;[37m<-- POST /wd/hub/session/e420f46d-3e7e-4202-b14f-536a119db8d8/element &amp#27;[39m&amp#27;[32m200&amp#27;[39m &amp#27;[90m378 ms - 137&amp#27;[39m
&amp#27;[35m[HTTP]&amp#27;[39m &amp#27;[90m&amp#27;[39m
&amp#27;[35m[HTTP]&amp#27;[39m &amp#27;[37m-->&amp#27;[39m &amp#27;[37mPOST&amp#27;[39m &amp#27;[37m/wd/hub/session/e420f46d-3e7e-4202-b14f-536a119db8d8/element/a8807cea-2f79-4c9a-bd7d-a7b67d0d9fe8/click&amp#27;[39m
&amp#27;[35m[HTTP]&amp#27;[39m &amp#27;[90m{"id":"a8807cea-2f79-4c9a-bd7d-a7b67d0d9fe8"}&amp#27;[39m
[debug] &amp#27;[35m[W3C (e420f46d)]&amp#27;[39m Calling AppiumDriver.click() with args: ["a8807cea-2f79-4c9a-bd7d-a7b67d0d9fe8","e420f46d-3e7e-4202-b14f-536a119db8d8"]
[debug] &amp#27;[35m[WD Proxy]&amp#27;[39m Matched '/element/a8807cea-2f79-4c9a-bd7d-a7b67d0d9fe8/click' to command name 'click'
[debug] &amp#27;[35m[WD Proxy]&amp#27;[39m Proxying [POST /element/a8807cea-2f79-4c9a-bd7d-a7b67d0d9fe8/click] to [POST http://127.0.0.1:8201/wd/hub/session/7ceeefd9-9799-4502-b99b-ec40c8b50922/element/a8807cea-2f79-4c9a-bd7d-a7b67d0d9fe8/click] with body: {"element":"a8807cea-2f79-4c9a-bd7d-a7b67d0d9fe8"}
[debug] &amp#27;[35m[WD Proxy]&amp#27;[39m Got response with status 200: {"sessionId":"7ceeefd9-9799-4502-b99b-ec40c8b50922","value":null}
[debug] &amp#27;[35m[W3C (e420f46d)]&amp#27;[39m Responding to client with driver.click() result: null
&amp#27;[35m[HTTP]&amp#27;[39m &amp#27;[37m<-- POST /wd/hub/session/e420f46d-3e7e-4202-b14f-536a119db8d8/element/a8807cea-2f79-4c9a-bd7d-a7b67d0d9fe8/click &amp#27;[39m&amp#27;[32m200&amp#27;[39m &amp#27;[90m1071 ms - 14&amp#27;[39m
&amp#27;[35m[HTTP]&amp#27;[39m &amp#27;[90m&amp#27;[39m
&amp#27;[35m[HTTP]&amp#27;[39m &amp#27;[37m-->&amp#27;[39m &amp#27;[37mPOST&amp#27;[39m &amp#27;[37m/wd/hub/session/e420f46d-3e7e-4202-b14f-536a119db8d8/timeouts&amp#27;[39m
&amp#27;[35m[HTTP]&amp#27;[39m &amp#27;[90m{"implicit":40000}&amp#27;[39m
[debug] &amp#27;[35m[W3C (e420f46d)]&amp#27;[39m Calling AppiumDriver.timeouts() with args: [null,null,null,null,40000,"e420f46d-3e7e-4202-b14f-536a119db8d8"]
[debug] &amp#27;[35m[BaseDriver]&amp#27;[39m W3C timeout argument: {"implicit":40000}}
[debug] &amp#27;[35m[BaseDriver]&amp#27;[39m Set implicit wait to 40000ms
[debug] &amp#27;[35m[W3C (e420f46d)]&amp#27;[39m Responding to client with driver.timeouts() result: null
&amp#27;[35m[HTTP]&amp#27;[39m &amp#27;[37m<-- POST /wd/hub/session/e420f46d-3e7e-4202-b14f-536a119db8d8/timeouts &amp#27;[39m&amp#27;[32m200&amp#27;[39m &amp#27;[90m2 ms - 14&amp#27;[39m
&amp#27;[35m[HTTP]&amp#27;[39m &amp#27;[90m&amp#27;[39m
&amp#27;[35m[HTTP]&amp#27;[39m &amp#27;[37m-->&amp#27;[39m &amp#27;[37mPOST&amp#27;[39m &amp#27;[37m/wd/hub/session/e420f46d-3e7e-4202-b14f-536a119db8d8/element&amp#27;[39m
&amp#27;[35m[HTTP]&amp#27;[39m &amp#27;[90m{"using":"id","value":"com.google.android.gms:id/cancel"}&amp#27;[39m
[debug] &amp#27;[35m[W3C (e420f46d)]&amp#27;[39m Calling AppiumDriver.findElement() with args: ["id","com.google.android.gms:id/cancel","e420f46d-3e7e-4202-b14f-536a119db8d8"]
[debug] &amp#27;[35m[BaseDriver]&amp#27;[39m Valid locator strategies for this request: xpath, id, class name, accessibility id, css selector, -android uiautomator
[debug] &amp#27;[35m[BaseDriver]&amp#27;[39m Waiting up to 40000 ms for condition
[debug] &amp#27;[35m[WD Proxy]&amp#27;[39m Matched '/element' to command name 'findElement'
[debug] &amp#27;[35m[WD Proxy]&amp#27;[39m Proxying [POST /element] to [POST http://127.0.0.1:8201/wd/hub/session/7ceeefd9-9799-4502-b99b-ec40c8b50922/element] with body: {"strategy":"id","selector":"com.google.android.gms:id/cancel","context":"","multiple":false}
&amp#27;[35m[WD Proxy]&amp#27;[39m Got response with status 404: {"sessionId":"7ceeefd9-9799-4502-b99b-ec40c8b50922","value":{"error":"no such element","message":"An element could not be located on the page using the given search parameters","stacktrace":"io.appium.uiautomator2.common.exceptions.ElementNotFoundException: An element could not be located on the page using the given search parameters\n\tat io.appium.uiautomator2.handler.FindElement.safeHandle(FindElement.java:70)\n\tat io.appium.uiautomator2.handler.request.SafeRequestHandler.handle(SafeRequestHandler.java:41)\n\tat io.appium.uiautomator2.server.AppiumServlet.handleRequest(AppiumServlet.java:261)\n\tat io.appium.uiautomator2.server.AppiumServlet.handleHttpRequest(AppiumServlet.java:255)\n\tat io.appium.uiautomator2.http.ServerHandler.channelRead(ServerHandler.java:68)\n\tat io.netty.channel.AbstractChannelHandlerContext.invokeChannelRead(AbstractChannelHandlerContext.java:366)\n\tat io.netty.channel.AbstractChannelHandlerContext.invokeChannelRead(AbstractChannelHandlerContext.java:352)\n\tat io.netty.chann...
[debug] &amp#27;[35m[W3C]&amp#27;[39m Matched W3C error code 'no such element' to NoSuchElementError
[debug] &amp#27;[35m[BaseDriver]&amp#27;[39m Waited for 144 ms so far
[debug] &amp#27;[35m[WD Proxy]&amp#27;[39m Matched '/element' to command name 'findElement'
[debug] &amp#27;[35m[WD Proxy]&amp#27;[39m Proxying [POST /element] to [POST http://127.0.0.1:8201/wd/hub/session/7ceeefd9-9799-4502-b99b-ec40c8b50922/element] with body: {"strategy":"id","selector":"com.google.android.gms:id/cancel","context":"","multiple":false}
&amp#27;[35m[WD Proxy]&amp#27;[39m Got response with status 404: {"sessionId":"7ceeefd9-9799-4502-b99b-ec40c8b50922","value":{"error":"no such element","message":"An element could not be located on the page using the given search parameters","stacktrace":"io.appium.uiautomator2.common.exceptions.ElementNotFoundException: An element could not be located on the page using the given search parameters\n\tat io.appium.uiautomator2.handler.FindElement.safeHandle(FindElement.java:70)\n\tat io.appium.uiautomator2.handler.request.SafeRequestHandler.handle(SafeRequestHandler.java:41)\n\tat io.appium.uiautomator2.server.AppiumServlet.handleRequest(AppiumServlet.java:261)\n\tat io.appium.uiautomator2.server.AppiumServlet.handleHttpRequest(AppiumServlet.java:255)\n\tat io.appium.uiautomator2.http.ServerHandler.channelRead(ServerHandler.java:68)\n\tat io.netty.channel.AbstractChannelHandlerContext.invokeChannelRead(AbstractChannelHandlerContext.java:366)\n\tat io.netty.channel.AbstractChannelHandlerContext.invokeChannelRead(AbstractChannelHandlerContext.java:352)\n\tat io.netty.chann...
[debug] &amp#27;[35m[W3C]&amp#27;[39m Matched W3C error code 'no such element' to NoSuchElementError
[debug] &amp#27;[35m[BaseDriver]&amp#27;[39m Waited for 1202 ms so far
[debug] &amp#27;[35m[WD Proxy]&amp#27;[39m Matched '/element' to command name 'findElement'
[debug] &amp#27;[35m[WD Proxy]&amp#27;[39m Proxying [POST /element] to [POST http://127.0.0.1:8201/wd/hub/session/7ceeefd9-9799-4502-b99b-ec40c8b50922/element] with body: {"strategy":"id","selector":"com.google.android.gms:id/cancel","context":"","multiple":false}
&amp#27;[35m[WD Proxy]&amp#27;[39m Got response with status 404: {"sessionId":"7ceeefd9-9799-4502-b99b-ec40c8b50922","value":{"error":"no such element","message":"An element could not be located on the page using the given search parameters","stacktrace":"io.appium.uiautomator2.common.exceptions.ElementNotFoundException: An element could not be located on the page using the given search parameters\n\tat io.appium.uiautomator2.handler.FindElement.safeHandle(FindElement.java:70)\n\tat io.appium.uiautomator2.handler.request.SafeRequestHandler.handle(SafeRequestHandler.java:41)\n\tat io.appium.uiautomator2.server.AppiumServlet.handleRequest(AppiumServlet.java:261)\n\tat io.appium.uiautomator2.server.AppiumServlet.handleHttpRequest(AppiumServlet.java:255)\n\tat io.appium.uiautomator2.http.ServerHandler.channelRead(ServerHandler.java:68)\n\tat io.netty.channel.AbstractChannelHandlerContext.invokeChannelRead(AbstractChannelHandlerContext.java:366)\n\tat io.netty.channel.AbstractChannelHandlerContext.invokeChannelRead(AbstractChannelHandlerContext.java:352)\n\tat io.netty.chann...
[debug] &amp#27;[35m[W3C]&amp#27;[39m Matched W3C error code 'no such element' to NoSuchElementError
[debug] &amp#27;[35m[BaseDriver]&amp#27;[39m Waited for 1732 ms so far
[debug] &amp#27;[35m[WD Proxy]&amp#27;[39m Matched '/element' to command name 'findElement'
[debug] &amp#27;[35m[WD Proxy]&amp#27;[39m Proxying [POST /element] to [POST http://127.0.0.1:8201/wd/hub/session/7ceeefd9-9799-4502-b99b-ec40c8b50922/element] with body: {"strategy":"id","selector":"com.google.android.gms:id/cancel","context":"","multiple":false}
&amp#27;[35m[WD Proxy]&amp#27;[39m Got response with status 404: {"sessionId":"7ceeefd9-9799-4502-b99b-ec40c8b50922","value":{"error":"no such element","message":"An element could not be located on the page using the given search parameters","stacktrace":"io.appium.uiautomator2.common.exceptions.ElementNotFoundException: An element could not be located on the page using the given search parameters\n\tat io.appium.uiautomator2.handler.FindElement.safeHandle(FindElement.java:70)\n\tat io.appium.uiautomator2.handler.request.SafeRequestHandler.handle(SafeRequestHandler.java:41)\n\tat io.appium.uiautomator2.server.AppiumServlet.handleRequest(AppiumServlet.java:261)\n\tat io.appium.uiautomator2.server.AppiumServlet.handleHttpRequest(AppiumServlet.java:255)\n\tat io.appium.uiautomator2.http.ServerHandler.channelRead(ServerHandler.java:68)\n\tat io.netty.channel.AbstractChannelHandlerContext.invokeChannelRead(AbstractChannelHandlerContext.java:366)\n\tat io.netty.channel.AbstractChannelHandlerContext.invokeChannelRead(AbstractChannelHandlerContext.java:352)\n\tat io.netty.chann...
[debug] &amp#27;[35m[W3C]&amp#27;[39m Matched W3C error code 'no such element' to NoSuchElementError
[debug] &amp#27;[35m[BaseDriver]&amp#27;[39m Waited for 2278 ms so far
[debug] &amp#27;[35m[WD Proxy]&amp#27;[39m Matched '/element' to command name 'findElement'
[debug] &amp#27;[35m[WD Proxy]&amp#27;[39m Proxying [POST /element] to [POST http://127.0.0.1:8201/wd/hub/session/7ceeefd9-9799-4502-b99b-ec40c8b50922/element] with body: {"strategy":"id","selector":"com.google.android.gms:id/cancel","context":"","multiple":false}
&amp#27;[35m[WD Proxy]&amp#27;[39m Got response with status 404: {"sessionId":"7ceeefd9-9799-4502-b99b-ec40c8b50922","value":{"error":"no such element","message":"An element could not be located on the page using the given search parameters","stacktrace":"io.appium.uiautomator2.common.exceptions.ElementNotFoundException: An element could not be located on the page using the given search parameters\n\tat io.appium.uiautomator2.handler.FindElement.safeHandle(FindElement.java:70)\n\tat io.appium.uiautomator2.handler.request.SafeRequestHandler.handle(SafeRequestHandler.java:41)\n\tat io.appium.uiautomator2.server.AppiumServlet.handleRequest(AppiumServlet.java:261)\n\tat io.appium.uiautomator2.server.AppiumServlet.handleHttpRequest(AppiumServlet.java:255)\n\tat io.appium.uiautomator2.http.ServerHandler.channelRead(ServerHandler.java:68)\n\tat io.netty.channel.AbstractChannelHandlerContext.invokeChannelRead(AbstractChannelHandlerContext.java:366)\n\tat io.netty.channel.AbstractChannelHandlerContext.invokeChannelRead(AbstractChannelHandlerContext.java:352)\n\tat io.netty.chann...
[debug] &amp#27;[35m[W3C]&amp#27;[39m Matched W3C error code 'no such element' to NoSuchElementError
[debug] &amp#27;[35m[BaseDriver]&amp#27;[39m Waited for 2838 ms so far
[debug] &amp#27;[35m[WD Proxy]&amp#27;[39m Matched '/element' to command name 'findElement'
[debug] &amp#27;[35m[WD Proxy]&amp#27;[39m Proxying [POST /element] to [POST http://127.0.0.1:8201/wd/hub/session/7ceeefd9-9799-4502-b99b-ec40c8b50922/element] with body: {"strategy":"id","selector":"com.google.android.gms:id/cancel","context":"","multiple":false}
&amp#27;[35m[WD Proxy]&amp#27;[39m Got response with status 404: {"sessionId":"7ceeefd9-9799-4502-b99b-ec40c8b50922","value":{"error":"no such element","message":"An element could not be located on the page using the given search parameters","stacktrace":"io.appium.uiautomator2.common.exceptions.ElementNotFoundException: An element could not be located on the page using the given search parameters\n\tat io.appium.uiautomator2.handler.FindElement.safeHandle(FindElement.java:70)\n\tat io.appium.uiautomator2.handler.request.SafeRequestHandler.handle(SafeRequestHandler.java:41)\n\tat io.appium.uiautomator2.server.AppiumServlet.handleRequest(AppiumServlet.java:261)\n\tat io.appium.uiautomator2.server.AppiumServlet.handleHttpRequest(AppiumServlet.java:255)\n\tat io.appium.uiautomator2.http.ServerHandler.channelRead(ServerHandler.java:68)\n\tat io.netty.channel.AbstractChannelHandlerContext.invokeChannelRead(AbstractChannelHandlerContext.java:366)\n\tat io.netty.channel.AbstractChannelHandlerContext.invokeChannelRead(AbstractChannelHandlerContext.java:352)\n\tat io.netty.chann...
[debug] &amp#27;[35m[W3C]&amp#27;[39m Matched W3C error code 'no such element' to NoSuchElementError
[debug] &amp#27;[35m[BaseDriver]&amp#27;[39m Waited for 3414 ms so far
[debug] &amp#27;[35m[WD Proxy]&amp#27;[39m Matched '/element' to command name 'findElement'
[debug] &amp#27;[35m[WD Proxy]&amp#27;[39m Proxying [POST /element] to [POST http://127.0.0.1:8201/wd/hub/session/7ceeefd9-9799-4502-b99b-ec40c8b50922/element] with body: {"strategy":"id","selector":"com.google.android.gms:id/cancel","context":"","multiple":false}
&amp#27;[35m[WD Proxy]&amp#27;[39m Got response with status 404: {"sessionId":"7ceeefd9-9799-4502-b99b-ec40c8b50922","value":{"error":"no such element","message":"An element could not be located on the page using the given search parameters","stacktrace":"io.appium.uiautomator2.common.exceptions.ElementNotFoundException: An element could not be located on the page using the given search parameters\n\tat io.appium.uiautomator2.handler.FindElement.safeHandle(FindElement.java:70)\n\tat io.appium.uiautomator2.handler.request.SafeRequestHandler.handle(SafeRequestHandler.java:41)\n\tat io.appium.uiautomator2.server.AppiumServlet.handleRequest(AppiumServlet.java:261)\n\tat io.appium.uiautomator2.server.AppiumServlet.handleHttpRequest(AppiumServlet.java:255)\n\tat io.appium.uiautomator2.http.ServerHandler.channelRead(ServerHandler.java:68)\n\tat io.netty.channel.AbstractChannelHandlerContext.invokeChannelRead(AbstractChannelHandlerContext.java:366)\n\tat io.netty.channel.AbstractChannelHandlerContext.invokeChannelRead(AbstractChannelHandlerContext.java:352)\n\tat io.netty.chann...
[debug] &amp#27;[35m[W3C]&amp#27;[39m Matched W3C error code 'no such element' to NoSuchElementError
[debug] &amp#27;[35m[BaseDriver]&amp#27;[39m Waited for 3978 ms so far
[debug] &amp#27;[35m[WD Proxy]&amp#27;[39m Matched '/element' to command name 'findElement'
[debug] &amp#27;[35m[WD Proxy]&amp#27;[39m Proxying [POST /element] to [POST http://127.0.0.1:8201/wd/hub/session/7ceeefd9-9799-4502-b99b-ec40c8b50922/element] with body: {"strategy":"id","selector":"com.google.android.gms:id/cancel","context":"","multiple":false}
&amp#27;[35m[WD Proxy]&amp#27;[39m Got response with status 404: {"sessionId":"7ceeefd9-9799-4502-b99b-ec40c8b50922","value":{"error":"no such element","message":"An element could not be located on the page using the given search parameters","stacktrace":"io.appium.uiautomator2.common.exceptions.ElementNotFoundException: An element could not be located on the page using the given search parameters\n\tat io.appium.uiautomator2.handler.FindElement.safeHandle(FindElement.java:70)\n\tat io.appium.uiautomator2.handler.request.SafeRequestHandler.handle(SafeRequestHandler.java:41)\n\tat io.appium.uiautomator2.server.AppiumServlet.handleRequest(AppiumServlet.java:261)\n\tat io.appium.uiautomator2.server.AppiumServlet.handleHttpRequest(AppiumServlet.java:255)\n\tat io.appium.uiautomator2.http.ServerHandler.channelRead(ServerHandler.java:68)\n\tat io.netty.channel.AbstractChannelHandlerContext.invokeChannelRead(AbstractChannelHandlerContext.java:366)\n\tat io.netty.channel.AbstractChannelHandlerContext.invokeChannelRead(AbstractChannelHandlerContext.java:352)\n\tat io.netty.chann...
[debug] &amp#27;[35m[W3C]&amp#27;[39m Matched W3C error code 'no such element' to NoSuchElementError
[debug] &amp#27;[35m[BaseDriver]&amp#27;[39m Waited for 4538 ms so far
[debug] &amp#27;[35m[WD Proxy]&amp#27;[39m Matched '/element' to command name 'findElement'
[debug] &amp#27;[35m[WD Proxy]&amp#27;[39m Proxying [POST /element] to [POST http://127.0.0.1:8201/wd/hub/session/7ceeefd9-9799-4502-b99b-ec40c8b50922/element] with body: {"strategy":"id","selector":"com.google.android.gms:id/cancel","context":"","multiple":false}
&amp#27;[35m[WD Proxy]&amp#27;[39m Got response with status 404: {"sessionId":"7ceeefd9-9799-4502-b99b-ec40c8b50922","value":{"error":"no such element","message":"An element could not be located on the page using the given search parameters","stacktrace":"io.appium.uiautomator2.common.exceptions.ElementNotFoundException: An element could not be located on the page using the given search parameters\n\tat io.appium.uiautomator2.handler.FindElement.safeHandle(FindElement.java:70)\n\tat io.appium.uiautomator2.handler.request.SafeRequestHandler.handle(SafeRequestHandler.java:41)\n\tat io.appium.uiautomator2.server.AppiumServlet.handleRequest(AppiumServlet.java:261)\n\tat io.appium.uiautomator2.server.AppiumServlet.handleHttpRequest(AppiumServlet.java:255)\n\tat io.appium.uiautomator2.http.ServerHandler.channelRead(ServerHandler.java:68)\n\tat io.netty.channel.AbstractChannelHandlerContext.invokeChannelRead(AbstractChannelHandlerContext.java:366)\n\tat io.netty.channel.AbstractChannelHandlerContext.invokeChannelRead(AbstractChannelHandlerContext.java:352)\n\tat io.netty.chann...
[debug] &amp#27;[35m[W3C]&amp#27;[39m Matched W3C error code 'no such element' to NoSuchElementError
[debug] &amp#27;[35m[BaseDriver]&amp#27;[39m Waited for 5120 ms so far
[debug] &amp#27;[35m[WD Proxy]&amp#27;[39m Matched '/element' to command name 'findElement'
[debug] &amp#27;[35m[WD Proxy]&amp#27;[39m Proxying [POST /element] to [POST http://127.0.0.1:8201/wd/hub/session/7ceeefd9-9799-4502-b99b-ec40c8b50922/element] with body: {"strategy":"id","selector":"com.google.android.gms:id/cancel","context":"","multiple":false}
&amp#27;[35m[WD Proxy]&amp#27;[39m Got response with status 404: {"sessionId":"7ceeefd9-9799-4502-b99b-ec40c8b50922","value":{"error":"no such element","message":"An element could not be located on the page using the given search parameters","stacktrace":"io.appium.uiautomator2.common.exceptions.ElementNotFoundException: An element could not be located on the page using the given search parameters\n\tat io.appium.uiautomator2.handler.FindElement.safeHandle(FindElement.java:70)\n\tat io.appium.uiautomator2.handler.request.SafeRequestHandler.handle(SafeRequestHandler.java:41)\n\tat io.appium.uiautomator2.server.AppiumServlet.handleRequest(AppiumServlet.java:261)\n\tat io.appium.uiautomator2.server.AppiumServlet.handleHttpRequest(AppiumServlet.java:255)\n\tat io.appium.uiautomator2.http.ServerHandler.channelRead(ServerHandler.java:68)\n\tat io.netty.channel.AbstractChannelHandlerContext.invokeChannelRead(AbstractChannelHandlerContext.java:366)\n\tat io.netty.channel.AbstractChannelHandlerContext.invokeChannelRead(AbstractChannelHandlerContext.java:352)\n\tat io.netty.chann...
[debug] &amp#27;[35m[W3C]&amp#27;[39m Matched W3C error code 'no such element' to NoSuchElementError
[debug] &amp#27;[35m[BaseDriver]&amp#27;[39m Waited for 5708 ms so far
[debug] &amp#27;[35m[WD Proxy]&amp#27;[39m Matched '/element' to command name 'findElement'
[debug] &amp#27;[35m[WD Proxy]&amp#27;[39m Proxying [POST /element] to [POST http://127.0.0.1:8201/wd/hub/session/7ceeefd9-9799-4502-b99b-ec40c8b50922/element] with body: {"strategy":"id","selector":"com.google.android.gms:id/cancel","context":"","multiple":false}
&amp#27;[35m[WD Proxy]&amp#27;[39m Got response with status 404: {"sessionId":"7ceeefd9-9799-4502-b99b-ec40c8b50922","value":{"error":"no such element","message":"An element could not be located on the page using the given search parameters","stacktrace":"io.appium.uiautomator2.common.exceptions.ElementNotFoundException: An element could not be located on the page using the given search parameters\n\tat io.appium.uiautomator2.handler.FindElement.safeHandle(FindElement.java:70)\n\tat io.appium.uiautomator2.handler.request.SafeRequestHandler.handle(SafeRequestHandler.java:41)\n\tat io.appium.uiautomator2.server.AppiumServlet.handleRequest(AppiumServlet.java:261)\n\tat io.appium.uiautomator2.server.AppiumServlet.handleHttpRequest(AppiumServlet.java:255)\n\tat io.appium.uiautomator2.http.ServerHandler.channelRead(ServerHandler.java:68)\n\tat io.netty.channel.AbstractChannelHandlerContext.invokeChannelRead(AbstractChannelHandlerContext.java:366)\n\tat io.netty.channel.AbstractChannelHandlerContext.invokeChannelRead(AbstractChannelHandlerContext.java:352)\n\tat io.netty.chann...
[debug] &amp#27;[35m[W3C]&amp#27;[39m Matched W3C error code 'no such element' to NoSuchElementError
[debug] &amp#27;[35m[BaseDriver]&amp#27;[39m Waited for 6283 ms so far
[debug] &amp#27;[35m[WD Proxy]&amp#27;[39m Matched '/element' to command name 'findElement'
[debug] &amp#27;[35m[WD Proxy]&amp#27;[39m Proxying [POST /element] to [POST http://127.0.0.1:8201/wd/hub/session/7ceeefd9-9799-4502-b99b-ec40c8b50922/element] with body: {"strategy":"id","selector":"com.google.android.gms:id/cancel","context":"","multiple":false}
&amp#27;[35m[WD Proxy]&amp#27;[39m Got response with status 404: {"sessionId":"7ceeefd9-9799-4502-b99b-ec40c8b50922","value":{"error":"no such element","message":"An element could not be located on the page using the given search parameters","stacktrace":"io.appium.uiautomator2.common.exceptions.ElementNotFoundException: An element could not be located on the page using the given search parameters\n\tat io.appium.uiautomator2.handler.FindElement.safeHandle(FindElement.java:70)\n\tat io.appium.uiautomator2.handler.request.SafeRequestHandler.handle(SafeRequestHandler.java:41)\n\tat io.appium.uiautomator2.server.AppiumServlet.handleRequest(AppiumServlet.java:261)\n\tat io.appium.uiautomator2.server.AppiumServlet.handleHttpRequest(AppiumServlet.java:255)\n\tat io.appium.uiautomator2.http.ServerHandler.channelRead(ServerHandler.java:68)\n\tat io.netty.channel.AbstractChannelHandlerContext.invokeChannelRead(AbstractChannelHandlerContext.java:366)\n\tat io.netty.channel.AbstractChannelHandlerContext.invokeChannelRead(AbstractChannelHandlerContext.java:352)\n\tat io.netty.chann...
[debug] &amp#27;[35m[W3C]&amp#27;[39m Matched W3C error code 'no such element' to NoSuchElementError
[debug] &amp#27;[35m[BaseDriver]&amp#27;[39m Waited for 6838 ms so far
[debug] &amp#27;[35m[WD Proxy]&amp#27;[39m Matched '/element' to command name 'findElement'
[debug] &amp#27;[35m[WD Proxy]&amp#27;[39m Proxying [POST /element] to [POST http://127.0.0.1:8201/wd/hub/session/7ceeefd9-9799-4502-b99b-ec40c8b50922/element] with body: {"strategy":"id","selector":"com.google.android.gms:id/cancel","context":"","multiple":false}
&amp#27;[35m[WD Proxy]&amp#27;[39m Got response with status 404: {"sessionId":"7ceeefd9-9799-4502-b99b-ec40c8b50922","value":{"error":"no such element","message":"An element could not be located on the page using the given search parameters","stacktrace":"io.appium.uiautomator2.common.exceptions.ElementNotFoundException: An element could not be located on the page using the given search parameters\n\tat io.appium.uiautomator2.handler.FindElement.safeHandle(FindElement.java:70)\n\tat io.appium.uiautomator2.handler.request.SafeRequestHandler.handle(SafeRequestHandler.java:41)\n\tat io.appium.uiautomator2.server.AppiumServlet.handleRequest(AppiumServlet.java:261)\n\tat io.appium.uiautomator2.server.AppiumServlet.handleHttpRequest(AppiumServlet.java:255)\n\tat io.appium.uiautomator2.http.ServerHandler.channelRead(ServerHandler.java:68)\n\tat io.netty.channel.AbstractChannelHandlerContext.invokeChannelRead(AbstractChannelHandlerContext.java:366)\n\tat io.netty.channel.AbstractChannelHandlerContext.invokeChannelRead(AbstractChannelHandlerContext.java:352)\n\tat io.netty.chann...
[debug] &amp#27;[35m[W3C]&amp#27;[39m Matched W3C error code 'no such element' to NoSuchElementError
[debug] &amp#27;[35m[BaseDriver]&amp#27;[39m Waited for 7396 ms so far
[debug] &amp#27;[35m[WD Proxy]&amp#27;[39m Matched '/element' to command name 'findElement'
[debug] &amp#27;[35m[WD Proxy]&amp#27;[39m Proxying [POST /element] to [POST http://127.0.0.1:8201/wd/hub/session/7ceeefd9-9799-4502-b99b-ec40c8b50922/element] with body: {"strategy":"id","selector":"com.google.android.gms:id/cancel","context":"","multiple":false}
&amp#27;[35m[WD Proxy]&amp#27;[39m Got response with status 404: {"sessionId":"7ceeefd9-9799-4502-b99b-ec40c8b50922","value":{"error":"no such element","message":"An element could not be located on the page using the given search parameters","stacktrace":"io.appium.uiautomator2.common.exceptions.ElementNotFoundException: An element could not be located on the page using the given search parameters\n\tat io.appium.uiautomator2.handler.FindElement.safeHandle(FindElement.java:70)\n\tat io.appium.uiautomator2.handler.request.SafeRequestHandler.handle(SafeRequestHandler.java:41)\n\tat io.appium.uiautomator2.server.AppiumServlet.handleRequest(AppiumServlet.java:261)\n\tat io.appium.uiautomator2.server.AppiumServlet.handleHttpRequest(AppiumServlet.java:255)\n\tat io.appium.uiautomator2.http.ServerHandler.channelRead(ServerHandler.java:68)\n\tat io.netty.channel.AbstractChannelHandlerContext.invokeChannelRead(AbstractChannelHandlerContext.java:366)\n\tat io.netty.channel.AbstractChannelHandlerContext.invokeChannelRead(AbstractChannelHandlerContext.java:352)\n\tat io.netty.chann...
[debug] &amp#27;[35m[W3C]&amp#27;[39m Matched W3C error code 'no such element' to NoSuchElementError
[debug] &amp#27;[35m[BaseDriver]&amp#27;[39m Waited for 7945 ms so far
[debug] &amp#27;[35m[WD Proxy]&amp#27;[39m Matched '/element' to command name 'findElement'
[debug] &amp#27;[35m[WD Proxy]&amp#27;[39m Proxying [POST /element] to [POST http://127.0.0.1:8201/wd/hub/session/7ceeefd9-9799-4502-b99b-ec40c8b50922/element] with body: {"strategy":"id","selector":"com.google.android.gms:id/cancel","context":"","multiple":false}
&amp#27;[35m[WD Proxy]&amp#27;[39m Got response with status 404: {"sessionId":"7ceeefd9-9799-4502-b99b-ec40c8b50922","value":{"error":"no such element","message":"An element could not be located on the page using the given search parameters","stacktrace":"io.appium.uiautomator2.common.exceptions.ElementNotFoundException: An element could not be located on the page using the given search parameters\n\tat io.appium.uiautomator2.handler.FindElement.safeHandle(FindElement.java:70)\n\tat io.appium.uiautomator2.handler.request.SafeRequestHandler.handle(SafeRequestHandler.java:41)\n\tat io.appium.uiautomator2.server.AppiumServlet.handleRequest(AppiumServlet.java:261)\n\tat io.appium.uiautomator2.server.AppiumServlet.handleHttpRequest(AppiumServlet.java:255)\n\tat io.appium.uiautomator2.http.ServerHandler.channelRead(ServerHandler.java:68)\n\tat io.netty.channel.AbstractChannelHandlerContext.invokeChannelRead(AbstractChannelHandlerContext.java:366)\n\tat io.netty.channel.AbstractChannelHandlerContext.invokeChannelRead(AbstractChannelHandlerContext.java:352)\n\tat io.netty.chann...
[debug] &amp#27;[35m[W3C]&amp#27;[39m Matched W3C error code 'no such element' to NoSuchElementError
[debug] &amp#27;[35m[BaseDriver]&amp#27;[39m Waited for 8521 ms so far
[debug] &amp#27;[35m[WD Proxy]&amp#27;[39m Matched '/element' to command name 'findElement'
[debug] &amp#27;[35m[WD Proxy]&amp#27;[39m Proxying [POST /element] to [POST http://127.0.0.1:8201/wd/hub/session/7ceeefd9-9799-4502-b99b-ec40c8b50922/element] with body: {"strategy":"id","selector":"com.google.android.gms:id/cancel","context":"","multiple":false}
&amp#27;[35m[WD Proxy]&amp#27;[39m Got response with status 404: {"sessionId":"7ceeefd9-9799-4502-b99b-ec40c8b50922","value":{"error":"no such element","message":"An element could not be located on the page using the given search parameters","stacktrace":"io.appium.uiautomator2.common.exceptions.ElementNotFoundException: An element could not be located on the page using the given search parameters\n\tat io.appium.uiautomator2.handler.FindElement.safeHandle(FindElement.java:70)\n\tat io.appium.uiautomator2.handler.request.SafeRequestHandler.handle(SafeRequestHandler.java:41)\n\tat io.appium.uiautomator2.server.AppiumServlet.handleRequest(AppiumServlet.java:261)\n\tat io.appium.uiautomator2.server.AppiumServlet.handleHttpRequest(AppiumServlet.java:255)\n\tat io.appium.uiautomator2.http.ServerHandler.channelRead(ServerHandler.java:68)\n\tat io.netty.channel.AbstractChannelHandlerContext.invokeChannelRead(AbstractChannelHandlerContext.java:366)\n\tat io.netty.channel.AbstractChannelHandlerContext.invokeChannelRead(AbstractChannelHandlerContext.java:352)\n\tat io.netty.chann...
[debug] &amp#27;[35m[W3C]&amp#27;[39m Matched W3C error code 'no such element' to NoSuchElementError
[debug] &amp#27;[35m[BaseDriver]&amp#27;[39m Waited for 9073 ms so far
[debug] &amp#27;[35m[WD Proxy]&amp#27;[39m Matched '/element' to command name 'findElement'
[debug] &amp#27;[35m[WD Proxy]&amp#27;[39m Proxying [POST /element] to [POST http://127.0.0.1:8201/wd/hub/session/7ceeefd9-9799-4502-b99b-ec40c8b50922/element] with body: {"strategy":"id","selector":"com.google.android.gms:id/cancel","context":"","multiple":false}
&amp#27;[35m[WD Proxy]&amp#27;[39m Got response with status 404: {"sessionId":"7ceeefd9-9799-4502-b99b-ec40c8b50922","value":{"error":"no such element","message":"An element could not be located on the page using the given search parameters","stacktrace":"io.appium.uiautomator2.common.exceptions.ElementNotFoundException: An element could not be located on the page using the given search parameters\n\tat io.appium.uiautomator2.handler.FindElement.safeHandle(FindElement.java:70)\n\tat io.appium.uiautomator2.handler.request.SafeRequestHandler.handle(SafeRequestHandler.java:41)\n\tat io.appium.uiautomator2.server.AppiumServlet.handleRequest(AppiumServlet.java:261)\n\tat io.appium.uiautomator2.server.AppiumServlet.handleHttpRequest(AppiumServlet.java:255)\n\tat io.appium.uiautomator2.http.ServerHandler.channelRead(ServerHandler.java:68)\n\tat io.netty.channel.AbstractChannelHandlerContext.invokeChannelRead(AbstractChannelHandlerContext.java:366)\n\tat io.netty.channel.AbstractChannelHandlerContext.invokeChannelRead(AbstractChannelHandlerContext.java:352)\n\tat io.netty.chann...
[debug] &amp#27;[35m[W3C]&amp#27;[39m Matched W3C error code 'no such element' to NoSuchElementError
[debug] &amp#27;[35m[BaseDriver]&amp#27;[39m Waited for 9635 ms so far
[debug] &amp#27;[35m[WD Proxy]&amp#27;[39m Matched '/element' to command name 'findElement'
[debug] &amp#27;[35m[WD Proxy]&amp#27;[39m Proxying [POST /element] to [POST http://127.0.0.1:8201/wd/hub/session/7ceeefd9-9799-4502-b99b-ec40c8b50922/element] with body: {"strategy":"id","selector":"com.google.android.gms:id/cancel","context":"","multiple":false}
&amp#27;[35m[WD Proxy]&amp#27;[39m Got response with status 404: {"sessionId":"7ceeefd9-9799-4502-b99b-ec40c8b50922","value":{"error":"no such element","message":"An element could not be located on the page using the given search parameters","stacktrace":"io.appium.uiautomator2.common.exceptions.ElementNotFoundException: An element could not be located on the page using the given search parameters\n\tat io.appium.uiautomator2.handler.FindElement.safeHandle(FindElement.java:70)\n\tat io.appium.uiautomator2.handler.request.SafeRequestHandler.handle(SafeRequestHandler.java:41)\n\tat io.appium.uiautomator2.server.AppiumServlet.handleRequest(AppiumServlet.java:261)\n\tat io.appium.uiautomator2.server.AppiumServlet.handleHttpRequest(AppiumServlet.java:255)\n\tat io.appium.uiautomator2.http.ServerHandler.channelRead(ServerHandler.java:68)\n\tat io.netty.channel.AbstractChannelHandlerContext.invokeChannelRead(AbstractChannelHandlerContext.java:366)\n\tat io.netty.channel.AbstractChannelHandlerContext.invokeChannelRead(AbstractChannelHandlerContext.java:352)\n\tat io.netty.chann...
[debug] &amp#27;[35m[W3C]&amp#27;[39m Matched W3C error code 'no such element' to NoSuchElementError
[debug] &amp#27;[35m[BaseDriver]&amp#27;[39m Waited for 10190 ms so far
[debug] &amp#27;[35m[WD Proxy]&amp#27;[39m Matched '/element' to command name 'findElement'
[debug] &amp#27;[35m[WD Proxy]&amp#27;[39m Proxying [POST /element] to [POST http://127.0.0.1:8201/wd/hub/session/7ceeefd9-9799-4502-b99b-ec40c8b50922/element] with body: {"strategy":"id","selector":"com.google.android.gms:id/cancel","context":"","multiple":false}
&amp#27;[35m[WD Proxy]&amp#27;[39m Got response with status 404: {"sessionId":"7ceeefd9-9799-4502-b99b-ec40c8b50922","value":{"error":"no such element","message":"An element could not be located on the page using the given search parameters","stacktrace":"io.appium.uiautomator2.common.exceptions.ElementNotFoundException: An element could not be located on the page using the given search parameters\n\tat io.appium.uiautomator2.handler.FindElement.safeHandle(FindElement.java:70)\n\tat io.appium.uiautomator2.handler.request.SafeRequestHandler.handle(SafeRequestHandler.java:41)\n\tat io.appium.uiautomator2.server.AppiumServlet.handleRequest(AppiumServlet.java:261)\n\tat io.appium.uiautomator2.server.AppiumServlet.handleHttpRequest(AppiumServlet.java:255)\n\tat io.appium.uiautomator2.http.ServerHandler.channelRead(ServerHandler.java:68)\n\tat io.netty.channel.AbstractChannelHandlerContext.invokeChannelRead(AbstractChannelHandlerContext.java:366)\n\tat io.netty.channel.AbstractChannelHandlerContext.invokeChannelRead(AbstractChannelHandlerContext.java:352)\n\tat io.netty.chann...
[debug] &amp#27;[35m[W3C]&amp#27;[39m Matched W3C error code 'no such element' to NoSuchElementError
[debug] &amp#27;[35m[BaseDriver]&amp#27;[39m Waited for 10772 ms so far
[debug] &amp#27;[35m[WD Proxy]&amp#27;[39m Matched '/element' to command name 'findElement'
[debug] &amp#27;[35m[WD Proxy]&amp#27;[39m Proxying [POST /element] to [POST http://127.0.0.1:8201/wd/hub/session/7ceeefd9-9799-4502-b99b-ec40c8b50922/element] with body: {"strategy":"id","selector":"com.google.android.gms:id/cancel","context":"","multiple":false}
&amp#27;[35m[WD Proxy]&amp#27;[39m Got response with status 404: {"sessionId":"7ceeefd9-9799-4502-b99b-ec40c8b50922","value":{"error":"no such element","message":"An element could not be located on the page using the given search parameters","stacktrace":"io.appium.uiautomator2.common.exceptions.ElementNotFoundException: An element could not be located on the page using the given search parameters\n\tat io.appium.uiautomator2.handler.FindElement.safeHandle(FindElement.java:70)\n\tat io.appium.uiautomator2.handler.request.SafeRequestHandler.handle(SafeRequestHandler.java:41)\n\tat io.appium.uiautomator2.server.AppiumServlet.handleRequest(AppiumServlet.java:261)\n\tat io.appium.uiautomator2.server.AppiumServlet.handleHttpRequest(AppiumServlet.java:255)\n\tat io.appium.uiautomator2.http.ServerHandler.channelRead(ServerHandler.java:68)\n\tat io.netty.channel.AbstractChannelHandlerContext.invokeChannelRead(AbstractChannelHandlerContext.java:366)\n\tat io.netty.channel.AbstractChannelHandlerContext.invokeChannelRead(AbstractChannelHandlerContext.java:352)\n\tat io.netty.chann...
[debug] &amp#27;[35m[W3C]&amp#27;[39m Matched W3C error code 'no such element' to NoSuchElementError
[debug] &amp#27;[35m[BaseDriver]&amp#27;[39m Waited for 11339 ms so far
[debug] &amp#27;[35m[WD Proxy]&amp#27;[39m Matched '/element' to command name 'findElement'
[debug] &amp#27;[35m[WD Proxy]&amp#27;[39m Proxying [POST /element] to [POST http://127.0.0.1:8201/wd/hub/session/7ceeefd9-9799-4502-b99b-ec40c8b50922/element] with body: {"strategy":"id","selector":"com.google.android.gms:id/cancel","context":"","multiple":false}
[debug] &amp#27;[35m[WD Proxy]&amp#27;[39m Got response with status 200: {"sessionId":"7ceeefd9-9799-4502-b99b-ec40c8b50922","value":{"ELEMENT":"e41bc2b9-0ae1-4f30-831e-22e5cb4257d2","element-6066-11e4-a52e-4f735466cecf":"e41bc2b9-0ae1-4f30-831e-22e5cb4257d2"}}
[debug] &amp#27;[35m[W3C (e420f46d)]&amp#27;[39m Responding to client with driver.findElement() result: {"element-6066-11e4-a52e-4f735466cecf":"e41bc2b9-0ae1-4f30-831e-22e5cb4257d2","ELEMENT":"e41bc2b9-0ae1-4f30-831e-22e5cb4257d2"}
&amp#27;[35m[HTTP]&amp#27;[39m &amp#27;[37m<-- POST /wd/hub/session/e420f46d-3e7e-4202-b14f-536a119db8d8/element &amp#27;[39m&amp#27;[32m200&amp#27;[39m &amp#27;[90m13373 ms - 137&amp#27;[39m
&amp#27;[35m[HTTP]&amp#27;[39m &amp#27;[90m&amp#27;[39m
&amp#27;[35m[HTTP]&amp#27;[39m &amp#27;[37m-->&amp#27;[39m &amp#27;[37mPOST&amp#27;[39m &amp#27;[37m/wd/hub/session/e420f46d-3e7e-4202-b14f-536a119db8d8/element/e41bc2b9-0ae1-4f30-831e-22e5cb4257d2/click&amp#27;[39m
&amp#27;[35m[HTTP]&amp#27;[39m &amp#27;[90m{"id":"e41bc2b9-0ae1-4f30-831e-22e5cb4257d2"}&amp#27;[39m
[debug] &amp#27;[35m[W3C (e420f46d)]&amp#27;[39m Calling AppiumDriver.click() with args: ["e41bc2b9-0ae1-4f30-831e-22e5cb4257d2","e420f46d-3e7e-4202-b14f-536a119db8d8"]
[debug] &amp#27;[35m[WD Proxy]&amp#27;[39m Matched '/element/e41bc2b9-0ae1-4f30-831e-22e5cb4257d2/click' to command name 'click'
[debug] &amp#27;[35m[WD Proxy]&amp#27;[39m Proxying [POST /element/e41bc2b9-0ae1-4f30-831e-22e5cb4257d2/click] to [POST http://127.0.0.1:8201/wd/hub/session/7ceeefd9-9799-4502-b99b-ec40c8b50922/element/e41bc2b9-0ae1-4f30-831e-22e5cb4257d2/click] with body: {"element":"e41bc2b9-0ae1-4f30-831e-22e5cb4257d2"}
[debug] &amp#27;[35m[WD Proxy]&amp#27;[39m Got response with status 200: {"sessionId":"7ceeefd9-9799-4502-b99b-ec40c8b50922","value":null}
[debug] &amp#27;[35m[W3C (e420f46d)]&amp#27;[39m Responding to client with driver.click() result: null
&amp#27;[35m[HTTP]&amp#27;[39m &amp#27;[37m<-- POST /wd/hub/session/e420f46d-3e7e-4202-b14f-536a119db8d8/element/e41bc2b9-0ae1-4f30-831e-22e5cb4257d2/click &amp#27;[39m&amp#27;[32m200&amp#27;[39m &amp#27;[90m88 ms - 14&amp#27;[39m
&amp#27;[35m[HTTP]&amp#27;[39m &amp#27;[90m&amp#27;[39m
&amp#27;[35m[HTTP]&amp#27;[39m &amp#27;[37m-->&amp#27;[39m &amp#27;[37mPOST&amp#27;[39m &amp#27;[37m/wd/hub/session/e420f46d-3e7e-4202-b14f-536a119db8d8/element&amp#27;[39m
&amp#27;[35m[HTTP]&amp#27;[39m &amp#27;[90m{"using":"id","value":"com.flipkart.android:id/tv_right_cta"}&amp#27;[39m
[debug] &amp#27;[35m[W3C (e420f46d)]&amp#27;[39m Calling AppiumDriver.findElement() with args: ["id","com.flipkart.android:id/tv_right_cta","e420f46d-3e7e-4202-b14f-536a119db8d8"]
[debug] &amp#27;[35m[BaseDriver]&amp#27;[39m Valid locator strategies for this request: xpath, id, class name, accessibility id, css selector, -android uiautomator
[debug] &amp#27;[35m[BaseDriver]&amp#27;[39m Waiting up to 40000 ms for condition
[debug] &amp#27;[35m[WD Proxy]&amp#27;[39m Matched '/element' to command name 'findElement'
[debug] &amp#27;[35m[WD Proxy]&amp#27;[39m Proxying [POST /element] to [POST http://127.0.0.1:8201/wd/hub/session/7ceeefd9-9799-4502-b99b-ec40c8b50922/element] with body: {"strategy":"id","selector":"com.flipkart.android:id/tv_right_cta","context":"","multiple":false}
[debug] &amp#27;[35m[WD Proxy]&amp#27;[39m Got response with status 200: {"sessionId":"7ceeefd9-9799-4502-b99b-ec40c8b50922","value":{"ELEMENT":"6b421a0f-e773-4018-b3ae-8f884e18d20e","element-6066-11e4-a52e-4f735466cecf":"6b421a0f-e773-4018-b3ae-8f884e18d20e"}}
[debug] &amp#27;[35m[W3C (e420f46d)]&amp#27;[39m Responding to client with driver.findElement() result: {"element-6066-11e4-a52e-4f735466cecf":"6b421a0f-e773-4018-b3ae-8f884e18d20e","ELEMENT":"6b421a0f-e773-4018-b3ae-8f884e18d20e"}
&amp#27;[35m[HTTP]&amp#27;[39m &amp#27;[37m<-- POST /wd/hub/session/e420f46d-3e7e-4202-b14f-536a119db8d8/element &amp#27;[39m&amp#27;[32m200&amp#27;[39m &amp#27;[90m135 ms - 137&amp#27;[39m
&amp#27;[35m[HTTP]&amp#27;[39m &amp#27;[90m&amp#27;[39m
&amp#27;[35m[HTTP]&amp#27;[39m &amp#27;[37m-->&amp#27;[39m &amp#27;[37mPOST&amp#27;[39m &amp#27;[37m/wd/hub/session/e420f46d-3e7e-4202-b14f-536a119db8d8/element/6b421a0f-e773-4018-b3ae-8f884e18d20e/click&amp#27;[39m
&amp#27;[35m[HTTP]&amp#27;[39m &amp#27;[90m{"id":"6b421a0f-e773-4018-b3ae-8f884e18d20e"}&amp#27;[39m
[debug] &amp#27;[35m[W3C (e420f46d)]&amp#27;[39m Calling AppiumDriver.click() with args: ["6b421a0f-e773-4018-b3ae-8f884e18d20e","e420f46d-3e7e-4202-b14f-536a119db8d8"]
[debug] &amp#27;[35m[WD Proxy]&amp#27;[39m Matched '/element/6b421a0f-e773-4018-b3ae-8f884e18d20e/click' to command name 'click'
[debug] &amp#27;[35m[WD Proxy]&amp#27;[39m Proxying [POST /element/6b421a0f-e773-4018-b3ae-8f884e18d20e/click] to [POST http://127.0.0.1:8201/wd/hub/session/7ceeefd9-9799-4502-b99b-ec40c8b50922/element/6b421a0f-e773-4018-b3ae-8f884e18d20e/click] with body: {"element":"6b421a0f-e773-4018-b3ae-8f884e18d20e"}
[debug] &amp#27;[35m[WD Proxy]&amp#27;[39m Got response with status 200: {"sessionId":"7ceeefd9-9799-4502-b99b-ec40c8b50922","value":null}
[debug] &amp#27;[35m[W3C (e420f46d)]&amp#27;[39m Responding to client with driver.click() result: null
&amp#27;[35m[HTTP]&amp#27;[39m &amp#27;[37m<-- POST /wd/hub/session/e420f46d-3e7e-4202-b14f-536a119db8d8/element/6b421a0f-e773-4018-b3ae-8f884e18d20e/click &amp#27;[39m&amp#27;[32m200&amp#27;[39m &amp#27;[90m2931 ms - 14&amp#27;[39m
&amp#27;[35m[HTTP]&amp#27;[39m &amp#27;[90m&amp#27;[39m
&amp#27;[35m[HTTP]&amp#27;[39m &amp#27;[37m-->&amp#27;[39m &amp#27;[37mPOST&amp#27;[39m &amp#27;[37m/wd/hub/session/e420f46d-3e7e-4202-b14f-536a119db8d8/element&amp#27;[39m
&amp#27;[35m[HTTP]&amp#27;[39m &amp#27;[90m{"using":"id","value":"com.flipkart.android:id/phone_input"}&amp#27;[39m
[debug] &amp#27;[35m[W3C (e420f46d)]&amp#27;[39m Calling AppiumDriver.findElement() with args: ["id","com.flipkart.android:id/phone_input","e420f46d-3e7e-4202-b14f-536a119db8d8"]
[debug] &amp#27;[35m[BaseDriver]&amp#27;[39m Valid locator strategies for this request: xpath, id, class name, accessibility id, css selector, -android uiautomator
[debug] &amp#27;[35m[BaseDriver]&amp#27;[39m Waiting up to 40000 ms for condition
[debug] &amp#27;[35m[WD Proxy]&amp#27;[39m Matched '/element' to command name 'findElement'
[debug] &amp#27;[35m[WD Proxy]&amp#27;[39m Proxying [POST /element] to [POST http://127.0.0.1:8201/wd/hub/session/7ceeefd9-9799-4502-b99b-ec40c8b50922/element] with body: {"strategy":"id","selector":"com.flipkart.android:id/phone_input","context":"","multiple":false}
[debug] &amp#27;[35m[WD Proxy]&amp#27;[39m Got response with status 200: {"sessionId":"7ceeefd9-9799-4502-b99b-ec40c8b50922","value":{"ELEMENT":"c63c3e96-d20a-4a95-84b5-a31c71db05c5","element-6066-11e4-a52e-4f735466cecf":"c63c3e96-d20a-4a95-84b5-a31c71db05c5"}}
[debug] &amp#27;[35m[W3C (e420f46d)]&amp#27;[39m Responding to client with driver.findElement() result: {"element-6066-11e4-a52e-4f735466cecf":"c63c3e96-d20a-4a95-84b5-a31c71db05c5","ELEMENT":"c63c3e96-d20a-4a95-84b5-a31c71db05c5"}
&amp#27;[35m[HTTP]&amp#27;[39m &amp#27;[37m<-- POST /wd/hub/session/e420f46d-3e7e-4202-b14f-536a119db8d8/element &amp#27;[39m&amp#27;[32m200&amp#27;[39m &amp#27;[90m27 ms - 137&amp#27;[39m
&amp#27;[35m[HTTP]&amp#27;[39m &amp#27;[90m&amp#27;[39m
&amp#27;[35m[HTTP]&amp#27;[39m &amp#27;[37m-->&amp#27;[39m &amp#27;[37mPOST&amp#27;[39m &amp#27;[37m/wd/hub/session/e420f46d-3e7e-4202-b14f-536a119db8d8/element/c63c3e96-d20a-4a95-84b5-a31c71db05c5/value&amp#27;[39m
&amp#27;[35m[HTTP]&amp#27;[39m &amp#27;[90m{"id":"c63c3e96-d20a-4a95-84b5-a31c71db05c5","text":"pradipkatkar9041@gmail.com","value":["p","r","a","d","i","p","k","a","t","k","a","r","9","0","4","1","@","g","m","a","i","l",".","c","o","m"]}&amp#27;[39m
[debug] &amp#27;[35m[W3C (e420f46d)]&amp#27;[39m Calling AppiumDriver.setValue() with args: [["p","r","a","d","i","p","k","a","t","k","a","r","9","0","4","1","@","g","m","a","i","l",".","c","o","m"],"c63c3e96-d20a-4a95-84b5-a31c71db05c5","e420f46d-3e7e-4202-b14f-536a119db8d8"]
[debug] &amp#27;[35m[WD Proxy]&amp#27;[39m Matched '/element/c63c3e96-d20a-4a95-84b5-a31c71db05c5/value' to command name 'setValue'
[debug] &amp#27;[35m[Protocol Converter]&amp#27;[39m Added 'value' property ["p","r","a","d","i","p","k","a","t","k","a","r","9","0","4","1","@","g","m","a","i","l",".","c","o","m"] to 'setValue' request body
[debug] &amp#27;[35m[WD Proxy]&amp#27;[39m Proxying [POST /element/c63c3e96-d20a-4a95-84b5-a31c71db05c5/value] to [POST http://127.0.0.1:8201/wd/hub/session/7ceeefd9-9799-4502-b99b-ec40c8b50922/element/c63c3e96-d20a-4a95-84b5-a31c71db05c5/value] with body: {"elementId":"c63c3e96-d20a-4a95-84b5-a31c71db05c5","text":"pradipkatkar9041@gmail.com","replace":false,"value":["p","r","a","d","i","p","k","a","t","k","a","r","9","0","4","1","@","g","m","a","i","l",".","c","o","m"]}
[debug] &amp#27;[35m[WD Proxy]&amp#27;[39m Got response with status 200: {"sessionId":"7ceeefd9-9799-4502-b99b-ec40c8b50922","value":null}
[debug] &amp#27;[35m[W3C (e420f46d)]&amp#27;[39m Responding to client with driver.setValue() result: null
&amp#27;[35m[HTTP]&amp#27;[39m &amp#27;[37m<-- POST /wd/hub/session/e420f46d-3e7e-4202-b14f-536a119db8d8/element/c63c3e96-d20a-4a95-84b5-a31c71db05c5/value &amp#27;[39m&amp#27;[32m200&amp#27;[39m &amp#27;[90m69 ms - 14&amp#27;[39m
&amp#27;[35m[HTTP]&amp#27;[39m &amp#27;[90m&amp#27;[39m
&amp#27;[35m[HTTP]&amp#27;[39m &amp#27;[37m-->&amp#27;[39m &amp#27;[37mPOST&amp#27;[39m &amp#27;[37m/wd/hub/session/e420f46d-3e7e-4202-b14f-536a119db8d8/element&amp#27;[39m
&amp#27;[35m[HTTP]&amp#27;[39m &amp#27;[90m{"using":"id","value":"com.flipkart.android:id/button"}&amp#27;[39m
[debug] &amp#27;[35m[W3C (e420f46d)]&amp#27;[39m Calling AppiumDriver.findElement() with args: ["id","com.flipkart.android:id/button","e420f46d-3e7e-4202-b14f-536a119db8d8"]
[debug] &amp#27;[35m[BaseDriver]&amp#27;[39m Valid locator strategies for this request: xpath, id, class name, accessibility id, css selector, -android uiautomator
[debug] &amp#27;[35m[BaseDriver]&amp#27;[39m Waiting up to 40000 ms for condition
[debug] &amp#27;[35m[WD Proxy]&amp#27;[39m Matched '/element' to command name 'findElement'
[debug] &amp#27;[35m[WD Proxy]&amp#27;[39m Proxying [POST /element] to [POST http://127.0.0.1:8201/wd/hub/session/7ceeefd9-9799-4502-b99b-ec40c8b50922/element] with body: {"strategy":"id","selector":"com.flipkart.android:id/button","context":"","multiple":false}
[debug] &amp#27;[35m[WD Proxy]&amp#27;[39m Got response with status 200: {"sessionId":"7ceeefd9-9799-4502-b99b-ec40c8b50922","value":{"ELEMENT":"56b97a9f-3ec1-4a5a-8d91-1bb7a6c385e3","element-6066-11e4-a52e-4f735466cecf":"56b97a9f-3ec1-4a5a-8d91-1bb7a6c385e3"}}
[debug] &amp#27;[35m[W3C (e420f46d)]&amp#27;[39m Responding to client with driver.findElement() result: {"element-6066-11e4-a52e-4f735466cecf":"56b97a9f-3ec1-4a5a-8d91-1bb7a6c385e3","ELEMENT":"56b97a9f-3ec1-4a5a-8d91-1bb7a6c385e3"}
&amp#27;[35m[HTTP]&amp#27;[39m &amp#27;[37m<-- POST /wd/hub/session/e420f46d-3e7e-4202-b14f-536a119db8d8/element &amp#27;[39m&amp#27;[32m200&amp#27;[39m &amp#27;[90m858 ms - 137&amp#27;[39m
&amp#27;[35m[HTTP]&amp#27;[39m &amp#27;[90m&amp#27;[39m
&amp#27;[35m[HTTP]&amp#27;[39m &amp#27;[37m-->&amp#27;[39m &amp#27;[37mPOST&amp#27;[39m &amp#27;[37m/wd/hub/session/e420f46d-3e7e-4202-b14f-536a119db8d8/element/56b97a9f-3ec1-4a5a-8d91-1bb7a6c385e3/click&amp#27;[39m
&amp#27;[35m[HTTP]&amp#27;[39m &amp#27;[90m{"id":"56b97a9f-3ec1-4a5a-8d91-1bb7a6c385e3"}&amp#27;[39m
[debug] &amp#27;[35m[W3C (e420f46d)]&amp#27;[39m Calling AppiumDriver.click() with args: ["56b97a9f-3ec1-4a5a-8d91-1bb7a6c385e3","e420f46d-3e7e-4202-b14f-536a119db8d8"]
[debug] &amp#27;[35m[WD Proxy]&amp#27;[39m Matched '/element/56b97a9f-3ec1-4a5a-8d91-1bb7a6c385e3/click' to command name 'click'
[debug] &amp#27;[35m[WD Proxy]&amp#27;[39m Proxying [POST /element/56b97a9f-3ec1-4a5a-8d91-1bb7a6c385e3/click] to [POST http://127.0.0.1:8201/wd/hub/session/7ceeefd9-9799-4502-b99b-ec40c8b50922/element/56b97a9f-3ec1-4a5a-8d91-1bb7a6c385e3/click] with body: {"element":"56b97a9f-3ec1-4a5a-8d91-1bb7a6c385e3"}
[debug] &amp#27;[35m[WD Proxy]&amp#27;[39m Got response with status 200: {"sessionId":"7ceeefd9-9799-4502-b99b-ec40c8b50922","value":null}
[debug] &amp#27;[35m[W3C (e420f46d)]&amp#27;[39m Responding to client with driver.click() result: null
&amp#27;[35m[HTTP]&amp#27;[39m &amp#27;[37m<-- POST /wd/hub/session/e420f46d-3e7e-4202-b14f-536a119db8d8/element/56b97a9f-3ec1-4a5a-8d91-1bb7a6c385e3/click &amp#27;[39m&amp#27;[32m200&amp#27;[39m &amp#27;[90m1751 ms - 14&amp#27;[39m
&amp#27;[35m[HTTP]&amp#27;[39m &amp#27;[90m&amp#27;[39m
&amp#27;[35m[HTTP]&amp#27;[39m &amp#27;[37m-->&amp#27;[39m &amp#27;[37mPOST&amp#27;[39m &amp#27;[37m/wd/hub/session/e420f46d-3e7e-4202-b14f-536a119db8d8/timeouts&amp#27;[39m
&amp#27;[35m[HTTP]&amp#27;[39m &amp#27;[90m{"implicit":50000}&amp#27;[39m
[debug] &amp#27;[35m[W3C (e420f46d)]&amp#27;[39m Calling AppiumDriver.timeouts() with args: [null,null,null,null,50000,"e420f46d-3e7e-4202-b14f-536a119db8d8"]
[debug] &amp#27;[35m[BaseDriver]&amp#27;[39m W3C timeout argument: {"implicit":50000}}
[debug] &amp#27;[35m[BaseDriver]&amp#27;[39m Set implicit wait to 50000ms
[debug] &amp#27;[35m[W3C (e420f46d)]&amp#27;[39m Responding to client with driver.timeouts() result: null
&amp#27;[35m[HTTP]&amp#27;[39m &amp#27;[37m<-- POST /wd/hub/session/e420f46d-3e7e-4202-b14f-536a119db8d8/timeouts &amp#27;[39m&amp#27;[32m200&amp#27;[39m &amp#27;[90m4 ms - 14&amp#27;[39m
&amp#27;[35m[HTTP]&amp#27;[39m &amp#27;[90m&amp#27;[39m
&amp#27;[35m[HTTP]&amp#27;[39m &amp#27;[37m-->&amp#27;[39m &amp#27;[37mPOST&amp#27;[39m &amp#27;[37m/wd/hub/session/e420f46d-3e7e-4202-b14f-536a119db8d8/element&amp#27;[39m
&amp#27;[35m[HTTP]&amp#27;[39m &amp#27;[90m{"using":"xpath","value":"//*[@text='Password']"}&amp#27;[39m
[debug] &amp#27;[35m[W3C (e420f46d)]&amp#27;[39m Calling AppiumDriver.findElement() with args: ["xpath","//*[@text='Password']","e420f46d-3e7e-4202-b14f-536a119db8d8"]
[debug] &amp#27;[35m[BaseDriver]&amp#27;[39m Valid locator strategies for this request: xpath, id, class name, accessibility id, css selector, -android uiautomator
[debug] &amp#27;[35m[BaseDriver]&amp#27;[39m Waiting up to 50000 ms for condition
[debug] &amp#27;[35m[WD Proxy]&amp#27;[39m Matched '/element' to command name 'findElement'
[debug] &amp#27;[35m[WD Proxy]&amp#27;[39m Proxying [POST /element] to [POST http://127.0.0.1:8201/wd/hub/session/7ceeefd9-9799-4502-b99b-ec40c8b50922/element] with body: {"strategy":"xpath","selector":"//*[@text='Password']","context":"","multiple":false}
[debug] &amp#27;[35m[WD Proxy]&amp#27;[39m Got response with status 200: {"sessionId":"7ceeefd9-9799-4502-b99b-ec40c8b50922","value":{"ELEMENT":"f8ec9369-c4b6-43b9-9486-1e9c53fc5101","element-6066-11e4-a52e-4f735466cecf":"f8ec9369-c4b6-43b9-9486-1e9c53fc5101"}}
[debug] &amp#27;[35m[W3C (e420f46d)]&amp#27;[39m Responding to client with driver.findElement() result: {"element-6066-11e4-a52e-4f735466cecf":"f8ec9369-c4b6-43b9-9486-1e9c53fc5101","ELEMENT":"f8ec9369-c4b6-43b9-9486-1e9c53fc5101"}
&amp#27;[35m[HTTP]&amp#27;[39m &amp#27;[37m<-- POST /wd/hub/session/e420f46d-3e7e-4202-b14f-536a119db8d8/element &amp#27;[39m&amp#27;[32m200&amp#27;[39m &amp#27;[90m125 ms - 137&amp#27;[39m
&amp#27;[35m[HTTP]&amp#27;[39m &amp#27;[90m&amp#27;[39m
&amp#27;[35m[HTTP]&amp#27;[39m &amp#27;[37m-->&amp#27;[39m &amp#27;[37mPOST&amp#27;[39m &amp#27;[37m/wd/hub/session/e420f46d-3e7e-4202-b14f-536a119db8d8/element/f8ec9369-c4b6-43b9-9486-1e9c53fc5101/value&amp#27;[39m
&amp#27;[35m[HTTP]&amp#27;[39m &amp#27;[90m{"id":"f8ec9369-c4b6-43b9-9486-1e9c53fc5101","text":"9766751413","value":["9","7","6","6","7","5","1","4","1","3"]}&amp#27;[39m
[debug] &amp#27;[35m[W3C (e420f46d)]&amp#27;[39m Calling AppiumDriver.setValue() with args: [["9","7","6","6","7","5","1","4","1","3"],"f8ec9369-c4b6-43b9-9486-1e9c53fc5101","e420f46d-3e7e-4202-b14f-536a119db8d8"]
[debug] &amp#27;[35m[WD Proxy]&amp#27;[39m Matched '/element/f8ec9369-c4b6-43b9-9486-1e9c53fc5101/value' to command name 'setValue'
[debug] &amp#27;[35m[Protocol Converter]&amp#27;[39m Added 'value' property ["9","7","6","6","7","5","1","4","1","3"] to 'setValue' request body
[debug] &amp#27;[35m[WD Proxy]&amp#27;[39m Proxying [POST /element/f8ec9369-c4b6-43b9-9486-1e9c53fc5101/value] to [POST http://127.0.0.1:8201/wd/hub/session/7ceeefd9-9799-4502-b99b-ec40c8b50922/element/f8ec9369-c4b6-43b9-9486-1e9c53fc5101/value] with body: {"elementId":"f8ec9369-c4b6-43b9-9486-1e9c53fc5101","text":"9766751413","replace":false,"value":["9","7","6","6","7","5","1","4","1","3"]}
[debug] &amp#27;[35m[WD Proxy]&amp#27;[39m Got response with status 200: {"sessionId":"7ceeefd9-9799-4502-b99b-ec40c8b50922","value":null}
[debug] &amp#27;[35m[W3C (e420f46d)]&amp#27;[39m Responding to client with driver.setValue() result: null
&amp#27;[35m[HTTP]&amp#27;[39m &amp#27;[37m<-- POST /wd/hub/session/e420f46d-3e7e-4202-b14f-536a119db8d8/element/f8ec9369-c4b6-43b9-9486-1e9c53fc5101/value &amp#27;[39m&amp#27;[32m200&amp#27;[39m &amp#27;[90m606 ms - 14&amp#27;[39m
&amp#27;[35m[HTTP]&amp#27;[39m &amp#27;[90m&amp#27;[39m
&amp#27;[35m[HTTP]&amp#27;[39m &amp#27;[37m-->&amp#27;[39m &amp#27;[37mPOST&amp#27;[39m &amp#27;[37m/wd/hub/session/e420f46d-3e7e-4202-b14f-536a119db8d8/timeouts&amp#27;[39m
&amp#27;[35m[HTTP]&amp#27;[39m &amp#27;[90m{"implicit":20000}&amp#27;[39m
[debug] &amp#27;[35m[W3C (e420f46d)]&amp#27;[39m Calling AppiumDriver.timeouts() with args: [null,null,null,null,20000,"e420f46d-3e7e-4202-b14f-536a119db8d8"]
[debug] &amp#27;[35m[BaseDriver]&amp#27;[39m W3C timeout argument: {"implicit":20000}}
[debug] &amp#27;[35m[BaseDriver]&amp#27;[39m Set implicit wait to 20000ms
[debug] &amp#27;[35m[W3C (e420f46d)]&amp#27;[39m Responding to client with driver.timeouts() result: null
&amp#27;[35m[HTTP]&amp#27;[39m &amp#27;[37m<-- POST /wd/hub/session/e420f46d-3e7e-4202-b14f-536a119db8d8/timeouts &amp#27;[39m&amp#27;[32m200&amp#27;[39m &amp#27;[90m6 ms - 14&amp#27;[39m
&amp#27;[35m[HTTP]&amp#27;[39m &amp#27;[90m&amp#27;[39m
&amp#27;[35m[HTTP]&amp#27;[39m &amp#27;[37m-->&amp#27;[39m &amp#27;[37mPOST&amp#27;[39m &amp#27;[37m/wd/hub/session/e420f46d-3e7e-4202-b14f-536a119db8d8/element&amp#27;[39m
&amp#27;[35m[HTTP]&amp#27;[39m &amp#27;[90m{"using":"id","value":"com.flipkart.android:id/button"}&amp#27;[39m
[debug] &amp#27;[35m[W3C (e420f46d)]&amp#27;[39m Calling AppiumDriver.findElement() with args: ["id","com.flipkart.android:id/button","e420f46d-3e7e-4202-b14f-536a119db8d8"]
[debug] &amp#27;[35m[BaseDriver]&amp#27;[39m Valid locator strategies for this request: xpath, id, class name, accessibility id, css selector, -android uiautomator
[debug] &amp#27;[35m[BaseDriver]&amp#27;[39m Waiting up to 20000 ms for condition
[debug] &amp#27;[35m[WD Proxy]&amp#27;[39m Matched '/element' to command name 'findElement'
[debug] &amp#27;[35m[WD Proxy]&amp#27;[39m Proxying [POST /element] to [POST http://127.0.0.1:8201/wd/hub/session/7ceeefd9-9799-4502-b99b-ec40c8b50922/element] with body: {"strategy":"id","selector":"com.flipkart.android:id/button","context":"","multiple":false}
[debug] &amp#27;[35m[WD Proxy]&amp#27;[39m Got response with status 200: {"sessionId":"7ceeefd9-9799-4502-b99b-ec40c8b50922","value":{"ELEMENT":"c3b0fcba-e9dd-4260-ab5d-cdd690472657","element-6066-11e4-a52e-4f735466cecf":"c3b0fcba-e9dd-4260-ab5d-cdd690472657"}}
[debug] &amp#27;[35m[W3C (e420f46d)]&amp#27;[39m Responding to client with driver.findElement() result: {"element-6066-11e4-a52e-4f735466cecf":"c3b0fcba-e9dd-4260-ab5d-cdd690472657","ELEMENT":"c3b0fcba-e9dd-4260-ab5d-cdd690472657"}
&amp#27;[35m[HTTP]&amp#27;[39m &amp#27;[37m<-- POST /wd/hub/session/e420f46d-3e7e-4202-b14f-536a119db8d8/element &amp#27;[39m&amp#27;[32m200&amp#27;[39m &amp#27;[90m501 ms - 137&amp#27;[39m
&amp#27;[35m[HTTP]&amp#27;[39m &amp#27;[90m&amp#27;[39m
&amp#27;[35m[HTTP]&amp#27;[39m &amp#27;[37m-->&amp#27;[39m &amp#27;[37mPOST&amp#27;[39m &amp#27;[37m/wd/hub/session/e420f46d-3e7e-4202-b14f-536a119db8d8/element/c3b0fcba-e9dd-4260-ab5d-cdd690472657/click&amp#27;[39m
&amp#27;[35m[HTTP]&amp#27;[39m &amp#27;[90m{"id":"c3b0fcba-e9dd-4260-ab5d-cdd690472657"}&amp#27;[39m
[debug] &amp#27;[35m[W3C (e420f46d)]&amp#27;[39m Calling AppiumDriver.click() with args: ["c3b0fcba-e9dd-4260-ab5d-cdd690472657","e420f46d-3e7e-4202-b14f-536a119db8d8"]
[debug] &amp#27;[35m[WD Proxy]&amp#27;[39m Matched '/element/c3b0fcba-e9dd-4260-ab5d-cdd690472657/click' to command name 'click'
[debug] &amp#27;[35m[WD Proxy]&amp#27;[39m Proxying [POST /element/c3b0fcba-e9dd-4260-ab5d-cdd690472657/click] to [POST http://127.0.0.1:8201/wd/hub/session/7ceeefd9-9799-4502-b99b-ec40c8b50922/element/c3b0fcba-e9dd-4260-ab5d-cdd690472657/click] with body: {"element":"c3b0fcba-e9dd-4260-ab5d-cdd690472657"}
[debug] &amp#27;[35m[WD Proxy]&amp#27;[39m Got response with status 200: {"sessionId":"7ceeefd9-9799-4502-b99b-ec40c8b50922","value":null}
[debug] &amp#27;[35m[W3C (e420f46d)]&amp#27;[39m Responding to client with driver.click() result: null
&amp#27;[35m[HTTP]&amp#27;[39m &amp#27;[37m<-- POST /wd/hub/session/e420f46d-3e7e-4202-b14f-536a119db8d8/element/c3b0fcba-e9dd-4260-ab5d-cdd690472657/click &amp#27;[39m&amp#27;[32m200&amp#27;[39m &amp#27;[90m819 ms - 14&amp#27;[39m
&amp#27;[35m[HTTP]&amp#27;[39m &amp#27;[90m&amp#27;[39m
&amp#27;[35m[HTTP]&amp#27;[39m &amp#27;[37m-->&amp#27;[39m &amp#27;[37mPOST&amp#27;[39m &amp#27;[37m/wd/hub/session/e420f46d-3e7e-4202-b14f-536a119db8d8/timeouts&amp#27;[39m
&amp#27;[35m[HTTP]&amp#27;[39m &amp#27;[90m{"implicit":50000}&amp#27;[39m
[debug] &amp#27;[35m[W3C (e420f46d)]&amp#27;[39m Calling AppiumDriver.timeouts() with args: [null,null,null,null,50000,"e420f46d-3e7e-4202-b14f-536a119db8d8"]
[debug] &amp#27;[35m[BaseDriver]&amp#27;[39m W3C timeout argument: {"implicit":50000}}
[debug] &amp#27;[35m[BaseDriver]&amp#27;[39m Set implicit wait to 50000ms
[debug] &amp#27;[35m[W3C (e420f46d)]&amp#27;[39m Responding to client with driver.timeouts() result: null
&amp#27;[35m[HTTP]&amp#27;[39m &amp#27;[37m<-- POST /wd/hub/session/e420f46d-3e7e-4202-b14f-536a119db8d8/timeouts &amp#27;[39m&amp#27;[32m200&amp#27;[39m &amp#27;[90m6 ms - 14&amp#27;[39m
&amp#27;[35m[HTTP]&amp#27;[39m &amp#27;[90m&amp#27;[39m
&amp#27;[35m[HTTP]&amp#27;[39m &amp#27;[37m-->&amp#27;[39m &amp#27;[37mPOST&amp#27;[39m &amp#27;[37m/wd/hub/session/e420f46d-3e7e-4202-b14f-536a119db8d8/element&amp#27;[39m
&amp#27;[35m[HTTP]&amp#27;[39m &amp#27;[90m{"using":"id","value":"com.flipkart.android:id/search_widget_textbox"}&amp#27;[39m
[debug] &amp#27;[35m[W3C (e420f46d)]&amp#27;[39m Calling AppiumDriver.findElement() with args: ["id","com.flipkart.android:id/search_widget_textbox","e420f46d-3e7e-4202-b14f-536a119db8d8"]
[debug] &amp#27;[35m[BaseDriver]&amp#27;[39m Valid locator strategies for this request: xpath, id, class name, accessibility id, css selector, -android uiautomator
[debug] &amp#27;[35m[BaseDriver]&amp#27;[39m Waiting up to 50000 ms for condition
[debug] &amp#27;[35m[WD Proxy]&amp#27;[39m Matched '/element' to command name 'findElement'
[debug] &amp#27;[35m[WD Proxy]&amp#27;[39m Proxying [POST /element] to [POST http://127.0.0.1:8201/wd/hub/session/7ceeefd9-9799-4502-b99b-ec40c8b50922/element] with body: {"strategy":"id","selector":"com.flipkart.android:id/search_widget_textbox","context":"","multiple":false}
[debug] &amp#27;[35m[WD Proxy]&amp#27;[39m Got response with status 200: {"sessionId":"7ceeefd9-9799-4502-b99b-ec40c8b50922","value":{"ELEMENT":"5e43f7db-06c9-4223-8160-e66c285d651c","element-6066-11e4-a52e-4f735466cecf":"5e43f7db-06c9-4223-8160-e66c285d651c"}}
[debug] &amp#27;[35m[W3C (e420f46d)]&amp#27;[39m Responding to client with driver.findElement() result: {"element-6066-11e4-a52e-4f735466cecf":"5e43f7db-06c9-4223-8160-e66c285d651c","ELEMENT":"5e43f7db-06c9-4223-8160-e66c285d651c"}
&amp#27;[35m[HTTP]&amp#27;[39m &amp#27;[37m<-- POST /wd/hub/session/e420f46d-3e7e-4202-b14f-536a119db8d8/element &amp#27;[39m&amp#27;[32m200&amp#27;[39m &amp#27;[90m2985 ms - 137&amp#27;[39m
&amp#27;[35m[HTTP]&amp#27;[39m &amp#27;[90m&amp#27;[39m
&amp#27;[35m[HTTP]&amp#27;[39m &amp#27;[37m-->&amp#27;[39m &amp#27;[37mPOST&amp#27;[39m &amp#27;[37m/wd/hub/session/e420f46d-3e7e-4202-b14f-536a119db8d8/element/5e43f7db-06c9-4223-8160-e66c285d651c/click&amp#27;[39m
&amp#27;[35m[HTTP]&amp#27;[39m &amp#27;[90m{"id":"5e43f7db-06c9-4223-8160-e66c285d651c"}&amp#27;[39m
[debug] &amp#27;[35m[W3C (e420f46d)]&amp#27;[39m Calling AppiumDriver.click() with args: ["5e43f7db-06c9-4223-8160-e66c285d651c","e420f46d-3e7e-4202-b14f-536a119db8d8"]
[debug] &amp#27;[35m[WD Proxy]&amp#27;[39m Matched '/element/5e43f7db-06c9-4223-8160-e66c285d651c/click' to command name 'click'
[debug] &amp#27;[35m[WD Proxy]&amp#27;[39m Proxying [POST /element/5e43f7db-06c9-4223-8160-e66c285d651c/click] to [POST http://127.0.0.1:8201/wd/hub/session/7ceeefd9-9799-4502-b99b-ec40c8b50922/element/5e43f7db-06c9-4223-8160-e66c285d651c/click] with body: {"element":"5e43f7db-06c9-4223-8160-e66c285d651c"}
[debug] &amp#27;[35m[WD Proxy]&amp#27;[39m Got response with status 200: {"sessionId":"7ceeefd9-9799-4502-b99b-ec40c8b50922","value":null}
[debug] &amp#27;[35m[W3C (e420f46d)]&amp#27;[39m Responding to client with driver.click() result: null
&amp#27;[35m[HTTP]&amp#27;[39m &amp#27;[37m<-- POST /wd/hub/session/e420f46d-3e7e-4202-b14f-536a119db8d8/element/5e43f7db-06c9-4223-8160-e66c285d651c/click &amp#27;[39m&amp#27;[32m200&amp#27;[39m &amp#27;[90m1541 ms - 14&amp#27;[39m
&amp#27;[35m[HTTP]&amp#27;[39m &amp#27;[90m&amp#27;[39m
&amp#27;[35m[HTTP]&amp#27;[39m &amp#27;[37m-->&amp#27;[39m &amp#27;[37mPOST&amp#27;[39m &amp#27;[37m/wd/hub/session/e420f46d-3e7e-4202-b14f-536a119db8d8/element&amp#27;[39m
&amp#27;[35m[HTTP]&amp#27;[39m &amp#27;[90m{"using":"id","value":"com.flipkart.android:id/search_autoCompleteTextView"}&amp#27;[39m
[debug] &amp#27;[35m[W3C (e420f46d)]&amp#27;[39m Calling AppiumDriver.findElement() with args: ["id","com.flipkart.android:id/search_autoCompleteTextView","e420f46d-3e7e-4202-b14f-536a119db8d8"]
[debug] &amp#27;[35m[BaseDriver]&amp#27;[39m Valid locator strategies for this request: xpath, id, class name, accessibility id, css selector, -android uiautomator
[debug] &amp#27;[35m[BaseDriver]&amp#27;[39m Waiting up to 50000 ms for condition
[debug] &amp#27;[35m[WD Proxy]&amp#27;[39m Matched '/element' to command name 'findElement'
[debug] &amp#27;[35m[WD Proxy]&amp#27;[39m Proxying [POST /element] to [POST http://127.0.0.1:8201/wd/hub/session/7ceeefd9-9799-4502-b99b-ec40c8b50922/element] with body: {"strategy":"id","selector":"com.flipkart.android:id/search_autoCompleteTextView","context":"","multiple":false}
[debug] &amp#27;[35m[WD Proxy]&amp#27;[39m Got response with status 200: {"sessionId":"7ceeefd9-9799-4502-b99b-ec40c8b50922","value":{"ELEMENT":"6408d8c7-64b2-46ec-a607-4a8ddd9c758d","element-6066-11e4-a52e-4f735466cecf":"6408d8c7-64b2-46ec-a607-4a8ddd9c758d"}}
[debug] &amp#27;[35m[W3C (e420f46d)]&amp#27;[39m Responding to client with driver.findElement() result: {"element-6066-11e4-a52e-4f735466cecf":"6408d8c7-64b2-46ec-a607-4a8ddd9c758d","ELEMENT":"6408d8c7-64b2-46ec-a607-4a8ddd9c758d"}
&amp#27;[35m[HTTP]&amp#27;[39m &amp#27;[37m<-- POST /wd/hub/session/e420f46d-3e7e-4202-b14f-536a119db8d8/element &amp#27;[39m&amp#27;[32m200&amp#27;[39m &amp#27;[90m58 ms - 137&amp#27;[39m
&amp#27;[35m[HTTP]&amp#27;[39m &amp#27;[90m&amp#27;[39m
&amp#27;[35m[HTTP]&amp#27;[39m &amp#27;[37m-->&amp#27;[39m &amp#27;[37mPOST&amp#27;[39m &amp#27;[37m/wd/hub/session/e420f46d-3e7e-4202-b14f-536a119db8d8/element/6408d8c7-64b2-46ec-a607-4a8ddd9c758d/value&amp#27;[39m
&amp#27;[35m[HTTP]&amp#27;[39m &amp#27;[90m{"id":"6408d8c7-64b2-46ec-a607-4a8ddd9c758d","text":"Refrigerators","value":["R","e","f","r","i","g","e","r","a","t","o","r","s"]}&amp#27;[39m
[debug] &amp#27;[35m[W3C (e420f46d)]&amp#27;[39m Calling AppiumDriver.setValue() with args: [["R","e","f","r","i","g","e","r","a","t","o","r","s"],"6408d8c7-64b2-46ec-a607-4a8ddd9c758d","e420f46d-3e7e-4202-b14f-536a119db8d8"]
[debug] &amp#27;[35m[WD Proxy]&amp#27;[39m Matched '/element/6408d8c7-64b2-46ec-a607-4a8ddd9c758d/value' to command name 'setValue'
[debug] &amp#27;[35m[Protocol Converter]&amp#27;[39m Added 'value' property ["R","e","f","r","i","g","e","r","a","t","o","r","s"] to 'setValue' request body
[debug] &amp#27;[35m[WD Proxy]&amp#27;[39m Proxying [POST /element/6408d8c7-64b2-46ec-a607-4a8ddd9c758d/value] to [POST http://127.0.0.1:8201/wd/hub/session/7ceeefd9-9799-4502-b99b-ec40c8b50922/element/6408d8c7-64b2-46ec-a607-4a8ddd9c758d/value] with body: {"elementId":"6408d8c7-64b2-46ec-a607-4a8ddd9c758d","text":"Refrigerators","replace":false,"value":["R","e","f","r","i","g","e","r","a","t","o","r","s"]}
[debug] &amp#27;[35m[WD Proxy]&amp#27;[39m Got response with status 200: {"sessionId":"7ceeefd9-9799-4502-b99b-ec40c8b50922","value":null}
[debug] &amp#27;[35m[W3C (e420f46d)]&amp#27;[39m Responding to client with driver.setValue() result: null
&amp#27;[35m[HTTP]&amp#27;[39m &amp#27;[37m<-- POST /wd/hub/session/e420f46d-3e7e-4202-b14f-536a119db8d8/element/6408d8c7-64b2-46ec-a607-4a8ddd9c758d/value &amp#27;[39m&amp#27;[32m200&amp#27;[39m &amp#27;[90m1045 ms - 14&amp#27;[39m
&amp#27;[35m[HTTP]&amp#27;[39m &amp#27;[90m&amp#27;[39m
&amp#27;[35m[HTTP]&amp#27;[39m &amp#27;[37m-->&amp#27;[39m &amp#27;[37mPOST&amp#27;[39m &amp#27;[37m/wd/hub/session/e420f46d-3e7e-4202-b14f-536a119db8d8/element&amp#27;[39m
&amp#27;[35m[HTTP]&amp#27;[39m &amp#27;[90m{"using":"id","value":"com.flipkart.android:id/txt_title"}&amp#27;[39m
[debug] &amp#27;[35m[W3C (e420f46d)]&amp#27;[39m Calling AppiumDriver.findElement() with args: ["id","com.flipkart.android:id/txt_title","e420f46d-3e7e-4202-b14f-536a119db8d8"]
[debug] &amp#27;[35m[BaseDriver]&amp#27;[39m Valid locator strategies for this request: xpath, id, class name, accessibility id, css selector, -android uiautomator
[debug] &amp#27;[35m[BaseDriver]&amp#27;[39m Waiting up to 50000 ms for condition
[debug] &amp#27;[35m[WD Proxy]&amp#27;[39m Matched '/element' to command name 'findElement'
[debug] &amp#27;[35m[WD Proxy]&amp#27;[39m Proxying [POST /element] to [POST http://127.0.0.1:8201/wd/hub/session/7ceeefd9-9799-4502-b99b-ec40c8b50922/element] with body: {"strategy":"id","selector":"com.flipkart.android:id/txt_title","context":"","multiple":false}
[debug] &amp#27;[35m[WD Proxy]&amp#27;[39m Got response with status 200: {"sessionId":"7ceeefd9-9799-4502-b99b-ec40c8b50922","value":{"ELEMENT":"8e34ae36-8f6d-4195-b4b4-f0fae2447a53","element-6066-11e4-a52e-4f735466cecf":"8e34ae36-8f6d-4195-b4b4-f0fae2447a53"}}
[debug] &amp#27;[35m[W3C (e420f46d)]&amp#27;[39m Responding to client with driver.findElement() result: {"element-6066-11e4-a52e-4f735466cecf":"8e34ae36-8f6d-4195-b4b4-f0fae2447a53","ELEMENT":"8e34ae36-8f6d-4195-b4b4-f0fae2447a53"}
&amp#27;[35m[HTTP]&amp#27;[39m &amp#27;[37m<-- POST /wd/hub/session/e420f46d-3e7e-4202-b14f-536a119db8d8/element &amp#27;[39m&amp#27;[32m200&amp#27;[39m &amp#27;[90m1763 ms - 137&amp#27;[39m
&amp#27;[35m[HTTP]&amp#27;[39m &amp#27;[90m&amp#27;[39m
&amp#27;[35m[HTTP]&amp#27;[39m &amp#27;[37m-->&amp#27;[39m &amp#27;[37mPOST&amp#27;[39m &amp#27;[37m/wd/hub/session/e420f46d-3e7e-4202-b14f-536a119db8d8/element/8e34ae36-8f6d-4195-b4b4-f0fae2447a53/click&amp#27;[39m
&amp#27;[35m[HTTP]&amp#27;[39m &amp#27;[90m{"id":"8e34ae36-8f6d-4195-b4b4-f0fae2447a53"}&amp#27;[39m
[debug] &amp#27;[35m[W3C (e420f46d)]&amp#27;[39m Calling AppiumDriver.click() with args: ["8e34ae36-8f6d-4195-b4b4-f0fae2447a53","e420f46d-3e7e-4202-b14f-536a119db8d8"]
[debug] &amp#27;[35m[WD Proxy]&amp#27;[39m Matched '/element/8e34ae36-8f6d-4195-b4b4-f0fae2447a53/click' to command name 'click'
[debug] &amp#27;[35m[WD Proxy]&amp#27;[39m Proxying [POST /element/8e34ae36-8f6d-4195-b4b4-f0fae2447a53/click] to [POST http://127.0.0.1:8201/wd/hub/session/7ceeefd9-9799-4502-b99b-ec40c8b50922/element/8e34ae36-8f6d-4195-b4b4-f0fae2447a53/click] with body: {"element":"8e34ae36-8f6d-4195-b4b4-f0fae2447a53"}
[debug] &amp#27;[35m[WD Proxy]&amp#27;[39m Got response with status 200: {"sessionId":"7ceeefd9-9799-4502-b99b-ec40c8b50922","value":null}
[debug] &amp#27;[35m[W3C (e420f46d)]&amp#27;[39m Responding to client with driver.click() result: null
&amp#27;[35m[HTTP]&amp#27;[39m &amp#27;[37m<-- POST /wd/hub/session/e420f46d-3e7e-4202-b14f-536a119db8d8/element/8e34ae36-8f6d-4195-b4b4-f0fae2447a53/click &amp#27;[39m&amp#27;[32m200&amp#27;[39m &amp#27;[90m58 ms - 14&amp#27;[39m
&amp#27;[35m[HTTP]&amp#27;[39m &amp#27;[90m&amp#27;[39m
&amp#27;[35m[HTTP]&amp#27;[39m &amp#27;[37m-->&amp#27;[39m &amp#27;[37mPOST&amp#27;[39m &amp#27;[37m/wd/hub/session/e420f46d-3e7e-4202-b14f-536a119db8d8/element&amp#27;[39m
&amp#27;[35m[HTTP]&amp#27;[39m &amp#27;[90m{"using":"id","value":"com.flipkart.android:id/allow_button"}&amp#27;[39m
[debug] &amp#27;[35m[W3C (e420f46d)]&amp#27;[39m Calling AppiumDriver.findElement() with args: ["id","com.flipkart.android:id/allow_button","e420f46d-3e7e-4202-b14f-536a119db8d8"]
[debug] &amp#27;[35m[BaseDriver]&amp#27;[39m Valid locator strategies for this request: xpath, id, class name, accessibility id, css selector, -android uiautomator
[debug] &amp#27;[35m[BaseDriver]&amp#27;[39m Waiting up to 50000 ms for condition
[debug] &amp#27;[35m[WD Proxy]&amp#27;[39m Matched '/element' to command name 'findElement'
[debug] &amp#27;[35m[WD Proxy]&amp#27;[39m Proxying [POST /element] to [POST http://127.0.0.1:8201/wd/hub/session/7ceeefd9-9799-4502-b99b-ec40c8b50922/element] with body: {"strategy":"id","selector":"com.flipkart.android:id/allow_button","context":"","multiple":false}
&amp#27;[35m[WD Proxy]&amp#27;[39m Got response with status 404: {"sessionId":"7ceeefd9-9799-4502-b99b-ec40c8b50922","value":{"error":"no such element","message":"An element could not be located on the page using the given search parameters","stacktrace":"io.appium.uiautomator2.common.exceptions.ElementNotFoundException: An element could not be located on the page using the given search parameters\n\tat io.appium.uiautomator2.handler.FindElement.safeHandle(FindElement.java:70)\n\tat io.appium.uiautomator2.handler.request.SafeRequestHandler.handle(SafeRequestHandler.java:41)\n\tat io.appium.uiautomator2.server.AppiumServlet.handleRequest(AppiumServlet.java:261)\n\tat io.appium.uiautomator2.server.AppiumServlet.handleHttpRequest(AppiumServlet.java:255)\n\tat io.appium.uiautomator2.http.ServerHandler.channelRead(ServerHandler.java:68)\n\tat io.netty.channel.AbstractChannelHandlerContext.invokeChannelRead(AbstractChannelHandlerContext.java:366)\n\tat io.netty.channel.AbstractChannelHandlerContext.invokeChannelRead(AbstractChannelHandlerContext.java:352)\n\tat io.netty.chann...
[debug] &amp#27;[35m[W3C]&amp#27;[39m Matched W3C error code 'no such element' to NoSuchElementError
[debug] &amp#27;[35m[BaseDriver]&amp#27;[39m Waited for 488 ms so far
[debug] &amp#27;[35m[WD Proxy]&amp#27;[39m Matched '/element' to command name 'findElement'
[debug] &amp#27;[35m[WD Proxy]&amp#27;[39m Proxying [POST /element] to [POST http://127.0.0.1:8201/wd/hub/session/7ceeefd9-9799-4502-b99b-ec40c8b50922/element] with body: {"strategy":"id","selector":"com.flipkart.android:id/allow_button","context":"","multiple":false}
[debug] &amp#27;[35m[WD Proxy]&amp#27;[39m Got response with status 200: {"sessionId":"7ceeefd9-9799-4502-b99b-ec40c8b50922","value":{"ELEMENT":"f069a0ae-4700-4e22-9982-f969293d5f4e","element-6066-11e4-a52e-4f735466cecf":"f069a0ae-4700-4e22-9982-f969293d5f4e"}}
[debug] &amp#27;[35m[W3C (e420f46d)]&amp#27;[39m Responding to client with driver.findElement() result: {"element-6066-11e4-a52e-4f735466cecf":"f069a0ae-4700-4e22-9982-f969293d5f4e","ELEMENT":"f069a0ae-4700-4e22-9982-f969293d5f4e"}
&amp#27;[35m[HTTP]&amp#27;[39m &amp#27;[37m<-- POST /wd/hub/session/e420f46d-3e7e-4202-b14f-536a119db8d8/element &amp#27;[39m&amp#27;[32m200&amp#27;[39m &amp#27;[90m2211 ms - 137&amp#27;[39m
&amp#27;[35m[HTTP]&amp#27;[39m &amp#27;[90m&amp#27;[39m
&amp#27;[35m[HTTP]&amp#27;[39m &amp#27;[37m-->&amp#27;[39m &amp#27;[37mPOST&amp#27;[39m &amp#27;[37m/wd/hub/session/e420f46d-3e7e-4202-b14f-536a119db8d8/element/f069a0ae-4700-4e22-9982-f969293d5f4e/click&amp#27;[39m
&amp#27;[35m[HTTP]&amp#27;[39m &amp#27;[90m{"id":"f069a0ae-4700-4e22-9982-f969293d5f4e"}&amp#27;[39m
[debug] &amp#27;[35m[W3C (e420f46d)]&amp#27;[39m Calling AppiumDriver.click() with args: ["f069a0ae-4700-4e22-9982-f969293d5f4e","e420f46d-3e7e-4202-b14f-536a119db8d8"]
[debug] &amp#27;[35m[WD Proxy]&amp#27;[39m Matched '/element/f069a0ae-4700-4e22-9982-f969293d5f4e/click' to command name 'click'
[debug] &amp#27;[35m[WD Proxy]&amp#27;[39m Proxying [POST /element/f069a0ae-4700-4e22-9982-f969293d5f4e/click] to [POST http://127.0.0.1:8201/wd/hub/session/7ceeefd9-9799-4502-b99b-ec40c8b50922/element/f069a0ae-4700-4e22-9982-f969293d5f4e/click] with body: {"element":"f069a0ae-4700-4e22-9982-f969293d5f4e"}
[debug] &amp#27;[35m[WD Proxy]&amp#27;[39m Got response with status 200: {"sessionId":"7ceeefd9-9799-4502-b99b-ec40c8b50922","value":null}
[debug] &amp#27;[35m[W3C (e420f46d)]&amp#27;[39m Responding to client with driver.click() result: null
&amp#27;[35m[HTTP]&amp#27;[39m &amp#27;[37m<-- POST /wd/hub/session/e420f46d-3e7e-4202-b14f-536a119db8d8/element/f069a0ae-4700-4e22-9982-f969293d5f4e/click &amp#27;[39m&amp#27;[32m200&amp#27;[39m &amp#27;[90m97 ms - 14&amp#27;[39m
&amp#27;[35m[HTTP]&amp#27;[39m &amp#27;[90m&amp#27;[39m
&amp#27;[35m[HTTP]&amp#27;[39m &amp#27;[37m-->&amp#27;[39m &amp#27;[37mPOST&amp#27;[39m &amp#27;[37m/wd/hub/session/e420f46d-3e7e-4202-b14f-536a119db8d8/element&amp#27;[39m
&amp#27;[35m[HTTP]&amp#27;[39m &amp#27;[90m{"using":"id","value":"com.android.permissioncontroller:id/permission_allow_foreground_only_button"}&amp#27;[39m
[debug] &amp#27;[35m[W3C (e420f46d)]&amp#27;[39m Calling AppiumDriver.findElement() with args: ["id","com.android.permissioncontroller:id/permission_allow_foreground_only_button","e420f46d-3e7e-4202-b14f-536a119db8d8"]
[debug] &amp#27;[35m[BaseDriver]&amp#27;[39m Valid locator strategies for this request: xpath, id, class name, accessibility id, css selector, -android uiautomator
[debug] &amp#27;[35m[BaseDriver]&amp#27;[39m Waiting up to 50000 ms for condition
[debug] &amp#27;[35m[WD Proxy]&amp#27;[39m Matched '/element' to command name 'findElement'
[debug] &amp#27;[35m[WD Proxy]&amp#27;[39m Proxying [POST /element] to [POST http://127.0.0.1:8201/wd/hub/session/7ceeefd9-9799-4502-b99b-ec40c8b50922/element] with body: {"strategy":"id","selector":"com.android.permissioncontroller:id/permission_allow_foreground_only_button","context":"","multiple":false}
&amp#27;[35m[WD Proxy]&amp#27;[39m Got response with status 404: {"sessionId":"7ceeefd9-9799-4502-b99b-ec40c8b50922","value":{"error":"no such element","message":"An element could not be located on the page using the given search parameters","stacktrace":"io.appium.uiautomator2.common.exceptions.ElementNotFoundException: An element could not be located on the page using the given search parameters\n\tat io.appium.uiautomator2.handler.FindElement.safeHandle(FindElement.java:70)\n\tat io.appium.uiautomator2.handler.request.SafeRequestHandler.handle(SafeRequestHandler.java:41)\n\tat io.appium.uiautomator2.server.AppiumServlet.handleRequest(AppiumServlet.java:261)\n\tat io.appium.uiautomator2.server.AppiumServlet.handleHttpRequest(AppiumServlet.java:255)\n\tat io.appium.uiautomator2.http.ServerHandler.channelRead(ServerHandler.java:68)\n\tat io.netty.channel.AbstractChannelHandlerContext.invokeChannelRead(AbstractChannelHandlerContext.java:366)\n\tat io.netty.channel.AbstractChannelHandlerContext.invokeChannelRead(AbstractChannelHandlerContext.java:352)\n\tat io.netty.chann...
[debug] &amp#27;[35m[W3C]&amp#27;[39m Matched W3C error code 'no such element' to NoSuchElementError
[debug] &amp#27;[35m[BaseDriver]&amp#27;[39m Waited for 287 ms so far
[debug] &amp#27;[35m[WD Proxy]&amp#27;[39m Matched '/element' to command name 'findElement'
[debug] &amp#27;[35m[WD Proxy]&amp#27;[39m Proxying [POST /element] to [POST http://127.0.0.1:8201/wd/hub/session/7ceeefd9-9799-4502-b99b-ec40c8b50922/element] with body: {"strategy":"id","selector":"com.android.permissioncontroller:id/permission_allow_foreground_only_button","context":"","multiple":false}
[debug] &amp#27;[35m[WD Proxy]&amp#27;[39m Got response with status 200: {"sessionId":"7ceeefd9-9799-4502-b99b-ec40c8b50922","value":{"ELEMENT":"fd59f9e7-f966-4371-bded-9ff7f55e70b4","element-6066-11e4-a52e-4f735466cecf":"fd59f9e7-f966-4371-bded-9ff7f55e70b4"}}
[debug] &amp#27;[35m[W3C (e420f46d)]&amp#27;[39m Responding to client with driver.findElement() result: {"element-6066-11e4-a52e-4f735466cecf":"fd59f9e7-f966-4371-bded-9ff7f55e70b4","ELEMENT":"fd59f9e7-f966-4371-bded-9ff7f55e70b4"}
&amp#27;[35m[HTTP]&amp#27;[39m &amp#27;[37m<-- POST /wd/hub/session/e420f46d-3e7e-4202-b14f-536a119db8d8/element &amp#27;[39m&amp#27;[32m200&amp#27;[39m &amp#27;[90m940 ms - 137&amp#27;[39m
&amp#27;[35m[HTTP]&amp#27;[39m &amp#27;[90m&amp#27;[39m
&amp#27;[35m[HTTP]&amp#27;[39m &amp#27;[37m-->&amp#27;[39m &amp#27;[37mPOST&amp#27;[39m &amp#27;[37m/wd/hub/session/e420f46d-3e7e-4202-b14f-536a119db8d8/element/fd59f9e7-f966-4371-bded-9ff7f55e70b4/click&amp#27;[39m
&amp#27;[35m[HTTP]&amp#27;[39m &amp#27;[90m{"id":"fd59f9e7-f966-4371-bded-9ff7f55e70b4"}&amp#27;[39m
[debug] &amp#27;[35m[W3C (e420f46d)]&amp#27;[39m Calling AppiumDriver.click() with args: ["fd59f9e7-f966-4371-bded-9ff7f55e70b4","e420f46d-3e7e-4202-b14f-536a119db8d8"]
[debug] &amp#27;[35m[WD Proxy]&amp#27;[39m Matched '/element/fd59f9e7-f966-4371-bded-9ff7f55e70b4/click' to command name 'click'
[debug] &amp#27;[35m[WD Proxy]&amp#27;[39m Proxying [POST /element/fd59f9e7-f966-4371-bded-9ff7f55e70b4/click] to [POST http://127.0.0.1:8201/wd/hub/session/7ceeefd9-9799-4502-b99b-ec40c8b50922/element/fd59f9e7-f966-4371-bded-9ff7f55e70b4/click] with body: {"element":"fd59f9e7-f966-4371-bded-9ff7f55e70b4"}
[debug] &amp#27;[35m[WD Proxy]&amp#27;[39m Got response with status 200: {"sessionId":"7ceeefd9-9799-4502-b99b-ec40c8b50922","value":null}
[debug] &amp#27;[35m[W3C (e420f46d)]&amp#27;[39m Responding to client with driver.click() result: null
&amp#27;[35m[HTTP]&amp#27;[39m &amp#27;[37m<-- POST /wd/hub/session/e420f46d-3e7e-4202-b14f-536a119db8d8/element/fd59f9e7-f966-4371-bded-9ff7f55e70b4/click &amp#27;[39m&amp#27;[32m200&amp#27;[39m &amp#27;[90m80 ms - 14&amp#27;[39m
&amp#27;[35m[HTTP]&amp#27;[39m &amp#27;[90m&amp#27;[39m
&amp#27;[35m[HTTP]&amp#27;[39m &amp#27;[37m-->&amp#27;[39m &amp#27;[37mPOST&amp#27;[39m &amp#27;[37m/wd/hub/session/e420f46d-3e7e-4202-b14f-536a119db8d8/element&amp#27;[39m
&amp#27;[35m[HTTP]&amp#27;[39m &amp#27;[90m{"using":"-android uiautomator","value":"new UiScrollable(new UiSelector()).scrollIntoView(text(\"SAMSUNG 192 L Direct Cool Single Door 2 Star Refrigerator\"))"}&amp#27;[39m
[debug] &amp#27;[35m[W3C (e420f46d)]&amp#27;[39m Calling AppiumDriver.findElement() with args: ["-android uiautomator","new UiScrollable(new UiSelector()).scrollIntoView(text(\"SAMSUNG 192 L Direct Cool Single Door 2 Star Refrigerator\"))","e420f46d-3e7e-4202-b14f-536a119db8d8"]
[debug] &amp#27;[35m[BaseDriver]&amp#27;[39m Valid locator strategies for this request: xpath, id, class name, accessibility id, css selector, -android uiautomator
[debug] &amp#27;[35m[BaseDriver]&amp#27;[39m Waiting up to 50000 ms for condition
[debug] &amp#27;[35m[WD Proxy]&amp#27;[39m Matched '/element' to command name 'findElement'
[debug] &amp#27;[35m[WD Proxy]&amp#27;[39m Proxying [POST /element] to [POST http://127.0.0.1:8201/wd/hub/session/7ceeefd9-9799-4502-b99b-ec40c8b50922/element] with body: {"strategy":"-android uiautomator","selector":"new UiScrollable(new UiSelector()).scrollIntoView(text(\"SAMSUNG 192 L Direct Cool Single Door 2 Star Refrigerator\"))","context":"","multiple":false}
[debug] &amp#27;[35m[WD Proxy]&amp#27;[39m Got response with status 200: {"sessionId":"7ceeefd9-9799-4502-b99b-ec40c8b50922","value":{"ELEMENT":"508e90b5-1e33-4d26-8a4d-51c36d633406","element-6066-11e4-a52e-4f735466cecf":"508e90b5-1e33-4d26-8a4d-51c36d633406"}}
[debug] &amp#27;[35m[W3C (e420f46d)]&amp#27;[39m Responding to client with driver.findElement() result: {"element-6066-11e4-a52e-4f735466cecf":"508e90b5-1e33-4d26-8a4d-51c36d633406","ELEMENT":"508e90b5-1e33-4d26-8a4d-51c36d633406"}
&amp#27;[35m[HTTP]&amp#27;[39m &amp#27;[37m<-- POST /wd/hub/session/e420f46d-3e7e-4202-b14f-536a119db8d8/element &amp#27;[39m&amp#27;[32m200&amp#27;[39m &amp#27;[90m8711 ms - 137&amp#27;[39m
&amp#27;[35m[HTTP]&amp#27;[39m &amp#27;[90m&amp#27;[39m
&amp#27;[35m[HTTP]&amp#27;[39m &amp#27;[37m-->&amp#27;[39m &amp#27;[37mPOST&amp#27;[39m &amp#27;[37m/wd/hub/session/e420f46d-3e7e-4202-b14f-536a119db8d8/element&amp#27;[39m
&amp#27;[35m[HTTP]&amp#27;[39m &amp#27;[90m{"using":"xpath","value":"//*[@text='SAMSUNG 192 L Direct Cool Single Door 2 Star Refrigerator']"}&amp#27;[39m
[debug] &amp#27;[35m[W3C (e420f46d)]&amp#27;[39m Calling AppiumDriver.findElement() with args: ["xpath","//*[@text='SAMSUNG 192 L Direct Cool Single Door 2 Star Refrigerator']","e420f46d-3e7e-4202-b14f-536a119db8d8"]
[debug] &amp#27;[35m[BaseDriver]&amp#27;[39m Valid locator strategies for this request: xpath, id, class name, accessibility id, css selector, -android uiautomator
[debug] &amp#27;[35m[BaseDriver]&amp#27;[39m Waiting up to 50000 ms for condition
[debug] &amp#27;[35m[WD Proxy]&amp#27;[39m Matched '/element' to command name 'findElement'
[debug] &amp#27;[35m[WD Proxy]&amp#27;[39m Proxying [POST /element] to [POST http://127.0.0.1:8201/wd/hub/session/7ceeefd9-9799-4502-b99b-ec40c8b50922/element] with body: {"strategy":"xpath","selector":"//*[@text='SAMSUNG 192 L Direct Cool Single Door 2 Star Refrigerator']","context":"","multiple":false}
[debug] &amp#27;[35m[WD Proxy]&amp#27;[39m Got response with status 200: {"sessionId":"7ceeefd9-9799-4502-b99b-ec40c8b50922","value":{"ELEMENT":"720f1491-3a32-4ba6-b0d6-692d6f9293a6","element-6066-11e4-a52e-4f735466cecf":"720f1491-3a32-4ba6-b0d6-692d6f9293a6"}}
[debug] &amp#27;[35m[W3C (e420f46d)]&amp#27;[39m Responding to client with driver.findElement() result: {"element-6066-11e4-a52e-4f735466cecf":"720f1491-3a32-4ba6-b0d6-692d6f9293a6","ELEMENT":"720f1491-3a32-4ba6-b0d6-692d6f9293a6"}
&amp#27;[35m[HTTP]&amp#27;[39m &amp#27;[37m<-- POST /wd/hub/session/e420f46d-3e7e-4202-b14f-536a119db8d8/element &amp#27;[39m&amp#27;[32m200&amp#27;[39m &amp#27;[90m342 ms - 137&amp#27;[39m
&amp#27;[35m[HTTP]&amp#27;[39m &amp#27;[90m&amp#27;[39m
&amp#27;[35m[HTTP]&amp#27;[39m &amp#27;[37m-->&amp#27;[39m &amp#27;[37mPOST&amp#27;[39m &amp#27;[37m/wd/hub/session/e420f46d-3e7e-4202-b14f-536a119db8d8/element/720f1491-3a32-4ba6-b0d6-692d6f9293a6/click&amp#27;[39m
&amp#27;[35m[HTTP]&amp#27;[39m &amp#27;[90m{"id":"720f1491-3a32-4ba6-b0d6-692d6f9293a6"}&amp#27;[39m
[debug] &amp#27;[35m[W3C (e420f46d)]&amp#27;[39m Calling AppiumDriver.click() with args: ["720f1491-3a32-4ba6-b0d6-692d6f9293a6","e420f46d-3e7e-4202-b14f-536a119db8d8"]
[debug] &amp#27;[35m[WD Proxy]&amp#27;[39m Matched '/element/720f1491-3a32-4ba6-b0d6-692d6f9293a6/click' to command name 'click'
[debug] &amp#27;[35m[WD Proxy]&amp#27;[39m Proxying [POST /element/720f1491-3a32-4ba6-b0d6-692d6f9293a6/click] to [POST http://127.0.0.1:8201/wd/hub/session/7ceeefd9-9799-4502-b99b-ec40c8b50922/element/720f1491-3a32-4ba6-b0d6-692d6f9293a6/click] with body: {"element":"720f1491-3a32-4ba6-b0d6-692d6f9293a6"}
[debug] &amp#27;[35m[WD Proxy]&amp#27;[39m Got response with status 200: {"sessionId":"7ceeefd9-9799-4502-b99b-ec40c8b50922","value":null}
[debug] &amp#27;[35m[W3C (e420f46d)]&amp#27;[39m Responding to client with driver.click() result: null
&amp#27;[35m[HTTP]&amp#27;[39m &amp#27;[37m<-- POST /wd/hub/session/e420f46d-3e7e-4202-b14f-536a119db8d8/element/720f1491-3a32-4ba6-b0d6-692d6f9293a6/click &amp#27;[39m&amp#27;[32m200&amp#27;[39m &amp#27;[90m72 ms - 14&amp#27;[39m
&amp#27;[35m[HTTP]&amp#27;[39m &amp#27;[90m&amp#27;[39m
&amp#27;[35m[HTTP]&amp#27;[39m &amp#27;[37m-->&amp#27;[39m &amp#27;[37mPOST&amp#27;[39m &amp#27;[37m/wd/hub/session/e420f46d-3e7e-4202-b14f-536a119db8d8/timeouts&amp#27;[39m
&amp#27;[35m[HTTP]&amp#27;[39m &amp#27;[90m{"implicit":10000}&amp#27;[39m
[debug] &amp#27;[35m[W3C (e420f46d)]&amp#27;[39m Calling AppiumDriver.timeouts() with args: [null,null,null,null,10000,"e420f46d-3e7e-4202-b14f-536a119db8d8"]
[debug] &amp#27;[35m[BaseDriver]&amp#27;[39m W3C timeout argument: {"implicit":10000}}
[debug] &amp#27;[35m[BaseDriver]&amp#27;[39m Set implicit wait to 10000ms
[debug] &amp#27;[35m[W3C (e420f46d)]&amp#27;[39m Responding to client with driver.timeouts() result: null
&amp#27;[35m[HTTP]&amp#27;[39m &amp#27;[37m<-- POST /wd/hub/session/e420f46d-3e7e-4202-b14f-536a119db8d8/timeouts &amp#27;[39m&amp#27;[32m200&amp#27;[39m &amp#27;[90m2 ms - 14&amp#27;[39m
&amp#27;[35m[HTTP]&amp#27;[39m &amp#27;[90m&amp#27;[39m
&amp#27;[35m[HTTP]&amp#27;[39m &amp#27;[37m-->&amp#27;[39m &amp#27;[37mPOST&amp#27;[39m &amp#27;[37m/wd/hub/session/e420f46d-3e7e-4202-b14f-536a119db8d8/element&amp#27;[39m
&amp#27;[35m[HTTP]&amp#27;[39m &amp#27;[90m{"using":"xpath","value":"//*[@text='ADD TO CART']"}&amp#27;[39m
[debug] &amp#27;[35m[W3C (e420f46d)]&amp#27;[39m Calling AppiumDriver.findElement() with args: ["xpath","//*[@text='ADD TO CART']","e420f46d-3e7e-4202-b14f-536a119db8d8"]
[debug] &amp#27;[35m[BaseDriver]&amp#27;[39m Valid locator strategies for this request: xpath, id, class name, accessibility id, css selector, -android uiautomator
[debug] &amp#27;[35m[BaseDriver]&amp#27;[39m Waiting up to 10000 ms for condition
[debug] &amp#27;[35m[WD Proxy]&amp#27;[39m Matched '/element' to command name 'findElement'
[debug] &amp#27;[35m[WD Proxy]&amp#27;[39m Proxying [POST /element] to [POST http://127.0.0.1:8201/wd/hub/session/7ceeefd9-9799-4502-b99b-ec40c8b50922/element] with body: {"strategy":"xpath","selector":"//*[@text='ADD TO CART']","context":"","multiple":false}
&amp#27;[35m[WD Proxy]&amp#27;[39m Got response with status 404: {"sessionId":"7ceeefd9-9799-4502-b99b-ec40c8b50922","value":{"error":"no such element","message":"An element could not be located on the page using the given search parameters","stacktrace":"io.appium.uiautomator2.common.exceptions.ElementNotFoundException: An element could not be located on the page using the given search parameters\n\tat io.appium.uiautomator2.handler.FindElement.findElement(FindElement.java:91)\n\tat io.appium.uiautomator2.handler.FindElement.safeHandle(FindElement.java:68)\n\tat io.appium.uiautomator2.handler.request.SafeRequestHandler.handle(SafeRequestHandler.java:41)\n\tat io.appium.uiautomator2.server.AppiumServlet.handleRequest(AppiumServlet.java:261)\n\tat io.appium.uiautomator2.server.AppiumServlet.handleHttpRequest(AppiumServlet.java:255)\n\tat io.appium.uiautomator2.http.ServerHandler.channelRead(ServerHandler.java:68)\n\tat io.netty.channel.AbstractChannelHandlerContext.invokeChannelRead(AbstractChannelHandlerContext.java:366)\n\tat io.netty.channel.AbstractChannelHandlerCont...
[debug] &amp#27;[35m[W3C]&amp#27;[39m Matched W3C error code 'no such element' to NoSuchElementError
[debug] &amp#27;[35m[BaseDriver]&amp#27;[39m Waited for 776 ms so far
[debug] &amp#27;[35m[WD Proxy]&amp#27;[39m Matched '/element' to command name 'findElement'
[debug] &amp#27;[35m[WD Proxy]&amp#27;[39m Proxying [POST /element] to [POST http://127.0.0.1:8201/wd/hub/session/7ceeefd9-9799-4502-b99b-ec40c8b50922/element] with body: {"strategy":"xpath","selector":"//*[@text='ADD TO CART']","context":"","multiple":false}
&amp#27;[35m[WD Proxy]&amp#27;[39m Got response with status 404: {"sessionId":"7ceeefd9-9799-4502-b99b-ec40c8b50922","value":{"error":"no such element","message":"An element could not be located on the page using the given search parameters","stacktrace":"io.appium.uiautomator2.common.exceptions.ElementNotFoundException: An element could not be located on the page using the given search parameters\n\tat io.appium.uiautomator2.handler.FindElement.findElement(FindElement.java:91)\n\tat io.appium.uiautomator2.handler.FindElement.safeHandle(FindElement.java:68)\n\tat io.appium.uiautomator2.handler.request.SafeRequestHandler.handle(SafeRequestHandler.java:41)\n\tat io.appium.uiautomator2.server.AppiumServlet.handleRequest(AppiumServlet.java:261)\n\tat io.appium.uiautomator2.server.AppiumServlet.handleHttpRequest(AppiumServlet.java:255)\n\tat io.appium.uiautomator2.http.ServerHandler.channelRead(ServerHandler.java:68)\n\tat io.netty.channel.AbstractChannelHandlerContext.invokeChannelRead(AbstractChannelHandlerContext.java:366)\n\tat io.netty.channel.AbstractChannelHandlerCont...
[debug] &amp#27;[35m[W3C]&amp#27;[39m Matched W3C error code 'no such element' to NoSuchElementError
[debug] &amp#27;[35m[BaseDriver]&amp#27;[39m Waited for 1369 ms so far
[debug] &amp#27;[35m[WD Proxy]&amp#27;[39m Matched '/element' to command name 'findElement'
[debug] &amp#27;[35m[WD Proxy]&amp#27;[39m Proxying [POST /element] to [POST http://127.0.0.1:8201/wd/hub/session/7ceeefd9-9799-4502-b99b-ec40c8b50922/element] with body: {"strategy":"xpath","selector":"//*[@text='ADD TO CART']","context":"","multiple":false}
[debug] &amp#27;[35m[WD Proxy]&amp#27;[39m Got response with status 200: {"sessionId":"7ceeefd9-9799-4502-b99b-ec40c8b50922","value":{"ELEMENT":"ab2218e8-2379-4489-a2ac-35b6a5984160","element-6066-11e4-a52e-4f735466cecf":"ab2218e8-2379-4489-a2ac-35b6a5984160"}}
[debug] &amp#27;[35m[W3C (e420f46d)]&amp#27;[39m Responding to client with driver.findElement() result: {"element-6066-11e4-a52e-4f735466cecf":"ab2218e8-2379-4489-a2ac-35b6a5984160","ELEMENT":"ab2218e8-2379-4489-a2ac-35b6a5984160"}
&amp#27;[35m[HTTP]&amp#27;[39m &amp#27;[37m<-- POST /wd/hub/session/e420f46d-3e7e-4202-b14f-536a119db8d8/element &amp#27;[39m&amp#27;[32m200&amp#27;[39m &amp#27;[90m6238 ms - 137&amp#27;[39m
&amp#27;[35m[HTTP]&amp#27;[39m &amp#27;[90m&amp#27;[39m
&amp#27;[35m[HTTP]&amp#27;[39m &amp#27;[37m-->&amp#27;[39m &amp#27;[37mPOST&amp#27;[39m &amp#27;[37m/wd/hub/session/e420f46d-3e7e-4202-b14f-536a119db8d8/element/ab2218e8-2379-4489-a2ac-35b6a5984160/click&amp#27;[39m
&amp#27;[35m[HTTP]&amp#27;[39m &amp#27;[90m{"id":"ab2218e8-2379-4489-a2ac-35b6a5984160"}&amp#27;[39m
[debug] &amp#27;[35m[W3C (e420f46d)]&amp#27;[39m Calling AppiumDriver.click() with args: ["ab2218e8-2379-4489-a2ac-35b6a5984160","e420f46d-3e7e-4202-b14f-536a119db8d8"]
[debug] &amp#27;[35m[WD Proxy]&amp#27;[39m Matched '/element/ab2218e8-2379-4489-a2ac-35b6a5984160/click' to command name 'click'
[debug] &amp#27;[35m[WD Proxy]&amp#27;[39m Proxying [POST /element/ab2218e8-2379-4489-a2ac-35b6a5984160/click] to [POST http://127.0.0.1:8201/wd/hub/session/7ceeefd9-9799-4502-b99b-ec40c8b50922/element/ab2218e8-2379-4489-a2ac-35b6a5984160/click] with body: {"element":"ab2218e8-2379-4489-a2ac-35b6a5984160"}
[debug] &amp#27;[35m[WD Proxy]&amp#27;[39m Got response with status 200: {"sessionId":"7ceeefd9-9799-4502-b99b-ec40c8b50922","value":null}
[debug] &amp#27;[35m[W3C (e420f46d)]&amp#27;[39m Responding to client with driver.click() result: null
&amp#27;[35m[HTTP]&amp#27;[39m &amp#27;[37m<-- POST /wd/hub/session/e420f46d-3e7e-4202-b14f-536a119db8d8/element/ab2218e8-2379-4489-a2ac-35b6a5984160/click &amp#27;[39m&amp#27;[32m200&amp#27;[39m &amp#27;[90m67 ms - 14&amp#27;[39m
&amp#27;[35m[HTTP]&amp#27;[39m &amp#27;[90m&amp#27;[39m
&amp#27;[35m[HTTP]&amp#27;[39m &amp#27;[37m-->&amp#27;[39m &amp#27;[37mPOST&amp#27;[39m &amp#27;[37m/wd/hub/session/e420f46d-3e7e-4202-b14f-536a119db8d8/timeouts&amp#27;[39m
&amp#27;[35m[HTTP]&amp#27;[39m &amp#27;[90m{"implicit":10000}&amp#27;[39m
[debug] &amp#27;[35m[W3C (e420f46d)]&amp#27;[39m Calling AppiumDriver.timeouts() with args: [null,null,null,null,10000,"e420f46d-3e7e-4202-b14f-536a119db8d8"]
[debug] &amp#27;[35m[BaseDriver]&amp#27;[39m W3C timeout argument: {"implicit":10000}}
[debug] &amp#27;[35m[BaseDriver]&amp#27;[39m Set implicit wait to 10000ms
[debug] &amp#27;[35m[W3C (e420f46d)]&amp#27;[39m Responding to client with driver.timeouts() result: null
&amp#27;[35m[HTTP]&amp#27;[39m &amp#27;[37m<-- POST /wd/hub/session/e420f46d-3e7e-4202-b14f-536a119db8d8/timeouts &amp#27;[39m&amp#27;[32m200&amp#27;[39m &amp#27;[90m2 ms - 14&amp#27;[39m
&amp#27;[35m[HTTP]&amp#27;[39m &amp#27;[90m&amp#27;[39m
&amp#27;[35m[HTTP]&amp#27;[39m &amp#27;[37m-->&amp#27;[39m &amp#27;[37mPOST&amp#27;[39m &amp#27;[37m/wd/hub/session/e420f46d-3e7e-4202-b14f-536a119db8d8/element&amp#27;[39m
&amp#27;[35m[HTTP]&amp#27;[39m &amp#27;[90m{"using":"xpath","value":"//*[@text='SKIP']"}&amp#27;[39m
[debug] &amp#27;[35m[W3C (e420f46d)]&amp#27;[39m Calling AppiumDriver.findElement() with args: ["xpath","//*[@text='SKIP']","e420f46d-3e7e-4202-b14f-536a119db8d8"]
[debug] &amp#27;[35m[BaseDriver]&amp#27;[39m Valid locator strategies for this request: xpath, id, class name, accessibility id, css selector, -android uiautomator
[debug] &amp#27;[35m[BaseDriver]&amp#27;[39m Waiting up to 10000 ms for condition
[debug] &amp#27;[35m[WD Proxy]&amp#27;[39m Matched '/element' to command name 'findElement'
[debug] &amp#27;[35m[WD Proxy]&amp#27;[39m Proxying [POST /element] to [POST http://127.0.0.1:8201/wd/hub/session/7ceeefd9-9799-4502-b99b-ec40c8b50922/element] with body: {"strategy":"xpath","selector":"//*[@text='SKIP']","context":"","multiple":false}
&amp#27;[35m[WD Proxy]&amp#27;[39m Got response with status 404: {"sessionId":"7ceeefd9-9799-4502-b99b-ec40c8b50922","value":{"error":"no such element","message":"An element could not be located on the page using the given search parameters","stacktrace":"io.appium.uiautomator2.common.exceptions.ElementNotFoundException: An element could not be located on the page using the given search parameters\n\tat io.appium.uiautomator2.handler.FindElement.findElement(FindElement.java:91)\n\tat io.appium.uiautomator2.handler.FindElement.safeHandle(FindElement.java:68)\n\tat io.appium.uiautomator2.handler.request.SafeRequestHandler.handle(SafeRequestHandler.java:41)\n\tat io.appium.uiautomator2.server.AppiumServlet.handleRequest(AppiumServlet.java:261)\n\tat io.appium.uiautomator2.server.AppiumServlet.handleHttpRequest(AppiumServlet.java:255)\n\tat io.appium.uiautomator2.http.ServerHandler.channelRead(ServerHandler.java:68)\n\tat io.netty.channel.AbstractChannelHandlerContext.invokeChannelRead(AbstractChannelHandlerContext.java:366)\n\tat io.netty.channel.AbstractChannelHandlerCont...
[debug] &amp#27;[35m[W3C]&amp#27;[39m Matched W3C error code 'no such element' to NoSuchElementError
[debug] &amp#27;[35m[BaseDriver]&amp#27;[39m Waited for 441 ms so far
[debug] &amp#27;[35m[WD Proxy]&amp#27;[39m Matched '/element' to command name 'findElement'
[debug] &amp#27;[35m[WD Proxy]&amp#27;[39m Proxying [POST /element] to [POST http://127.0.0.1:8201/wd/hub/session/7ceeefd9-9799-4502-b99b-ec40c8b50922/element] with body: {"strategy":"xpath","selector":"//*[@text='SKIP']","context":"","multiple":false}
&amp#27;[35m[WD Proxy]&amp#27;[39m Got response with status 404: {"sessionId":"7ceeefd9-9799-4502-b99b-ec40c8b50922","value":{"error":"no such element","message":"An element could not be located on the page using the given search parameters","stacktrace":"io.appium.uiautomator2.common.exceptions.ElementNotFoundException: An element could not be located on the page using the given search parameters\n\tat io.appium.uiautomator2.handler.FindElement.findElement(FindElement.java:91)\n\tat io.appium.uiautomator2.handler.FindElement.safeHandle(FindElement.java:68)\n\tat io.appium.uiautomator2.handler.request.SafeRequestHandler.handle(SafeRequestHandler.java:41)\n\tat io.appium.uiautomator2.server.AppiumServlet.handleRequest(AppiumServlet.java:261)\n\tat io.appium.uiautomator2.server.AppiumServlet.handleHttpRequest(AppiumServlet.java:255)\n\tat io.appium.uiautomator2.http.ServerHandler.channelRead(ServerHandler.java:68)\n\tat io.netty.channel.AbstractChannelHandlerContext.invokeChannelRead(AbstractChannelHandlerContext.java:366)\n\tat io.netty.channel.AbstractChannelHandlerCont...
[debug] &amp#27;[35m[W3C]&amp#27;[39m Matched W3C error code 'no such element' to NoSuchElementError
[debug] &amp#27;[35m[BaseDriver]&amp#27;[39m Waited for 1224 ms so far
[debug] &amp#27;[35m[WD Proxy]&amp#27;[39m Matched '/element' to command name 'findElement'
[debug] &amp#27;[35m[WD Proxy]&amp#27;[39m Proxying [POST /element] to [POST http://127.0.0.1:8201/wd/hub/session/7ceeefd9-9799-4502-b99b-ec40c8b50922/element] with body: {"strategy":"xpath","selector":"//*[@text='SKIP']","context":"","multiple":false}
[debug] &amp#27;[35m[WD Proxy]&amp#27;[39m Got response with status 200: {"sessionId":"7ceeefd9-9799-4502-b99b-ec40c8b50922","value":{"ELEMENT":"a5230666-fe26-47c1-897f-aa30db767d84","element-6066-11e4-a52e-4f735466cecf":"a5230666-fe26-47c1-897f-aa30db767d84"}}
[debug] &amp#27;[35m[W3C (e420f46d)]&amp#27;[39m Responding to client with driver.findElement() result: {"element-6066-11e4-a52e-4f735466cecf":"a5230666-fe26-47c1-897f-aa30db767d84","ELEMENT":"a5230666-fe26-47c1-897f-aa30db767d84"}
&amp#27;[35m[HTTP]&amp#27;[39m &amp#27;[37m<-- POST /wd/hub/session/e420f46d-3e7e-4202-b14f-536a119db8d8/element &amp#27;[39m&amp#27;[32m200&amp#27;[39m &amp#27;[90m3608 ms - 137&amp#27;[39m
&amp#27;[35m[HTTP]&amp#27;[39m &amp#27;[90m&amp#27;[39m
&amp#27;[35m[HTTP]&amp#27;[39m &amp#27;[37m-->&amp#27;[39m &amp#27;[37mPOST&amp#27;[39m &amp#27;[37m/wd/hub/session/e420f46d-3e7e-4202-b14f-536a119db8d8/element/a5230666-fe26-47c1-897f-aa30db767d84/click&amp#27;[39m
&amp#27;[35m[HTTP]&amp#27;[39m &amp#27;[90m{"id":"a5230666-fe26-47c1-897f-aa30db767d84"}&amp#27;[39m
[debug] &amp#27;[35m[W3C (e420f46d)]&amp#27;[39m Calling AppiumDriver.click() with args: ["a5230666-fe26-47c1-897f-aa30db767d84","e420f46d-3e7e-4202-b14f-536a119db8d8"]
[debug] &amp#27;[35m[WD Proxy]&amp#27;[39m Matched '/element/a5230666-fe26-47c1-897f-aa30db767d84/click' to command name 'click'
[debug] &amp#27;[35m[WD Proxy]&amp#27;[39m Proxying [POST /element/a5230666-fe26-47c1-897f-aa30db767d84/click] to [POST http://127.0.0.1:8201/wd/hub/session/7ceeefd9-9799-4502-b99b-ec40c8b50922/element/a5230666-fe26-47c1-897f-aa30db767d84/click] with body: {"element":"a5230666-fe26-47c1-897f-aa30db767d84"}
[debug] &amp#27;[35m[WD Proxy]&amp#27;[39m Got response with status 200: {"sessionId":"7ceeefd9-9799-4502-b99b-ec40c8b50922","value":null}
[debug] &amp#27;[35m[W3C (e420f46d)]&amp#27;[39m Responding to client with driver.click() result: null
&amp#27;[35m[HTTP]&amp#27;[39m &amp#27;[37m<-- POST /wd/hub/session/e420f46d-3e7e-4202-b14f-536a119db8d8/element/a5230666-fe26-47c1-897f-aa30db767d84/click &amp#27;[39m&amp#27;[32m200&amp#27;[39m &amp#27;[90m78 ms - 14&amp#27;[39m
&amp#27;[35m[HTTP]&amp#27;[39m &amp#27;[90m&amp#27;[39m
&amp#27;[35m[HTTP]&amp#27;[39m &amp#27;[37m-->&amp#27;[39m &amp#27;[37mPOST&amp#27;[39m &amp#27;[37m/wd/hub/session/e420f46d-3e7e-4202-b14f-536a119db8d8/timeouts&amp#27;[39m
&amp#27;[35m[HTTP]&amp#27;[39m &amp#27;[90m{"implicit":10000}&amp#27;[39m
[debug] &amp#27;[35m[W3C (e420f46d)]&amp#27;[39m Calling AppiumDriver.timeouts() with args: [null,null,null,null,10000,"e420f46d-3e7e-4202-b14f-536a119db8d8"]
[debug] &amp#27;[35m[BaseDriver]&amp#27;[39m W3C timeout argument: {"implicit":10000}}
[debug] &amp#27;[35m[BaseDriver]&amp#27;[39m Set implicit wait to 10000ms
[debug] &amp#27;[35m[W3C (e420f46d)]&amp#27;[39m Responding to client with driver.timeouts() result: null
&amp#27;[35m[HTTP]&amp#27;[39m &amp#27;[37m<-- POST /wd/hub/session/e420f46d-3e7e-4202-b14f-536a119db8d8/timeouts &amp#27;[39m&amp#27;[32m200&amp#27;[39m &amp#27;[90m2 ms - 14&amp#27;[39m
&amp#27;[35m[HTTP]&amp#27;[39m &amp#27;[90m&amp#27;[39m
&amp#27;[35m[HTTP]&amp#27;[39m &amp#27;[37m-->&amp#27;[39m &amp#27;[37mPOST&amp#27;[39m &amp#27;[37m/wd/hub/session/e420f46d-3e7e-4202-b14f-536a119db8d8/element&amp#27;[39m
&amp#27;[35m[HTTP]&amp#27;[39m &amp#27;[90m{"using":"xpath","value":"//*[@text='GO TO CART']"}&amp#27;[39m
[debug] &amp#27;[35m[W3C (e420f46d)]&amp#27;[39m Calling AppiumDriver.findElement() with args: ["xpath","//*[@text='GO TO CART']","e420f46d-3e7e-4202-b14f-536a119db8d8"]
[debug] &amp#27;[35m[BaseDriver]&amp#27;[39m Valid locator strategies for this request: xpath, id, class name, accessibility id, css selector, -android uiautomator
[debug] &amp#27;[35m[BaseDriver]&amp#27;[39m Waiting up to 10000 ms for condition
[debug] &amp#27;[35m[WD Proxy]&amp#27;[39m Matched '/element' to command name 'findElement'
[debug] &amp#27;[35m[WD Proxy]&amp#27;[39m Proxying [POST /element] to [POST http://127.0.0.1:8201/wd/hub/session/7ceeefd9-9799-4502-b99b-ec40c8b50922/element] with body: {"strategy":"xpath","selector":"//*[@text='GO TO CART']","context":"","multiple":false}
[debug] &amp#27;[35m[WD Proxy]&amp#27;[39m Got response with status 200: {"sessionId":"7ceeefd9-9799-4502-b99b-ec40c8b50922","value":{"ELEMENT":"d434dc1d-fe4d-4194-a6d0-02f6ae77b9e3","element-6066-11e4-a52e-4f735466cecf":"d434dc1d-fe4d-4194-a6d0-02f6ae77b9e3"}}
[debug] &amp#27;[35m[W3C (e420f46d)]&amp#27;[39m Responding to client with driver.findElement() result: {"element-6066-11e4-a52e-4f735466cecf":"d434dc1d-fe4d-4194-a6d0-02f6ae77b9e3","ELEMENT":"d434dc1d-fe4d-4194-a6d0-02f6ae77b9e3"}
&amp#27;[35m[HTTP]&amp#27;[39m &amp#27;[37m<-- POST /wd/hub/session/e420f46d-3e7e-4202-b14f-536a119db8d8/element &amp#27;[39m&amp#27;[32m200&amp#27;[39m &amp#27;[90m488 ms - 137&amp#27;[39m
&amp#27;[35m[HTTP]&amp#27;[39m &amp#27;[90m&amp#27;[39m
&amp#27;[35m[HTTP]&amp#27;[39m &amp#27;[37m-->&amp#27;[39m &amp#27;[37mPOST&amp#27;[39m &amp#27;[37m/wd/hub/session/e420f46d-3e7e-4202-b14f-536a119db8d8/element/d434dc1d-fe4d-4194-a6d0-02f6ae77b9e3/click&amp#27;[39m
&amp#27;[35m[HTTP]&amp#27;[39m &amp#27;[90m{"id":"d434dc1d-fe4d-4194-a6d0-02f6ae77b9e3"}&amp#27;[39m
[debug] &amp#27;[35m[W3C (e420f46d)]&amp#27;[39m Calling AppiumDriver.click() with args: ["d434dc1d-fe4d-4194-a6d0-02f6ae77b9e3","e420f46d-3e7e-4202-b14f-536a119db8d8"]
[debug] &amp#27;[35m[WD Proxy]&amp#27;[39m Matched '/element/d434dc1d-fe4d-4194-a6d0-02f6ae77b9e3/click' to command name 'click'
[debug] &amp#27;[35m[WD Proxy]&amp#27;[39m Proxying [POST /element/d434dc1d-fe4d-4194-a6d0-02f6ae77b9e3/click] to [POST http://127.0.0.1:8201/wd/hub/session/7ceeefd9-9799-4502-b99b-ec40c8b50922/element/d434dc1d-fe4d-4194-a6d0-02f6ae77b9e3/click] with body: {"element":"d434dc1d-fe4d-4194-a6d0-02f6ae77b9e3"}
[debug] &amp#27;[35m[WD Proxy]&amp#27;[39m Got response with status 200: {"sessionId":"7ceeefd9-9799-4502-b99b-ec40c8b50922","value":null}
[debug] &amp#27;[35m[W3C (e420f46d)]&amp#27;[39m Responding to client with driver.click() result: null
&amp#27;[35m[HTTP]&amp#27;[39m &amp#27;[37m<-- POST /wd/hub/session/e420f46d-3e7e-4202-b14f-536a119db8d8/element/d434dc1d-fe4d-4194-a6d0-02f6ae77b9e3/click &amp#27;[39m&amp#27;[32m200&amp#27;[39m &amp#27;[90m166 ms - 14&amp#27;[39m
&amp#27;[35m[HTTP]&amp#27;[39m &amp#27;[90m&amp#27;[39m
&amp#27;[35m[HTTP]&amp#27;[39m &amp#27;[37m-->&amp#27;[39m &amp#27;[37mPOST&amp#27;[39m &amp#27;[37m/wd/hub/session/e420f46d-3e7e-4202-b14f-536a119db8d8/timeouts&amp#27;[39m
&amp#27;[35m[HTTP]&amp#27;[39m &amp#27;[90m{"implicit":10000}&amp#27;[39m
[debug] &amp#27;[35m[W3C (e420f46d)]&amp#27;[39m Calling AppiumDriver.timeouts() with args: [null,null,null,null,10000,"e420f46d-3e7e-4202-b14f-536a119db8d8"]
[debug] &amp#27;[35m[BaseDriver]&amp#27;[39m W3C timeout argument: {"implicit":10000}}
[debug] &amp#27;[35m[BaseDriver]&amp#27;[39m Set implicit wait to 10000ms
[debug] &amp#27;[35m[W3C (e420f46d)]&amp#27;[39m Responding to client with driver.timeouts() result: null
&amp#27;[35m[HTTP]&amp#27;[39m &amp#27;[37m<-- POST /wd/hub/session/e420f46d-3e7e-4202-b14f-536a119db8d8/timeouts &amp#27;[39m&amp#27;[32m200&amp#27;[39m &amp#27;[90m2 ms - 14&amp#27;[39m
&amp#27;[35m[HTTP]&amp#27;[39m &amp#27;[90m&amp#27;[39m
]]></system-out>
    <system-err><![CDATA[Jun 21, 2021 12:23:40 PM io.appium.java_client.remote.AppiumCommandExecutor$1 lambda$0
INFO: Detected dialect: W3C
]]></system-err>
  </testcase>
  <testcase name="logoutTest" classname="com.flipcart.tests.Logout" time="79.123">
    <failure message="An element could not be located on the page using the given search parameters.&#10;For documentation on this error, please visit: https://www.seleniumhq.org/exceptions/no_such_element.html&#10;Build info: version: &apos;3.141.59&apos;, revision: &apos;e82be7d358&apos;, time: &apos;2018-11-14T08:17:03&apos;&#10;System info: host: &apos;DESKTOP-MKFIPHP&apos;, ip: &apos;192.168.207.119&apos;, os.name: &apos;Windows 10&apos;, os.arch: &apos;amd64&apos;, os.version: &apos;10.0&apos;, java.version: &apos;15.0.2&apos;&#10;Driver info: io.appium.java_client.android.AndroidDriver&#10;Capabilities {app: C:\Users\pradi\eclipse-work..., appPackage: com.flipkart.android, automationName: uiautomator2, databaseEnabled: false, desired: {app: C:\Users\pradi\eclipse-work..., automationName: uiautomator2, deviceName: samsung, platformName: android, udid: RZ8M40MZXJT}, deviceApiLevel: 30, deviceManufacturer: samsung, deviceModel: SM-A305F, deviceName: RZ8M40MZXJT, deviceScreenDensity: 420, deviceScreenSize: 1080x2340, deviceUDID: RZ8M40MZXJT, javascriptEnabled: true, locationContextEnabled: false, networkConnectionEnabled: true, pixelRatio: 2.625, platform: LINUX, platformName: Android, platformVersion: 11, statBarHeight: 83, takesScreenshot: true, udid: RZ8M40MZXJT, viewportRect: {height: 2048, left: 0, top: 83, width: 1080}, warnings: {}, webStorageEnabled: false}&#10;Session ID: ae07e275-3784-4b5d-9926-05080f5272b7&#10;*** Element info: {Using=-android uiautomator, value=new UiScrollable(new UiSelector()).scrollIntoView(text(&quot;Logout of this app&quot;))}" type="org.openqa.selenium.NoSuchElementException"><![CDATA[org.openqa.selenium.NoSuchElementException: 
An element could not be located on the page using the given search parameters.
For documentation on this error, please visit: https://www.seleniumhq.org/exceptions/no_such_element.html
Build info: version: '3.141.59', revision: 'e82be7d358', time: '2018-11-14T08:17:03'
System info: host: 'DESKTOP-MKFIPHP', ip: '192.168.207.119', os.name: 'Windows 10', os.arch: 'amd64', os.version: '10.0', java.version: '15.0.2'
Driver info: io.appium.java_client.android.AndroidDriver
Capabilities {app: C:\Users\pradi\eclipse-work..., appPackage: com.flipkart.android, automationName: uiautomator2, databaseEnabled: false, desired: {app: C:\Users\pradi\eclipse-work..., automationName: uiautomator2, deviceName: samsung, platformName: android, udid: RZ8M40MZXJT}, deviceApiLevel: 30, deviceManufacturer: samsung, deviceModel: SM-A305F, deviceName: RZ8M40MZXJT, deviceScreenDensity: 420, deviceScreenSize: 1080x2340, deviceUDID: RZ8M40MZXJT, javascriptEnabled: true, locationContextEnabled: false, networkConnectionEnabled: true, pixelRatio: 2.625, platform: LINUX, platformName: Android, platformVersion: 11, statBarHeight: 83, takesScreenshot: true, udid: RZ8M40MZXJT, viewportRect: {height: 2048, left: 0, top: 83, width: 1080}, warnings: {}, webStorageEnabled: false}
Session ID: ae07e275-3784-4b5d-9926-05080f5272b7
*** Element info: {Using=-android uiautomator, value=new UiScrollable(new UiSelector()).scrollIntoView(text("Logout of this app"))}
	at com.flipcart.tests.Logout.logoutTest(Logout.java:45)
]]></failure>
    <system-out><![CDATA[&amp#27;[35m[HTTP]&amp#27;[39m &amp#27;[37m-->&amp#27;[39m &amp#27;[37mDELETE&amp#27;[39m &amp#27;[37m/wd/hub/session/e420f46d-3e7e-4202-b14f-536a119db8d8&amp#27;[39m
&amp#27;[35m[HTTP]&amp#27;[39m &amp#27;[90m{}&amp#27;[39m
[debug] &amp#27;[35m[W3C (e420f46d)]&amp#27;[39m Calling AppiumDriver.deleteSession() with args: ["e420f46d-3e7e-4202-b14f-536a119db8d8"]
[debug] &amp#27;[35m[BaseDriver]&amp#27;[39m Event 'quitSessionRequested' logged at 1624258480054 (12:24:40 GMT+0530 (India Standard Time))
&amp#27;[35m[Appium]&amp#27;[39m Removing session e420f46d-3e7e-4202-b14f-536a119db8d8 from our master session list
[debug] &amp#27;[35m[UiAutomator2]&amp#27;[39m Deleting UiAutomator2 session
[debug] &amp#27;[35m[UiAutomator2]&amp#27;[39m Deleting UiAutomator2 server session
[debug] &amp#27;[35m[WD Proxy]&amp#27;[39m Matched '/' to command name 'deleteSession'
[debug] &amp#27;[35m[WD Proxy]&amp#27;[39m Proxying [DELETE /] to [DELETE http://127.0.0.1:8201/wd/hub/session/7ceeefd9-9799-4502-b99b-ec40c8b50922] with no body
[debug] &amp#27;[35m[WD Proxy]&amp#27;[39m Got response with status 200: {"sessionId":"7ceeefd9-9799-4502-b99b-ec40c8b50922","value":null}
[debug] &amp#27;[35m[ADB]&amp#27;[39m Running 'C:\Users\pradi\AppData\Local\Android\Sdk\platform-tools\adb.exe -P 5037 -s RZ8M40MZXJT shell am force-stop com.flipkart.android'
[debug] &amp#27;[35m[Instrumentation]&amp#27;[39m .
[debug] &amp#27;[35m[Logcat]&amp#27;[39m Stopping logcat capture
[debug] &amp#27;[35m[ADB]&amp#27;[39m Removing forwarded port socket connection: 8201 
[debug] &amp#27;[35m[ADB]&amp#27;[39m Running 'C:\Users\pradi\AppData\Local\Android\Sdk\platform-tools\adb.exe -P 5037 -s RZ8M40MZXJT forward --remove tcp:8201'
&amp#27;[35m[UiAutomator2]&amp#27;[39m Restoring hidden api policy to the device default configuration
[debug] &amp#27;[35m[ADB]&amp#27;[39m Running 'C:\Users\pradi\AppData\Local\Android\Sdk\platform-tools\adb.exe -P 5037 -s RZ8M40MZXJT shell 'settings delete global hidden_api_policy_pre_p_apps;settings delete global hidden_api_policy_p_apps;settings delete global hidden_api_policy''
[debug] &amp#27;[35m[BaseDriver]&amp#27;[39m Event 'quitSessionFinished' logged at 1624258480741 (12:24:40 GMT+0530 (India Standard Time))
[debug] &amp#27;[35m[W3C (e420f46d)]&amp#27;[39m Received response: null
[debug] &amp#27;[35m[W3C (e420f46d)]&amp#27;[39m But deleting session, so not returning
[debug] &amp#27;[35m[W3C (e420f46d)]&amp#27;[39m Responding to client with driver.deleteSession() result: null
&amp#27;[35m[HTTP]&amp#27;[39m &amp#27;[37m<-- DELETE /wd/hub/session/e420f46d-3e7e-4202-b14f-536a119db8d8 &amp#27;[39m&amp#27;[32m200&amp#27;[39m &amp#27;[90m688 ms - 14&amp#27;[39m
&amp#27;[35m[HTTP]&amp#27;[39m &amp#27;[90m&amp#27;[39m
&amp#27;[35m[Appium]&amp#27;[39m Welcome to Appium v1.20.2
&amp#27;[35m[Appium]&amp#27;[39m Appium REST http interface listener started on 0.0.0.0:4723
&amp#27;[35m[HTTP]&amp#27;[39m &amp#27;[37m-->&amp#27;[39m &amp#27;[37mGET&amp#27;[39m &amp#27;[37m/wd/hub/status&amp#27;[39m
&amp#27;[35m[HTTP]&amp#27;[39m &amp#27;[90m{}&amp#27;[39m
[debug] &amp#27;[35m[GENERIC]&amp#27;[39m Calling AppiumDriver.getStatus() with args: []
[debug] &amp#27;[35m[GENERIC]&amp#27;[39m Responding to client with driver.getStatus() result: {"build":{"version":"1.20.2"}}
&amp#27;[35m[HTTP]&amp#27;[39m &amp#27;[37m<-- GET /wd/hub/status &amp#27;[39m&amp#27;[32m200&amp#27;[39m &amp#27;[90m6 ms - 68&amp#27;[39m
&amp#27;[35m[HTTP]&amp#27;[39m &amp#27;[90m&amp#27;[39m
[debug] &amp#27;[35m[HTTP]&amp#27;[39m Request idempotency key: 2a3dfbfb-ae07-453a-b873-0f428db629ef
&amp#27;[35m[HTTP]&amp#27;[39m &amp#27;[37m-->&amp#27;[39m &amp#27;[37mPOST&amp#27;[39m &amp#27;[37m/wd/hub/session&amp#27;[39m
&amp#27;[35m[HTTP]&amp#27;[39m &amp#27;[90m{"desiredCapabilities":{"app":"C:\\Users\\pradi\\eclipse-workspace\\FlipcartAppV4\\FlipcartApp4\\src\\flipkart.apk","automationName":"uiautomator2","platformName":"Android","udid":"RZ8M40MZXJT","deviceName":"samsung"},"capabilities":{"firstMatch":[{"appium:app":"C:\\Users\\pradi\\eclipse-workspace\\FlipcartAppV4\\FlipcartApp4\\src\\flipkart.apk","appium:automationName":"uiautomator2","appium:deviceName":"samsung","platformName":"android","appium:udid":"RZ8M40MZXJT"}]}}&amp#27;[39m
[debug] &amp#27;[35m[W3C]&amp#27;[39m Calling AppiumDriver.createSession() with args: [{"app":"C:\\Users\\pradi\\eclipse-workspace\\FlipcartAppV4\\FlipcartApp4\\src\\flipkart.apk","automationName":"uiautomator2","platformName":"Android","udid":"RZ8M40MZXJT","deviceName":"samsung"},null,{"firstMatch":[{"appium:app":"C:\\Users\\pradi\\eclipse-workspace\\FlipcartAppV4\\FlipcartApp4\\src\\flipkart.apk","appium:automationName":"uiautomator2","appium:deviceName":"samsung","platformName":"android","appium:udid":"RZ8M40MZXJT"}]}]
[debug] &amp#27;[35m[BaseDriver]&amp#27;[39m Event 'newSessionRequested' logged at 1624258483083 (12:24:43 GMT+0530 (India Standard Time))
&amp#27;[35m[Appium]&amp#27;[39m Appium v1.20.2 creating new AndroidUiautomator2Driver (v1.61.2) session
[debug] &amp#27;[35m[BaseDriver]&amp#27;[39m W3C capabilities and MJSONWP desired capabilities were provided
[debug] &amp#27;[35m[BaseDriver]&amp#27;[39m Creating session with W3C capabilities: {
[debug] &amp#27;[35m[BaseDriver]&amp#27;[39m   "alwaysMatch": {
[debug] &amp#27;[35m[BaseDriver]&amp#27;[39m     "platformName": "android",
[debug] &amp#27;[35m[BaseDriver]&amp#27;[39m     "appium:app": "C:\\Users\\pradi\\eclipse-workspace\\FlipcartAppV4\\FlipcartApp4\\src\\flipkart.apk",
[debug] &amp#27;[35m[BaseDriver]&amp#27;[39m     "appium:automationName": "uiautomator2",
[debug] &amp#27;[35m[BaseDriver]&amp#27;[39m     "appium:deviceName": "samsung",
[debug] &amp#27;[35m[BaseDriver]&amp#27;[39m     "appium:udid": "RZ8M40MZXJT"
[debug] &amp#27;[35m[BaseDriver]&amp#27;[39m   },
[debug] &amp#27;[35m[BaseDriver]&amp#27;[39m   "firstMatch": [
[debug] &amp#27;[35m[BaseDriver]&amp#27;[39m     {}
[debug] &amp#27;[35m[BaseDriver]&amp#27;[39m   ]
[debug] &amp#27;[35m[BaseDriver]&amp#27;[39m }
&amp#27;[35m[BaseDriver]&amp#27;[39m Session created with session id: ae07e275-3784-4b5d-9926-05080f5272b7
&amp#27;[35m[BaseDriver]&amp#27;[39m Using local app 'C:\Users\pradi\eclipse-workspace\FlipcartAppV4\FlipcartApp4\src\flipkart.apk'
[debug] &amp#27;[35m[UiAutomator2]&amp#27;[39m Checking whether app is actually present
&amp#27;[35m[ADB]&amp#27;[39m Found 4 'build-tools' folders under 'C:\Users\pradi\AppData\Local\Android\Sdk' (newest first):
&amp#27;[35m[ADB]&amp#27;[39m     C:/Users/pradi/AppData/Local/Android/Sdk/build-tools/30.0.2
&amp#27;[35m[ADB]&amp#27;[39m     C:/Users/pradi/AppData/Local/Android/Sdk/build-tools/28.0.1
&amp#27;[35m[ADB]&amp#27;[39m     C:/Users/pradi/AppData/Local/Android/Sdk/build-tools/28.0.0
&amp#27;[35m[ADB]&amp#27;[39m     C:/Users/pradi/AppData/Local/Android/Sdk/build-tools/27.0.3
&amp#27;[35m[ADB]&amp#27;[39m Using 'adb.exe' from 'C:\Users\pradi\AppData\Local\Android\Sdk\platform-tools\adb.exe'
[debug] &amp#27;[35m[ADB]&amp#27;[39m Running 'C:\Users\pradi\AppData\Local\Android\Sdk\platform-tools\adb.exe -P 5037 start-server'
&amp#27;[35m[AndroidDriver]&amp#27;[39m Retrieving device list
[debug] &amp#27;[35m[ADB]&amp#27;[39m Trying to find a connected android device
[debug] &amp#27;[35m[ADB]&amp#27;[39m Getting connected devices
[debug] &amp#27;[35m[ADB]&amp#27;[39m Connected devices: [{"udid":"RZ8M40MZXJT","state":"device"}]
&amp#27;[35m[AndroidDriver]&amp#27;[39m Using device: RZ8M40MZXJT
&amp#27;[35m[ADB]&amp#27;[39m Using 'adb.exe' from 'C:\Users\pradi\AppData\Local\Android\Sdk\platform-tools\adb.exe'
[debug] &amp#27;[35m[ADB]&amp#27;[39m Running 'C:\Users\pradi\AppData\Local\Android\Sdk\platform-tools\adb.exe -P 5037 start-server'
[debug] &amp#27;[35m[ADB]&amp#27;[39m Setting device id to RZ8M40MZXJT
[debug] &amp#27;[35m[ADB]&amp#27;[39m Running 'C:\Users\pradi\AppData\Local\Android\Sdk\platform-tools\adb.exe -P 5037 -s RZ8M40MZXJT shell getprop ro.build.version.sdk'
[debug] &amp#27;[35m[ADB]&amp#27;[39m Current device property 'ro.build.version.sdk': 30
&amp#27;[35m[ADB]&amp#27;[39m Getting device platform version
[debug] &amp#27;[35m[ADB]&amp#27;[39m Running 'C:\Users\pradi\AppData\Local\Android\Sdk\platform-tools\adb.exe -P 5037 -s RZ8M40MZXJT shell getprop ro.build.version.release'
[debug] &amp#27;[35m[ADB]&amp#27;[39m Current device property 'ro.build.version.release': 11
[debug] &amp#27;[35m[ADB]&amp#27;[39m Device API level: 30
&amp#27;[35m[UiAutomator2]&amp#27;[39m Relaxing hidden api policy
[debug] &amp#27;[35m[ADB]&amp#27;[39m Running 'C:\Users\pradi\AppData\Local\Android\Sdk\platform-tools\adb.exe -P 5037 -s RZ8M40MZXJT shell 'settings put global hidden_api_policy_pre_p_apps 1;settings put global hidden_api_policy_p_apps 1;settings put global hidden_api_policy 1''
[debug] &amp#27;[35m[AndroidDriver]&amp#27;[39m Parsing package and activity from app manifest
&amp#27;[35m[ADB]&amp#27;[39m Package name: 'com.flipkart.android'
&amp#27;[35m[ADB]&amp#27;[39m Main activity name: 'com.flipkart.android.SplashActivity'
[debug] &amp#27;[35m[AndroidDriver]&amp#27;[39m Parsed package and activity are: com.flipkart.android/com.flipkart.android.SplashActivity
[debug] &amp#27;[35m[ADB]&amp#27;[39m Running 'C:\Users\pradi\AppData\Local\Android\Sdk\platform-tools\adb.exe -P 5037 -s RZ8M40MZXJT wait-for-device'
[debug] &amp#27;[35m[ADB]&amp#27;[39m Running 'C:\Users\pradi\AppData\Local\Android\Sdk\platform-tools\adb.exe -P 5037 -s RZ8M40MZXJT shell echo ping'
[debug] &amp#27;[35m[AndroidDriver]&amp#27;[39m Pushing settings apk to device...
[debug] &amp#27;[35m[ADB]&amp#27;[39m Getting install status for io.appium.settings
[debug] &amp#27;[35m[ADB]&amp#27;[39m Running 'C:\Users\pradi\AppData\Local\Android\Sdk\platform-tools\adb.exe -P 5037 -s RZ8M40MZXJT shell dumpsys package io.appium.settings'
[debug] &amp#27;[35m[ADB]&amp#27;[39m 'io.appium.settings' is installed
[debug] &amp#27;[35m[ADB]&amp#27;[39m Getting package info for 'io.appium.settings'
[debug] &amp#27;[35m[ADB]&amp#27;[39m Running 'C:\Users\pradi\AppData\Local\Android\Sdk\platform-tools\adb.exe -P 5037 -s RZ8M40MZXJT shell dumpsys package io.appium.settings'
[debug] &amp#27;[35m[ADB]&amp#27;[39m The version name of the installed 'io.appium.settings' is greater or equal to the application version name ('3.2.1' >= '3.2.1')
[debug] &amp#27;[35m[ADB]&amp#27;[39m There is no need to install/upgrade 'C:\Users\pradi\AppData\Roaming\npm\node_modules\appium\node_modules\io.appium.settings\apks\settings_apk-debug.apk'
[debug] &amp#27;[35m[ADB]&amp#27;[39m Getting IDs of all 'io.appium.settings' processes
[debug] &amp#27;[35m[ADB]&amp#27;[39m Running 'C:\Users\pradi\AppData\Local\Android\Sdk\platform-tools\adb.exe -P 5037 -s RZ8M40MZXJT shell 'pgrep --help; echo $?''
[debug] &amp#27;[35m[ADB]&amp#27;[39m Running 'C:\Users\pradi\AppData\Local\Android\Sdk\platform-tools\adb.exe -P 5037 -s RZ8M40MZXJT shell pgrep -f \(\[\[:blank:\]\]\|\^\)io\.appium\.settings\(\[\[:blank:\]\]\|\$\)'
[debug] &amp#27;[35m[AndroidDriver]&amp#27;[39m io.appium.settings is already running. There is no need to reset its permissions.
[debug] &amp#27;[35m[ADB]&amp#27;[39m Running 'C:\Users\pradi\AppData\Local\Android\Sdk\platform-tools\adb.exe -P 5037 -s RZ8M40MZXJT shell appops set io.appium.settings android:mock_location allow'
[debug] &amp#27;[35m[Logcat]&amp#27;[39m Starting logs capture with command: C:\\Users\\pradi\\AppData\\Local\\Android\\Sdk\\platform-tools\\adb.exe -P 5037 -s RZ8M40MZXJT logcat -v threadtime
[debug] &amp#27;[35m[UiAutomator2]&amp#27;[39m Forwarding UiAutomator2 Server port 6790 to local port 8201
[debug] &amp#27;[35m[ADB]&amp#27;[39m Forwarding system: 8201 to device: 6790
[debug] &amp#27;[35m[ADB]&amp#27;[39m Running 'C:\Users\pradi\AppData\Local\Android\Sdk\platform-tools\adb.exe -P 5037 -s RZ8M40MZXJT forward tcp:8201 tcp:6790'
[debug] &amp#27;[35m[ADB]&amp#27;[39m Getting install status for io.appium.uiautomator2.server
[debug] &amp#27;[35m[ADB]&amp#27;[39m Running 'C:\Users\pradi\AppData\Local\Android\Sdk\platform-tools\adb.exe -P 5037 -s RZ8M40MZXJT shell dumpsys package io.appium.uiautomator2.server'
[debug] &amp#27;[35m[ADB]&amp#27;[39m 'io.appium.uiautomator2.server' is installed
[debug] &amp#27;[35m[ADB]&amp#27;[39m Getting package info for 'io.appium.uiautomator2.server'
[debug] &amp#27;[35m[ADB]&amp#27;[39m Running 'C:\Users\pradi\AppData\Local\Android\Sdk\platform-tools\adb.exe -P 5037 -s RZ8M40MZXJT shell dumpsys package io.appium.uiautomator2.server'
[debug] &amp#27;[35m[ADB]&amp#27;[39m The version name of the installed 'io.appium.uiautomator2.server' is greater or equal to the application version name ('4.17.4' >= '4.17.4')
[debug] &amp#27;[35m[UiAutomator2]&amp#27;[39m io.appium.uiautomator2.server installation state: sameVersionInstalled
[debug] &amp#27;[35m[ADB]&amp#27;[39m Checking app cert for C:\Users\pradi\AppData\Roaming\npm\node_modules\appium\node_modules\appium-uiautomator2-server\apks\appium-uiautomator2-server-v4.17.4.apk
&amp#27;[35m[ADB]&amp#27;[39m Using 'apksigner.jar' from 'C:\Users\pradi\AppData\Local\Android\Sdk\build-tools\30.0.2\lib\apksigner.jar'
[debug] &amp#27;[35m[ADB]&amp#27;[39m Starting apksigner: 'C:\\Program Files\\Java\\jdk1.8.0_181\\bin\\java.exe' -Xmx1024M -Xss1m -jar C:\\Users\\pradi\\AppData\\Local\\Android\\Sdk\\build-tools\\30.0.2\\lib\\apksigner.jar verify --print-certs C:\\Users\\pradi\\AppData\\Roaming\\npm\\node_modules\\appium\\node_modules\\appium-uiautomator2-server\\apks\\appium-uiautomator2-server-v4.17.4.apk
[debug] &amp#27;[35m[ADB]&amp#27;[39m apksigner stdout: Signer #1 certificate DN: EMAILADDRESS=android@android.com, CN=Android, OU=Android, O=Android, L=Mountain View, ST=California, C=US
[debug] &amp#27;[35m[ADB]&amp#27;[39m Signer #1 certificate SHA-256 digest: a40da80a59d170caa950cf15c18c454d47a39b26989d8b640ecd745ba71bf5dc
[debug] &amp#27;[35m[ADB]&amp#27;[39m Signer #1 certificate SHA-1 digest: 61ed377e85d386a8dfee6b864bd85b0bfaa5af81
[debug] &amp#27;[35m[ADB]&amp#27;[39m Signer #1 certificate MD5 digest: e89b158e4bcf988ebd09eb83f5378e87
[debug] &amp#27;[35m[ADB]&amp#27;[39m 
[debug] &amp#27;[35m[ADB]&amp#27;[39m sha256 hash did match for 'appium-uiautomator2-server-v4.17.4.apk'
&amp#27;[35m[ADB]&amp#27;[39m 'C:\Users\pradi\AppData\Roaming\npm\node_modules\appium\node_modules\appium-uiautomator2-server\apks\appium-uiautomator2-server-v4.17.4.apk' is signed with the default certificate
[debug] &amp#27;[35m[ADB]&amp#27;[39m Getting install status for io.appium.uiautomator2.server.test
[debug] &amp#27;[35m[ADB]&amp#27;[39m Running 'C:\Users\pradi\AppData\Local\Android\Sdk\platform-tools\adb.exe -P 5037 -s RZ8M40MZXJT shell dumpsys package io.appium.uiautomator2.server.test'
[debug] &amp#27;[35m[ADB]&amp#27;[39m 'io.appium.uiautomator2.server.test' is installed
[debug] &amp#27;[35m[ADB]&amp#27;[39m Checking app cert for C:\Users\pradi\AppData\Roaming\npm\node_modules\appium\node_modules\appium-uiautomator2-server\apks\appium-uiautomator2-server-debug-androidTest.apk
[debug] &amp#27;[35m[ADB]&amp#27;[39m Starting apksigner: 'C:\\Program Files\\Java\\jdk1.8.0_181\\bin\\java.exe' -Xmx1024M -Xss1m -jar C:\\Users\\pradi\\AppData\\Local\\Android\\Sdk\\build-tools\\30.0.2\\lib\\apksigner.jar verify --print-certs C:\\Users\\pradi\\AppData\\Roaming\\npm\\node_modules\\appium\\node_modules\\appium-uiautomator2-server\\apks\\appium-uiautomator2-server-debug-androidTest.apk
[debug] &amp#27;[35m[ADB]&amp#27;[39m apksigner stdout: Signer #1 certificate DN: EMAILADDRESS=android@android.com, CN=Android, OU=Android, O=Android, L=Mountain View, ST=California, C=US
[debug] &amp#27;[35m[ADB]&amp#27;[39m Signer #1 certificate SHA-256 digest: a40da80a59d170caa950cf15c18c454d47a39b26989d8b640ecd745ba71bf5dc
[debug] &amp#27;[35m[ADB]&amp#27;[39m Signer #1 certificate SHA-1 digest: 61ed377e85d386a8dfee6b864bd85b0bfaa5af81
[debug] &amp#27;[35m[ADB]&amp#27;[39m Signer #1 certificate MD5 digest: e89b158e4bcf988ebd09eb83f5378e87
[debug] &amp#27;[35m[ADB]&amp#27;[39m 
[debug] &amp#27;[35m[ADB]&amp#27;[39m sha256 hash did match for 'appium-uiautomator2-server-debug-androidTest.apk'
&amp#27;[35m[ADB]&amp#27;[39m 'C:\Users\pradi\AppData\Roaming\npm\node_modules\appium\node_modules\appium-uiautomator2-server\apks\appium-uiautomator2-server-debug-androidTest.apk' is signed with the default certificate
&amp#27;[35m[UiAutomator2]&amp#27;[39m Server packages are not going to be (re)installed
[debug] &amp#27;[35m[UiAutomator2]&amp#27;[39m Waiting up to 30000ms for services to be available
[debug] &amp#27;[35m[ADB]&amp#27;[39m Running 'C:\Users\pradi\AppData\Local\Android\Sdk\platform-tools\adb.exe -P 5037 -s RZ8M40MZXJT shell pm list instrumentation'
[debug] &amp#27;[35m[UiAutomator2]&amp#27;[39m Instrumentation target 'io.appium.uiautomator2.server.test/androidx.test.runner.AndroidJUnitRunner' is available
&amp#27;[35m[ADB]&amp#27;[39m Adding packages ["io.appium.settings","io.appium.uiautomator2.server","io.appium.uiautomator2.server.test"] to Doze whitelist
[debug] &amp#27;[35m[ADB]&amp#27;[39m Got the following command chunks to execute: [["dumpsys","deviceidle","whitelist","+io.appium.settings",";","dumpsys","deviceidle","whitelist","+io.appium.uiautomator2.server",";","dumpsys","deviceidle","whitelist","+io.appium.uiautomator2.server.test",";"]]
[debug] &amp#27;[35m[ADB]&amp#27;[39m Running 'C:\Users\pradi\AppData\Local\Android\Sdk\platform-tools\adb.exe -P 5037 -s RZ8M40MZXJT shell dumpsys deviceidle whitelist +io.appium.settings ; dumpsys deviceidle whitelist +io.appium.uiautomator2.server ; dumpsys deviceidle whitelist +io.appium.uiautomator2.server.test ;'
[debug] &amp#27;[35m[ADB]&amp#27;[39m Checking app cert for C:\Users\pradi\eclipse-workspace\FlipcartAppV4\FlipcartApp4\src\flipkart.apk
[debug] &amp#27;[35m[ADB]&amp#27;[39m Starting apksigner: 'C:\\Program Files\\Java\\jdk1.8.0_181\\bin\\java.exe' -Xmx1024M -Xss1m -jar C:\\Users\\pradi\\AppData\\Local\\Android\\Sdk\\build-tools\\30.0.2\\lib\\apksigner.jar verify --print-certs C:\\Users\\pradi\\eclipse-workspace\\FlipcartAppV4\\FlipcartApp4\\src\\flipkart.apk
[debug] &amp#27;[35m[ADB]&amp#27;[39m apksigner stdout: Signer #1 certificate DN: EMAILADDRESS=android@android.com, CN=Android, OU=Android, O=Android, L=Mountain View, ST=California, C=US
[debug] &amp#27;[35m[ADB]&amp#27;[39m Signer #1 certificate SHA-256 digest: a40da80a59d170caa950cf15c18c454d47a39b26989d8b640ecd745ba71bf5dc
[debug] &amp#27;[35m[ADB]&amp#27;[39m Signer #1 certificate SHA-1 digest: 61ed377e85d386a8dfee6b864bd85b0bfaa5af81
[debug] &amp#27;[35m[ADB]&amp#27;[39m Signer #1 certificate MD5 digest: e89b158e4bcf988ebd09eb83f5378e87
[debug] &amp#27;[35m[ADB]&amp#27;[39m 
[debug] &amp#27;[35m[ADB]&amp#27;[39m sha256 hash did match for 'flipkart.apk'
&amp#27;[35m[ADB]&amp#27;[39m 'C:\Users\pradi\eclipse-workspace\FlipcartAppV4\FlipcartApp4\src\flipkart.apk' is signed with the default certificate
[debug] &amp#27;[35m[ADB]&amp#27;[39m Getting install status for com.flipkart.android
[debug] &amp#27;[35m[ADB]&amp#27;[39m Running 'C:\Users\pradi\AppData\Local\Android\Sdk\platform-tools\adb.exe -P 5037 -s RZ8M40MZXJT shell dumpsys package com.flipkart.android'
[debug] &amp#27;[35m[ADB]&amp#27;[39m 'com.flipkart.android' is installed
[debug] &amp#27;[35m[ADB]&amp#27;[39m Getting package info for 'com.flipkart.android'
[debug] &amp#27;[35m[ADB]&amp#27;[39m Running 'C:\Users\pradi\AppData\Local\Android\Sdk\platform-tools\adb.exe -P 5037 -s RZ8M40MZXJT shell dumpsys package com.flipkart.android'
[debug] &amp#27;[35m[ADB]&amp#27;[39m The version name of the installed 'com.flipkart.android' is greater or equal to the application version name ('7.12.0' >= '7.12.0')
[debug] &amp#27;[35m[ADB]&amp#27;[39m There is no need to install/upgrade 'C:\Users\pradi\eclipse-workspace\FlipcartAppV4\FlipcartApp4\src\flipkart.apk'
&amp#27;[35m[AndroidDriver]&amp#27;[39m Performing fast reset on 'com.flipkart.android'
[debug] &amp#27;[35m[ADB]&amp#27;[39m Getting install status for com.flipkart.android
[debug] &amp#27;[35m[ADB]&amp#27;[39m Running 'C:\Users\pradi\AppData\Local\Android\Sdk\platform-tools\adb.exe -P 5037 -s RZ8M40MZXJT shell dumpsys package com.flipkart.android'
[debug] &amp#27;[35m[ADB]&amp#27;[39m 'com.flipkart.android' is installed
[debug] &amp#27;[35m[ADB]&amp#27;[39m Running 'C:\Users\pradi\AppData\Local\Android\Sdk\platform-tools\adb.exe -P 5037 -s RZ8M40MZXJT shell am force-stop com.flipkart.android'
[debug] &amp#27;[35m[ADB]&amp#27;[39m Running 'C:\Users\pradi\AppData\Local\Android\Sdk\platform-tools\adb.exe -P 5037 -s RZ8M40MZXJT shell pm clear com.flipkart.android'
[debug] &amp#27;[35m[AndroidDriver]&amp#27;[39m Performed fast reset on the installed 'com.flipkart.android' application (stop and clear)
[debug] &amp#27;[35m[UiAutomator2]&amp#27;[39m Performing shallow cleanup of automation leftovers
[debug] &amp#27;[35m[UiAutomator2]&amp#27;[39m No obsolete sessions have been detected (socket hang up)
[debug] &amp#27;[35m[ADB]&amp#27;[39m Running 'C:\Users\pradi\AppData\Local\Android\Sdk\platform-tools\adb.exe -P 5037 -s RZ8M40MZXJT shell am force-stop io.appium.uiautomator2.server.test'
&amp#27;[35m[UiAutomator2]&amp#27;[39m Starting UIAutomator2 server 4.17.4
&amp#27;[35m[UiAutomator2]&amp#27;[39m Using UIAutomator2 server from 'C:\Users\pradi\AppData\Roaming\npm\node_modules\appium\node_modules\appium-uiautomator2-server\apks\appium-uiautomator2-server-v4.17.4.apk' and test from 'C:\Users\pradi\AppData\Roaming\npm\node_modules\appium\node_modules\appium-uiautomator2-server\apks\appium-uiautomator2-server-debug-androidTest.apk'
&amp#27;[35m[UiAutomator2]&amp#27;[39m Waiting up to 30000ms for UiAutomator2 to be online...
[debug] &amp#27;[35m[ADB]&amp#27;[39m Creating ADB subprocess with args: ["-P",5037,"-s","RZ8M40MZXJT","shell","am","instrument","-w","io.appium.uiautomator2.server.test/androidx.test.runner.AndroidJUnitRunner"]
[debug] &amp#27;[35m[WD Proxy]&amp#27;[39m Matched '/status' to command name 'getStatus'
[debug] &amp#27;[35m[WD Proxy]&amp#27;[39m Proxying [GET /status] to [GET http://127.0.0.1:8201/wd/hub/status] with no body
&amp#27;[35m[WD Proxy]&amp#27;[39m socket hang up
[debug] &amp#27;[35m[WD Proxy]&amp#27;[39m Matched '/status' to command name 'getStatus'
[debug] &amp#27;[35m[WD Proxy]&amp#27;[39m Proxying [GET /status] to [GET http://127.0.0.1:8201/wd/hub/status] with no body
&amp#27;[35m[WD Proxy]&amp#27;[39m socket hang up
[debug] &amp#27;[35m[WD Proxy]&amp#27;[39m Matched '/status' to command name 'getStatus'
[debug] &amp#27;[35m[WD Proxy]&amp#27;[39m Proxying [GET /status] to [GET http://127.0.0.1:8201/wd/hub/status] with no body
&amp#27;[35m[WD Proxy]&amp#27;[39m socket hang up
[debug] &amp#27;[35m[Instrumentation]&amp#27;[39m io.appium.uiautomator2.server.test.AppiumUiAutomator2Server:
[debug] &amp#27;[35m[WD Proxy]&amp#27;[39m Matched '/status' to command name 'getStatus'
[debug] &amp#27;[35m[WD Proxy]&amp#27;[39m Proxying [GET /status] to [GET http://127.0.0.1:8201/wd/hub/status] with no body
&amp#27;[35m[WD Proxy]&amp#27;[39m socket hang up
[debug] &amp#27;[35m[WD Proxy]&amp#27;[39m Matched '/status' to command name 'getStatus'
[debug] &amp#27;[35m[WD Proxy]&amp#27;[39m Proxying [GET /status] to [GET http://127.0.0.1:8201/wd/hub/status] with no body
[debug] &amp#27;[35m[WD Proxy]&amp#27;[39m Got response with status 200: {"sessionId":"None","value":{"message":"UiAutomator2 Server is ready to accept commands","ready":true}}
[debug] &amp#27;[35m[UiAutomator2]&amp#27;[39m The initialization of the instrumentation process took 4204ms
[debug] &amp#27;[35m[WD Proxy]&amp#27;[39m Matched '/session' to command name 'createSession'
[debug] &amp#27;[35m[WD Proxy]&amp#27;[39m Proxying [POST /session] to [POST http://127.0.0.1:8201/wd/hub/session] with body: {"capabilities":{"firstMatch":[{"platform":"LINUX","webStorageEnabled":false,"takesScreenshot":true,"javascriptEnabled":true,"databaseEnabled":false,"networkConnectionEnabled":true,"locationContextEnabled":false,"warnings":{},"desired":{"platformName":"android","app":"C:\\Users\\pradi\\eclipse-workspace\\FlipcartAppV4\\FlipcartApp4\\src\\flipkart.apk","automationName":"uiautomator2","deviceName":"samsung","udid":"RZ8M40MZXJT"},"platformName":"android","app":"C:\\Users\\pradi\\eclipse-workspace\\FlipcartAppV4\\FlipcartApp4\\src\\flipkart.apk","automationName":"uiautomator2","deviceName":"RZ8M40MZXJT","udid":"RZ8M40MZXJT","deviceUDID":"RZ8M40MZXJT","appPackage":"com.flipkart.android"}],"alwaysMatch":{}}}
[debug] &amp#27;[35m[WD Proxy]&amp#27;[39m Got response with status 200: {"sessionId":"99c04a53-575a-4af0-800b-d2e51e7a44ff","value":{"capabilities":{"firstMatch":[{"platform":"LINUX","webStorageEnabled":false,"takesScreenshot":true,"javascriptEnabled":true,"databaseEnabled":false,"networkConnectionEnabled":true,"locationContextEnabled":false,"warnings":{},"desired":{"platformName":"android","app":"C:\\Users\\pradi\\eclipse-workspace\\FlipcartAppV4\\FlipcartApp4\\src\\flipkart.apk","automationName":"uiautomator2","deviceName":"samsung","udid":"RZ8M40MZXJT"},"platformName":"android","app":"C:\\Users\\pradi\\eclipse-workspace\\FlipcartAppV4\\FlipcartApp4\\src\\flipkart.apk","automationName":"uiautomator2","deviceName":"RZ8M40MZXJT","udid":"RZ8M40MZXJT","deviceUDID":"RZ8M40MZXJT","appPackage":"com.flipkart.android"}],"alwaysMatch":{}},"sessionId":"99c04a53-575a-4af0-800b-d2e51e7a44ff"}}
&amp#27;[35m[WD Proxy]&amp#27;[39m Determined the downstream protocol as 'W3C'
[debug] &amp#27;[35m[WD Proxy]&amp#27;[39m Proxying [GET /appium/device/info] to [GET http://127.0.0.1:8201/wd/hub/session/99c04a53-575a-4af0-800b-d2e51e7a44ff/appium/device/info] with no body
[debug] &amp#27;[35m[WD Proxy]&amp#27;[39m Got response with status 200: {"sessionId":"99c04a53-575a-4af0-800b-d2e51e7a44ff","value":{"androidId":"8dd01396a27d4c60","apiVersion":"30","bluetooth":{"state":"OFF"},"brand":"samsung","carrierName":"JIO 4G","displayDensity":420,"locale":"en_GB","manufacturer":"samsung","model":"SM-A305F","networks":[{"capabilities":{"SSID":null,"linkDownBandwidthKbps":30000,"linkUpstreamBandwidthKbps":15000,"networkCapabilities":"NET_CAPABILITY_IMS,NET_CAPABILITY_NOT_METERED,NET_CAPABILITY_TRUSTED,NET_CAPABILITY_NOT_VPN,NET_CAPABILITY_VALIDATED,NET_CAPABILITY_NOT_ROAMING,NET_CAPABILITY_FOREGROUND,NET_CAPABILITY_NOT_CONGESTED,NET_CAPABILITY_NOT_SUSPENDED","signalStrength":-2147483648,"transportTypes":"TRANSPORT_CELLULAR"},"detailedState":"CONNECTED","extraInfo":"IMS","isAvailable":true,"isConnected":true,"isFailover":false,"isRoaming":false,"state":"CONNECTED","subtype":13,"subtypeName":"LTE","type":0,"typeName":"MOBILE"},{"capabilities":{"SSID":null,"linkDownBandwidthKbps":30000,"linkUpstreamBandwidthKbps":15000,"networkCapabilities":"NET_CAPABILITY_...
[debug] &amp#27;[35m[ADB]&amp#27;[39m Running 'C:\Users\pradi\AppData\Local\Android\Sdk\platform-tools\adb.exe -P 5037 -s RZ8M40MZXJT shell dumpsys window'
&amp#27;[35m[AndroidDriver]&amp#27;[39m Screen already unlocked, doing nothing
&amp#27;[35m[UiAutomator2]&amp#27;[39m Starting 'com.flipkart.android/com.flipkart.android.SplashActivity and waiting for 'com.flipkart.android/com.flipkart.android.SplashActivity'
[debug] &amp#27;[35m[ADB]&amp#27;[39m Running 'C:\Users\pradi\AppData\Local\Android\Sdk\platform-tools\adb.exe -P 5037 -s RZ8M40MZXJT shell am start -W -n com.flipkart.android/com.flipkart.android.SplashActivity -S -a android.intent.action.MAIN -c android.intent.category.LAUNCHER -f 0x10200000'
[debug] &amp#27;[35m[ADB]&amp#27;[39m Waiting up to 20000ms for activity matching pkg: 'com.flipkart.android' and activity: 'com.flipkart.android.SplashActivity' to be focused
[debug] &amp#27;[35m[ADB]&amp#27;[39m Possible activities, to be checked: 'com.flipkart.android.SplashActivity', 'com.flipkart.android.com.flipkart.android.SplashActivity'
[debug] &amp#27;[35m[ADB]&amp#27;[39m Getting focused package and activity
[debug] &amp#27;[35m[ADB]&amp#27;[39m Running 'C:\Users\pradi\AppData\Local\Android\Sdk\platform-tools\adb.exe -P 5037 -s RZ8M40MZXJT shell dumpsys window displays'
[debug] &amp#27;[35m[ADB]&amp#27;[39m Found package: 'com.flipkart.android' and fully qualified activity name : 'com.flipkart.android.SplashActivity'
[debug] &amp#27;[35m[WD Proxy]&amp#27;[39m Proxying [GET /appium/device/pixel_ratio] to [GET http://127.0.0.1:8201/wd/hub/session/99c04a53-575a-4af0-800b-d2e51e7a44ff/appium/device/pixel_ratio] with no body
[debug] &amp#27;[35m[WD Proxy]&amp#27;[39m Got response with status 200: {"sessionId":"99c04a53-575a-4af0-800b-d2e51e7a44ff","value":2.625}
[debug] &amp#27;[35m[WD Proxy]&amp#27;[39m Matched '/appium/device/system_bars' to command name 'getSystemBars'
[debug] &amp#27;[35m[WD Proxy]&amp#27;[39m Proxying [GET /appium/device/system_bars] to [GET http://127.0.0.1:8201/wd/hub/session/99c04a53-575a-4af0-800b-d2e51e7a44ff/appium/device/system_bars] with no body
[debug] &amp#27;[35m[WD Proxy]&amp#27;[39m Got response with status 200: {"sessionId":"99c04a53-575a-4af0-800b-d2e51e7a44ff","value":{"statusBar":83}}
[debug] &amp#27;[35m[WD Proxy]&amp#27;[39m Matched '/window/current/size' to command name 'getWindowSize'
[debug] &amp#27;[35m[WD Proxy]&amp#27;[39m Proxying [GET /window/current/size] to [GET http://127.0.0.1:8201/wd/hub/session/99c04a53-575a-4af0-800b-d2e51e7a44ff/window/current/size] with no body
[debug] &amp#27;[35m[WD Proxy]&amp#27;[39m Got response with status 200: {"sessionId":"99c04a53-575a-4af0-800b-d2e51e7a44ff","value":{"height":2131,"width":1080}}
&amp#27;[35m[Appium]&amp#27;[39m New AndroidUiautomator2Driver session created successfully, session ae07e275-3784-4b5d-9926-05080f5272b7 added to master session list
[debug] &amp#27;[35m[BaseDriver]&amp#27;[39m Event 'newSessionStarted' logged at 1624258495911 (12:24:55 GMT+0530 (India Standard Time))
[debug] &amp#27;[35m[W3C (ae07e275)]&amp#27;[39m Cached the protocol value 'W3C' for the new session ae07e275-3784-4b5d-9926-05080f5272b7
[debug] &amp#27;[35m[W3C (ae07e275)]&amp#27;[39m Responding to client with driver.createSession() result: {"capabilities":{"platform":"LINUX","webStorageEnabled":false,"takesScreenshot":true,"javascriptEnabled":true,"databaseEnabled":false,"networkConnectionEnabled":true,"locationContextEnabled":false,"warnings":{},"desired":{"platformName":"android","app":"C:\\Users\\pradi\\eclipse-workspace\\FlipcartAppV4\\FlipcartApp4\\src\\flipkart.apk","automationName":"uiautomator2","deviceName":"samsung","udid":"RZ8M40MZXJT"},"platformName":"android","app":"C:\\Users\\pradi\\eclipse-workspace\\FlipcartAppV4\\FlipcartApp4\\src\\flipkart.apk","automationName":"uiautomator2","deviceName":"RZ8M40MZXJT","udid":"RZ8M40MZXJT","deviceUDID":"RZ8M40MZXJT","appPackage":"com.flipkart.android","deviceApiLevel":30,"platformVersion":"11","deviceScreenSize":"1080x2340","deviceScreenDensity":420,"deviceModel":"SM-A305F","deviceManufacturer":"samsung","pixelRatio":2.625,"statBarHeight":83,"viewportRect":{"left":0,"top":83,"width":1080,"height":2048}}}
&amp#27;[35m[HTTP]&amp#27;[39m &amp#27;[37m<-- POST /wd/hub/session &amp#27;[39m&amp#27;[32m200&amp#27;[39m &amp#27;[90m12833 ms - 994&amp#27;[39m
&amp#27;[35m[HTTP]&amp#27;[39m &amp#27;[90m&amp#27;[39m
&amp#27;[35m[HTTP]&amp#27;[39m &amp#27;[37m-->&amp#27;[39m &amp#27;[37mPOST&amp#27;[39m &amp#27;[37m/wd/hub/session/ae07e275-3784-4b5d-9926-05080f5272b7/timeouts&amp#27;[39m
&amp#27;[35m[HTTP]&amp#27;[39m &amp#27;[90m{"implicit":10000}&amp#27;[39m
[debug] &amp#27;[35m[W3C (ae07e275)]&amp#27;[39m Calling AppiumDriver.timeouts() with args: [null,null,null,null,10000,"ae07e275-3784-4b5d-9926-05080f5272b7"]
[debug] &amp#27;[35m[BaseDriver]&amp#27;[39m W3C timeout argument: {"implicit":10000}}
[debug] &amp#27;[35m[BaseDriver]&amp#27;[39m Set implicit wait to 10000ms
[debug] &amp#27;[35m[W3C (ae07e275)]&amp#27;[39m Responding to client with driver.timeouts() result: null
&amp#27;[35m[HTTP]&amp#27;[39m &amp#27;[37m<-- POST /wd/hub/session/ae07e275-3784-4b5d-9926-05080f5272b7/timeouts &amp#27;[39m&amp#27;[32m200&amp#27;[39m &amp#27;[90m7 ms - 14&amp#27;[39m
&amp#27;[35m[HTTP]&amp#27;[39m &amp#27;[90m&amp#27;[39m
&amp#27;[35m[HTTP]&amp#27;[39m &amp#27;[37m-->&amp#27;[39m &amp#27;[37mPOST&amp#27;[39m &amp#27;[37m/wd/hub/session/ae07e275-3784-4b5d-9926-05080f5272b7/element&amp#27;[39m
&amp#27;[35m[HTTP]&amp#27;[39m &amp#27;[90m{"using":"-android uiautomator","value":"new UiScrollable(new UiSelector()).scrollIntoView(text(\"English\"))"}&amp#27;[39m
[debug] &amp#27;[35m[W3C (ae07e275)]&amp#27;[39m Calling AppiumDriver.findElement() with args: ["-android uiautomator","new UiScrollable(new UiSelector()).scrollIntoView(text(\"English\"))","ae07e275-3784-4b5d-9926-05080f5272b7"]
[debug] &amp#27;[35m[BaseDriver]&amp#27;[39m Valid locator strategies for this request: xpath, id, class name, accessibility id, css selector, -android uiautomator
[debug] &amp#27;[35m[BaseDriver]&amp#27;[39m Waiting up to 10000 ms for condition
[debug] &amp#27;[35m[WD Proxy]&amp#27;[39m Matched '/element' to command name 'findElement'
[debug] &amp#27;[35m[WD Proxy]&amp#27;[39m Proxying [POST /element] to [POST http://127.0.0.1:8201/wd/hub/session/99c04a53-575a-4af0-800b-d2e51e7a44ff/element] with body: {"strategy":"-android uiautomator","selector":"new UiScrollable(new UiSelector()).scrollIntoView(text(\"English\"))","context":"","multiple":false}
[debug] &amp#27;[35m[WD Proxy]&amp#27;[39m Got response with status 200: {"sessionId":"99c04a53-575a-4af0-800b-d2e51e7a44ff","value":{"ELEMENT":"f822a0bb-6e10-4d26-9ded-abf3da118762","element-6066-11e4-a52e-4f735466cecf":"f822a0bb-6e10-4d26-9ded-abf3da118762"}}
[debug] &amp#27;[35m[W3C (ae07e275)]&amp#27;[39m Responding to client with driver.findElement() result: {"element-6066-11e4-a52e-4f735466cecf":"f822a0bb-6e10-4d26-9ded-abf3da118762","ELEMENT":"f822a0bb-6e10-4d26-9ded-abf3da118762"}
&amp#27;[35m[HTTP]&amp#27;[39m &amp#27;[37m<-- POST /wd/hub/session/ae07e275-3784-4b5d-9926-05080f5272b7/element &amp#27;[39m&amp#27;[32m200&amp#27;[39m &amp#27;[90m3913 ms - 137&amp#27;[39m
&amp#27;[35m[HTTP]&amp#27;[39m &amp#27;[90m&amp#27;[39m
&amp#27;[35m[HTTP]&amp#27;[39m &amp#27;[37m-->&amp#27;[39m &amp#27;[37mPOST&amp#27;[39m &amp#27;[37m/wd/hub/session/ae07e275-3784-4b5d-9926-05080f5272b7/element&amp#27;[39m
&amp#27;[35m[HTTP]&amp#27;[39m &amp#27;[90m{"using":"xpath","value":"//*[@text='English']"}&amp#27;[39m
[debug] &amp#27;[35m[W3C (ae07e275)]&amp#27;[39m Calling AppiumDriver.findElement() with args: ["xpath","//*[@text='English']","ae07e275-3784-4b5d-9926-05080f5272b7"]
[debug] &amp#27;[35m[BaseDriver]&amp#27;[39m Valid locator strategies for this request: xpath, id, class name, accessibility id, css selector, -android uiautomator
[debug] &amp#27;[35m[BaseDriver]&amp#27;[39m Waiting up to 10000 ms for condition
[debug] &amp#27;[35m[WD Proxy]&amp#27;[39m Matched '/element' to command name 'findElement'
[debug] &amp#27;[35m[WD Proxy]&amp#27;[39m Proxying [POST /element] to [POST http://127.0.0.1:8201/wd/hub/session/99c04a53-575a-4af0-800b-d2e51e7a44ff/element] with body: {"strategy":"xpath","selector":"//*[@text='English']","context":"","multiple":false}
[debug] &amp#27;[35m[WD Proxy]&amp#27;[39m Got response with status 200: {"sessionId":"99c04a53-575a-4af0-800b-d2e51e7a44ff","value":{"ELEMENT":"aacae6be-9483-4931-858a-1e26edd472fe","element-6066-11e4-a52e-4f735466cecf":"aacae6be-9483-4931-858a-1e26edd472fe"}}
[debug] &amp#27;[35m[W3C (ae07e275)]&amp#27;[39m Responding to client with driver.findElement() result: {"element-6066-11e4-a52e-4f735466cecf":"aacae6be-9483-4931-858a-1e26edd472fe","ELEMENT":"aacae6be-9483-4931-858a-1e26edd472fe"}
&amp#27;[35m[HTTP]&amp#27;[39m &amp#27;[37m<-- POST /wd/hub/session/ae07e275-3784-4b5d-9926-05080f5272b7/element &amp#27;[39m&amp#27;[32m200&amp#27;[39m &amp#27;[90m302 ms - 137&amp#27;[39m
&amp#27;[35m[HTTP]&amp#27;[39m &amp#27;[90m&amp#27;[39m
&amp#27;[35m[HTTP]&amp#27;[39m &amp#27;[37m-->&amp#27;[39m &amp#27;[37mPOST&amp#27;[39m &amp#27;[37m/wd/hub/session/ae07e275-3784-4b5d-9926-05080f5272b7/element/aacae6be-9483-4931-858a-1e26edd472fe/click&amp#27;[39m
&amp#27;[35m[HTTP]&amp#27;[39m &amp#27;[90m{"id":"aacae6be-9483-4931-858a-1e26edd472fe"}&amp#27;[39m
[debug] &amp#27;[35m[W3C (ae07e275)]&amp#27;[39m Calling AppiumDriver.click() with args: ["aacae6be-9483-4931-858a-1e26edd472fe","ae07e275-3784-4b5d-9926-05080f5272b7"]
[debug] &amp#27;[35m[WD Proxy]&amp#27;[39m Matched '/element/aacae6be-9483-4931-858a-1e26edd472fe/click' to command name 'click'
[debug] &amp#27;[35m[WD Proxy]&amp#27;[39m Proxying [POST /element/aacae6be-9483-4931-858a-1e26edd472fe/click] to [POST http://127.0.0.1:8201/wd/hub/session/99c04a53-575a-4af0-800b-d2e51e7a44ff/element/aacae6be-9483-4931-858a-1e26edd472fe/click] with body: {"element":"aacae6be-9483-4931-858a-1e26edd472fe"}
[debug] &amp#27;[35m[WD Proxy]&amp#27;[39m Got response with status 200: {"sessionId":"99c04a53-575a-4af0-800b-d2e51e7a44ff","value":null}
[debug] &amp#27;[35m[W3C (ae07e275)]&amp#27;[39m Responding to client with driver.click() result: null
&amp#27;[35m[HTTP]&amp#27;[39m &amp#27;[37m<-- POST /wd/hub/session/ae07e275-3784-4b5d-9926-05080f5272b7/element/aacae6be-9483-4931-858a-1e26edd472fe/click &amp#27;[39m&amp#27;[32m200&amp#27;[39m &amp#27;[90m84 ms - 14&amp#27;[39m
&amp#27;[35m[HTTP]&amp#27;[39m &amp#27;[90m&amp#27;[39m
&amp#27;[35m[HTTP]&amp#27;[39m &amp#27;[37m-->&amp#27;[39m &amp#27;[37mPOST&amp#27;[39m &amp#27;[37m/wd/hub/session/ae07e275-3784-4b5d-9926-05080f5272b7/element&amp#27;[39m
&amp#27;[35m[HTTP]&amp#27;[39m &amp#27;[90m{"using":"id","value":"com.flipkart.android:id/select_btn"}&amp#27;[39m
[debug] &amp#27;[35m[W3C (ae07e275)]&amp#27;[39m Calling AppiumDriver.findElement() with args: ["id","com.flipkart.android:id/select_btn","ae07e275-3784-4b5d-9926-05080f5272b7"]
[debug] &amp#27;[35m[BaseDriver]&amp#27;[39m Valid locator strategies for this request: xpath, id, class name, accessibility id, css selector, -android uiautomator
[debug] &amp#27;[35m[BaseDriver]&amp#27;[39m Waiting up to 10000 ms for condition
[debug] &amp#27;[35m[WD Proxy]&amp#27;[39m Matched '/element' to command name 'findElement'
[debug] &amp#27;[35m[WD Proxy]&amp#27;[39m Proxying [POST /element] to [POST http://127.0.0.1:8201/wd/hub/session/99c04a53-575a-4af0-800b-d2e51e7a44ff/element] with body: {"strategy":"id","selector":"com.flipkart.android:id/select_btn","context":"","multiple":false}
[debug] &amp#27;[35m[WD Proxy]&amp#27;[39m Got response with status 200: {"sessionId":"99c04a53-575a-4af0-800b-d2e51e7a44ff","value":{"ELEMENT":"4ecb237d-e010-4dd2-ae0c-5b0fef0a1eae","element-6066-11e4-a52e-4f735466cecf":"4ecb237d-e010-4dd2-ae0c-5b0fef0a1eae"}}
[debug] &amp#27;[35m[W3C (ae07e275)]&amp#27;[39m Responding to client with driver.findElement() result: {"element-6066-11e4-a52e-4f735466cecf":"4ecb237d-e010-4dd2-ae0c-5b0fef0a1eae","ELEMENT":"4ecb237d-e010-4dd2-ae0c-5b0fef0a1eae"}
&amp#27;[35m[HTTP]&amp#27;[39m &amp#27;[37m<-- POST /wd/hub/session/ae07e275-3784-4b5d-9926-05080f5272b7/element &amp#27;[39m&amp#27;[32m200&amp#27;[39m &amp#27;[90m192 ms - 137&amp#27;[39m
&amp#27;[35m[HTTP]&amp#27;[39m &amp#27;[90m&amp#27;[39m
&amp#27;[35m[HTTP]&amp#27;[39m &amp#27;[37m-->&amp#27;[39m &amp#27;[37mPOST&amp#27;[39m &amp#27;[37m/wd/hub/session/ae07e275-3784-4b5d-9926-05080f5272b7/element/4ecb237d-e010-4dd2-ae0c-5b0fef0a1eae/click&amp#27;[39m
&amp#27;[35m[HTTP]&amp#27;[39m &amp#27;[90m{"id":"4ecb237d-e010-4dd2-ae0c-5b0fef0a1eae"}&amp#27;[39m
[debug] &amp#27;[35m[W3C (ae07e275)]&amp#27;[39m Calling AppiumDriver.click() with args: ["4ecb237d-e010-4dd2-ae0c-5b0fef0a1eae","ae07e275-3784-4b5d-9926-05080f5272b7"]
[debug] &amp#27;[35m[WD Proxy]&amp#27;[39m Matched '/element/4ecb237d-e010-4dd2-ae0c-5b0fef0a1eae/click' to command name 'click'
[debug] &amp#27;[35m[WD Proxy]&amp#27;[39m Proxying [POST /element/4ecb237d-e010-4dd2-ae0c-5b0fef0a1eae/click] to [POST http://127.0.0.1:8201/wd/hub/session/99c04a53-575a-4af0-800b-d2e51e7a44ff/element/4ecb237d-e010-4dd2-ae0c-5b0fef0a1eae/click] with body: {"element":"4ecb237d-e010-4dd2-ae0c-5b0fef0a1eae"}
[debug] &amp#27;[35m[WD Proxy]&amp#27;[39m Got response with status 200: {"sessionId":"99c04a53-575a-4af0-800b-d2e51e7a44ff","value":null}
[debug] &amp#27;[35m[W3C (ae07e275)]&amp#27;[39m Responding to client with driver.click() result: null
&amp#27;[35m[HTTP]&amp#27;[39m &amp#27;[37m<-- POST /wd/hub/session/ae07e275-3784-4b5d-9926-05080f5272b7/element/4ecb237d-e010-4dd2-ae0c-5b0fef0a1eae/click &amp#27;[39m&amp#27;[32m200&amp#27;[39m &amp#27;[90m1264 ms - 14&amp#27;[39m
&amp#27;[35m[HTTP]&amp#27;[39m &amp#27;[90m&amp#27;[39m
&amp#27;[35m[HTTP]&amp#27;[39m &amp#27;[37m-->&amp#27;[39m &amp#27;[37mPOST&amp#27;[39m &amp#27;[37m/wd/hub/session/ae07e275-3784-4b5d-9926-05080f5272b7/timeouts&amp#27;[39m
&amp#27;[35m[HTTP]&amp#27;[39m &amp#27;[90m{"implicit":40000}&amp#27;[39m
[debug] &amp#27;[35m[W3C (ae07e275)]&amp#27;[39m Calling AppiumDriver.timeouts() with args: [null,null,null,null,40000,"ae07e275-3784-4b5d-9926-05080f5272b7"]
[debug] &amp#27;[35m[BaseDriver]&amp#27;[39m W3C timeout argument: {"implicit":40000}}
[debug] &amp#27;[35m[BaseDriver]&amp#27;[39m Set implicit wait to 40000ms
[debug] &amp#27;[35m[W3C (ae07e275)]&amp#27;[39m Responding to client with driver.timeouts() result: null
&amp#27;[35m[HTTP]&amp#27;[39m &amp#27;[37m<-- POST /wd/hub/session/ae07e275-3784-4b5d-9926-05080f5272b7/timeouts &amp#27;[39m&amp#27;[32m200&amp#27;[39m &amp#27;[90m3 ms - 14&amp#27;[39m
&amp#27;[35m[HTTP]&amp#27;[39m &amp#27;[90m&amp#27;[39m
&amp#27;[35m[HTTP]&amp#27;[39m &amp#27;[37m-->&amp#27;[39m &amp#27;[37mPOST&amp#27;[39m &amp#27;[37m/wd/hub/session/ae07e275-3784-4b5d-9926-05080f5272b7/element&amp#27;[39m
&amp#27;[35m[HTTP]&amp#27;[39m &amp#27;[90m{"using":"id","value":"com.google.android.gms:id/cancel"}&amp#27;[39m
[debug] &amp#27;[35m[W3C (ae07e275)]&amp#27;[39m Calling AppiumDriver.findElement() with args: ["id","com.google.android.gms:id/cancel","ae07e275-3784-4b5d-9926-05080f5272b7"]
[debug] &amp#27;[35m[BaseDriver]&amp#27;[39m Valid locator strategies for this request: xpath, id, class name, accessibility id, css selector, -android uiautomator
[debug] &amp#27;[35m[BaseDriver]&amp#27;[39m Waiting up to 40000 ms for condition
[debug] &amp#27;[35m[WD Proxy]&amp#27;[39m Matched '/element' to command name 'findElement'
[debug] &amp#27;[35m[WD Proxy]&amp#27;[39m Proxying [POST /element] to [POST http://127.0.0.1:8201/wd/hub/session/99c04a53-575a-4af0-800b-d2e51e7a44ff/element] with body: {"strategy":"id","selector":"com.google.android.gms:id/cancel","context":"","multiple":false}
&amp#27;[35m[WD Proxy]&amp#27;[39m Got response with status 404: {"sessionId":"99c04a53-575a-4af0-800b-d2e51e7a44ff","value":{"error":"no such element","message":"An element could not be located on the page using the given search parameters","stacktrace":"io.appium.uiautomator2.common.exceptions.ElementNotFoundException: An element could not be located on the page using the given search parameters\n\tat io.appium.uiautomator2.handler.FindElement.safeHandle(FindElement.java:70)\n\tat io.appium.uiautomator2.handler.request.SafeRequestHandler.handle(SafeRequestHandler.java:41)\n\tat io.appium.uiautomator2.server.AppiumServlet.handleRequest(AppiumServlet.java:261)\n\tat io.appium.uiautomator2.server.AppiumServlet.handleHttpRequest(AppiumServlet.java:255)\n\tat io.appium.uiautomator2.http.ServerHandler.channelRead(ServerHandler.java:68)\n\tat io.netty.channel.AbstractChannelHandlerContext.invokeChannelRead(AbstractChannelHandlerContext.java:366)\n\tat io.netty.channel.AbstractChannelHandlerContext.invokeChannelRead(AbstractChannelHandlerContext.java:352)\n\tat io.netty.chann...
[debug] &amp#27;[35m[W3C]&amp#27;[39m Matched W3C error code 'no such element' to NoSuchElementError
[debug] &amp#27;[35m[BaseDriver]&amp#27;[39m Waited for 113 ms so far
[debug] &amp#27;[35m[WD Proxy]&amp#27;[39m Matched '/element' to command name 'findElement'
[debug] &amp#27;[35m[WD Proxy]&amp#27;[39m Proxying [POST /element] to [POST http://127.0.0.1:8201/wd/hub/session/99c04a53-575a-4af0-800b-d2e51e7a44ff/element] with body: {"strategy":"id","selector":"com.google.android.gms:id/cancel","context":"","multiple":false}
&amp#27;[35m[WD Proxy]&amp#27;[39m Got response with status 404: {"sessionId":"99c04a53-575a-4af0-800b-d2e51e7a44ff","value":{"error":"no such element","message":"An element could not be located on the page using the given search parameters","stacktrace":"io.appium.uiautomator2.common.exceptions.ElementNotFoundException: An element could not be located on the page using the given search parameters\n\tat io.appium.uiautomator2.handler.FindElement.safeHandle(FindElement.java:70)\n\tat io.appium.uiautomator2.handler.request.SafeRequestHandler.handle(SafeRequestHandler.java:41)\n\tat io.appium.uiautomator2.server.AppiumServlet.handleRequest(AppiumServlet.java:261)\n\tat io.appium.uiautomator2.server.AppiumServlet.handleHttpRequest(AppiumServlet.java:255)\n\tat io.appium.uiautomator2.http.ServerHandler.channelRead(ServerHandler.java:68)\n\tat io.netty.channel.AbstractChannelHandlerContext.invokeChannelRead(AbstractChannelHandlerContext.java:366)\n\tat io.netty.channel.AbstractChannelHandlerContext.invokeChannelRead(AbstractChannelHandlerContext.java:352)\n\tat io.netty.chann...
[debug] &amp#27;[35m[W3C]&amp#27;[39m Matched W3C error code 'no such element' to NoSuchElementError
[debug] &amp#27;[35m[BaseDriver]&amp#27;[39m Waited for 1655 ms so far
[debug] &amp#27;[35m[WD Proxy]&amp#27;[39m Matched '/element' to command name 'findElement'
[debug] &amp#27;[35m[WD Proxy]&amp#27;[39m Proxying [POST /element] to [POST http://127.0.0.1:8201/wd/hub/session/99c04a53-575a-4af0-800b-d2e51e7a44ff/element] with body: {"strategy":"id","selector":"com.google.android.gms:id/cancel","context":"","multiple":false}
&amp#27;[35m[WD Proxy]&amp#27;[39m Got response with status 404: {"sessionId":"99c04a53-575a-4af0-800b-d2e51e7a44ff","value":{"error":"no such element","message":"An element could not be located on the page using the given search parameters","stacktrace":"io.appium.uiautomator2.common.exceptions.ElementNotFoundException: An element could not be located on the page using the given search parameters\n\tat io.appium.uiautomator2.handler.FindElement.safeHandle(FindElement.java:70)\n\tat io.appium.uiautomator2.handler.request.SafeRequestHandler.handle(SafeRequestHandler.java:41)\n\tat io.appium.uiautomator2.server.AppiumServlet.handleRequest(AppiumServlet.java:261)\n\tat io.appium.uiautomator2.server.AppiumServlet.handleHttpRequest(AppiumServlet.java:255)\n\tat io.appium.uiautomator2.http.ServerHandler.channelRead(ServerHandler.java:68)\n\tat io.netty.channel.AbstractChannelHandlerContext.invokeChannelRead(AbstractChannelHandlerContext.java:366)\n\tat io.netty.channel.AbstractChannelHandlerContext.invokeChannelRead(AbstractChannelHandlerContext.java:352)\n\tat io.netty.chann...
[debug] &amp#27;[35m[W3C]&amp#27;[39m Matched W3C error code 'no such element' to NoSuchElementError
[debug] &amp#27;[35m[BaseDriver]&amp#27;[39m Waited for 2210 ms so far
[debug] &amp#27;[35m[WD Proxy]&amp#27;[39m Matched '/element' to command name 'findElement'
[debug] &amp#27;[35m[WD Proxy]&amp#27;[39m Proxying [POST /element] to [POST http://127.0.0.1:8201/wd/hub/session/99c04a53-575a-4af0-800b-d2e51e7a44ff/element] with body: {"strategy":"id","selector":"com.google.android.gms:id/cancel","context":"","multiple":false}
&amp#27;[35m[WD Proxy]&amp#27;[39m Got response with status 404: {"sessionId":"99c04a53-575a-4af0-800b-d2e51e7a44ff","value":{"error":"no such element","message":"An element could not be located on the page using the given search parameters","stacktrace":"io.appium.uiautomator2.common.exceptions.ElementNotFoundException: An element could not be located on the page using the given search parameters\n\tat io.appium.uiautomator2.handler.FindElement.safeHandle(FindElement.java:70)\n\tat io.appium.uiautomator2.handler.request.SafeRequestHandler.handle(SafeRequestHandler.java:41)\n\tat io.appium.uiautomator2.server.AppiumServlet.handleRequest(AppiumServlet.java:261)\n\tat io.appium.uiautomator2.server.AppiumServlet.handleHttpRequest(AppiumServlet.java:255)\n\tat io.appium.uiautomator2.http.ServerHandler.channelRead(ServerHandler.java:68)\n\tat io.netty.channel.AbstractChannelHandlerContext.invokeChannelRead(AbstractChannelHandlerContext.java:366)\n\tat io.netty.channel.AbstractChannelHandlerContext.invokeChannelRead(AbstractChannelHandlerContext.java:352)\n\tat io.netty.chann...
[debug] &amp#27;[35m[W3C]&amp#27;[39m Matched W3C error code 'no such element' to NoSuchElementError
[debug] &amp#27;[35m[BaseDriver]&amp#27;[39m Waited for 2763 ms so far
[debug] &amp#27;[35m[WD Proxy]&amp#27;[39m Matched '/element' to command name 'findElement'
[debug] &amp#27;[35m[WD Proxy]&amp#27;[39m Proxying [POST /element] to [POST http://127.0.0.1:8201/wd/hub/session/99c04a53-575a-4af0-800b-d2e51e7a44ff/element] with body: {"strategy":"id","selector":"com.google.android.gms:id/cancel","context":"","multiple":false}
&amp#27;[35m[WD Proxy]&amp#27;[39m Got response with status 404: {"sessionId":"99c04a53-575a-4af0-800b-d2e51e7a44ff","value":{"error":"no such element","message":"An element could not be located on the page using the given search parameters","stacktrace":"io.appium.uiautomator2.common.exceptions.ElementNotFoundException: An element could not be located on the page using the given search parameters\n\tat io.appium.uiautomator2.handler.FindElement.safeHandle(FindElement.java:70)\n\tat io.appium.uiautomator2.handler.request.SafeRequestHandler.handle(SafeRequestHandler.java:41)\n\tat io.appium.uiautomator2.server.AppiumServlet.handleRequest(AppiumServlet.java:261)\n\tat io.appium.uiautomator2.server.AppiumServlet.handleHttpRequest(AppiumServlet.java:255)\n\tat io.appium.uiautomator2.http.ServerHandler.channelRead(ServerHandler.java:68)\n\tat io.netty.channel.AbstractChannelHandlerContext.invokeChannelRead(AbstractChannelHandlerContext.java:366)\n\tat io.netty.channel.AbstractChannelHandlerContext.invokeChannelRead(AbstractChannelHandlerContext.java:352)\n\tat io.netty.chann...
[debug] &amp#27;[35m[W3C]&amp#27;[39m Matched W3C error code 'no such element' to NoSuchElementError
[debug] &amp#27;[35m[BaseDriver]&amp#27;[39m Waited for 3320 ms so far
[debug] &amp#27;[35m[WD Proxy]&amp#27;[39m Matched '/element' to command name 'findElement'
[debug] &amp#27;[35m[WD Proxy]&amp#27;[39m Proxying [POST /element] to [POST http://127.0.0.1:8201/wd/hub/session/99c04a53-575a-4af0-800b-d2e51e7a44ff/element] with body: {"strategy":"id","selector":"com.google.android.gms:id/cancel","context":"","multiple":false}
&amp#27;[35m[WD Proxy]&amp#27;[39m Got response with status 404: {"sessionId":"99c04a53-575a-4af0-800b-d2e51e7a44ff","value":{"error":"no such element","message":"An element could not be located on the page using the given search parameters","stacktrace":"io.appium.uiautomator2.common.exceptions.ElementNotFoundException: An element could not be located on the page using the given search parameters\n\tat io.appium.uiautomator2.handler.FindElement.safeHandle(FindElement.java:70)\n\tat io.appium.uiautomator2.handler.request.SafeRequestHandler.handle(SafeRequestHandler.java:41)\n\tat io.appium.uiautomator2.server.AppiumServlet.handleRequest(AppiumServlet.java:261)\n\tat io.appium.uiautomator2.server.AppiumServlet.handleHttpRequest(AppiumServlet.java:255)\n\tat io.appium.uiautomator2.http.ServerHandler.channelRead(ServerHandler.java:68)\n\tat io.netty.channel.AbstractChannelHandlerContext.invokeChannelRead(AbstractChannelHandlerContext.java:366)\n\tat io.netty.channel.AbstractChannelHandlerContext.invokeChannelRead(AbstractChannelHandlerContext.java:352)\n\tat io.netty.chann...
[debug] &amp#27;[35m[W3C]&amp#27;[39m Matched W3C error code 'no such element' to NoSuchElementError
[debug] &amp#27;[35m[BaseDriver]&amp#27;[39m Waited for 3883 ms so far
[debug] &amp#27;[35m[WD Proxy]&amp#27;[39m Matched '/element' to command name 'findElement'
[debug] &amp#27;[35m[WD Proxy]&amp#27;[39m Proxying [POST /element] to [POST http://127.0.0.1:8201/wd/hub/session/99c04a53-575a-4af0-800b-d2e51e7a44ff/element] with body: {"strategy":"id","selector":"com.google.android.gms:id/cancel","context":"","multiple":false}
&amp#27;[35m[WD Proxy]&amp#27;[39m Got response with status 404: {"sessionId":"99c04a53-575a-4af0-800b-d2e51e7a44ff","value":{"error":"no such element","message":"An element could not be located on the page using the given search parameters","stacktrace":"io.appium.uiautomator2.common.exceptions.ElementNotFoundException: An element could not be located on the page using the given search parameters\n\tat io.appium.uiautomator2.handler.FindElement.safeHandle(FindElement.java:70)\n\tat io.appium.uiautomator2.handler.request.SafeRequestHandler.handle(SafeRequestHandler.java:41)\n\tat io.appium.uiautomator2.server.AppiumServlet.handleRequest(AppiumServlet.java:261)\n\tat io.appium.uiautomator2.server.AppiumServlet.handleHttpRequest(AppiumServlet.java:255)\n\tat io.appium.uiautomator2.http.ServerHandler.channelRead(ServerHandler.java:68)\n\tat io.netty.channel.AbstractChannelHandlerContext.invokeChannelRead(AbstractChannelHandlerContext.java:366)\n\tat io.netty.channel.AbstractChannelHandlerContext.invokeChannelRead(AbstractChannelHandlerContext.java:352)\n\tat io.netty.chann...
[debug] &amp#27;[35m[W3C]&amp#27;[39m Matched W3C error code 'no such element' to NoSuchElementError
[debug] &amp#27;[35m[BaseDriver]&amp#27;[39m Waited for 4444 ms so far
[debug] &amp#27;[35m[WD Proxy]&amp#27;[39m Matched '/element' to command name 'findElement'
[debug] &amp#27;[35m[WD Proxy]&amp#27;[39m Proxying [POST /element] to [POST http://127.0.0.1:8201/wd/hub/session/99c04a53-575a-4af0-800b-d2e51e7a44ff/element] with body: {"strategy":"id","selector":"com.google.android.gms:id/cancel","context":"","multiple":false}
&amp#27;[35m[WD Proxy]&amp#27;[39m Got response with status 404: {"sessionId":"99c04a53-575a-4af0-800b-d2e51e7a44ff","value":{"error":"no such element","message":"An element could not be located on the page using the given search parameters","stacktrace":"io.appium.uiautomator2.common.exceptions.ElementNotFoundException: An element could not be located on the page using the given search parameters\n\tat io.appium.uiautomator2.handler.FindElement.safeHandle(FindElement.java:70)\n\tat io.appium.uiautomator2.handler.request.SafeRequestHandler.handle(SafeRequestHandler.java:41)\n\tat io.appium.uiautomator2.server.AppiumServlet.handleRequest(AppiumServlet.java:261)\n\tat io.appium.uiautomator2.server.AppiumServlet.handleHttpRequest(AppiumServlet.java:255)\n\tat io.appium.uiautomator2.http.ServerHandler.channelRead(ServerHandler.java:68)\n\tat io.netty.channel.AbstractChannelHandlerContext.invokeChannelRead(AbstractChannelHandlerContext.java:366)\n\tat io.netty.channel.AbstractChannelHandlerContext.invokeChannelRead(AbstractChannelHandlerContext.java:352)\n\tat io.netty.chann...
[debug] &amp#27;[35m[W3C]&amp#27;[39m Matched W3C error code 'no such element' to NoSuchElementError
[debug] &amp#27;[35m[BaseDriver]&amp#27;[39m Waited for 5005 ms so far
[debug] &amp#27;[35m[WD Proxy]&amp#27;[39m Matched '/element' to command name 'findElement'
[debug] &amp#27;[35m[WD Proxy]&amp#27;[39m Proxying [POST /element] to [POST http://127.0.0.1:8201/wd/hub/session/99c04a53-575a-4af0-800b-d2e51e7a44ff/element] with body: {"strategy":"id","selector":"com.google.android.gms:id/cancel","context":"","multiple":false}
&amp#27;[35m[WD Proxy]&amp#27;[39m Got response with status 404: {"sessionId":"99c04a53-575a-4af0-800b-d2e51e7a44ff","value":{"error":"no such element","message":"An element could not be located on the page using the given search parameters","stacktrace":"io.appium.uiautomator2.common.exceptions.ElementNotFoundException: An element could not be located on the page using the given search parameters\n\tat io.appium.uiautomator2.handler.FindElement.safeHandle(FindElement.java:70)\n\tat io.appium.uiautomator2.handler.request.SafeRequestHandler.handle(SafeRequestHandler.java:41)\n\tat io.appium.uiautomator2.server.AppiumServlet.handleRequest(AppiumServlet.java:261)\n\tat io.appium.uiautomator2.server.AppiumServlet.handleHttpRequest(AppiumServlet.java:255)\n\tat io.appium.uiautomator2.http.ServerHandler.channelRead(ServerHandler.java:68)\n\tat io.netty.channel.AbstractChannelHandlerContext.invokeChannelRead(AbstractChannelHandlerContext.java:366)\n\tat io.netty.channel.AbstractChannelHandlerContext.invokeChannelRead(AbstractChannelHandlerContext.java:352)\n\tat io.netty.chann...
[debug] &amp#27;[35m[W3C]&amp#27;[39m Matched W3C error code 'no such element' to NoSuchElementError
[debug] &amp#27;[35m[BaseDriver]&amp#27;[39m Waited for 5564 ms so far
[debug] &amp#27;[35m[WD Proxy]&amp#27;[39m Matched '/element' to command name 'findElement'
[debug] &amp#27;[35m[WD Proxy]&amp#27;[39m Proxying [POST /element] to [POST http://127.0.0.1:8201/wd/hub/session/99c04a53-575a-4af0-800b-d2e51e7a44ff/element] with body: {"strategy":"id","selector":"com.google.android.gms:id/cancel","context":"","multiple":false}
&amp#27;[35m[WD Proxy]&amp#27;[39m Got response with status 404: {"sessionId":"99c04a53-575a-4af0-800b-d2e51e7a44ff","value":{"error":"no such element","message":"An element could not be located on the page using the given search parameters","stacktrace":"io.appium.uiautomator2.common.exceptions.ElementNotFoundException: An element could not be located on the page using the given search parameters\n\tat io.appium.uiautomator2.handler.FindElement.safeHandle(FindElement.java:70)\n\tat io.appium.uiautomator2.handler.request.SafeRequestHandler.handle(SafeRequestHandler.java:41)\n\tat io.appium.uiautomator2.server.AppiumServlet.handleRequest(AppiumServlet.java:261)\n\tat io.appium.uiautomator2.server.AppiumServlet.handleHttpRequest(AppiumServlet.java:255)\n\tat io.appium.uiautomator2.http.ServerHandler.channelRead(ServerHandler.java:68)\n\tat io.netty.channel.AbstractChannelHandlerContext.invokeChannelRead(AbstractChannelHandlerContext.java:366)\n\tat io.netty.channel.AbstractChannelHandlerContext.invokeChannelRead(AbstractChannelHandlerContext.java:352)\n\tat io.netty.chann...
[debug] &amp#27;[35m[W3C]&amp#27;[39m Matched W3C error code 'no such element' to NoSuchElementError
[debug] &amp#27;[35m[BaseDriver]&amp#27;[39m Waited for 6127 ms so far
[debug] &amp#27;[35m[WD Proxy]&amp#27;[39m Matched '/element' to command name 'findElement'
[debug] &amp#27;[35m[WD Proxy]&amp#27;[39m Proxying [POST /element] to [POST http://127.0.0.1:8201/wd/hub/session/99c04a53-575a-4af0-800b-d2e51e7a44ff/element] with body: {"strategy":"id","selector":"com.google.android.gms:id/cancel","context":"","multiple":false}
&amp#27;[35m[WD Proxy]&amp#27;[39m Got response with status 404: {"sessionId":"99c04a53-575a-4af0-800b-d2e51e7a44ff","value":{"error":"no such element","message":"An element could not be located on the page using the given search parameters","stacktrace":"io.appium.uiautomator2.common.exceptions.ElementNotFoundException: An element could not be located on the page using the given search parameters\n\tat io.appium.uiautomator2.handler.FindElement.safeHandle(FindElement.java:70)\n\tat io.appium.uiautomator2.handler.request.SafeRequestHandler.handle(SafeRequestHandler.java:41)\n\tat io.appium.uiautomator2.server.AppiumServlet.handleRequest(AppiumServlet.java:261)\n\tat io.appium.uiautomator2.server.AppiumServlet.handleHttpRequest(AppiumServlet.java:255)\n\tat io.appium.uiautomator2.http.ServerHandler.channelRead(ServerHandler.java:68)\n\tat io.netty.channel.AbstractChannelHandlerContext.invokeChannelRead(AbstractChannelHandlerContext.java:366)\n\tat io.netty.channel.AbstractChannelHandlerContext.invokeChannelRead(AbstractChannelHandlerContext.java:352)\n\tat io.netty.chann...
[debug] &amp#27;[35m[W3C]&amp#27;[39m Matched W3C error code 'no such element' to NoSuchElementError
[debug] &amp#27;[35m[BaseDriver]&amp#27;[39m Waited for 6691 ms so far
[debug] &amp#27;[35m[WD Proxy]&amp#27;[39m Matched '/element' to command name 'findElement'
[debug] &amp#27;[35m[WD Proxy]&amp#27;[39m Proxying [POST /element] to [POST http://127.0.0.1:8201/wd/hub/session/99c04a53-575a-4af0-800b-d2e51e7a44ff/element] with body: {"strategy":"id","selector":"com.google.android.gms:id/cancel","context":"","multiple":false}
&amp#27;[35m[WD Proxy]&amp#27;[39m Got response with status 404: {"sessionId":"99c04a53-575a-4af0-800b-d2e51e7a44ff","value":{"error":"no such element","message":"An element could not be located on the page using the given search parameters","stacktrace":"io.appium.uiautomator2.common.exceptions.ElementNotFoundException: An element could not be located on the page using the given search parameters\n\tat io.appium.uiautomator2.handler.FindElement.safeHandle(FindElement.java:70)\n\tat io.appium.uiautomator2.handler.request.SafeRequestHandler.handle(SafeRequestHandler.java:41)\n\tat io.appium.uiautomator2.server.AppiumServlet.handleRequest(AppiumServlet.java:261)\n\tat io.appium.uiautomator2.server.AppiumServlet.handleHttpRequest(AppiumServlet.java:255)\n\tat io.appium.uiautomator2.http.ServerHandler.channelRead(ServerHandler.java:68)\n\tat io.netty.channel.AbstractChannelHandlerContext.invokeChannelRead(AbstractChannelHandlerContext.java:366)\n\tat io.netty.channel.AbstractChannelHandlerContext.invokeChannelRead(AbstractChannelHandlerContext.java:352)\n\tat io.netty.chann...
[debug] &amp#27;[35m[W3C]&amp#27;[39m Matched W3C error code 'no such element' to NoSuchElementError
[debug] &amp#27;[35m[BaseDriver]&amp#27;[39m Waited for 7280 ms so far
[debug] &amp#27;[35m[WD Proxy]&amp#27;[39m Matched '/element' to command name 'findElement'
[debug] &amp#27;[35m[WD Proxy]&amp#27;[39m Proxying [POST /element] to [POST http://127.0.0.1:8201/wd/hub/session/99c04a53-575a-4af0-800b-d2e51e7a44ff/element] with body: {"strategy":"id","selector":"com.google.android.gms:id/cancel","context":"","multiple":false}
[debug] &amp#27;[35m[WD Proxy]&amp#27;[39m Got response with status 200: {"sessionId":"99c04a53-575a-4af0-800b-d2e51e7a44ff","value":{"ELEMENT":"cb5aa297-692d-464c-bdb8-6cabc1a701e6","element-6066-11e4-a52e-4f735466cecf":"cb5aa297-692d-464c-bdb8-6cabc1a701e6"}}
[debug] &amp#27;[35m[W3C (ae07e275)]&amp#27;[39m Responding to client with driver.findElement() result: {"element-6066-11e4-a52e-4f735466cecf":"cb5aa297-692d-464c-bdb8-6cabc1a701e6","ELEMENT":"cb5aa297-692d-464c-bdb8-6cabc1a701e6"}
&amp#27;[35m[HTTP]&amp#27;[39m &amp#27;[37m<-- POST /wd/hub/session/ae07e275-3784-4b5d-9926-05080f5272b7/element &amp#27;[39m&amp#27;[32m200&amp#27;[39m &amp#27;[90m8300 ms - 137&amp#27;[39m
&amp#27;[35m[HTTP]&amp#27;[39m &amp#27;[90m&amp#27;[39m
&amp#27;[35m[HTTP]&amp#27;[39m &amp#27;[37m-->&amp#27;[39m &amp#27;[37mPOST&amp#27;[39m &amp#27;[37m/wd/hub/session/ae07e275-3784-4b5d-9926-05080f5272b7/element/cb5aa297-692d-464c-bdb8-6cabc1a701e6/click&amp#27;[39m
&amp#27;[35m[HTTP]&amp#27;[39m &amp#27;[90m{"id":"cb5aa297-692d-464c-bdb8-6cabc1a701e6"}&amp#27;[39m
[debug] &amp#27;[35m[W3C (ae07e275)]&amp#27;[39m Calling AppiumDriver.click() with args: ["cb5aa297-692d-464c-bdb8-6cabc1a701e6","ae07e275-3784-4b5d-9926-05080f5272b7"]
[debug] &amp#27;[35m[WD Proxy]&amp#27;[39m Matched '/element/cb5aa297-692d-464c-bdb8-6cabc1a701e6/click' to command name 'click'
[debug] &amp#27;[35m[WD Proxy]&amp#27;[39m Proxying [POST /element/cb5aa297-692d-464c-bdb8-6cabc1a701e6/click] to [POST http://127.0.0.1:8201/wd/hub/session/99c04a53-575a-4af0-800b-d2e51e7a44ff/element/cb5aa297-692d-464c-bdb8-6cabc1a701e6/click] with body: {"element":"cb5aa297-692d-464c-bdb8-6cabc1a701e6"}
[debug] &amp#27;[35m[WD Proxy]&amp#27;[39m Got response with status 200: {"sessionId":"99c04a53-575a-4af0-800b-d2e51e7a44ff","value":null}
[debug] &amp#27;[35m[W3C (ae07e275)]&amp#27;[39m Responding to client with driver.click() result: null
&amp#27;[35m[HTTP]&amp#27;[39m &amp#27;[37m<-- POST /wd/hub/session/ae07e275-3784-4b5d-9926-05080f5272b7/element/cb5aa297-692d-464c-bdb8-6cabc1a701e6/click &amp#27;[39m&amp#27;[32m200&amp#27;[39m &amp#27;[90m61 ms - 14&amp#27;[39m
&amp#27;[35m[HTTP]&amp#27;[39m &amp#27;[90m&amp#27;[39m
&amp#27;[35m[HTTP]&amp#27;[39m &amp#27;[37m-->&amp#27;[39m &amp#27;[37mPOST&amp#27;[39m &amp#27;[37m/wd/hub/session/ae07e275-3784-4b5d-9926-05080f5272b7/element&amp#27;[39m
&amp#27;[35m[HTTP]&amp#27;[39m &amp#27;[90m{"using":"id","value":"com.flipkart.android:id/tv_right_cta"}&amp#27;[39m
[debug] &amp#27;[35m[W3C (ae07e275)]&amp#27;[39m Calling AppiumDriver.findElement() with args: ["id","com.flipkart.android:id/tv_right_cta","ae07e275-3784-4b5d-9926-05080f5272b7"]
[debug] &amp#27;[35m[BaseDriver]&amp#27;[39m Valid locator strategies for this request: xpath, id, class name, accessibility id, css selector, -android uiautomator
[debug] &amp#27;[35m[BaseDriver]&amp#27;[39m Waiting up to 40000 ms for condition
[debug] &amp#27;[35m[WD Proxy]&amp#27;[39m Matched '/element' to command name 'findElement'
[debug] &amp#27;[35m[WD Proxy]&amp#27;[39m Proxying [POST /element] to [POST http://127.0.0.1:8201/wd/hub/session/99c04a53-575a-4af0-800b-d2e51e7a44ff/element] with body: {"strategy":"id","selector":"com.flipkart.android:id/tv_right_cta","context":"","multiple":false}
[debug] &amp#27;[35m[WD Proxy]&amp#27;[39m Got response with status 200: {"sessionId":"99c04a53-575a-4af0-800b-d2e51e7a44ff","value":{"ELEMENT":"f8f975c7-122f-485e-8e03-70f797fec44d","element-6066-11e4-a52e-4f735466cecf":"f8f975c7-122f-485e-8e03-70f797fec44d"}}
[debug] &amp#27;[35m[W3C (ae07e275)]&amp#27;[39m Responding to client with driver.findElement() result: {"element-6066-11e4-a52e-4f735466cecf":"f8f975c7-122f-485e-8e03-70f797fec44d","ELEMENT":"f8f975c7-122f-485e-8e03-70f797fec44d"}
&amp#27;[35m[HTTP]&amp#27;[39m &amp#27;[37m<-- POST /wd/hub/session/ae07e275-3784-4b5d-9926-05080f5272b7/element &amp#27;[39m&amp#27;[32m200&amp#27;[39m &amp#27;[90m343 ms - 137&amp#27;[39m
&amp#27;[35m[HTTP]&amp#27;[39m &amp#27;[90m&amp#27;[39m
&amp#27;[35m[HTTP]&amp#27;[39m &amp#27;[37m-->&amp#27;[39m &amp#27;[37mPOST&amp#27;[39m &amp#27;[37m/wd/hub/session/ae07e275-3784-4b5d-9926-05080f5272b7/element/f8f975c7-122f-485e-8e03-70f797fec44d/click&amp#27;[39m
&amp#27;[35m[HTTP]&amp#27;[39m &amp#27;[90m{"id":"f8f975c7-122f-485e-8e03-70f797fec44d"}&amp#27;[39m
[debug] &amp#27;[35m[W3C (ae07e275)]&amp#27;[39m Calling AppiumDriver.click() with args: ["f8f975c7-122f-485e-8e03-70f797fec44d","ae07e275-3784-4b5d-9926-05080f5272b7"]
[debug] &amp#27;[35m[WD Proxy]&amp#27;[39m Matched '/element/f8f975c7-122f-485e-8e03-70f797fec44d/click' to command name 'click'
[debug] &amp#27;[35m[WD Proxy]&amp#27;[39m Proxying [POST /element/f8f975c7-122f-485e-8e03-70f797fec44d/click] to [POST http://127.0.0.1:8201/wd/hub/session/99c04a53-575a-4af0-800b-d2e51e7a44ff/element/f8f975c7-122f-485e-8e03-70f797fec44d/click] with body: {"element":"f8f975c7-122f-485e-8e03-70f797fec44d"}
[debug] &amp#27;[35m[WD Proxy]&amp#27;[39m Got response with status 200: {"sessionId":"99c04a53-575a-4af0-800b-d2e51e7a44ff","value":null}
[debug] &amp#27;[35m[W3C (ae07e275)]&amp#27;[39m Responding to client with driver.click() result: null
&amp#27;[35m[HTTP]&amp#27;[39m &amp#27;[37m<-- POST /wd/hub/session/ae07e275-3784-4b5d-9926-05080f5272b7/element/f8f975c7-122f-485e-8e03-70f797fec44d/click &amp#27;[39m&amp#27;[32m200&amp#27;[39m &amp#27;[90m2196 ms - 14&amp#27;[39m
&amp#27;[35m[HTTP]&amp#27;[39m &amp#27;[90m&amp#27;[39m
&amp#27;[35m[HTTP]&amp#27;[39m &amp#27;[37m-->&amp#27;[39m &amp#27;[37mPOST&amp#27;[39m &amp#27;[37m/wd/hub/session/ae07e275-3784-4b5d-9926-05080f5272b7/element&amp#27;[39m
&amp#27;[35m[HTTP]&amp#27;[39m &amp#27;[90m{"using":"id","value":"com.flipkart.android:id/phone_input"}&amp#27;[39m
[debug] &amp#27;[35m[W3C (ae07e275)]&amp#27;[39m Calling AppiumDriver.findElement() with args: ["id","com.flipkart.android:id/phone_input","ae07e275-3784-4b5d-9926-05080f5272b7"]
[debug] &amp#27;[35m[BaseDriver]&amp#27;[39m Valid locator strategies for this request: xpath, id, class name, accessibility id, css selector, -android uiautomator
[debug] &amp#27;[35m[BaseDriver]&amp#27;[39m Waiting up to 40000 ms for condition
[debug] &amp#27;[35m[WD Proxy]&amp#27;[39m Matched '/element' to command name 'findElement'
[debug] &amp#27;[35m[WD Proxy]&amp#27;[39m Proxying [POST /element] to [POST http://127.0.0.1:8201/wd/hub/session/99c04a53-575a-4af0-800b-d2e51e7a44ff/element] with body: {"strategy":"id","selector":"com.flipkart.android:id/phone_input","context":"","multiple":false}
[debug] &amp#27;[35m[WD Proxy]&amp#27;[39m Got response with status 200: {"sessionId":"99c04a53-575a-4af0-800b-d2e51e7a44ff","value":{"ELEMENT":"4246e554-f762-4805-b085-4cfbf0d40024","element-6066-11e4-a52e-4f735466cecf":"4246e554-f762-4805-b085-4cfbf0d40024"}}
[debug] &amp#27;[35m[W3C (ae07e275)]&amp#27;[39m Responding to client with driver.findElement() result: {"element-6066-11e4-a52e-4f735466cecf":"4246e554-f762-4805-b085-4cfbf0d40024","ELEMENT":"4246e554-f762-4805-b085-4cfbf0d40024"}
&amp#27;[35m[HTTP]&amp#27;[39m &amp#27;[37m<-- POST /wd/hub/session/ae07e275-3784-4b5d-9926-05080f5272b7/element &amp#27;[39m&amp#27;[32m200&amp#27;[39m &amp#27;[90m40 ms - 137&amp#27;[39m
&amp#27;[35m[HTTP]&amp#27;[39m &amp#27;[90m&amp#27;[39m
&amp#27;[35m[HTTP]&amp#27;[39m &amp#27;[37m-->&amp#27;[39m &amp#27;[37mPOST&amp#27;[39m &amp#27;[37m/wd/hub/session/ae07e275-3784-4b5d-9926-05080f5272b7/element/4246e554-f762-4805-b085-4cfbf0d40024/value&amp#27;[39m
&amp#27;[35m[HTTP]&amp#27;[39m &amp#27;[90m{"id":"4246e554-f762-4805-b085-4cfbf0d40024","text":"pradipkatkar9041@gmail.com","value":["p","r","a","d","i","p","k","a","t","k","a","r","9","0","4","1","@","g","m","a","i","l",".","c","o","m"]}&amp#27;[39m
[debug] &amp#27;[35m[W3C (ae07e275)]&amp#27;[39m Calling AppiumDriver.setValue() with args: [["p","r","a","d","i","p","k","a","t","k","a","r","9","0","4","1","@","g","m","a","i","l",".","c","o","m"],"4246e554-f762-4805-b085-4cfbf0d40024","ae07e275-3784-4b5d-9926-05080f5272b7"]
[debug] &amp#27;[35m[WD Proxy]&amp#27;[39m Matched '/element/4246e554-f762-4805-b085-4cfbf0d40024/value' to command name 'setValue'
[debug] &amp#27;[35m[Protocol Converter]&amp#27;[39m Added 'value' property ["p","r","a","d","i","p","k","a","t","k","a","r","9","0","4","1","@","g","m","a","i","l",".","c","o","m"] to 'setValue' request body
[debug] &amp#27;[35m[WD Proxy]&amp#27;[39m Proxying [POST /element/4246e554-f762-4805-b085-4cfbf0d40024/value] to [POST http://127.0.0.1:8201/wd/hub/session/99c04a53-575a-4af0-800b-d2e51e7a44ff/element/4246e554-f762-4805-b085-4cfbf0d40024/value] with body: {"elementId":"4246e554-f762-4805-b085-4cfbf0d40024","text":"pradipkatkar9041@gmail.com","replace":false,"value":["p","r","a","d","i","p","k","a","t","k","a","r","9","0","4","1","@","g","m","a","i","l",".","c","o","m"]}
[debug] &amp#27;[35m[WD Proxy]&amp#27;[39m Got response with status 200: {"sessionId":"99c04a53-575a-4af0-800b-d2e51e7a44ff","value":null}
[debug] &amp#27;[35m[W3C (ae07e275)]&amp#27;[39m Responding to client with driver.setValue() result: null
&amp#27;[35m[HTTP]&amp#27;[39m &amp#27;[37m<-- POST /wd/hub/session/ae07e275-3784-4b5d-9926-05080f5272b7/element/4246e554-f762-4805-b085-4cfbf0d40024/value &amp#27;[39m&amp#27;[32m200&amp#27;[39m &amp#27;[90m658 ms - 14&amp#27;[39m
&amp#27;[35m[HTTP]&amp#27;[39m &amp#27;[90m&amp#27;[39m
&amp#27;[35m[HTTP]&amp#27;[39m &amp#27;[37m-->&amp#27;[39m &amp#27;[37mPOST&amp#27;[39m &amp#27;[37m/wd/hub/session/ae07e275-3784-4b5d-9926-05080f5272b7/element&amp#27;[39m
&amp#27;[35m[HTTP]&amp#27;[39m &amp#27;[90m{"using":"id","value":"com.flipkart.android:id/button"}&amp#27;[39m
[debug] &amp#27;[35m[W3C (ae07e275)]&amp#27;[39m Calling AppiumDriver.findElement() with args: ["id","com.flipkart.android:id/button","ae07e275-3784-4b5d-9926-05080f5272b7"]
[debug] &amp#27;[35m[BaseDriver]&amp#27;[39m Valid locator strategies for this request: xpath, id, class name, accessibility id, css selector, -android uiautomator
[debug] &amp#27;[35m[BaseDriver]&amp#27;[39m Waiting up to 40000 ms for condition
[debug] &amp#27;[35m[WD Proxy]&amp#27;[39m Matched '/element' to command name 'findElement'
[debug] &amp#27;[35m[WD Proxy]&amp#27;[39m Proxying [POST /element] to [POST http://127.0.0.1:8201/wd/hub/session/99c04a53-575a-4af0-800b-d2e51e7a44ff/element] with body: {"strategy":"id","selector":"com.flipkart.android:id/button","context":"","multiple":false}
[debug] &amp#27;[35m[WD Proxy]&amp#27;[39m Got response with status 200: {"sessionId":"99c04a53-575a-4af0-800b-d2e51e7a44ff","value":{"ELEMENT":"1037596a-c43a-48de-9b8e-c0e2b9d0b0ae","element-6066-11e4-a52e-4f735466cecf":"1037596a-c43a-48de-9b8e-c0e2b9d0b0ae"}}
[debug] &amp#27;[35m[W3C (ae07e275)]&amp#27;[39m Responding to client with driver.findElement() result: {"element-6066-11e4-a52e-4f735466cecf":"1037596a-c43a-48de-9b8e-c0e2b9d0b0ae","ELEMENT":"1037596a-c43a-48de-9b8e-c0e2b9d0b0ae"}
&amp#27;[35m[HTTP]&amp#27;[39m &amp#27;[37m<-- POST /wd/hub/session/ae07e275-3784-4b5d-9926-05080f5272b7/element &amp#27;[39m&amp#27;[32m200&amp#27;[39m &amp#27;[90m843 ms - 137&amp#27;[39m
&amp#27;[35m[HTTP]&amp#27;[39m &amp#27;[90m&amp#27;[39m
&amp#27;[35m[HTTP]&amp#27;[39m &amp#27;[37m-->&amp#27;[39m &amp#27;[37mPOST&amp#27;[39m &amp#27;[37m/wd/hub/session/ae07e275-3784-4b5d-9926-05080f5272b7/element/1037596a-c43a-48de-9b8e-c0e2b9d0b0ae/click&amp#27;[39m
&amp#27;[35m[HTTP]&amp#27;[39m &amp#27;[90m{"id":"1037596a-c43a-48de-9b8e-c0e2b9d0b0ae"}&amp#27;[39m
[debug] &amp#27;[35m[W3C (ae07e275)]&amp#27;[39m Calling AppiumDriver.click() with args: ["1037596a-c43a-48de-9b8e-c0e2b9d0b0ae","ae07e275-3784-4b5d-9926-05080f5272b7"]
[debug] &amp#27;[35m[WD Proxy]&amp#27;[39m Matched '/element/1037596a-c43a-48de-9b8e-c0e2b9d0b0ae/click' to command name 'click'
[debug] &amp#27;[35m[WD Proxy]&amp#27;[39m Proxying [POST /element/1037596a-c43a-48de-9b8e-c0e2b9d0b0ae/click] to [POST http://127.0.0.1:8201/wd/hub/session/99c04a53-575a-4af0-800b-d2e51e7a44ff/element/1037596a-c43a-48de-9b8e-c0e2b9d0b0ae/click] with body: {"element":"1037596a-c43a-48de-9b8e-c0e2b9d0b0ae"}
[debug] &amp#27;[35m[WD Proxy]&amp#27;[39m Got response with status 200: {"sessionId":"99c04a53-575a-4af0-800b-d2e51e7a44ff","value":null}
[debug] &amp#27;[35m[W3C (ae07e275)]&amp#27;[39m Responding to client with driver.click() result: null
&amp#27;[35m[HTTP]&amp#27;[39m &amp#27;[37m<-- POST /wd/hub/session/ae07e275-3784-4b5d-9926-05080f5272b7/element/1037596a-c43a-48de-9b8e-c0e2b9d0b0ae/click &amp#27;[39m&amp#27;[32m200&amp#27;[39m &amp#27;[90m60 ms - 14&amp#27;[39m
&amp#27;[35m[HTTP]&amp#27;[39m &amp#27;[90m&amp#27;[39m
&amp#27;[35m[HTTP]&amp#27;[39m &amp#27;[37m-->&amp#27;[39m &amp#27;[37mPOST&amp#27;[39m &amp#27;[37m/wd/hub/session/ae07e275-3784-4b5d-9926-05080f5272b7/timeouts&amp#27;[39m
&amp#27;[35m[HTTP]&amp#27;[39m &amp#27;[90m{"implicit":50000}&amp#27;[39m
[debug] &amp#27;[35m[W3C (ae07e275)]&amp#27;[39m Calling AppiumDriver.timeouts() with args: [null,null,null,null,50000,"ae07e275-3784-4b5d-9926-05080f5272b7"]
[debug] &amp#27;[35m[BaseDriver]&amp#27;[39m W3C timeout argument: {"implicit":50000}}
[debug] &amp#27;[35m[BaseDriver]&amp#27;[39m Set implicit wait to 50000ms
[debug] &amp#27;[35m[W3C (ae07e275)]&amp#27;[39m Responding to client with driver.timeouts() result: null
&amp#27;[35m[HTTP]&amp#27;[39m &amp#27;[37m<-- POST /wd/hub/session/ae07e275-3784-4b5d-9926-05080f5272b7/timeouts &amp#27;[39m&amp#27;[32m200&amp#27;[39m &amp#27;[90m6 ms - 14&amp#27;[39m
&amp#27;[35m[HTTP]&amp#27;[39m &amp#27;[90m&amp#27;[39m
&amp#27;[35m[HTTP]&amp#27;[39m &amp#27;[37m-->&amp#27;[39m &amp#27;[37mPOST&amp#27;[39m &amp#27;[37m/wd/hub/session/ae07e275-3784-4b5d-9926-05080f5272b7/element&amp#27;[39m
&amp#27;[35m[HTTP]&amp#27;[39m &amp#27;[90m{"using":"xpath","value":"//*[@text='Password']"}&amp#27;[39m
[debug] &amp#27;[35m[W3C (ae07e275)]&amp#27;[39m Calling AppiumDriver.findElement() with args: ["xpath","//*[@text='Password']","ae07e275-3784-4b5d-9926-05080f5272b7"]
[debug] &amp#27;[35m[BaseDriver]&amp#27;[39m Valid locator strategies for this request: xpath, id, class name, accessibility id, css selector, -android uiautomator
[debug] &amp#27;[35m[BaseDriver]&amp#27;[39m Waiting up to 50000 ms for condition
[debug] &amp#27;[35m[WD Proxy]&amp#27;[39m Matched '/element' to command name 'findElement'
[debug] &amp#27;[35m[WD Proxy]&amp#27;[39m Proxying [POST /element] to [POST http://127.0.0.1:8201/wd/hub/session/99c04a53-575a-4af0-800b-d2e51e7a44ff/element] with body: {"strategy":"xpath","selector":"//*[@text='Password']","context":"","multiple":false}
[debug] &amp#27;[35m[WD Proxy]&amp#27;[39m Got response with status 200: {"sessionId":"99c04a53-575a-4af0-800b-d2e51e7a44ff","value":{"ELEMENT":"de4ad604-e460-496b-b77c-896032e75905","element-6066-11e4-a52e-4f735466cecf":"de4ad604-e460-496b-b77c-896032e75905"}}
[debug] &amp#27;[35m[W3C (ae07e275)]&amp#27;[39m Responding to client with driver.findElement() result: {"element-6066-11e4-a52e-4f735466cecf":"de4ad604-e460-496b-b77c-896032e75905","ELEMENT":"de4ad604-e460-496b-b77c-896032e75905"}
&amp#27;[35m[HTTP]&amp#27;[39m &amp#27;[37m<-- POST /wd/hub/session/ae07e275-3784-4b5d-9926-05080f5272b7/element &amp#27;[39m&amp#27;[32m200&amp#27;[39m &amp#27;[90m1587 ms - 137&amp#27;[39m
&amp#27;[35m[HTTP]&amp#27;[39m &amp#27;[90m&amp#27;[39m
&amp#27;[35m[HTTP]&amp#27;[39m &amp#27;[37m-->&amp#27;[39m &amp#27;[37mPOST&amp#27;[39m &amp#27;[37m/wd/hub/session/ae07e275-3784-4b5d-9926-05080f5272b7/element/de4ad604-e460-496b-b77c-896032e75905/value&amp#27;[39m
&amp#27;[35m[HTTP]&amp#27;[39m &amp#27;[90m{"id":"de4ad604-e460-496b-b77c-896032e75905","text":"9766751413","value":["9","7","6","6","7","5","1","4","1","3"]}&amp#27;[39m
[debug] &amp#27;[35m[W3C (ae07e275)]&amp#27;[39m Calling AppiumDriver.setValue() with args: [["9","7","6","6","7","5","1","4","1","3"],"de4ad604-e460-496b-b77c-896032e75905","ae07e275-3784-4b5d-9926-05080f5272b7"]
[debug] &amp#27;[35m[WD Proxy]&amp#27;[39m Matched '/element/de4ad604-e460-496b-b77c-896032e75905/value' to command name 'setValue'
[debug] &amp#27;[35m[Protocol Converter]&amp#27;[39m Added 'value' property ["9","7","6","6","7","5","1","4","1","3"] to 'setValue' request body
[debug] &amp#27;[35m[WD Proxy]&amp#27;[39m Proxying [POST /element/de4ad604-e460-496b-b77c-896032e75905/value] to [POST http://127.0.0.1:8201/wd/hub/session/99c04a53-575a-4af0-800b-d2e51e7a44ff/element/de4ad604-e460-496b-b77c-896032e75905/value] with body: {"elementId":"de4ad604-e460-496b-b77c-896032e75905","text":"9766751413","replace":false,"value":["9","7","6","6","7","5","1","4","1","3"]}
[debug] &amp#27;[35m[WD Proxy]&amp#27;[39m Got response with status 200: {"sessionId":"99c04a53-575a-4af0-800b-d2e51e7a44ff","value":null}
[debug] &amp#27;[35m[W3C (ae07e275)]&amp#27;[39m Responding to client with driver.setValue() result: null
&amp#27;[35m[HTTP]&amp#27;[39m &amp#27;[37m<-- POST /wd/hub/session/ae07e275-3784-4b5d-9926-05080f5272b7/element/de4ad604-e460-496b-b77c-896032e75905/value &amp#27;[39m&amp#27;[32m200&amp#27;[39m &amp#27;[90m587 ms - 14&amp#27;[39m
&amp#27;[35m[HTTP]&amp#27;[39m &amp#27;[90m&amp#27;[39m
&amp#27;[35m[HTTP]&amp#27;[39m &amp#27;[37m-->&amp#27;[39m &amp#27;[37mPOST&amp#27;[39m &amp#27;[37m/wd/hub/session/ae07e275-3784-4b5d-9926-05080f5272b7/timeouts&amp#27;[39m
&amp#27;[35m[HTTP]&amp#27;[39m &amp#27;[90m{"implicit":20000}&amp#27;[39m
[debug] &amp#27;[35m[W3C (ae07e275)]&amp#27;[39m Calling AppiumDriver.timeouts() with args: [null,null,null,null,20000,"ae07e275-3784-4b5d-9926-05080f5272b7"]
[debug] &amp#27;[35m[BaseDriver]&amp#27;[39m W3C timeout argument: {"implicit":20000}}
[debug] &amp#27;[35m[BaseDriver]&amp#27;[39m Set implicit wait to 20000ms
[debug] &amp#27;[35m[W3C (ae07e275)]&amp#27;[39m Responding to client with driver.timeouts() result: null
&amp#27;[35m[HTTP]&amp#27;[39m &amp#27;[37m<-- POST /wd/hub/session/ae07e275-3784-4b5d-9926-05080f5272b7/timeouts &amp#27;[39m&amp#27;[32m200&amp#27;[39m &amp#27;[90m5 ms - 14&amp#27;[39m
&amp#27;[35m[HTTP]&amp#27;[39m &amp#27;[90m&amp#27;[39m
&amp#27;[35m[HTTP]&amp#27;[39m &amp#27;[37m-->&amp#27;[39m &amp#27;[37mPOST&amp#27;[39m &amp#27;[37m/wd/hub/session/ae07e275-3784-4b5d-9926-05080f5272b7/element&amp#27;[39m
&amp#27;[35m[HTTP]&amp#27;[39m &amp#27;[90m{"using":"id","value":"com.flipkart.android:id/button"}&amp#27;[39m
[debug] &amp#27;[35m[W3C (ae07e275)]&amp#27;[39m Calling AppiumDriver.findElement() with args: ["id","com.flipkart.android:id/button","ae07e275-3784-4b5d-9926-05080f5272b7"]
[debug] &amp#27;[35m[BaseDriver]&amp#27;[39m Valid locator strategies for this request: xpath, id, class name, accessibility id, css selector, -android uiautomator
[debug] &amp#27;[35m[BaseDriver]&amp#27;[39m Waiting up to 20000 ms for condition
[debug] &amp#27;[35m[WD Proxy]&amp#27;[39m Matched '/element' to command name 'findElement'
[debug] &amp#27;[35m[WD Proxy]&amp#27;[39m Proxying [POST /element] to [POST http://127.0.0.1:8201/wd/hub/session/99c04a53-575a-4af0-800b-d2e51e7a44ff/element] with body: {"strategy":"id","selector":"com.flipkart.android:id/button","context":"","multiple":false}
[debug] &amp#27;[35m[WD Proxy]&amp#27;[39m Got response with status 200: {"sessionId":"99c04a53-575a-4af0-800b-d2e51e7a44ff","value":{"ELEMENT":"7f5a00a6-364b-4587-a4f5-821f503227d9","element-6066-11e4-a52e-4f735466cecf":"7f5a00a6-364b-4587-a4f5-821f503227d9"}}
[debug] &amp#27;[35m[W3C (ae07e275)]&amp#27;[39m Responding to client with driver.findElement() result: {"element-6066-11e4-a52e-4f735466cecf":"7f5a00a6-364b-4587-a4f5-821f503227d9","ELEMENT":"7f5a00a6-364b-4587-a4f5-821f503227d9"}
&amp#27;[35m[HTTP]&amp#27;[39m &amp#27;[37m<-- POST /wd/hub/session/ae07e275-3784-4b5d-9926-05080f5272b7/element &amp#27;[39m&amp#27;[32m200&amp#27;[39m &amp#27;[90m532 ms - 137&amp#27;[39m
&amp#27;[35m[HTTP]&amp#27;[39m &amp#27;[90m&amp#27;[39m
&amp#27;[35m[HTTP]&amp#27;[39m &amp#27;[37m-->&amp#27;[39m &amp#27;[37mPOST&amp#27;[39m &amp#27;[37m/wd/hub/session/ae07e275-3784-4b5d-9926-05080f5272b7/element/7f5a00a6-364b-4587-a4f5-821f503227d9/click&amp#27;[39m
&amp#27;[35m[HTTP]&amp#27;[39m &amp#27;[90m{"id":"7f5a00a6-364b-4587-a4f5-821f503227d9"}&amp#27;[39m
[debug] &amp#27;[35m[W3C (ae07e275)]&amp#27;[39m Calling AppiumDriver.click() with args: ["7f5a00a6-364b-4587-a4f5-821f503227d9","ae07e275-3784-4b5d-9926-05080f5272b7"]
[debug] &amp#27;[35m[WD Proxy]&amp#27;[39m Matched '/element/7f5a00a6-364b-4587-a4f5-821f503227d9/click' to command name 'click'
[debug] &amp#27;[35m[WD Proxy]&amp#27;[39m Proxying [POST /element/7f5a00a6-364b-4587-a4f5-821f503227d9/click] to [POST http://127.0.0.1:8201/wd/hub/session/99c04a53-575a-4af0-800b-d2e51e7a44ff/element/7f5a00a6-364b-4587-a4f5-821f503227d9/click] with body: {"element":"7f5a00a6-364b-4587-a4f5-821f503227d9"}
[debug] &amp#27;[35m[WD Proxy]&amp#27;[39m Got response with status 200: {"sessionId":"99c04a53-575a-4af0-800b-d2e51e7a44ff","value":null}
[debug] &amp#27;[35m[W3C (ae07e275)]&amp#27;[39m Responding to client with driver.click() result: null
&amp#27;[35m[HTTP]&amp#27;[39m &amp#27;[37m<-- POST /wd/hub/session/ae07e275-3784-4b5d-9926-05080f5272b7/element/7f5a00a6-364b-4587-a4f5-821f503227d9/click &amp#27;[39m&amp#27;[32m200&amp#27;[39m &amp#27;[90m87 ms - 14&amp#27;[39m
&amp#27;[35m[HTTP]&amp#27;[39m &amp#27;[90m&amp#27;[39m
&amp#27;[35m[HTTP]&amp#27;[39m &amp#27;[37m-->&amp#27;[39m &amp#27;[37mPOST&amp#27;[39m &amp#27;[37m/wd/hub/session/ae07e275-3784-4b5d-9926-05080f5272b7/timeouts&amp#27;[39m
&amp#27;[35m[HTTP]&amp#27;[39m &amp#27;[90m{"implicit":50000}&amp#27;[39m
[debug] &amp#27;[35m[W3C (ae07e275)]&amp#27;[39m Calling AppiumDriver.timeouts() with args: [null,null,null,null,50000,"ae07e275-3784-4b5d-9926-05080f5272b7"]
[debug] &amp#27;[35m[BaseDriver]&amp#27;[39m W3C timeout argument: {"implicit":50000}}
[debug] &amp#27;[35m[BaseDriver]&amp#27;[39m Set implicit wait to 50000ms
[debug] &amp#27;[35m[W3C (ae07e275)]&amp#27;[39m Responding to client with driver.timeouts() result: null
&amp#27;[35m[HTTP]&amp#27;[39m &amp#27;[37m<-- POST /wd/hub/session/ae07e275-3784-4b5d-9926-05080f5272b7/timeouts &amp#27;[39m&amp#27;[32m200&amp#27;[39m &amp#27;[90m4 ms - 14&amp#27;[39m
&amp#27;[35m[HTTP]&amp#27;[39m &amp#27;[90m&amp#27;[39m
&amp#27;[35m[HTTP]&amp#27;[39m &amp#27;[37m-->&amp#27;[39m &amp#27;[37mPOST&amp#27;[39m &amp#27;[37m/wd/hub/session/ae07e275-3784-4b5d-9926-05080f5272b7/element&amp#27;[39m
&amp#27;[35m[HTTP]&amp#27;[39m &amp#27;[90m{"using":"class name","value":"android.widget.ImageButton"}&amp#27;[39m
[debug] &amp#27;[35m[W3C (ae07e275)]&amp#27;[39m Calling AppiumDriver.findElement() with args: ["class name","android.widget.ImageButton","ae07e275-3784-4b5d-9926-05080f5272b7"]
[debug] &amp#27;[35m[BaseDriver]&amp#27;[39m Valid locator strategies for this request: xpath, id, class name, accessibility id, css selector, -android uiautomator
[debug] &amp#27;[35m[BaseDriver]&amp#27;[39m Waiting up to 50000 ms for condition
[debug] &amp#27;[35m[WD Proxy]&amp#27;[39m Matched '/element' to command name 'findElement'
[debug] &amp#27;[35m[WD Proxy]&amp#27;[39m Proxying [POST /element] to [POST http://127.0.0.1:8201/wd/hub/session/99c04a53-575a-4af0-800b-d2e51e7a44ff/element] with body: {"strategy":"class name","selector":"android.widget.ImageButton","context":"","multiple":false}
[debug] &amp#27;[35m[WD Proxy]&amp#27;[39m Got response with status 200: {"sessionId":"99c04a53-575a-4af0-800b-d2e51e7a44ff","value":{"ELEMENT":"b73f483d-1834-46ed-af7c-ef253d0c7223","element-6066-11e4-a52e-4f735466cecf":"b73f483d-1834-46ed-af7c-ef253d0c7223"}}
[debug] &amp#27;[35m[W3C (ae07e275)]&amp#27;[39m Responding to client with driver.findElement() result: {"element-6066-11e4-a52e-4f735466cecf":"b73f483d-1834-46ed-af7c-ef253d0c7223","ELEMENT":"b73f483d-1834-46ed-af7c-ef253d0c7223"}
&amp#27;[35m[HTTP]&amp#27;[39m &amp#27;[37m<-- POST /wd/hub/session/ae07e275-3784-4b5d-9926-05080f5272b7/element &amp#27;[39m&amp#27;[32m200&amp#27;[39m &amp#27;[90m4097 ms - 137&amp#27;[39m
&amp#27;[35m[HTTP]&amp#27;[39m &amp#27;[90m&amp#27;[39m
&amp#27;[35m[HTTP]&amp#27;[39m &amp#27;[37m-->&amp#27;[39m &amp#27;[37mPOST&amp#27;[39m &amp#27;[37m/wd/hub/session/ae07e275-3784-4b5d-9926-05080f5272b7/element/b73f483d-1834-46ed-af7c-ef253d0c7223/click&amp#27;[39m
&amp#27;[35m[HTTP]&amp#27;[39m &amp#27;[90m{"id":"b73f483d-1834-46ed-af7c-ef253d0c7223"}&amp#27;[39m
[debug] &amp#27;[35m[W3C (ae07e275)]&amp#27;[39m Calling AppiumDriver.click() with args: ["b73f483d-1834-46ed-af7c-ef253d0c7223","ae07e275-3784-4b5d-9926-05080f5272b7"]
[debug] &amp#27;[35m[WD Proxy]&amp#27;[39m Matched '/element/b73f483d-1834-46ed-af7c-ef253d0c7223/click' to command name 'click'
[debug] &amp#27;[35m[WD Proxy]&amp#27;[39m Proxying [POST /element/b73f483d-1834-46ed-af7c-ef253d0c7223/click] to [POST http://127.0.0.1:8201/wd/hub/session/99c04a53-575a-4af0-800b-d2e51e7a44ff/element/b73f483d-1834-46ed-af7c-ef253d0c7223/click] with body: {"element":"b73f483d-1834-46ed-af7c-ef253d0c7223"}
[debug] &amp#27;[35m[WD Proxy]&amp#27;[39m Got response with status 200: {"sessionId":"99c04a53-575a-4af0-800b-d2e51e7a44ff","value":null}
[debug] &amp#27;[35m[W3C (ae07e275)]&amp#27;[39m Responding to client with driver.click() result: null
&amp#27;[35m[HTTP]&amp#27;[39m &amp#27;[37m<-- POST /wd/hub/session/ae07e275-3784-4b5d-9926-05080f5272b7/element/b73f483d-1834-46ed-af7c-ef253d0c7223/click &amp#27;[39m&amp#27;[32m200&amp#27;[39m &amp#27;[90m97 ms - 14&amp#27;[39m
&amp#27;[35m[HTTP]&amp#27;[39m &amp#27;[90m&amp#27;[39m
&amp#27;[35m[HTTP]&amp#27;[39m &amp#27;[37m-->&amp#27;[39m &amp#27;[37mPOST&amp#27;[39m &amp#27;[37m/wd/hub/session/ae07e275-3784-4b5d-9926-05080f5272b7/element&amp#27;[39m
&amp#27;[35m[HTTP]&amp#27;[39m &amp#27;[90m{"using":"xpath","value":"//*[@text='My Account']"}&amp#27;[39m
[debug] &amp#27;[35m[W3C (ae07e275)]&amp#27;[39m Calling AppiumDriver.findElement() with args: ["xpath","//*[@text='My Account']","ae07e275-3784-4b5d-9926-05080f5272b7"]
[debug] &amp#27;[35m[BaseDriver]&amp#27;[39m Valid locator strategies for this request: xpath, id, class name, accessibility id, css selector, -android uiautomator
[debug] &amp#27;[35m[BaseDriver]&amp#27;[39m Waiting up to 50000 ms for condition
[debug] &amp#27;[35m[WD Proxy]&amp#27;[39m Matched '/element' to command name 'findElement'
[debug] &amp#27;[35m[WD Proxy]&amp#27;[39m Proxying [POST /element] to [POST http://127.0.0.1:8201/wd/hub/session/99c04a53-575a-4af0-800b-d2e51e7a44ff/element] with body: {"strategy":"xpath","selector":"//*[@text='My Account']","context":"","multiple":false}
[debug] &amp#27;[35m[WD Proxy]&amp#27;[39m Got response with status 200: {"sessionId":"99c04a53-575a-4af0-800b-d2e51e7a44ff","value":{"ELEMENT":"3caaf978-2a6f-410d-a3cb-bc782085842a","element-6066-11e4-a52e-4f735466cecf":"3caaf978-2a6f-410d-a3cb-bc782085842a"}}
[debug] &amp#27;[35m[W3C (ae07e275)]&amp#27;[39m Responding to client with driver.findElement() result: {"element-6066-11e4-a52e-4f735466cecf":"3caaf978-2a6f-410d-a3cb-bc782085842a","ELEMENT":"3caaf978-2a6f-410d-a3cb-bc782085842a"}
&amp#27;[35m[HTTP]&amp#27;[39m &amp#27;[37m<-- POST /wd/hub/session/ae07e275-3784-4b5d-9926-05080f5272b7/element &amp#27;[39m&amp#27;[32m200&amp#27;[39m &amp#27;[90m2046 ms - 137&amp#27;[39m
&amp#27;[35m[HTTP]&amp#27;[39m &amp#27;[90m&amp#27;[39m
&amp#27;[35m[HTTP]&amp#27;[39m &amp#27;[37m-->&amp#27;[39m &amp#27;[37mPOST&amp#27;[39m &amp#27;[37m/wd/hub/session/ae07e275-3784-4b5d-9926-05080f5272b7/element/3caaf978-2a6f-410d-a3cb-bc782085842a/click&amp#27;[39m
&amp#27;[35m[HTTP]&amp#27;[39m &amp#27;[90m{"id":"3caaf978-2a6f-410d-a3cb-bc782085842a"}&amp#27;[39m
[debug] &amp#27;[35m[W3C (ae07e275)]&amp#27;[39m Calling AppiumDriver.click() with args: ["3caaf978-2a6f-410d-a3cb-bc782085842a","ae07e275-3784-4b5d-9926-05080f5272b7"]
[debug] &amp#27;[35m[WD Proxy]&amp#27;[39m Matched '/element/3caaf978-2a6f-410d-a3cb-bc782085842a/click' to command name 'click'
[debug] &amp#27;[35m[WD Proxy]&amp#27;[39m Proxying [POST /element/3caaf978-2a6f-410d-a3cb-bc782085842a/click] to [POST http://127.0.0.1:8201/wd/hub/session/99c04a53-575a-4af0-800b-d2e51e7a44ff/element/3caaf978-2a6f-410d-a3cb-bc782085842a/click] with body: {"element":"3caaf978-2a6f-410d-a3cb-bc782085842a"}
[debug] &amp#27;[35m[WD Proxy]&amp#27;[39m Got response with status 200: {"sessionId":"99c04a53-575a-4af0-800b-d2e51e7a44ff","value":null}
[debug] &amp#27;[35m[W3C (ae07e275)]&amp#27;[39m Responding to client with driver.click() result: null
&amp#27;[35m[HTTP]&amp#27;[39m &amp#27;[37m<-- POST /wd/hub/session/ae07e275-3784-4b5d-9926-05080f5272b7/element/3caaf978-2a6f-410d-a3cb-bc782085842a/click &amp#27;[39m&amp#27;[32m200&amp#27;[39m &amp#27;[90m738 ms - 14&amp#27;[39m
&amp#27;[35m[HTTP]&amp#27;[39m &amp#27;[90m&amp#27;[39m
&amp#27;[35m[HTTP]&amp#27;[39m &amp#27;[37m-->&amp#27;[39m &amp#27;[37mPOST&amp#27;[39m &amp#27;[37m/wd/hub/session/ae07e275-3784-4b5d-9926-05080f5272b7/element&amp#27;[39m
&amp#27;[35m[HTTP]&amp#27;[39m &amp#27;[90m{"using":"-android uiautomator","value":"new UiScrollable(new UiSelector()).scrollIntoView(text(\"Logout of this app\"))"}&amp#27;[39m
[debug] &amp#27;[35m[W3C (ae07e275)]&amp#27;[39m Calling AppiumDriver.findElement() with args: ["-android uiautomator","new UiScrollable(new UiSelector()).scrollIntoView(text(\"Logout of this app\"))","ae07e275-3784-4b5d-9926-05080f5272b7"]
[debug] &amp#27;[35m[BaseDriver]&amp#27;[39m Valid locator strategies for this request: xpath, id, class name, accessibility id, css selector, -android uiautomator
[debug] &amp#27;[35m[BaseDriver]&amp#27;[39m Waiting up to 50000 ms for condition
[debug] &amp#27;[35m[WD Proxy]&amp#27;[39m Matched '/element' to command name 'findElement'
[debug] &amp#27;[35m[WD Proxy]&amp#27;[39m Proxying [POST /element] to [POST http://127.0.0.1:8201/wd/hub/session/99c04a53-575a-4af0-800b-d2e51e7a44ff/element] with body: {"strategy":"-android uiautomator","selector":"new UiScrollable(new UiSelector()).scrollIntoView(text(\"Logout of this app\"))","context":"","multiple":false}
&amp#27;[35m[WD Proxy]&amp#27;[39m Got response with status 404: {"sessionId":"99c04a53-575a-4af0-800b-d2e51e7a44ff","value":{"error":"no such element","message":"An element could not be located on the page using the given search parameters","stacktrace":"io.appium.uiautomator2.common.exceptions.ElementNotFoundException: An element could not be located on the page using the given search parameters\n\tat io.appium.uiautomator2.handler.FindElement.safeHandle(FindElement.java:70)\n\tat io.appium.uiautomator2.handler.request.SafeRequestHandler.handle(SafeRequestHandler.java:41)\n\tat io.appium.uiautomator2.server.AppiumServlet.handleRequest(AppiumServlet.java:261)\n\tat io.appium.uiautomator2.server.AppiumServlet.handleHttpRequest(AppiumServlet.java:255)\n\tat io.appium.uiautomator2.http.ServerHandler.channelRead(ServerHandler.java:68)\n\tat io.netty.channel.AbstractChannelHandlerContext.invokeChannelRead(AbstractChannelHandlerContext.java:366)\n\tat io.netty.channel.AbstractChannelHandlerContext.invokeChannelRead(AbstractChannelHandlerContext.java:352)\n\tat io.netty.chann...
[debug] &amp#27;[35m[W3C]&amp#27;[39m Matched W3C error code 'no such element' to NoSuchElementError
[debug] &amp#27;[35m[BaseDriver]&amp#27;[39m Waited for 10675 ms so far
[debug] &amp#27;[35m[WD Proxy]&amp#27;[39m Matched '/element' to command name 'findElement'
[debug] &amp#27;[35m[WD Proxy]&amp#27;[39m Proxying [POST /element] to [POST http://127.0.0.1:8201/wd/hub/session/99c04a53-575a-4af0-800b-d2e51e7a44ff/element] with body: {"strategy":"-android uiautomator","selector":"new UiScrollable(new UiSelector()).scrollIntoView(text(\"Logout of this app\"))","context":"","multiple":false}
&amp#27;[35m[WD Proxy]&amp#27;[39m Got response with status 404: {"sessionId":"99c04a53-575a-4af0-800b-d2e51e7a44ff","value":{"error":"no such element","message":"An element could not be located on the page using the given search parameters","stacktrace":"io.appium.uiautomator2.common.exceptions.ElementNotFoundException: An element could not be located on the page using the given search parameters\n\tat io.appium.uiautomator2.handler.FindElement.safeHandle(FindElement.java:70)\n\tat io.appium.uiautomator2.handler.request.SafeRequestHandler.handle(SafeRequestHandler.java:41)\n\tat io.appium.uiautomator2.server.AppiumServlet.handleRequest(AppiumServlet.java:261)\n\tat io.appium.uiautomator2.server.AppiumServlet.handleHttpRequest(AppiumServlet.java:255)\n\tat io.appium.uiautomator2.http.ServerHandler.channelRead(ServerHandler.java:68)\n\tat io.netty.channel.AbstractChannelHandlerContext.invokeChannelRead(AbstractChannelHandlerContext.java:366)\n\tat io.netty.channel.AbstractChannelHandlerContext.invokeChannelRead(AbstractChannelHandlerContext.java:352)\n\tat io.netty.chann...
[debug] &amp#27;[35m[W3C]&amp#27;[39m Matched W3C error code 'no such element' to NoSuchElementError
[debug] &amp#27;[35m[BaseDriver]&amp#27;[39m Waited for 14444 ms so far
[debug] &amp#27;[35m[WD Proxy]&amp#27;[39m Matched '/element' to command name 'findElement'
[debug] &amp#27;[35m[WD Proxy]&amp#27;[39m Proxying [POST /element] to [POST http://127.0.0.1:8201/wd/hub/session/99c04a53-575a-4af0-800b-d2e51e7a44ff/element] with body: {"strategy":"-android uiautomator","selector":"new UiScrollable(new UiSelector()).scrollIntoView(text(\"Logout of this app\"))","context":"","multiple":false}
&amp#27;[35m[WD Proxy]&amp#27;[39m Got response with status 404: {"sessionId":"99c04a53-575a-4af0-800b-d2e51e7a44ff","value":{"error":"no such element","message":"An element could not be located on the page using the given search parameters","stacktrace":"io.appium.uiautomator2.common.exceptions.ElementNotFoundException: An element could not be located on the page using the given search parameters\n\tat io.appium.uiautomator2.handler.FindElement.safeHandle(FindElement.java:70)\n\tat io.appium.uiautomator2.handler.request.SafeRequestHandler.handle(SafeRequestHandler.java:41)\n\tat io.appium.uiautomator2.server.AppiumServlet.handleRequest(AppiumServlet.java:261)\n\tat io.appium.uiautomator2.server.AppiumServlet.handleHttpRequest(AppiumServlet.java:255)\n\tat io.appium.uiautomator2.http.ServerHandler.channelRead(ServerHandler.java:68)\n\tat io.netty.channel.AbstractChannelHandlerContext.invokeChannelRead(AbstractChannelHandlerContext.java:366)\n\tat io.netty.channel.AbstractChannelHandlerContext.invokeChannelRead(AbstractChannelHandlerContext.java:352)\n\tat io.netty.chann...
[debug] &amp#27;[35m[W3C]&amp#27;[39m Matched W3C error code 'no such element' to NoSuchElementError
[debug] &amp#27;[35m[BaseDriver]&amp#27;[39m Waited for 17623 ms so far
[debug] &amp#27;[35m[WD Proxy]&amp#27;[39m Matched '/element' to command name 'findElement'
[debug] &amp#27;[35m[WD Proxy]&amp#27;[39m Proxying [POST /element] to [POST http://127.0.0.1:8201/wd/hub/session/99c04a53-575a-4af0-800b-d2e51e7a44ff/element] with body: {"strategy":"-android uiautomator","selector":"new UiScrollable(new UiSelector()).scrollIntoView(text(\"Logout of this app\"))","context":"","multiple":false}
&amp#27;[35m[WD Proxy]&amp#27;[39m Got response with status 404: {"sessionId":"99c04a53-575a-4af0-800b-d2e51e7a44ff","value":{"error":"no such element","message":"An element could not be located on the page using the given search parameters","stacktrace":"io.appium.uiautomator2.common.exceptions.ElementNotFoundException: An element could not be located on the page using the given search parameters\n\tat io.appium.uiautomator2.handler.FindElement.safeHandle(FindElement.java:70)\n\tat io.appium.uiautomator2.handler.request.SafeRequestHandler.handle(SafeRequestHandler.java:41)\n\tat io.appium.uiautomator2.server.AppiumServlet.handleRequest(AppiumServlet.java:261)\n\tat io.appium.uiautomator2.server.AppiumServlet.handleHttpRequest(AppiumServlet.java:255)\n\tat io.appium.uiautomator2.http.ServerHandler.channelRead(ServerHandler.java:68)\n\tat io.netty.channel.AbstractChannelHandlerContext.invokeChannelRead(AbstractChannelHandlerContext.java:366)\n\tat io.netty.channel.AbstractChannelHandlerContext.invokeChannelRead(AbstractChannelHandlerContext.java:352)\n\tat io.netty.chann...
[debug] &amp#27;[35m[W3C]&amp#27;[39m Matched W3C error code 'no such element' to NoSuchElementError
[debug] &amp#27;[35m[BaseDriver]&amp#27;[39m Waited for 20636 ms so far
[debug] &amp#27;[35m[WD Proxy]&amp#27;[39m Matched '/element' to command name 'findElement'
[debug] &amp#27;[35m[WD Proxy]&amp#27;[39m Proxying [POST /element] to [POST http://127.0.0.1:8201/wd/hub/session/99c04a53-575a-4af0-800b-d2e51e7a44ff/element] with body: {"strategy":"-android uiautomator","selector":"new UiScrollable(new UiSelector()).scrollIntoView(text(\"Logout of this app\"))","context":"","multiple":false}
&amp#27;[35m[WD Proxy]&amp#27;[39m Got response with status 404: {"sessionId":"99c04a53-575a-4af0-800b-d2e51e7a44ff","value":{"error":"no such element","message":"An element could not be located on the page using the given search parameters","stacktrace":"io.appium.uiautomator2.common.exceptions.ElementNotFoundException: An element could not be located on the page using the given search parameters\n\tat io.appium.uiautomator2.handler.FindElement.safeHandle(FindElement.java:70)\n\tat io.appium.uiautomator2.handler.request.SafeRequestHandler.handle(SafeRequestHandler.java:41)\n\tat io.appium.uiautomator2.server.AppiumServlet.handleRequest(AppiumServlet.java:261)\n\tat io.appium.uiautomator2.server.AppiumServlet.handleHttpRequest(AppiumServlet.java:255)\n\tat io.appium.uiautomator2.http.ServerHandler.channelRead(ServerHandler.java:68)\n\tat io.netty.channel.AbstractChannelHandlerContext.invokeChannelRead(AbstractChannelHandlerContext.java:366)\n\tat io.netty.channel.AbstractChannelHandlerContext.invokeChannelRead(AbstractChannelHandlerContext.java:352)\n\tat io.netty.chann...
[debug] &amp#27;[35m[W3C]&amp#27;[39m Matched W3C error code 'no such element' to NoSuchElementError
[debug] &amp#27;[35m[BaseDriver]&amp#27;[39m Waited for 23656 ms so far
[debug] &amp#27;[35m[WD Proxy]&amp#27;[39m Matched '/element' to command name 'findElement'
[debug] &amp#27;[35m[WD Proxy]&amp#27;[39m Proxying [POST /element] to [POST http://127.0.0.1:8201/wd/hub/session/99c04a53-575a-4af0-800b-d2e51e7a44ff/element] with body: {"strategy":"-android uiautomator","selector":"new UiScrollable(new UiSelector()).scrollIntoView(text(\"Logout of this app\"))","context":"","multiple":false}
&amp#27;[35m[WD Proxy]&amp#27;[39m Got response with status 404: {"sessionId":"99c04a53-575a-4af0-800b-d2e51e7a44ff","value":{"error":"no such element","message":"An element could not be located on the page using the given search parameters","stacktrace":"io.appium.uiautomator2.common.exceptions.ElementNotFoundException: An element could not be located on the page using the given search parameters\n\tat io.appium.uiautomator2.handler.FindElement.safeHandle(FindElement.java:70)\n\tat io.appium.uiautomator2.handler.request.SafeRequestHandler.handle(SafeRequestHandler.java:41)\n\tat io.appium.uiautomator2.server.AppiumServlet.handleRequest(AppiumServlet.java:261)\n\tat io.appium.uiautomator2.server.AppiumServlet.handleHttpRequest(AppiumServlet.java:255)\n\tat io.appium.uiautomator2.http.ServerHandler.channelRead(ServerHandler.java:68)\n\tat io.netty.channel.AbstractChannelHandlerContext.invokeChannelRead(AbstractChannelHandlerContext.java:366)\n\tat io.netty.channel.AbstractChannelHandlerContext.invokeChannelRead(AbstractChannelHandlerContext.java:352)\n\tat io.netty.chann...
[debug] &amp#27;[35m[W3C]&amp#27;[39m Matched W3C error code 'no such element' to NoSuchElementError
[debug] &amp#27;[35m[BaseDriver]&amp#27;[39m Waited for 26695 ms so far
[debug] &amp#27;[35m[WD Proxy]&amp#27;[39m Matched '/element' to command name 'findElement'
[debug] &amp#27;[35m[WD Proxy]&amp#27;[39m Proxying [POST /element] to [POST http://127.0.0.1:8201/wd/hub/session/99c04a53-575a-4af0-800b-d2e51e7a44ff/element] with body: {"strategy":"-android uiautomator","selector":"new UiScrollable(new UiSelector()).scrollIntoView(text(\"Logout of this app\"))","context":"","multiple":false}
&amp#27;[35m[WD Proxy]&amp#27;[39m Got response with status 404: {"sessionId":"99c04a53-575a-4af0-800b-d2e51e7a44ff","value":{"error":"no such element","message":"An element could not be located on the page using the given search parameters","stacktrace":"io.appium.uiautomator2.common.exceptions.ElementNotFoundException: An element could not be located on the page using the given search parameters\n\tat io.appium.uiautomator2.handler.FindElement.safeHandle(FindElement.java:70)\n\tat io.appium.uiautomator2.handler.request.SafeRequestHandler.handle(SafeRequestHandler.java:41)\n\tat io.appium.uiautomator2.server.AppiumServlet.handleRequest(AppiumServlet.java:261)\n\tat io.appium.uiautomator2.server.AppiumServlet.handleHttpRequest(AppiumServlet.java:255)\n\tat io.appium.uiautomator2.http.ServerHandler.channelRead(ServerHandler.java:68)\n\tat io.netty.channel.AbstractChannelHandlerContext.invokeChannelRead(AbstractChannelHandlerContext.java:366)\n\tat io.netty.channel.AbstractChannelHandlerContext.invokeChannelRead(AbstractChannelHandlerContext.java:352)\n\tat io.netty.chann...
[debug] &amp#27;[35m[W3C]&amp#27;[39m Matched W3C error code 'no such element' to NoSuchElementError
[debug] &amp#27;[35m[BaseDriver]&amp#27;[39m Waited for 29759 ms so far
[debug] &amp#27;[35m[WD Proxy]&amp#27;[39m Matched '/element' to command name 'findElement'
[debug] &amp#27;[35m[WD Proxy]&amp#27;[39m Proxying [POST /element] to [POST http://127.0.0.1:8201/wd/hub/session/99c04a53-575a-4af0-800b-d2e51e7a44ff/element] with body: {"strategy":"-android uiautomator","selector":"new UiScrollable(new UiSelector()).scrollIntoView(text(\"Logout of this app\"))","context":"","multiple":false}
&amp#27;[35m[WD Proxy]&amp#27;[39m Got response with status 404: {"sessionId":"99c04a53-575a-4af0-800b-d2e51e7a44ff","value":{"error":"no such element","message":"An element could not be located on the page using the given search parameters","stacktrace":"io.appium.uiautomator2.common.exceptions.ElementNotFoundException: An element could not be located on the page using the given search parameters\n\tat io.appium.uiautomator2.handler.FindElement.safeHandle(FindElement.java:70)\n\tat io.appium.uiautomator2.handler.request.SafeRequestHandler.handle(SafeRequestHandler.java:41)\n\tat io.appium.uiautomator2.server.AppiumServlet.handleRequest(AppiumServlet.java:261)\n\tat io.appium.uiautomator2.server.AppiumServlet.handleHttpRequest(AppiumServlet.java:255)\n\tat io.appium.uiautomator2.http.ServerHandler.channelRead(ServerHandler.java:68)\n\tat io.netty.channel.AbstractChannelHandlerContext.invokeChannelRead(AbstractChannelHandlerContext.java:366)\n\tat io.netty.channel.AbstractChannelHandlerContext.invokeChannelRead(AbstractChannelHandlerContext.java:352)\n\tat io.netty.chann...
[debug] &amp#27;[35m[W3C]&amp#27;[39m Matched W3C error code 'no such element' to NoSuchElementError
[debug] &amp#27;[35m[BaseDriver]&amp#27;[39m Waited for 32777 ms so far
[debug] &amp#27;[35m[WD Proxy]&amp#27;[39m Matched '/element' to command name 'findElement'
[debug] &amp#27;[35m[WD Proxy]&amp#27;[39m Proxying [POST /element] to [POST http://127.0.0.1:8201/wd/hub/session/99c04a53-575a-4af0-800b-d2e51e7a44ff/element] with body: {"strategy":"-android uiautomator","selector":"new UiScrollable(new UiSelector()).scrollIntoView(text(\"Logout of this app\"))","context":"","multiple":false}
&amp#27;[35m[WD Proxy]&amp#27;[39m Got response with status 404: {"sessionId":"99c04a53-575a-4af0-800b-d2e51e7a44ff","value":{"error":"no such element","message":"An element could not be located on the page using the given search parameters","stacktrace":"io.appium.uiautomator2.common.exceptions.ElementNotFoundException: An element could not be located on the page using the given search parameters\n\tat io.appium.uiautomator2.handler.FindElement.safeHandle(FindElement.java:70)\n\tat io.appium.uiautomator2.handler.request.SafeRequestHandler.handle(SafeRequestHandler.java:41)\n\tat io.appium.uiautomator2.server.AppiumServlet.handleRequest(AppiumServlet.java:261)\n\tat io.appium.uiautomator2.server.AppiumServlet.handleHttpRequest(AppiumServlet.java:255)\n\tat io.appium.uiautomator2.http.ServerHandler.channelRead(ServerHandler.java:68)\n\tat io.netty.channel.AbstractChannelHandlerContext.invokeChannelRead(AbstractChannelHandlerContext.java:366)\n\tat io.netty.channel.AbstractChannelHandlerContext.invokeChannelRead(AbstractChannelHandlerContext.java:352)\n\tat io.netty.chann...
[debug] &amp#27;[35m[W3C]&amp#27;[39m Matched W3C error code 'no such element' to NoSuchElementError
[debug] &amp#27;[35m[BaseDriver]&amp#27;[39m Waited for 35784 ms so far
[debug] &amp#27;[35m[WD Proxy]&amp#27;[39m Matched '/element' to command name 'findElement'
[debug] &amp#27;[35m[WD Proxy]&amp#27;[39m Proxying [POST /element] to [POST http://127.0.0.1:8201/wd/hub/session/99c04a53-575a-4af0-800b-d2e51e7a44ff/element] with body: {"strategy":"-android uiautomator","selector":"new UiScrollable(new UiSelector()).scrollIntoView(text(\"Logout of this app\"))","context":"","multiple":false}
&amp#27;[35m[WD Proxy]&amp#27;[39m Got response with status 404: {"sessionId":"99c04a53-575a-4af0-800b-d2e51e7a44ff","value":{"error":"no such element","message":"An element could not be located on the page using the given search parameters","stacktrace":"io.appium.uiautomator2.common.exceptions.ElementNotFoundException: An element could not be located on the page using the given search parameters\n\tat io.appium.uiautomator2.handler.FindElement.safeHandle(FindElement.java:70)\n\tat io.appium.uiautomator2.handler.request.SafeRequestHandler.handle(SafeRequestHandler.java:41)\n\tat io.appium.uiautomator2.server.AppiumServlet.handleRequest(AppiumServlet.java:261)\n\tat io.appium.uiautomator2.server.AppiumServlet.handleHttpRequest(AppiumServlet.java:255)\n\tat io.appium.uiautomator2.http.ServerHandler.channelRead(ServerHandler.java:68)\n\tat io.netty.channel.AbstractChannelHandlerContext.invokeChannelRead(AbstractChannelHandlerContext.java:366)\n\tat io.netty.channel.AbstractChannelHandlerContext.invokeChannelRead(AbstractChannelHandlerContext.java:352)\n\tat io.netty.chann...
[debug] &amp#27;[35m[W3C]&amp#27;[39m Matched W3C error code 'no such element' to NoSuchElementError
[debug] &amp#27;[35m[BaseDriver]&amp#27;[39m Waited for 38821 ms so far
[debug] &amp#27;[35m[WD Proxy]&amp#27;[39m Matched '/element' to command name 'findElement'
[debug] &amp#27;[35m[WD Proxy]&amp#27;[39m Proxying [POST /element] to [POST http://127.0.0.1:8201/wd/hub/session/99c04a53-575a-4af0-800b-d2e51e7a44ff/element] with body: {"strategy":"-android uiautomator","selector":"new UiScrollable(new UiSelector()).scrollIntoView(text(\"Logout of this app\"))","context":"","multiple":false}
&amp#27;[35m[WD Proxy]&amp#27;[39m Got response with status 404: {"sessionId":"99c04a53-575a-4af0-800b-d2e51e7a44ff","value":{"error":"no such element","message":"An element could not be located on the page using the given search parameters","stacktrace":"io.appium.uiautomator2.common.exceptions.ElementNotFoundException: An element could not be located on the page using the given search parameters\n\tat io.appium.uiautomator2.handler.FindElement.safeHandle(FindElement.java:70)\n\tat io.appium.uiautomator2.handler.request.SafeRequestHandler.handle(SafeRequestHandler.java:41)\n\tat io.appium.uiautomator2.server.AppiumServlet.handleRequest(AppiumServlet.java:261)\n\tat io.appium.uiautomator2.server.AppiumServlet.handleHttpRequest(AppiumServlet.java:255)\n\tat io.appium.uiautomator2.http.ServerHandler.channelRead(ServerHandler.java:68)\n\tat io.netty.channel.AbstractChannelHandlerContext.invokeChannelRead(AbstractChannelHandlerContext.java:366)\n\tat io.netty.channel.AbstractChannelHandlerContext.invokeChannelRead(AbstractChannelHandlerContext.java:352)\n\tat io.netty.chann...
[debug] &amp#27;[35m[W3C]&amp#27;[39m Matched W3C error code 'no such element' to NoSuchElementError
[debug] &amp#27;[35m[BaseDriver]&amp#27;[39m Waited for 41799 ms so far
[debug] &amp#27;[35m[WD Proxy]&amp#27;[39m Matched '/element' to command name 'findElement'
[debug] &amp#27;[35m[WD Proxy]&amp#27;[39m Proxying [POST /element] to [POST http://127.0.0.1:8201/wd/hub/session/99c04a53-575a-4af0-800b-d2e51e7a44ff/element] with body: {"strategy":"-android uiautomator","selector":"new UiScrollable(new UiSelector()).scrollIntoView(text(\"Logout of this app\"))","context":"","multiple":false}
&amp#27;[35m[WD Proxy]&amp#27;[39m Got response with status 404: {"sessionId":"99c04a53-575a-4af0-800b-d2e51e7a44ff","value":{"error":"no such element","message":"An element could not be located on the page using the given search parameters","stacktrace":"io.appium.uiautomator2.common.exceptions.ElementNotFoundException: An element could not be located on the page using the given search parameters\n\tat io.appium.uiautomator2.handler.FindElement.safeHandle(FindElement.java:70)\n\tat io.appium.uiautomator2.handler.request.SafeRequestHandler.handle(SafeRequestHandler.java:41)\n\tat io.appium.uiautomator2.server.AppiumServlet.handleRequest(AppiumServlet.java:261)\n\tat io.appium.uiautomator2.server.AppiumServlet.handleHttpRequest(AppiumServlet.java:255)\n\tat io.appium.uiautomator2.http.ServerHandler.channelRead(ServerHandler.java:68)\n\tat io.netty.channel.AbstractChannelHandlerContext.invokeChannelRead(AbstractChannelHandlerContext.java:366)\n\tat io.netty.channel.AbstractChannelHandlerContext.invokeChannelRead(AbstractChannelHandlerContext.java:352)\n\tat io.netty.chann...
[debug] &amp#27;[35m[W3C]&amp#27;[39m Matched W3C error code 'no such element' to NoSuchElementError
[debug] &amp#27;[35m[BaseDriver]&amp#27;[39m Waited for 44802 ms so far
[debug] &amp#27;[35m[WD Proxy]&amp#27;[39m Matched '/element' to command name 'findElement'
[debug] &amp#27;[35m[WD Proxy]&amp#27;[39m Proxying [POST /element] to [POST http://127.0.0.1:8201/wd/hub/session/99c04a53-575a-4af0-800b-d2e51e7a44ff/element] with body: {"strategy":"-android uiautomator","selector":"new UiScrollable(new UiSelector()).scrollIntoView(text(\"Logout of this app\"))","context":"","multiple":false}
&amp#27;[35m[WD Proxy]&amp#27;[39m Got response with status 404: {"sessionId":"99c04a53-575a-4af0-800b-d2e51e7a44ff","value":{"error":"no such element","message":"An element could not be located on the page using the given search parameters","stacktrace":"io.appium.uiautomator2.common.exceptions.ElementNotFoundException: An element could not be located on the page using the given search parameters\n\tat io.appium.uiautomator2.handler.FindElement.safeHandle(FindElement.java:70)\n\tat io.appium.uiautomator2.handler.request.SafeRequestHandler.handle(SafeRequestHandler.java:41)\n\tat io.appium.uiautomator2.server.AppiumServlet.handleRequest(AppiumServlet.java:261)\n\tat io.appium.uiautomator2.server.AppiumServlet.handleHttpRequest(AppiumServlet.java:255)\n\tat io.appium.uiautomator2.http.ServerHandler.channelRead(ServerHandler.java:68)\n\tat io.netty.channel.AbstractChannelHandlerContext.invokeChannelRead(AbstractChannelHandlerContext.java:366)\n\tat io.netty.channel.AbstractChannelHandlerContext.invokeChannelRead(AbstractChannelHandlerContext.java:352)\n\tat io.netty.chann...
[debug] &amp#27;[35m[W3C]&amp#27;[39m Matched W3C error code 'no such element' to NoSuchElementError
[debug] &amp#27;[35m[BaseDriver]&amp#27;[39m Waited for 47854 ms so far
[debug] &amp#27;[35m[WD Proxy]&amp#27;[39m Matched '/element' to command name 'findElement'
[debug] &amp#27;[35m[WD Proxy]&amp#27;[39m Proxying [POST /element] to [POST http://127.0.0.1:8201/wd/hub/session/99c04a53-575a-4af0-800b-d2e51e7a44ff/element] with body: {"strategy":"-android uiautomator","selector":"new UiScrollable(new UiSelector()).scrollIntoView(text(\"Logout of this app\"))","context":"","multiple":false}
&amp#27;[35m[WD Proxy]&amp#27;[39m Got response with status 404: {"sessionId":"99c04a53-575a-4af0-800b-d2e51e7a44ff","value":{"error":"no such element","message":"An element could not be located on the page using the given search parameters","stacktrace":"io.appium.uiautomator2.common.exceptions.ElementNotFoundException: An element could not be located on the page using the given search parameters\n\tat io.appium.uiautomator2.handler.FindElement.safeHandle(FindElement.java:70)\n\tat io.appium.uiautomator2.handler.request.SafeRequestHandler.handle(SafeRequestHandler.java:41)\n\tat io.appium.uiautomator2.server.AppiumServlet.handleRequest(AppiumServlet.java:261)\n\tat io.appium.uiautomator2.server.AppiumServlet.handleHttpRequest(AppiumServlet.java:255)\n\tat io.appium.uiautomator2.http.ServerHandler.channelRead(ServerHandler.java:68)\n\tat io.netty.channel.AbstractChannelHandlerContext.invokeChannelRead(AbstractChannelHandlerContext.java:366)\n\tat io.netty.channel.AbstractChannelHandlerContext.invokeChannelRead(AbstractChannelHandlerContext.java:352)\n\tat io.netty.chann...
[debug] &amp#27;[35m[W3C]&amp#27;[39m Matched W3C error code 'no such element' to NoSuchElementError
[debug] &amp#27;[35m[W3C (ae07e275)]&amp#27;[39m Encountered internal error running command: NoSuchElementError: An element could not be located on the page using the given search parameters.
[debug] &amp#27;[35m[W3C (ae07e275)]&amp#27;[39m     at AndroidUiautomator2Driver.findElOrEls (C:\Users\pradi\AppData\Roaming\npm\node_modules\appium\node_modules\appium-android-driver\lib\commands\find.js:75:11)
[debug] &amp#27;[35m[W3C (ae07e275)]&amp#27;[39m     at runMicrotasks (<anonymous>)
[debug] &amp#27;[35m[W3C (ae07e275)]&amp#27;[39m     at processTicksAndRejections (internal/process/task_queues.js:93:5)
[debug] &amp#27;[35m[W3C (ae07e275)]&amp#27;[39m     at AndroidUiautomator2Driver.findElOrElsWithProcessing (C:\Users\pradi\AppData\Roaming\npm\node_modules\appium\node_modules\appium-base-driver\lib\basedriver\commands\find.js:33:12)
[debug] &amp#27;[35m[W3C (ae07e275)]&amp#27;[39m     at AndroidUiautomator2Driver.findElement (C:\Users\pradi\AppData\Roaming\npm\node_modules\appium\node_modules\appium-base-driver\lib\basedriver\commands\find.js:53:10)
&amp#27;[35m[HTTP]&amp#27;[39m &amp#27;[37m<-- POST /wd/hub/session/ae07e275-3784-4b5d-9926-05080f5272b7/element &amp#27;[39m&amp#27;[33m404&amp#27;[39m &amp#27;[90m50896 ms - 914&amp#27;[39m
&amp#27;[35m[HTTP]&amp#27;[39m &amp#27;[90m&amp#27;[39m
]]></system-out>
    <system-err><![CDATA[Jun 21, 2021 12:24:55 PM io.appium.java_client.remote.AppiumCommandExecutor$1 lambda$0
INFO: Detected dialect: W3C
]]></system-err>
  </testcase>
  <testcase name="After" classname="com.flipcart.tests.Logout" time="79.123">
    <failure message="&#10;Can inject only one of &lt;ITestContext, XmlTest&gt; into a @AfterTest annotated After.&#10;For more information on native dependency injection please refer to https://testng.org/doc/documentation-main.html#native-dependency-injection" type="org.testng.TestNGException"><![CDATA[org.testng.TestNGException: 

Can inject only one of <ITestContext, XmlTest> into a @AfterTest annotated After.
For more information on native dependency injection please refer to https://testng.org/doc/documentation-main.html#native-dependency-injection
]]></failure>
  </testcase>
</testsuite>